04-24-14:33:13.7285 7284 CClientSession::MSG_OneClientLogin:58 user(adfa)(123)(3) ask login bs
04-24-14:33:13.7395 7284 CB2LSession::Msg_User_Login:61 user(adfa)(123)(3) ask login ret
04-24-16:38:19.8208 7284 CClientSession::MSG_OneClientLogin:58 user(asad)(123)(4) ask login bs
04-24-16:38:19.8228 7284 CB2LSession::Msg_User_Login:61 user(asad)(123)(4) ask login ret
04-24-16:43:01.7269 7284 CClientSession::MSG_OneClientLogin:58 user(asda)(123)(5) ask login bs
04-24-16:43:01.7289 7284 CB2LSession::Msg_User_Login:61 user(asda)(123)(5) ask login ret
04-24-16:45:33.2796 7284 CClientSession::MSG_OneClientLogin:58 user(zxcz)(123)(6) ask login bs
04-24-16:45:33.2816 7284 CB2LSession::Msg_User_Login:61 user(zxcz)(123)(6) ask login ret
04-24-20:02:53.5828 7284 CClientSession::MSG_OneClientLogin:58 user(asdad)(123)(7) ask login bs
04-24-20:02:53.5848 7284 CB2LSession::Msg_User_Login:61 user(asdad)(123)(7) ask login ret
04-24-20:47:19.0943 7284 CClientSession::MSG_OneClientLogin:58 user(zxczc)(123)(8) ask login bs
04-24-20:47:19.0973 7284 CB2LSession::Msg_User_Login:61 user(zxczc)(123)(8) ask login ret
04-24-20:48:28.1692 7284 CClientSession::MSG_OneClientLogin:58 user(adfa)(123)(9) ask login bs
04-24-20:48:28.1742 7284 CB2LSession::Msg_User_Login:61 user(adfa)(123)(9) ask login ret
04-24-20:48:41.6790 7284 CClientSession::MSG_OneClientLogin:58 user(azxs)(123)(10) ask login bs
04-24-20:48:41.6820 7284 CB2LSession::Msg_User_Login:61 user(azxs)(123)(10) ask login ret
04-24-21:13:02.4696 7284 CClientSession::MSG_OneClientLogin:58 user(qwwww)(123)(11) ask login bs
04-24-21:13:02.4726 7284 CB2LSession::Msg_User_Login:61 user(qwwww)(123)(11) ask login ret
04-24-22:03:38.4592 7284 CClientSession::MSG_OneClientLogin:58 user(aseqaw)(123)(12) ask login bs
04-24-22:03:38.4622 7284 CB2LSession::Msg_User_Login:61 user(aseqaw)(123)(12) ask login ret
04-24-22:17:07.2805 7284 CClientSession::MSG_OneClientLogin:58 user(zxzczc)(123)(13) ask login bs
04-24-22:17:07.2905 7284 CB2LSession::Msg_User_Login:61 user(zxzczc)(123)(13) ask login ret
04-24-22:19:56.0451 7284 CClientSession::MSG_OneClientLogin:58 user(zxcae)(123)(14) ask login bs
04-24-22:19:56.0481 7284 CB2LSession::Msg_User_Login:61 user(zxcae)(123)(14) ask login ret
04-24-22:26:17.1379 7284 CClientSession::MSG_OneClientLogin:58 user(aqwe)(123)(15) ask login bs
04-24-22:26:17.1419 7284 CB2LSession::Msg_User_Login:61 user(aqwe)(123)(15) ask login ret
04-24-22:27:45.1890 7284 CClientSession::MSG_OneClientLogin:58 user(zxdfr)(123)(16) ask login bs
04-24-22:27:45.2040 7284 CB2LSession::Msg_User_Login:61 user(zxdfr)(123)(16) ask login ret
