05-29-16:58:50.8847 20068 CentralServer::CCSCfgMgr::LoadNewSkillCfg:815 Load 268 Skill cfg.
05-29-16:58:50.9777 20068 CentralServer::CCSCfgMgr::LoadSkillModelAccountCfg:905 Load 322 Skill cfg.
05-29-16:58:51.0277 20068 CentralServer::CCSCfgMgr::LoadSkillModelEmitCfg:1023 Load 96 Skill cfg.
05-29-16:58:51.0857 20068 CentralServer::CCSCfgMgr::LoadSkillModelRangeCfg:1098 Load 123 Skill cfg.
05-29-16:58:51.0907 20068 CentralServer::CCSCfgMgr::LoadSkillModelLeadingCfg:959  Load 17 Skill cfg.
05-29-16:58:51.2207 20068 CentralServer::CCSCfgMgr::LoadSkillModelBufCfg:1183  Load 302 Skill cfg.
05-29-16:58:51.2387 20068 CentralServer::CCSCfgMgr::LoadSkillModelSummonCfg:1288  Load 5 Skill cfg.
05-29-16:58:51.2577 20068 CentralServer::CCSCfgMgr::LoadSkillModelMoveCfg:1355  Load 26 Skill cfg.
05-29-16:58:51.2587 20068 CentralServer::CCSCfgMgr::LoadSkillModelSwitchCfg:1414  Load 26 Skill cfg.
05-29-16:58:51.2607 20068 CentralServer::CCSCfgMgr::LoadSkillModelPurifactionCfg:1477  Load 1 Skill cfg.
05-29-16:58:51.2647 20068 CentralServer::CCSCfgMgr::LoadSkillModelLinkCfg:1542  Load 1 Skill cfg.
05-29-16:58:51.3077 20068 CentralServer::CCSCfgMgr::LoadPassitiveSkillCfg:1635  Load 126 Skill cfg.
05-29-16:58:51.3107 20068 CentralServer::CCSCfgMgr::LoadPassitiveEffectBloodSeekCfg:1682  Load 6 Skill cfg.
05-29-16:58:51.3127 20068 CentralServer::CCSCfgMgr::LoadPassitiveEffectReboundCfg:1729  Load 4 Skill cfg.
05-29-16:58:51.3147 20068 CentralServer::CCSCfgMgr::LoadPassitiveEffectReliveCfg:1777 Load 1 Skill cfg.
05-29-16:58:51.3447 20068 CentralServer::CCSCfgMgr::LoadNPCCfg:224 Load 52 NPC cfg.
05-29-16:58:51.3677 20068 CentralServer::CCSCfgMgr::LoadHeroCfg:353  Load 22 hero cfg.
05-29-16:58:51.4107 20068 CentralServer::CCSCfgMgr::LoadGoodsCfg:628 Load 103 goods cfg.
05-29-16:58:51.4187 20068 CentralServer::CCSCfgMgr::LoadShopCfg:710 Load 3 shop cfg.
05-29-16:58:51.4217 20068 CentralServer::CCSCfgMgr::LoadMapCfg:419  load 4 map.
05-29-16:58:51.4257 20068 CentralServer::CCSCfgMgr::LoadHeroChooseCfg:1998 Load 22 herochoose cfg.
05-29-16:58:51.4817 20068 CentralServer::CCSCfgMgr::LoadRobotAICfg:2058 Load 609 RobotAI cfg.
05-29-16:58:51.5067 20068 CentralServer::CCSCfgMgr::LoadRobotAIPathCfg:2107 Load 197 RobotAI cfg.
05-29-16:58:51.5387 20068 CentralServer::CCSCfgMgr::LoadRunesCfg:101 Load 75 runes cfg.
05-29-16:58:51.5407 20068 CentralServer::CCSCfgMgr::LoadRunesSlotCfg:345 Load 19 runesslot cfg.
05-29-16:58:51.5527 20068 CentralServer::CCSCfgMgr::LoadHeroBuyCfg:466 Load 63 hero buy cfg.
05-29-16:58:51.5547 20068 CentralServer::CCSCfgMgr::LoadDiscountCfg:527 Load 0 discount cfg.
05-29-16:58:51.5567 20068 CentralServer::CCSCfgMgr::LoadHotAndNewGoodsCfg:777 Load NewCfg:1 and HotCfg:1
05-29-16:58:51.6297 20068 INetSessionMgr::LogText:42 [WRN] CUCODEListener::Start Listen 0:10002, ReuseAddr 1
05-29-16:58:51.6327 20068 INetSessionMgr::LogText:42 [WRN] CUCODEListener::Start Listen 0:10001, ReuseAddr 1
05-29-16:58:51.6387 20068 INetSessionMgr::LogText:42 [WRN] CUCODEListener::Start Listen 0:10010, ReuseAddr 1
05-29-17:00:23.3190 20068 CentralServer::CCSUserMgr::OnUserOnline:157 Add user netinfo(4)
05-29-17:00:53.5857 20068 CentralServer::CCSUserMgr::OnUserOnline:157 Add user netinfo(5)
05-29-17:00:53.5887 20068 CentralServer::CCSUserMgr::RemoveUserFromRedisLRU:340 É¾³ýRedis Cache guid:1001
05-29-17:00:58.1750 20068 CentralServer::CCSUser::AddHero:163 Notify herolist:10001 expitred:-1, idfree:0
05-29-17:07:26.0421 20068 CentralServer::CCSBattle::CaculateResult:322 CurExp:50, GotExp:103, GotGold:18.
05-29-21:07:45.5169 20068 CentralServer::CCSUser::LoadHeroFromRedis:1935 Add redis hero:10001
05-29-21:07:45.5189 20068 CentralServer::CCSUserMgr::OnUserOnline:157 Add user netinfo(6)
05-29-21:07:45.5219 20068 CentralServer::CCSUserMgr::RemoveUserFromRedisLRU:340 É¾³ýRedis Cache guid:1001
05-29-21:07:51.9663 20068 CentralServer::CCSUser::AddRuneNum:1764 ¸üÐÂ·ûÎÄÐÅÏ¢num:1, runeid:120104
05-29-22:25:59.3154 20068 INetSessionMgr::LogText:42 [CRT] OnConnectErr:Address:127.0.0.1:1234
05-29-22:26:01.8415 20068 INetSessionMgr::LogText:42 [CRT] OnConnectErr:Address:127.0.0.1:6380
05-29-22:26:01.8735 20068 INetSessionMgr::LogText:42 [CRT] OnConnectErr:Address:127.0.0.1:6379
e::CaculateResult:322 CurExp:40, GotExp:104, GotGold:15.
05-29-11:22:30.8094 7972 CentralServer::CCSUser::InitRunes:1715 Add page:0, pos:0,runeid:120106 from db
05-29-11:22:30.8134 7972 CentralServer::CCSUser::LoadHeroFromRedis:1935 Add redis hero:10001
05-29-11:22:30.8154 7972 CentralServer::CCSUserMgr::OnUserOnline:157 Add user netinfo(7)
05-29-11:22:30.8195 7972 CentralServer::CCSUserMgr::RemoveUserFromRedisLRU:340 É¾³ýRedis Cache guid:1001
05-29-11:28:58.1236 7972 CentralServer::CCSBattle::CaculateResult:322 CurExp:13, GotExp:105, GotGold:21.
05-29-11:30:24.4835 7972 CentralServer::CCSUser::InitRunes:1715 Add page:0, pos:0,runeid:120106 from db
05-29-11:30:24.4865 7972 CentralServer::CCSUser::LoadHeroFromRedis:1935 Add redis hero:10001
05-29-11:30:24.4885 7972 CentralServer::CCSUserMgr::OnUserOnline:157 Add user netinfo(8)
05-29-11:30:24.4905 7972 CentralServer::CCSUserMgr::RemoveUserFromRedisLRU:340 É¾³ýRedis Cache guid:1001
05-29-11:34:22.3451 7972 CentralServer::CCSBattle::CaculateResult:322 CurExp:118, GotExp:105, GotGold:12.
05-29-11:36:28.1063 7972 INetSessionMgr::LogText:42 [CRT] OnConnectErr:Address:127.0.0.1:1234
