07-23-21:28:12.9612 16564 CentralServer::CCSCfgMgr::LoadNewSkillCfg:815 Load 268 Skill cfg.
07-23-21:28:13.1132 16564 CentralServer::CCSCfgMgr::LoadSkillModelAccountCfg:905 Load 322 Skill cfg.
07-23-21:28:13.1642 16564 CentralServer::CCSCfgMgr::LoadSkillModelEmitCfg:1023 Load 96 Skill cfg.
07-23-21:28:13.2162 16564 CentralServer::CCSCfgMgr::LoadSkillModelRangeCfg:1098 Load 123 Skill cfg.
07-23-21:28:13.2212 16564 CentralServer::CCSCfgMgr::LoadSkillModelLeadingCfg:959  Load 17 Skill cfg.
07-23-21:28:13.3422 16564 CentralServer::CCSCfgMgr::LoadSkillModelBufCfg:1183  Load 302 Skill cfg.
07-23-21:28:13.3572 16564 CentralServer::CCSCfgMgr::LoadSkillModelSummonCfg:1288  Load 5 Skill cfg.
07-23-21:28:13.3762 16564 CentralServer::CCSCfgMgr::LoadSkillModelMoveCfg:1355  Load 26 Skill cfg.
07-23-21:28:13.3782 16564 CentralServer::CCSCfgMgr::LoadSkillModelSwitchCfg:1414  Load 26 Skill cfg.
07-23-21:28:13.3802 16564 CentralServer::CCSCfgMgr::LoadSkillModelPurifactionCfg:1477  Load 1 Skill cfg.
07-23-21:28:13.3822 16564 CentralServer::CCSCfgMgr::LoadSkillModelLinkCfg:1542  Load 1 Skill cfg.
07-23-21:28:13.4292 16564 CentralServer::CCSCfgMgr::LoadPassitiveSkillCfg:1635  Load 126 Skill cfg.
07-23-21:28:13.4392 16564 CentralServer::CCSCfgMgr::LoadPassitiveEffectBloodSeekCfg:1682  Load 6 Skill cfg.
07-23-21:28:13.4422 16564 CentralServer::CCSCfgMgr::LoadPassitiveEffectReboundCfg:1729  Load 4 Skill cfg.
07-23-21:28:13.4492 16564 CentralServer::CCSCfgMgr::LoadPassitiveEffectReliveCfg:1777 Load 1 Skill cfg.
07-23-21:28:13.4732 16564 CentralServer::CCSCfgMgr::LoadNPCCfg:224 Load 52 NPC cfg.
07-23-21:28:13.5042 16564 CentralServer::CCSCfgMgr::LoadHeroCfg:353  Load 22 hero cfg.
07-23-21:28:13.5772 16564 CentralServer::CCSCfgMgr::LoadGoodsCfg:628 Load 103 goods cfg.
07-23-21:28:13.5812 16564 CentralServer::CCSCfgMgr::LoadShopCfg:710 Load 3 shop cfg.
07-23-21:28:13.5882 16564 CentralServer::CCSCfgMgr::LoadMapCfg:419  load 4 map.
07-23-21:28:13.5922 16564 CentralServer::CCSCfgMgr::LoadHeroChooseCfg:1998 Load 22 herochoose cfg.
07-23-21:28:13.6442 16564 CentralServer::CCSCfgMgr::LoadRobotAICfg:2058 Load 609 RobotAI cfg.
07-23-21:28:13.9382 16564 CentralServer::CCSCfgMgr::LoadRobotAIPathCfg:2107 Load 197 RobotAI cfg.
07-23-21:28:13.9522 16564 CentralServer::CCSCfgMgr::LoadRunesCfg:101 Load 75 runes cfg.
07-23-21:28:13.9582 16564 CentralServer::CCSCfgMgr::LoadRunesSlotCfg:345 Load 19 runesslot cfg.
07-23-21:28:13.9632 16564 CentralServer::CCSCfgMgr::LoadHeroBuyCfg:466 Load 63 hero buy cfg.
07-23-21:28:13.9682 16564 CentralServer::CCSCfgMgr::LoadDiscountCfg:527 Load 0 discount cfg.
07-23-21:28:13.9732 16564 CentralServer::CCSCfgMgr::LoadHotAndNewGoodsCfg:777 Load NewCfg:1 and HotCfg:1
07-23-21:28:14.0272 16564 INetSessionMgr::LogText:42 [WRN] CUCODEListener::Start Listen 0:10002, ReuseAddr 1
07-23-21:28:14.0322 16564 INetSessionMgr::LogText:42 [WRN] CUCODEListener::Start Listen 0:10001, ReuseAddr 1
07-23-21:28:14.0382 16564 INetSessionMgr::LogText:42 [WRN] CUCODEListener::Start Listen 0:10010, ReuseAddr 1
07-23-21:31:22.4910 16564 CentralServer::CCSUserMgr::OnUserOnline:157 Add user netinfo(4)
07-23-21:33:15.9665 16564 CentralServer::CCSUserMgr::OnUserOnline:157 Add user netinfo(5)
07-23-21:33:15.9935 16564 CentralServer::CCSUserMgr::RemoveUserFromRedisLRU:340 É¾³ýRedis Cache guid:1001
07-23-21:33:24.7550 16564 CentralServer::CCSUser::AddHero:163 Notify herolist:10001 expitred:-1, idfree:0
07-23-21:37:17.4973 16564 CentralServer::CCSBattle::CaculateResult:322 CurExp:50, GotExp:103, GotGold:12.
07-23-21:48:29.0787 16564 INetSessionMgr::LogText:42 [CRT] OnConnectErr:Address:127.0.0.1:1234
gr::LogText:42 [CRT] OnConnectErr:Address:127.0.0.1:6380
