05-28-15:08:25.3835 10412 CentralServer::CCSCfgMgr::LoadNewSkillCfg:815 Load 268 Skill cfg.
05-28-15:08:25.4855 10412 CentralServer::CCSCfgMgr::LoadSkillModelAccountCfg:905 Load 322 Skill cfg.
05-28-15:08:25.5325 10412 CentralServer::CCSCfgMgr::LoadSkillModelEmitCfg:1023 Load 96 Skill cfg.
05-28-15:08:25.5865 10412 CentralServer::CCSCfgMgr::LoadSkillModelRangeCfg:1098 Load 123 Skill cfg.
05-28-15:08:25.5925 10412 CentralServer::CCSCfgMgr::LoadSkillModelLeadingCfg:959  Load 17 Skill cfg.
05-28-15:08:25.7536 10412 CentralServer::CCSCfgMgr::LoadSkillModelBufCfg:1183  Load 302 Skill cfg.
05-28-15:08:25.7806 10412 CentralServer::CCSCfgMgr::LoadSkillModelSummonCfg:1288  Load 5 Skill cfg.
05-28-15:08:25.7986 10412 CentralServer::CCSCfgMgr::LoadSkillModelMoveCfg:1355  Load 26 Skill cfg.
05-28-15:08:25.8006 10412 CentralServer::CCSCfgMgr::LoadSkillModelSwitchCfg:1414  Load 26 Skill cfg.
05-28-15:08:25.8016 10412 CentralServer::CCSCfgMgr::LoadSkillModelPurifactionCfg:1477  Load 1 Skill cfg.
05-28-15:08:25.8036 10412 CentralServer::CCSCfgMgr::LoadSkillModelLinkCfg:1542  Load 1 Skill cfg.
05-28-15:08:25.8726 10412 CentralServer::CCSCfgMgr::LoadPassitiveSkillCfg:1635  Load 126 Skill cfg.
05-28-15:08:25.9206 10412 CentralServer::CCSCfgMgr::LoadPassitiveEffectBloodSeekCfg:1682  Load 6 Skill cfg.
05-28-15:08:25.9416 10412 CentralServer::CCSCfgMgr::LoadPassitiveEffectReboundCfg:1729  Load 4 Skill cfg.
05-28-15:08:25.9446 10412 CentralServer::CCSCfgMgr::LoadPassitiveEffectReliveCfg:1777 Load 1 Skill cfg.
05-28-15:08:25.9466 10412 CentralServer::CCSCfgMgr::LoadNPCCfg:224 Load 52 NPC cfg.
05-28-15:08:25.9486 10412 CentralServer::CCSCfgMgr::LoadHeroCfg:353  Load 22 hero cfg.
05-28-15:08:26.0486 10412 CentralServer::CCSCfgMgr::LoadGoodsCfg:628 Load 103 goods cfg.
05-28-15:08:26.0556 10412 CentralServer::CCSCfgMgr::LoadShopCfg:710 Load 3 shop cfg.
05-28-15:08:26.0686 10412 CentralServer::CCSCfgMgr::LoadMapCfg:419  load 4 map.
05-28-15:08:26.0706 10412 CentralServer::CCSCfgMgr::LoadHeroChooseCfg:1998 Load 22 herochoose cfg.
05-28-15:08:26.0846 10412 CentralServer::CCSCfgMgr::LoadRobotAICfg:2058 Load 609 RobotAI cfg.
05-28-15:08:26.1276 10412 CentralServer::CCSCfgMgr::LoadRobotAIPathCfg:2107 Load 197 RobotAI cfg.
05-28-15:08:26.1406 10412 CentralServer::CCSCfgMgr::LoadRunesCfg:101 Load 75 runes cfg.
05-28-15:08:26.1636 10412 CentralServer::CCSCfgMgr::LoadRunesSlotCfg:345 Load 19 runesslot cfg.
05-28-15:08:26.1746 10412 CentralServer::CCSCfgMgr::LoadHeroBuyCfg:466 Load 63 hero buy cfg.
05-28-15:08:26.1766 10412 CentralServer::CCSCfgMgr::LoadDiscountCfg:527 Load 0 discount cfg.
05-28-15:08:26.1796 10412 CentralServer::CCSCfgMgr::LoadHotAndNewGoodsCfg:777 Load NewCfg:1 and HotCfg:1
05-28-15:08:26.2556 10412 INetSessionMgr::LogText:42 [WRN] CUCODEListener::Start Listen 0:10002, ReuseAddr 1
05-28-15:08:26.2726 10412 INetSessionMgr::LogText:42 [WRN] CUCODEListener::Start Listen 0:10001, ReuseAddr 1
05-28-15:08:26.2746 10412 INetSessionMgr::LogText:42 [WRN] CUCODEListener::Start Listen 0:10010, ReuseAddr 1
05-28-15:08:46.9718 10412 CentralServer::CCSUserMgr::OnUserOnline:157 Add user netinfo(4)
05-28-17:04:07.1846 10412 CentralServer::CCSUserMgr::OnUserOnline:157 Add user netinfo(5)
05-28-17:04:07.1976 10412 CentralServer::CCSUserMgr::RemoveUserFromRedisLRU:340 É¾³ýRedis Cache guid:1001
05-28-17:04:12.5149 10412 CentralServer::CCSUser::AddHero:163 Notify herolist:10001 expitred:-1, idfree:0
05-28-20:13:44.4343 10412 CentralServer::CCSUser::LoadHeroFromRedis:1935 Add redis hero:10001
05-28-20:13:44.4363 10412 CentralServer::CCSUserMgr::OnUserOnline:157 Add user netinfo(6)
05-28-20:13:44.4383 10412 CentralServer::CCSUserMgr::RemoveUserFromRedisLRU:340 É¾³ýRedis Cache guid:1001
05-28-20:57:43.8173 10412 CentralServer::CCSUser::LoadHeroFromRedis:1935 Add redis hero:10001
05-28-20:57:43.8193 10412 CentralServer::CCSUserMgr::OnUserOnline:157 Add user netinfo(7)
05-28-20:57:43.8213 10412 CentralServer::CCSUserMgr::RemoveUserFromRedisLRU:340 É¾³ýRedis Cache guid:1001
05-28-21:09:11.7886 10412 CentralServer::CCSUser::LoadHeroFromRedis:1935 Add redis hero:10001
05-28-21:09:11.7906 10412 CentralServer::CCSUserMgr::OnUserOnline:157 Add user netinfo(8)
05-28-21:09:11.7926 10412 CentralServer::CCSUserMgr::RemoveUserFromRedisLRU:340 É¾³ýRedis Cache guid:1001
05-28-21:26:32.0581 10412 CentralServer::CCSUser::LoadHeroFromRedis:1935 Add redis hero:10001
05-28-21:26:32.0691 10412 CentralServer::CCSUserMgr::OnUserOnline:157 Add user netinfo(9)
05-28-21:26:32.0711 10412 CentralServer::CCSUserMgr::RemoveUserFromRedisLRU:340 É¾³ýRedis Cache guid:1001
05-28-22:31:41.7978 10412 INetSessionMgr::LogText:42 [CRT] OnConnectErr:Address:127.0.0.1:6380
05-28-22:31:41.8008 10412 INetSessionMgr::LogText:42 [CRT] OnConnectErr:Address:127.0.0.1:6379
