07-23-21:31:22.4740 16564 CentralServer::CCSUserMgr::OnMgrFromGC_AskLogin:102 --new login msg!asdd--
07-23-21:32:12.4559 16564 CentralServer::CCSUserMgr::ChangeUserNickName:115 user szUserName:asdd, nickName:介
07-23-21:32:21.7144 16564 CentralServer::CCSBattle::CCSBattle:33 create battle(1)
07-23-21:32:21.7234 16564 CentralServer::CCSBattle::CCSBattle:43 battle(1) add user(1001)
07-23-21:32:50.7671 16564 CentralServer::CCSBattle::OnFinish:236 destory battle(1)
07-23-21:32:50.8211 16564 CentralServer::CCSBattle::OnFinish:242 battle(1) remove user(1001)
07-23-21:32:50.8301 16564 CentralServer::CCSUserBattleInfo::Clear:64 user(asdd) clear by reason(2)
07-23-21:32:50.8461 16564 CentralServer::CCSUserMgr::CheckIfCanRemoveUser:663 删除玩家!
07-23-21:33:15.9465 16564 CentralServer::CCSUserMgr::OnMgrFromGC_AskLogin:102 --new login msg!asdd--
07-23-21:33:24.7450 16564 CentralServer::CCSUser::AskBuyGoods:505 购买花费金币2500，剩余:40
07-23-21:33:46.4623 16564 CCSMatchRoom_Nomal::CCSMatchRoom_Nomal:86 房间号1：开始时间Sat Jul 23 21:33:46 2016

07-23-21:33:46.4683 16564 CCSMatchRoom_Nomal::CCSMatchRoom_Nomal:87 房间号1：至少2人时间Sat Jul 23 21:33:47 2016

07-23-21:33:46.4803 16564 CCSMatchRoom_Nomal::CCSMatchRoom_Nomal:88 房间号1：至少3人时间Sat Jul 23 21:33:48 2016

07-23-21:33:46.4863 16564 CCSMatchRoom_Nomal::CCSMatchRoom_Nomal:89 房间号1：至少4人时间Sat Jul 23 21:33:49 2016

07-23-21:33:46.4913 16564 CCSMatchRoom_Nomal::CCSMatchRoom_Nomal:90 房间号1：至少5人时间Sat Jul 23 21:33:53 2016

07-23-21:33:46.4953 16564 CCSMatchRoom_Nomal::CCSMatchRoom_Nomal:91 房间号1：结束时间Sat Jul 23 21:33:56 2016

07-23-21:33:48.0894 16564 CCSMatchRoom_Nomal::Update:165 房间号1：跳转时间Sat Jul 23 21:33:48 2016

07-23-21:33:49.0904 16564 CCSMatchRoom_Nomal::Update:165 房间号1：跳转时间Sat Jul 23 21:33:49 2016

07-23-21:33:50.0905 16564 CCSMatchRoom_Nomal::Update:165 房间号1：跳转时间Sat Jul 23 21:33:50 2016

07-23-21:33:54.0917 16564 CCSMatchRoom_Nomal::Update:165 房间号1：跳转时间Sat Jul 23 21:33:54 2016

07-23-21:33:57.0929 16564 CCSMatchRoom_Nomal::Update:165 房间号1：跳转时间Sat Jul 23 21:33:57 2016

07-23-21:33:57.1929 16564 CentralServer::CCSBattle::CCSBattle:33 create battle(2)
07-23-21:33:57.2149 16564 CentralServer::CCSBattle::CCSBattle:43 battle(2) add user(1001)
07-23-21:37:17.4663 16564 CentralServer::CCSBattle::CaculateExp:363 ExpAddition:0.
07-23-21:37:17.4873 16564 CentralServer::CCSBattle::CaculateGold:400 GoldAddition:0.
07-23-21:37:17.5053 16564 CentralServer::CCSBattle::OnFinish:236 destory battle(2)
07-23-21:37:17.5143 16564 CentralServer::CCSBattle::OnFinish:242 battle(2) remove user(1001)
07-23-21:37:17.5213 16564 CentralServer::CCSUserBattleInfo::Clear:64 user(asdd) clear by reason(2)
07-23-21:37:17.5383 16564 CentralServer::CCSUserMgr::CheckIfCanRemoveUser:663 删除玩家!
