09-10-20:40:12.4495 18860 CentralServer::CCSUserMgr::OnMgrFromGC_AskLogin:102 --new login msg!asd--
09-10-20:40:49.2216 18860 CentralServer::CCSUserMgr::ChangeUserNickName:115 user szUserName:asd, nickName:版ゆ
09-10-20:42:06.2310 18860 CentralServer::CCSBattle::CCSBattle:33 create battle(1)
09-10-20:42:06.2900 18860 CentralServer::CCSBattle::CCSBattle:43 battle(1) add user(1001)
09-10-20:42:18.6527 18860 CentralServer::CCSBattle::OnFinish:236 destory battle(1)
09-10-20:42:18.6557 18860 CentralServer::CCSBattle::OnFinish:242 battle(1) remove user(1001)
09-10-20:42:18.6577 18860 CentralServer::CCSUserBattleInfo::Clear:64 user(asd) clear by reason(2)
09-10-20:42:18.6677 18860 CentralServer::CCSUserMgr::CheckIfCanRemoveUser:663 删除玩家!
09-10-20:42:29.6694 18860 CentralServer::CCSUserMgr::OnMgrFromGC_AskLogin:102 --new login msg!asd--
09-10-20:42:36.7208 18860 CentralServer::CCSUser::AskBuyGoods:505 购买花费金币2500，剩余:40
09-10-20:57:05.3965 18860 CCSMatchRoom_Nomal::CCSMatchRoom_Nomal:86 房间号1：开始时间Sat Sep 10 20:57:05 2016

09-10-20:57:05.4385 18860 CCSMatchRoom_Nomal::CCSMatchRoom_Nomal:87 房间号1：至少2人时间Sat Sep 10 20:57:06 2016

09-10-20:57:05.4465 18860 CCSMatchRoom_Nomal::CCSMatchRoom_Nomal:88 房间号1：至少3人时间Sat Sep 10 20:57:07 2016

09-10-20:57:05.4595 18860 CCSMatchRoom_Nomal::CCSMatchRoom_Nomal:89 房间号1：至少4人时间Sat Sep 10 20:57:08 2016

09-10-20:57:05.4725 18860 CCSMatchRoom_Nomal::CCSMatchRoom_Nomal:90 房间号1：至少5人时间Sat Sep 10 20:57:12 2016

09-10-20:57:05.4765 18860 CCSMatchRoom_Nomal::CCSMatchRoom_Nomal:91 房间号1：结束时间Sat Sep 10 20:57:15 2016

09-10-20:57:07.0226 18860 CCSMatchRoom_Nomal::Update:165 房间号1：跳转时间Sat Sep 10 20:57:07 2016

09-10-20:57:08.0276 18860 CCSMatchRoom_Nomal::Update:165 房间号1：跳转时间Sat Sep 10 20:57:08 2016

09-10-20:57:09.0667 18860 CCSMatchRoom_Nomal::Update:165 房间号1：跳转时间Sat Sep 10 20:57:09 2016

09-10-20:57:13.0709 18860 CCSMatchRoom_Nomal::Update:165 房间号1：跳转时间Sat Sep 10 20:57:13 2016

09-10-20:57:16.0931 18860 CCSMatchRoom_Nomal::Update:165 房间号1：跳转时间Sat Sep 10 20:57:16 2016

09-10-20:57:16.1931 18860 CentralServer::CCSBattle::CCSBattle:33 create battle(2)
09-10-20:57:16.2561 18860 CentralServer::CCSBattle::CCSBattle:43 battle(2) add user(1001)
09-10-20:57:36.3732 18860 CentralServer::CCSBattle::CaculateExp:363 ExpAddition:0.
09-10-20:57:36.3762 18860 CentralServer::CCSBattle::CaculateGold:400 GoldAddition:0.
09-10-20:57:36.3872 18860 CentralServer::CCSBattle::OnFinish:236 destory battle(2)
09-10-20:57:36.3902 18860 CentralServer::CCSBattle::OnFinish:242 battle(2) remove user(1001)
09-10-20:57:36.3922 18860 CentralServer::CCSUserBattleInfo::Clear:64 user(asd) clear by reason(2)
09-10-20:57:36.3992 18860 CentralServer::CCSUserMgr::CheckIfCanRemoveUser:663 删除玩家!
09-10-20:59:36.2601 18860 CentralServer::CCSUserMgr::OnMgrFromGC_AskLogin:102 --new login msg!asd--
09-10-21:02:37.3745 18860 CentralServer::CCSUserBattleInfo::Clear:64 user(asd) clear by reason(22)
09-10-21:02:37.3785 18860 CentralServer::CCSUserBattleInfo::Clear:64 user(asd) clear by reason(33)
09-10-21:02:37.3865 18860 CentralServer::CCSUserBattleInfo::Clear:64 user(asd) clear by reason(3)
09-10-21:06:45.6067 18860 CentralServer::CCSUserMgr::OnMgrFromGC_AskLogin:102 --new login msg!asd--
09-10-21:09:37.7825 18860 CCSMatchRoom_Nomal::CCSMatchRoom_Nomal:86 房间号2：开始时间Sat Sep 10 21:09:37 2016

09-10-21:09:37.7885 18860 CCSMatchRoom_Nomal::CCSMatchRoom_Nomal:87 房间号2：至少2人时间Sat Sep 10 21:09:43 2016

09-10-21:09:37.7915 18860 CCSMatchRoom_Nomal::CCSMatchRoom_Nomal:88 房间号2：至少3人时间Sat Sep 10 21:09:49 2016

09-10-21:09:37.7965 18860 CCSMatchRoom_Nomal::CCSMatchRoom_Nomal:89 房间号2：至少4人时间Sat Sep 10 21:09:53 2016

09-10-21:09:37.8005 18860 CCSMatchRoom_Nomal::CCSMatchRoom_Nomal:90 房间号2：至少5人时间Sat Sep 10 21:09:55 2016

09-10-21:09:37.8045 18860 CCSMatchRoom_Nomal::CCSMatchRoom_Nomal:91 房间号2：结束时间Sat Sep 10 21:10:04 2016

09-10-21:09:44.0609 18860 CCSMatchRoom_Nomal::Update:165 房间号2：跳转时间Sat Sep 10 21:09:44 2016

09-10-21:09:50.0612 18860 CCSMatchRoom_Nomal::Update:165 房间号2：跳转时间Sat Sep 10 21:09:50 2016

09-10-21:09:54.0634 18860 CCSMatchRoom_Nomal::Update:165 房间号2：跳转时间Sat Sep 10 21:09:54 2016

09-10-21:09:56.0625 18860 CCSMatchRoom_Nomal::Update:165 房间号2：跳转时间Sat Sep 10 21:09:56 2016

09-10-21:10:05.0691 18860 CCSMatchRoom_Nomal::Update:165 房间号2：跳转时间Sat Sep 10 21:10:05 2016

09-10-21:10:05.1711 18860 CentralServer::CCSBattle::CCSBattle:33 create battle(3)
09-10-21:10:05.2011 18860 CentralServer::CCSBattle::CCSBattle:43 battle(3) add user(1001)
09-10-21:12:05.7820 18860 CentralServer::CCSBattle::CaculateExp:363 ExpAddition:0.
09-10-21:12:05.7890 18860 CentralServer::CCSBattle::CaculateGold:400 GoldAddition:0.
09-10-21:12:05.8120 18860 CentralServer::CCSBattle::OnFinish:236 destory battle(3)
09-10-21:12:05.8160 18860 CentralServer::CCSBattle::OnFinish:242 battle(3) remove user(1001)
09-10-21:12:05.8210 18860 CentralServer::CCSUserBattleInfo::Clear:64 user(asd) clear by reason(2)
09-10-21:12:05.8290 18860 CentralServer::CCSUserMgr::CheckIfCanRemoveUser:663 删除玩家!
09-10-21:13:15.8100 18860 CentralServer::CCSUserMgr::OnMgrFromGC_AskLogin:102 --new login msg!asd--
09-10-21:13:25.0235 18860 CCSMatchRoom_Nomal::CCSMatchRoom_Nomal:86 房间号3：开始时间Sat Sep 10 21:13:25 2016

09-10-21:13:25.0925 18860 CCSMatchRoom_Nomal::CCSMatchRoom_Nomal:87 房间号3：至少2人时间Sat Sep 10 21:13:29 2016

09-10-21:13:25.1315 18860 CCSMatchRoom_Nomal::CCSMatchRoom_Nomal:88 房间号3：至少3人时间Sat Sep 10 21:13:34 2016

09-10-21:13:25.1865 18860 CCSMatchRoom_Nomal::CCSMatchRoom_Nomal:89 房间号3：至少4人时间Sat Sep 10 21:13:37 2016

09-10-21:13:25.2555 18860 CCSMatchRoom_Nomal::CCSMatchRoom_Nomal:90 房间号3：至少5人时间Sat Sep 10 21:13:45 2016

09-10-21:13:25.4775 18860 CCSMatchRoom_Nomal::CCSMatchRoom_Nomal:91 房间号3：结束时间Sat Sep 10 21:13:49 2016

09-10-21:13:30.0478 18860 CCSMatchRoom_Nomal::Update:165 房间号3：跳转时间Sat Sep 10 21:13:30 2016

09-10-21:13:35.0731 18860 CCSMatchRoom_Nomal::Update:165 房间号3：跳转时间Sat Sep 10 21:13:35 2016

09-10-21:13:38.0052 18860 CCSMatchRoom_Nomal::Update:165 房间号3：跳转时间Sat Sep 10 21:13:38 2016

09-10-21:13:46.0237 18860 CCSMatchRoom_Nomal::Update:165 房间号3：跳转时间Sat Sep 10 21:13:46 2016

09-10-21:13:50.0429 18860 CCSMatchRoom_Nomal::Update:165 房间号3：跳转时间Sat Sep 10 21:13:50 2016

09-10-21:13:50.1679 18860 CentralServer::CCSBattle::CCSBattle:33 create battle(4)
09-10-21:13:50.2159 18860 CentralServer::CCSBattle::CCSBattle:43 battle(4) add user(1001)
09-10-21:15:20.6861 18860 CentralServer::CCSBattle::CaculateExp:363 ExpAddition:0.
09-10-21:15:20.6891 18860 CentralServer::CCSBattle::CaculateGold:400 GoldAddition:0.
09-10-21:15:20.7161 18860 CentralServer::CCSBattle::OnFinish:236 destory battle(4)
09-10-21:15:20.7211 18860 CentralServer::CCSBattle::OnFinish:242 battle(4) remove user(1001)
09-10-21:15:20.7231 18860 CentralServer::CCSUserBattleInfo::Clear:64 user(asd) clear by reason(2)
09-10-21:15:20.7261 18860 CentralServer::CCSUserMgr::CheckIfCanRemoveUser:663 删除玩家!
09-10-21:20:50.4920 18860 CentralServer::CCSUserMgr::OnMgrFromGC_AskLogin:102 --new login msg!asd--
09-10-21:20:58.7785 18860 CCSMatchRoom_Nomal::CCSMatchRoom_Nomal:86 房间号4：开始时间Sat Sep 10 21:20:58 2016

09-10-21:20:58.8155 18860 CCSMatchRoom_Nomal::CCSMatchRoom_Nomal:87 房间号4：至少2人时间Sat Sep 10 21:21:07 2016

09-10-21:20:58.8315 18860 CCSMatchRoom_Nomal::CCSMatchRoom_Nomal:88 房间号4：至少3人时间Sat Sep 10 21:21:09 2016

09-10-21:20:58.8325 18860 CCSMatchRoom_Nomal::CCSMatchRoom_Nomal:89 房间号4：至少4人时间Sat Sep 10 21:21:19 2016

09-10-21:20:58.8355 18860 CCSMatchRoom_Nomal::CCSMatchRoom_Nomal:90 房间号4：至少5人时间Sat Sep 10 21:21:22 2016

09-10-21:20:58.8425 18860 CCSMatchRoom_Nomal::CCSMatchRoom_Nomal:91 房间号4：结束时间Sat Sep 10 21:21:24 2016

09-10-21:21:08.0350 18860 CCSMatchRoom_Nomal::Update:165 房间号4：跳转时间Sat Sep 10 21:21:08 2016

09-10-21:21:10.0531 18860 CCSMatchRoom_Nomal::Update:165 房间号4：跳转时间Sat Sep 10 21:21:10 2016

09-10-21:21:20.0857 18860 CCSMatchRoom_Nomal::Update:165 房间号4：跳转时间Sat Sep 10 21:21:20 2016

09-10-21:21:23.0918 18860 CCSMatchRoom_Nomal::Update:165 房间号4：跳转时间Sat Sep 10 21:21:23 2016

09-10-21:21:25.0910 18860 CCSMatchRoom_Nomal::Update:165 房间号4：跳转时间Sat Sep 10 21:21:25 2016

09-10-21:21:25.1910 18860 CentralServer::CCSBattle::CCSBattle:33 create battle(5)
09-10-21:21:25.2410 18860 CentralServer::CCSBattle::CCSBattle:43 battle(5) add user(1001)
09-10-21:22:04.7012 18860 CentralServer::CCSUserMgr::OnMgrFromGC_AskLogin:102 --new login msg!asd--
09-10-21:22:45.7876 18860 CentralServer::CCSBattle::CaculateExp:363 ExpAddition:0.
09-10-21:22:45.7896 18860 CentralServer::CCSBattle::CaculateGold:400 GoldAddition:0.
09-10-21:22:45.7946 18860 CentralServer::CCSBattle::OnFinish:236 destory battle(5)
09-10-21:22:45.7966 18860 CentralServer::CCSBattle::OnFinish:242 battle(5) remove user(1001)
09-10-21:22:45.8016 18860 CentralServer::CCSUserBattleInfo::Clear:64 user(asd) clear by reason(2)
09-10-21:22:45.8056 18860 CentralServer::CCSUserMgr::CheckIfCanRemoveUser:663 删除玩家!
09-10-21:22:53.6210 18860 CentralServer::CCSUserMgr::OnMgrFromGC_AskLogin:102 --new login msg!asd--
09-10-21:23:02.7795 18860 CCSMatchRoom_Nomal::CCSMatchRoom_Nomal:86 房间号5：开始时间Sat Sep 10 21:23:02 2016

09-10-21:23:02.8375 18860 CCSMatchRoom_Nomal::CCSMatchRoom_Nomal:87 房间号5：至少2人时间Sat Sep 10 21:23:06 2016

09-10-21:23:02.8395 18860 CCSMatchRoom_Nomal::CCSMatchRoom_Nomal:88 房间号5：至少3人时间Sat Sep 10 21:23:08 2016

09-10-21:23:02.8415 18860 CCSMatchRoom_Nomal::CCSMatchRoom_Nomal:89 房间号5：至少4人时间Sat Sep 10 21:23:11 2016

09-10-21:23:02.8425 18860 CCSMatchRoom_Nomal::CCSMatchRoom_Nomal:90 房间号5：至少5人时间Sat Sep 10 21:23:14 2016

09-10-21:23:02.8445 18860 CCSMatchRoom_Nomal::CCSMatchRoom_Nomal:91 房间号5：结束时间Sat Sep 10 21:23:22 2016

09-10-21:23:07.0198 18860 CCSMatchRoom_Nomal::Update:165 房间号5：跳转时间Sat Sep 10 21:23:07 2016

09-10-21:23:09.0249 18860 CCSMatchRoom_Nomal::Update:165 房间号5：跳转时间Sat Sep 10 21:23:09 2016

09-10-21:23:12.0471 18860 CCSMatchRoom_Nomal::Update:165 房间号5：跳转时间Sat Sep 10 21:23:12 2016

09-10-21:23:15.0582 18860 CCSMatchRoom_Nomal::Update:165 房间号5：跳转时间Sat Sep 10 21:23:15 2016

09-10-21:23:23.0877 18860 CCSMatchRoom_Nomal::Update:165 房间号5：跳转时间Sat Sep 10 21:23:23 2016

09-10-21:23:23.1887 18860 CentralServer::CCSBattle::CCSBattle:33 create battle(6)
09-10-21:23:23.2497 18860 CentralServer::CCSBattle::CCSBattle:43 battle(6) add user(1001)
09-10-21:25:43.9448 18860 CentralServer::CCSBattle::CaculateExp:363 ExpAddition:0.
09-10-21:25:43.9468 18860 CentralServer::CCSBattle::CaculateGold:400 GoldAddition:0.
09-10-21:25:43.9518 18860 CentralServer::CCSBattle::OnFinish:236 destory battle(6)
09-10-21:25:43.9538 18860 CentralServer::CCSBattle::OnFinish:242 battle(6) remove user(1001)
09-10-21:25:43.9558 18860 CentralServer::CCSUserBattleInfo::Clear:64 user(asd) clear by reason(2)
09-10-21:25:43.9638 18860 CentralServer::CCSUserMgr::CheckIfCanRemoveUser:663 删除玩家!
