09-10-20:34:23.1085 18860 CentralServer::CCSCfgMgr::LoadNewSkillCfg:815 Load 268 Skill cfg.
09-10-20:34:23.2606 18860 CentralServer::CCSCfgMgr::LoadSkillModelAccountCfg:905 Load 322 Skill cfg.
09-10-20:34:23.3196 18860 CentralServer::CCSCfgMgr::LoadSkillModelEmitCfg:1023 Load 96 Skill cfg.
09-10-20:34:23.3766 18860 CentralServer::CCSCfgMgr::LoadSkillModelRangeCfg:1098 Load 123 Skill cfg.
09-10-20:34:23.3816 18860 CentralServer::CCSCfgMgr::LoadSkillModelLeadingCfg:959  Load 17 Skill cfg.
09-10-20:34:23.5576 18860 CentralServer::CCSCfgMgr::LoadSkillModelBufCfg:1183  Load 302 Skill cfg.
09-10-20:34:23.5826 18860 CentralServer::CCSCfgMgr::LoadSkillModelSummonCfg:1288  Load 5 Skill cfg.
09-10-20:34:23.6186 18860 CentralServer::CCSCfgMgr::LoadSkillModelMoveCfg:1355  Load 26 Skill cfg.
09-10-20:34:23.6406 18860 CentralServer::CCSCfgMgr::LoadSkillModelSwitchCfg:1414  Load 26 Skill cfg.
09-10-20:34:23.6446 18860 CentralServer::CCSCfgMgr::LoadSkillModelPurifactionCfg:1477  Load 1 Skill cfg.
09-10-20:34:23.6496 18860 CentralServer::CCSCfgMgr::LoadSkillModelLinkCfg:1542  Load 1 Skill cfg.
09-10-20:34:23.7316 18860 CentralServer::CCSCfgMgr::LoadPassitiveSkillCfg:1635  Load 126 Skill cfg.
09-10-20:34:23.7386 18860 CentralServer::CCSCfgMgr::LoadPassitiveEffectBloodSeekCfg:1682  Load 6 Skill cfg.
09-10-20:34:23.7426 18860 CentralServer::CCSCfgMgr::LoadPassitiveEffectReboundCfg:1729  Load 4 Skill cfg.
09-10-20:34:23.7446 18860 CentralServer::CCSCfgMgr::LoadPassitiveEffectReliveCfg:1777 Load 1 Skill cfg.
09-10-20:34:23.7866 18860 CentralServer::CCSCfgMgr::LoadNPCCfg:224 Load 52 NPC cfg.
09-10-20:34:23.8156 18860 CentralServer::CCSCfgMgr::LoadHeroCfg:353  Load 22 hero cfg.
09-10-20:34:23.9156 18860 CentralServer::CCSCfgMgr::LoadGoodsCfg:628 Load 103 goods cfg.
09-10-20:34:23.9176 18860 CentralServer::CCSCfgMgr::LoadShopCfg:710 Load 3 shop cfg.
09-10-20:34:23.9216 18860 CentralServer::CCSCfgMgr::LoadMapCfg:419  load 4 map.
09-10-20:34:23.9276 18860 CentralServer::CCSCfgMgr::LoadHeroChooseCfg:1998 Load 22 herochoose cfg.
09-10-20:34:24.0396 18860 CentralServer::CCSCfgMgr::LoadRobotAICfg:2058 Load 609 RobotAI cfg.
09-10-20:34:24.0806 18860 CentralServer::CCSCfgMgr::LoadRobotAIPathCfg:2107 Load 197 RobotAI cfg.
09-10-20:34:24.0986 18860 CentralServer::CCSCfgMgr::LoadRunesCfg:101 Load 75 runes cfg.
09-10-20:34:24.1156 18860 CentralServer::CCSCfgMgr::LoadRunesSlotCfg:345 Load 19 runesslot cfg.
09-10-20:34:24.1616 18860 CentralServer::CCSCfgMgr::LoadHeroBuyCfg:466 Load 63 hero buy cfg.
09-10-20:34:24.1996 18860 CentralServer::CCSCfgMgr::LoadDiscountCfg:527 Load 0 discount cfg.
09-10-20:34:24.2076 18860 CentralServer::CCSCfgMgr::LoadHotAndNewGoodsCfg:777 Load NewCfg:1 and HotCfg:1
09-10-20:34:24.3736 18860 INetSessionMgr::LogText:42 [WRN] CUCODEListener::Start Listen 0:10002, ReuseAddr 1
09-10-20:34:24.3756 18860 INetSessionMgr::LogText:42 [WRN] CUCODEListener::Start Listen 0:10001, ReuseAddr 1
09-10-20:34:24.3776 18860 INetSessionMgr::LogText:42 [WRN] CUCODEListener::Start Listen 0:10010, ReuseAddr 1
09-10-20:40:12.5405 18860 CentralServer::CCSUserMgr::OnUserOnline:157 Add user netinfo(4)
09-10-20:42:29.7444 18860 CentralServer::CCSUserMgr::OnUserOnline:157 Add user netinfo(5)
09-10-20:42:29.7494 18860 CentralServer::CCSUserMgr::RemoveUserFromRedisLRU:340 É¾³ýRedis Cache guid:1001
09-10-20:42:36.7278 18860 CentralServer::CCSUser::AddHero:163 Notify herolist:10001 expitred:-1, idfree:0
09-10-20:57:36.3842 18860 CentralServer::CCSBattle::CaculateResult:322 CurExp:50, GotExp:103, GotGold:3.
09-10-20:59:36.2641 18860 CentralServer::CCSUser::LoadHeroFromRedis:1935 Add redis hero:10001
09-10-20:59:36.2681 18860 CentralServer::CCSUserMgr::OnUserOnline:157 Add user netinfo(6)
09-10-20:59:36.2751 18860 CentralServer::CCSUserMgr::RemoveUserFromRedisLRU:340 É¾³ýRedis Cache guid:1001
09-10-21:06:45.6137 18860 CentralServer::CCSUser::LoadHeroFromRedis:1935 Add redis hero:10001
09-10-21:06:45.6177 18860 CentralServer::CCSUserMgr::OnUserOnline:157 Add user netinfo(7)
09-10-21:06:45.6207 18860 CentralServer::CCSUserMgr::RemoveUserFromRedisLRU:340 É¾³ýRedis Cache guid:1001
09-10-21:12:05.7970 18860 CentralServer::CCSBattle::CaculateResult:322 CurExp:40, GotExp:104, GotGold:9.
09-10-21:13:15.9250 18860 CentralServer::CCSUser::LoadHeroFromRedis:1935 Add redis hero:10001
09-10-21:13:15.9330 18860 CentralServer::CCSUserMgr::OnUserOnline:157 Add user netinfo(8)
09-10-21:13:15.9350 18860 CentralServer::CCSUserMgr::RemoveUserFromRedisLRU:340 É¾³ýRedis Cache guid:1001
09-10-21:15:20.6931 18860 CentralServer::CCSBattle::CaculateResult:322 CurExp:13, GotExp:105, GotGold:6.
09-10-21:20:50.5620 18860 CentralServer::CCSUser::LoadHeroFromRedis:1935 Add redis hero:10001
09-10-21:20:50.5730 18860 CentralServer::CCSUserMgr::OnUserOnline:157 Add user netinfo(9)
09-10-21:20:50.5750 18860 CentralServer::CCSUserMgr::RemoveUserFromRedisLRU:340 É¾³ýRedis Cache guid:1001
09-10-21:22:04.8052 18860 CentralServer::CCSUserMgr::OnUserOnline:157 Add user netinfo(10)
09-10-21:22:45.7916 18860 CentralServer::CCSBattle::CaculateResult:322 CurExp:118, GotExp:105, GotGold:6.
09-10-21:22:53.6920 18860 CentralServer::CCSUser::LoadHeroFromRedis:1935 Add redis hero:10001
09-10-21:22:53.6950 18860 CentralServer::CCSUserMgr::OnUserOnline:157 Add user netinfo(11)
09-10-21:22:53.6980 18860 CentralServer::CCSUserMgr::RemoveUserFromRedisLRU:340 É¾³ýRedis Cache guid:1001
09-10-21:25:43.9488 18860 CentralServer::CCSBattle::CaculateResult:322 CurExp:72, GotExp:106, GotGold:9.
09-10-21:52:52.0489 18860 INetSessionMgr::LogText:42 [CRT] OnConnectErr:Address:127.0.0.1:6380
09-10-21:52:52.0529 18860 INetSessionMgr::LogText:42 [CRT] OnConnectErr:Address:127.0.0.1:6379
