10-15-21:11:52.4670 24672 CentralServer::CCSCfgMgr::LoadNewSkillCfg:815 Load 268 Skill cfg.
10-15-21:11:52.5740 24672 CentralServer::CCSCfgMgr::LoadSkillModelAccountCfg:905 Load 322 Skill cfg.
10-15-21:11:52.6310 24672 CentralServer::CCSCfgMgr::LoadSkillModelEmitCfg:1023 Load 96 Skill cfg.
10-15-21:11:52.6770 24672 CentralServer::CCSCfgMgr::LoadSkillModelRangeCfg:1098 Load 123 Skill cfg.
10-15-21:11:52.6820 24672 CentralServer::CCSCfgMgr::LoadSkillModelLeadingCfg:959  Load 17 Skill cfg.
10-15-21:11:52.8120 24672 CentralServer::CCSCfgMgr::LoadSkillModelBufCfg:1183  Load 302 Skill cfg.
10-15-21:11:52.8170 24672 CentralServer::CCSCfgMgr::LoadSkillModelSummonCfg:1288  Load 5 Skill cfg.
10-15-21:11:52.8470 24672 CentralServer::CCSCfgMgr::LoadSkillModelMoveCfg:1355  Load 26 Skill cfg.
10-15-21:11:52.8490 24672 CentralServer::CCSCfgMgr::LoadSkillModelSwitchCfg:1414  Load 26 Skill cfg.
10-15-21:11:52.8550 24672 CentralServer::CCSCfgMgr::LoadSkillModelPurifactionCfg:1477  Load 1 Skill cfg.
10-15-21:11:52.8570 24672 CentralServer::CCSCfgMgr::LoadSkillModelLinkCfg:1542  Load 1 Skill cfg.
10-15-21:11:52.9221 24672 CentralServer::CCSCfgMgr::LoadPassitiveSkillCfg:1635  Load 126 Skill cfg.
10-15-21:11:52.9271 24672 CentralServer::CCSCfgMgr::LoadPassitiveEffectBloodSeekCfg:1682  Load 6 Skill cfg.
10-15-21:11:52.9571 24672 CentralServer::CCSCfgMgr::LoadPassitiveEffectReboundCfg:1729  Load 4 Skill cfg.
10-15-21:11:52.9761 24672 CentralServer::CCSCfgMgr::LoadPassitiveEffectReliveCfg:1777 Load 1 Skill cfg.
10-15-21:11:52.9841 24672 CentralServer::CCSCfgMgr::LoadNPCCfg:224 Load 52 NPC cfg.
10-15-21:11:53.0061 24672 CentralServer::CCSCfgMgr::LoadHeroCfg:353  Load 22 hero cfg.
10-15-21:11:53.0751 24672 CentralServer::CCSCfgMgr::LoadGoodsCfg:628 Load 103 goods cfg.
10-15-21:11:53.0801 24672 CentralServer::CCSCfgMgr::LoadShopCfg:710 Load 3 shop cfg.
10-15-21:11:53.0831 24672 CentralServer::CCSCfgMgr::LoadMapCfg:419  load 4 map.
10-15-21:11:53.0841 24672 CentralServer::CCSCfgMgr::LoadHeroChooseCfg:1998 Load 22 herochoose cfg.
10-15-21:11:53.1581 24672 CentralServer::CCSCfgMgr::LoadRobotAICfg:2058 Load 609 RobotAI cfg.
10-15-21:11:53.1931 24672 CentralServer::CCSCfgMgr::LoadRobotAIPathCfg:2107 Load 197 RobotAI cfg.
10-15-21:11:53.2151 24672 CentralServer::CCSCfgMgr::LoadRunesCfg:101 Load 75 runes cfg.
10-15-21:11:53.2181 24672 CentralServer::CCSCfgMgr::LoadRunesSlotCfg:345 Load 19 runesslot cfg.
10-15-21:11:53.2271 24672 CentralServer::CCSCfgMgr::LoadHeroBuyCfg:466 Load 63 hero buy cfg.
10-15-21:11:53.2301 24672 CentralServer::CCSCfgMgr::LoadDiscountCfg:527 Load 0 discount cfg.
10-15-21:11:53.2371 24672 CentralServer::CCSCfgMgr::LoadHotAndNewGoodsCfg:777 Load NewCfg:1 and HotCfg:1
10-15-21:11:53.2961 24672 INetSessionMgr::LogText:42 [WRN] CUCODEListener::Start Listen 0:10002, ReuseAddr 1
10-15-21:11:53.3001 24672 INetSessionMgr::LogText:42 [WRN] CUCODEListener::Start Listen 0:10001, ReuseAddr 1
10-15-21:11:53.3051 24672 INetSessionMgr::LogText:42 [WRN] CUCODEListener::Start Listen 0:10010, ReuseAddr 1
10-15-21:12:27.6410 24672 CentralServer::CCSUserMgr::OnUserOnline:157 Add user netinfo(4)
10-15-22:06:57.6591 24672 INetSessionMgr::LogText:42 [CRT] OnConnectErr:Address:127.0.0.1:1234
-14:33:38.9444 18636 CentralServer::CCSUserMgr::RemoveUserFromRedisLRU:340 É¾³ýRedis Cache guid:1001
10-15-21:11:39.6683 18636 INetSessionMgr::LogText:42 [CRT] OnConnectErr:Address:127.0.0.1:6380
10-15-21:11:39.6743 18636 INetSessionMgr::LogText:42 [CRT] OnConnectErr:Address:127.0.0.1:6379
