12-15-09:37:40.2282 27804 CentralServer::CCSCfgMgr::LoadNewSkillCfg:815 Load 268 Skill cfg.
12-15-09:37:40.3314 27804 CentralServer::CCSCfgMgr::LoadSkillModelAccountCfg:905 Load 322 Skill cfg.
12-15-09:37:40.3894 27804 CentralServer::CCSCfgMgr::LoadSkillModelEmitCfg:1023 Load 96 Skill cfg.
12-15-09:37:40.4484 27804 CentralServer::CCSCfgMgr::LoadSkillModelRangeCfg:1098 Load 123 Skill cfg.
12-15-09:37:40.4722 27804 CentralServer::CCSCfgMgr::LoadSkillModelLeadingCfg:959  Load 17 Skill cfg.
12-15-09:37:40.5923 27804 CentralServer::CCSCfgMgr::LoadSkillModelBufCfg:1183  Load 302 Skill cfg.
12-15-09:37:40.6131 27804 CentralServer::CCSCfgMgr::LoadSkillModelSummonCfg:1288  Load 5 Skill cfg.
12-15-09:37:40.6314 27804 CentralServer::CCSCfgMgr::LoadSkillModelMoveCfg:1355  Load 26 Skill cfg.
12-15-09:37:40.6379 27804 CentralServer::CCSCfgMgr::LoadSkillModelSwitchCfg:1414  Load 26 Skill cfg.
12-15-09:37:40.6503 27804 CentralServer::CCSCfgMgr::LoadSkillModelPurifactionCfg:1477  Load 1 Skill cfg.
12-15-09:37:40.6647 27804 CentralServer::CCSCfgMgr::LoadSkillModelLinkCfg:1542  Load 1 Skill cfg.
12-15-09:37:40.7113 27804 CentralServer::CCSCfgMgr::LoadPassitiveSkillCfg:1635  Load 126 Skill cfg.
12-15-09:37:40.7346 27804 CentralServer::CCSCfgMgr::LoadPassitiveEffectBloodSeekCfg:1682  Load 6 Skill cfg.
12-15-09:37:40.7440 27804 CentralServer::CCSCfgMgr::LoadPassitiveEffectReboundCfg:1729  Load 4 Skill cfg.
12-15-09:37:40.7505 27804 CentralServer::CCSCfgMgr::LoadPassitiveEffectReliveCfg:1777 Load 1 Skill cfg.
12-15-09:37:40.7991 27804 CentralServer::CCSCfgMgr::LoadNPCCfg:224 Load 52 NPC cfg.
12-15-09:37:40.8308 27804 CentralServer::CCSCfgMgr::LoadHeroCfg:353  Load 22 hero cfg.
12-15-09:37:40.8933 27804 CentralServer::CCSCfgMgr::LoadGoodsCfg:628 Load 103 goods cfg.
12-15-09:37:40.9037 27804 CentralServer::CCSCfgMgr::LoadShopCfg:710 Load 3 shop cfg.
12-15-09:37:40.9295 27804 CentralServer::CCSCfgMgr::LoadMapCfg:419  load 4 map.
12-15-09:37:40.9598 27804 CentralServer::CCSCfgMgr::LoadHeroChooseCfg:1998 Load 22 herochoose cfg.
12-15-09:37:41.0119 27804 CentralServer::CCSCfgMgr::LoadRobotAICfg:2058 Load 609 RobotAI cfg.
12-15-09:37:41.0406 27804 CentralServer::CCSCfgMgr::LoadRobotAIPathCfg:2107 Load 197 RobotAI cfg.
12-15-09:37:41.0907 27804 CentralServer::CCSCfgMgr::LoadRunesCfg:101 Load 75 runes cfg.
12-15-09:37:41.1031 27804 CentralServer::CCSCfgMgr::LoadRunesSlotCfg:345 Load 19 runesslot cfg.
12-15-09:37:41.1359 27804 CentralServer::CCSCfgMgr::LoadHeroBuyCfg:466 Load 63 hero buy cfg.
12-15-09:37:41.1413 27804 CentralServer::CCSCfgMgr::LoadDiscountCfg:527 Load 0 discount cfg.
12-15-09:37:41.1785 27804 CentralServer::CCSCfgMgr::LoadHotAndNewGoodsCfg:777 Load NewCfg:1 and HotCfg:1
12-15-09:37:41.2703 27804 INetSessionMgr::LogText:42 [WRN] CUCODEListener::Start Listen 0:10002, ReuseAddr 1
12-15-09:37:41.2743 27804 INetSessionMgr::LogText:42 [WRN] CUCODEListener::Start Listen 0:10001, ReuseAddr 1
12-15-09:37:41.2782 27804 INetSessionMgr::LogText:42 [WRN] CUCODEListener::Start Listen 0:10010, ReuseAddr 1
12-15-09:38:21.5495 27804 CentralServer::CCSUserMgr::OnUserOnline:157 Add user netinfo(4)
12-15-09:44:10.8123 27804 CentralServer::CCSUserMgr::OnUserOnline:157 Add user netinfo(5)
12-15-09:44:10.8182 27804 CentralServer::CCSUserMgr::RemoveUserFromRedisLRU:340 É¾³ýRedis Cache guid:1001
12-15-09:44:16.6651 27804 CentralServer::CCSUser::AddHero:163 Notify herolist:10001 expitred:-1, idfree:0
12-15-09:44:53.0176 27804 CentralServer::CCSUser::PostMsgToGC_NotifyUserGameInfo:95 0, 0.
12-15-09:45:11.9961 27804 CentralServer::CCSUser::PostMsgToGC_NotifyUserGameInfo:95 0, 0.
12-16-19:32:25.4265 27804 INetSessionMgr::LogText:42 [CRT] OnConnectErr:Address:127.0.0.1:6380
12-16-19:32:26.2593 27804 INetSessionMgr::LogText:42 [CRT] OnConnectErr:Address:127.0.0.1:6379
