09-24-20:26:12.2199 12884 CentralServer::CCSCfgMgr::LoadNewSkillCfg:815 Load 268 Skill cfg.
09-24-20:26:12.3329 12884 CentralServer::CCSCfgMgr::LoadSkillModelAccountCfg:905 Load 322 Skill cfg.
09-24-20:26:12.3769 12884 CentralServer::CCSCfgMgr::LoadSkillModelEmitCfg:1023 Load 96 Skill cfg.
09-24-20:26:12.4249 12884 CentralServer::CCSCfgMgr::LoadSkillModelRangeCfg:1098 Load 123 Skill cfg.
09-24-20:26:12.4309 12884 CentralServer::CCSCfgMgr::LoadSkillModelLeadingCfg:959  Load 17 Skill cfg.
09-24-20:26:12.6189 12884 CentralServer::CCSCfgMgr::LoadSkillModelBufCfg:1183  Load 302 Skill cfg.
09-24-20:26:12.6609 12884 CentralServer::CCSCfgMgr::LoadSkillModelSummonCfg:1288  Load 5 Skill cfg.
09-24-20:26:12.6859 12884 CentralServer::CCSCfgMgr::LoadSkillModelMoveCfg:1355  Load 26 Skill cfg.
09-24-20:26:12.6879 12884 CentralServer::CCSCfgMgr::LoadSkillModelSwitchCfg:1414  Load 26 Skill cfg.
09-24-20:26:12.6899 12884 CentralServer::CCSCfgMgr::LoadSkillModelPurifactionCfg:1477  Load 1 Skill cfg.
09-24-20:26:12.6919 12884 CentralServer::CCSCfgMgr::LoadSkillModelLinkCfg:1542  Load 1 Skill cfg.
09-24-20:26:12.7379 12884 CentralServer::CCSCfgMgr::LoadPassitiveSkillCfg:1635  Load 126 Skill cfg.
09-24-20:26:12.7409 12884 CentralServer::CCSCfgMgr::LoadPassitiveEffectBloodSeekCfg:1682  Load 6 Skill cfg.
09-24-20:26:12.7429 12884 CentralServer::CCSCfgMgr::LoadPassitiveEffectReboundCfg:1729  Load 4 Skill cfg.
09-24-20:26:12.7449 12884 CentralServer::CCSCfgMgr::LoadPassitiveEffectReliveCfg:1777 Load 1 Skill cfg.
09-24-20:26:12.7799 12884 CentralServer::CCSCfgMgr::LoadNPCCfg:224 Load 52 NPC cfg.
09-24-20:26:12.8099 12884 CentralServer::CCSCfgMgr::LoadHeroCfg:353  Load 22 hero cfg.
09-24-20:26:12.8679 12884 CentralServer::CCSCfgMgr::LoadGoodsCfg:628 Load 103 goods cfg.
09-24-20:26:12.8699 12884 CentralServer::CCSCfgMgr::LoadShopCfg:710 Load 3 shop cfg.
09-24-20:26:12.8719 12884 CentralServer::CCSCfgMgr::LoadMapCfg:419  load 4 map.
09-24-20:26:12.8739 12884 CentralServer::CCSCfgMgr::LoadHeroChooseCfg:1998 Load 22 herochoose cfg.
09-24-20:26:12.9149 12884 CentralServer::CCSCfgMgr::LoadRobotAICfg:2058 Load 609 RobotAI cfg.
09-24-20:26:12.9379 12884 CentralServer::CCSCfgMgr::LoadRobotAIPathCfg:2107 Load 197 RobotAI cfg.
09-24-20:26:12.9699 12884 CentralServer::CCSCfgMgr::LoadRunesCfg:101 Load 75 runes cfg.
09-24-20:26:12.9849 12884 CentralServer::CCSCfgMgr::LoadRunesSlotCfg:345 Load 19 runesslot cfg.
09-24-20:26:13.0089 12884 CentralServer::CCSCfgMgr::LoadHeroBuyCfg:466 Load 63 hero buy cfg.
09-24-20:26:13.0119 12884 CentralServer::CCSCfgMgr::LoadDiscountCfg:527 Load 0 discount cfg.
09-24-20:26:13.0139 12884 CentralServer::CCSCfgMgr::LoadHotAndNewGoodsCfg:777 Load NewCfg:1 and HotCfg:1
09-24-20:26:13.2279 12884 INetSessionMgr::LogText:42 [WRN] CUCODEListener::Start Listen 0:10002, ReuseAddr 1
09-24-20:26:13.2309 12884 INetSessionMgr::LogText:42 [WRN] CUCODEListener::Start Listen 0:10001, ReuseAddr 1
09-24-20:26:13.2329 12884 INetSessionMgr::LogText:42 [WRN] CUCODEListener::Start Listen 0:10010, ReuseAddr 1
09-24-21:01:15.2982 12884 CentralServer::CCSUserMgr::OnUserOnline:157 Add user netinfo(4)
09-24-21:02:15.7086 12884 CentralServer::CCSUserMgr::OnUserOnline:157 Add user netinfo(5)
09-24-21:02:15.7116 12884 CentralServer::CCSUserMgr::RemoveUserFromRedisLRU:340 É¾³ýRedis Cache guid:1001
09-24-21:02:20.9629 12884 CentralServer::CCSUser::AddHero:163 Notify herolist:10001 expitred:-1, idfree:0
09-24-21:03:48.5919 12884 CentralServer::CCSBattle::CaculateResult:322 CurExp:50, GotExp:103, GotGold:6.
09-24-21:05:27.5736 12884 CentralServer::CCSUser::LoadHeroFromRedis:1935 Add redis hero:10001
09-24-21:05:27.5766 12884 CentralServer::CCSUserMgr::OnUserOnline:157 Add user netinfo(6)
09-24-21:05:27.5786 12884 CentralServer::CCSUserMgr::RemoveUserFromRedisLRU:340 É¾³ýRedis Cache guid:1001
09-24-21:08:42.0307 12884 CentralServer::CCSBattle::CaculateResult:322 CurExp:40, GotExp:104, GotGold:9.
09-24-21:09:41.7891 12884 CentralServer::CCSUser::LoadHeroFromRedis:1935 Add redis hero:10001
09-24-21:09:41.8201 12884 CentralServer::CCSUserMgr::OnUserOnline:157 Add user netinfo(7)
09-24-21:09:41.8231 12884 CentralServer::CCSUserMgr::RemoveUserFromRedisLRU:340 É¾³ýRedis Cache guid:1001
09-24-21:12:25.9855 12884 CentralServer::CCSBattle::CaculateResult:322 CurExp:13, GotExp:105, GotGold:9.
09-24-21:14:29.6096 12884 CentralServer::CCSUser::LoadHeroFromRedis:1935 Add redis hero:10001
09-24-21:14:29.6116 12884 CentralServer::CCSUserMgr::OnUserOnline:157 Add user netinfo(8)
09-24-21:14:29.6136 12884 CentralServer::CCSUserMgr::RemoveUserFromRedisLRU:340 É¾³ýRedis Cache guid:1001
09-24-21:17:42.1456 12884 CentralServer::CCSBattle::CaculateResult:322 CurExp:118, GotExp:105, GotGold:9.
09-24-22:02:32.8465 12884 INetSessionMgr::LogText:42 [CRT] OnConnectErr:Address:127.0.0.1:6379
09-24-22:02:32.8505 12884 INetSessionMgr::LogText:42 [CRT] OnConnectErr:Address:127.0.0.1:6380
