04-24-10:31:25.5647 7568 CentralServer::CCSCfgMgr::LoadGoodsCfg:574 sValVec.size() != sAtrrVec.size()
04-24-10:31:25.5687 7568 CentralServer::CCSCfgMgr::LoadGoodsCfg:574 sValVec.size() != sAtrrVec.size()
04-24-10:31:25.5707 7568 CentralServer::CCSCfgMgr::LoadGoodsCfg:574 sValVec.size() != sAtrrVec.size()
04-24-10:31:26.2827 7568 DBActiveWrapper::DBActiveWrapper:14 #####  i can not connect db,ret:-1,dbip:127.0.0.1,dbName:FBAll_GameDB_1###########
04-24-10:31:26.3017 7568 DBActiveWrapper::DBActiveWrapper:14 #####  i can not connect db,ret:-1,dbip:127.0.0.1,dbName:FBAll_AccountDB###########
04-24-10:31:26.3117 7568 DBActiveWrapper::DBActiveWrapper:14 #####  i can not connect db,ret:-1,dbip:127.0.0.1,dbName:FBAll_GameDB_1###########
04-24-10:31:26.3157 7568 DBActiveWrapper::DBActiveWrapper:14 #####  i can not connect db,ret:-1,dbip:127.0.0.1,dbName:FBAll_GameDB_1###########
04-24-10:31:26.3417 7240 CentralServer::CCSUserMgr::DBAsyn_QueryWhenThreadBegin:60 --errorCode:2006,errorStr:MySQL server has gone away
04-24-14:33:13.8045 864 CentralServer::CCSUserMgr::DBAsyn_ExeSQL:474 MySQL server has gone away
04-24-14:33:19.3528 864 CentralServer::CCSUserMgr::DBAsynChangeNickNameCallBack:462 
04-24-16:38:19.8868 864 CentralServer::CCSUserMgr::DBAsyn_ExeSQL:474 MySQL server has gone away
04-24-16:38:23.3820 864 CentralServer::CCSUserMgr::DBAsynChangeNickNameCallBack:462 
04-24-16:43:01.7959 864 CentralServer::CCSUserMgr::DBAsyn_ExeSQL:474 MySQL server has gone away
04-24-16:43:05.1091 864 CentralServer::CCSUserMgr::DBAsynChangeNickNameCallBack:462 
04-24-16:45:33.3516 864 CentralServer::CCSUserMgr::DBAsyn_ExeSQL:474 MySQL server has gone away
04-24-16:45:37.7409 864 CentralServer::CCSUserMgr::DBAsynChangeNickNameCallBack:462 
04-24-20:02:53.6508 864 CentralServer::CCSUserMgr::DBAsyn_ExeSQL:474 MySQL server has gone away
04-24-20:02:58.5961 864 CentralServer::CCSUserMgr::DBAsynChangeNickNameCallBack:462 
04-24-20:47:19.1953 864 CentralServer::CCSUserMgr::DBAsyn_ExeSQL:474 MySQL server has gone away
04-24-20:47:30.1559 864 CentralServer::CCSUserMgr::DBAsynChangeNickNameCallBack:462 
04-24-20:48:41.7360 864 CentralServer::CCSUserMgr::DBAsyn_ExeSQL:474 MySQL server has gone away
04-24-20:48:48.9654 864 CentralServer::CCSUserMgr::DBAsynChangeNickNameCallBack:462 
04-24-21:13:02.5336 864 CentralServer::CCSUserMgr::DBAsyn_ExeSQL:474 MySQL server has gone away
04-24-21:13:08.3379 864 CentralServer::CCSUserMgr::DBAsynChangeNickNameCallBack:462 
04-24-22:03:38.5272 864 CentralServer::CCSUserMgr::DBAsyn_ExeSQL:474 MySQL server has gone away
04-24-22:03:43.1555 864 CentralServer::CCSUserMgr::DBAsynChangeNickNameCallBack:462 
04-24-22:17:07.3465 864 CentralServer::CCSUserMgr::DBAsyn_ExeSQL:474 MySQL server has gone away
04-24-22:17:11.0337 864 CentralServer::CCSUserMgr::DBAsynChangeNickNameCallBack:462 
04-24-22:19:56.1621 864 CentralServer::CCSUserMgr::DBAsyn_ExeSQL:474 MySQL server has gone away
04-24-22:24:02.8122 864 CentralServer::CCSUserMgr::DBAsynChangeNickNameCallBack:462 
04-24-22:26:17.2609 864 CentralServer::CCSUserMgr::DBAsyn_ExeSQL:474 MySQL server has gone away
04-24-22:26:24.5663 864 CentralServer::CCSUserMgr::DBAsynChangeNickNameCallBack:462 
04-24-22:27:45.3080 864 CentralServer::CCSUserMgr::DBAsyn_ExeSQL:474 MySQL server has gone away
04-24-22:28:07.1392 864 CentralServer::CCSUserMgr::DBAsynChangeNickNameCallBack:462 
