09-06-21:35:57.1850 8336 CentralServer::CCSCfgMgr::LoadNewSkillCfg:815 Load 268 Skill cfg.
09-06-21:35:57.2710 8336 CentralServer::CCSCfgMgr::LoadSkillModelAccountCfg:905 Load 322 Skill cfg.
09-06-21:35:57.3020 8336 CentralServer::CCSCfgMgr::LoadSkillModelEmitCfg:1023 Load 96 Skill cfg.
09-06-21:35:57.3430 8336 CentralServer::CCSCfgMgr::LoadSkillModelRangeCfg:1098 Load 123 Skill cfg.
09-06-21:35:57.3510 8336 CentralServer::CCSCfgMgr::LoadSkillModelLeadingCfg:959  Load 17 Skill cfg.
09-06-21:35:57.4580 8336 CentralServer::CCSCfgMgr::LoadSkillModelBufCfg:1183  Load 302 Skill cfg.
09-06-21:35:57.4630 8336 CentralServer::CCSCfgMgr::LoadSkillModelSummonCfg:1288  Load 5 Skill cfg.
09-06-21:35:57.4700 8336 CentralServer::CCSCfgMgr::LoadSkillModelMoveCfg:1355  Load 26 Skill cfg.
09-06-21:35:57.4720 8336 CentralServer::CCSCfgMgr::LoadSkillModelSwitchCfg:1414  Load 26 Skill cfg.
09-06-21:35:57.4740 8336 CentralServer::CCSCfgMgr::LoadSkillModelPurifactionCfg:1477  Load 1 Skill cfg.
09-06-21:35:57.4750 8336 CentralServer::CCSCfgMgr::LoadSkillModelLinkCfg:1542  Load 1 Skill cfg.
09-06-21:35:57.5130 8336 CentralServer::CCSCfgMgr::LoadPassitiveSkillCfg:1635  Load 126 Skill cfg.
09-06-21:35:57.5160 8336 CentralServer::CCSCfgMgr::LoadPassitiveEffectBloodSeekCfg:1682  Load 6 Skill cfg.
09-06-21:35:57.5180 8336 CentralServer::CCSCfgMgr::LoadPassitiveEffectReboundCfg:1729  Load 4 Skill cfg.
09-06-21:35:57.5200 8336 CentralServer::CCSCfgMgr::LoadPassitiveEffectReliveCfg:1777 Load 1 Skill cfg.
09-06-21:35:57.5460 8336 CentralServer::CCSCfgMgr::LoadNPCCfg:224 Load 52 NPC cfg.
09-06-21:35:57.8131 8336 CentralServer::CCSCfgMgr::LoadHeroCfg:353  Load 22 hero cfg.
09-06-21:35:57.8221 8336 CentralServer::CCSCfgMgr::LoadGoodsCfg:628 Load 103 goods cfg.
09-06-21:35:57.8241 8336 CentralServer::CCSCfgMgr::LoadShopCfg:710 Load 3 shop cfg.
09-06-21:35:57.8261 8336 CentralServer::CCSCfgMgr::LoadMapCfg:419  load 4 map.
09-06-21:35:57.8281 8336 CentralServer::CCSCfgMgr::LoadHeroChooseCfg:1998 Load 22 herochoose cfg.
09-06-21:35:57.8321 8336 CentralServer::CCSCfgMgr::LoadRobotAICfg:2058 Load 609 RobotAI cfg.
09-06-21:35:57.8341 8336 CentralServer::CCSCfgMgr::LoadRobotAIPathCfg:2107 Load 197 RobotAI cfg.
09-06-21:35:57.8361 8336 CentralServer::CCSCfgMgr::LoadRunesCfg:101 Load 75 runes cfg.
09-06-21:35:57.8381 8336 CentralServer::CCSCfgMgr::LoadRunesSlotCfg:345 Load 19 runesslot cfg.
09-06-21:35:57.8401 8336 CentralServer::CCSCfgMgr::LoadHeroBuyCfg:466 Load 63 hero buy cfg.
09-06-21:35:57.8411 8336 CentralServer::CCSCfgMgr::LoadDiscountCfg:527 Load 0 discount cfg.
09-06-21:35:57.8431 8336 CentralServer::CCSCfgMgr::LoadHotAndNewGoodsCfg:777 Load NewCfg:1 and HotCfg:1
09-06-21:35:57.8591 8336 INetSessionMgr::LogText:42 [WRN] CUCODEListener::Start Listen 0:10002, ReuseAddr 1
09-06-21:35:57.8611 8336 INetSessionMgr::LogText:42 [WRN] CUCODEListener::Start Listen 0:10001, ReuseAddr 1
09-06-21:35:57.8641 8336 INetSessionMgr::LogText:42 [WRN] CUCODEListener::Start Listen 0:10010, ReuseAddr 1
09-06-21:38:00.8631 8336 CentralServer::CCSUserMgr::OnUserOnline:157 Add user netinfo(4)
09-06-21:39:01.8556 8336 CentralServer::CCSUserMgr::OnUserOnline:157 Add user netinfo(5)
09-06-21:39:01.8586 8336 CentralServer::CCSUserMgr::RemoveUserFromRedisLRU:340 É¾³ýRedis Cache guid:1001
09-06-21:39:06.4298 8336 CentralServer::CCSUser::AddHero:163 Notify herolist:10001 expitred:-1, idfree:0
09-06-21:41:53.4364 8336 CentralServer::CCSBattle::CaculateResult:322 CurExp:50, GotExp:103, GotGold:9.
09-06-21:43:19.5283 8336 INetSessionMgr::LogText:42 [CRT] OnConnectErr:Address:127.0.0.1:1234
