05-29-17:00:23.2960 20068 CentralServer::CCSUserMgr::OnMgrFromGC_AskLogin:102 --new login msg!zxc--
05-29-17:00:28.0292 20068 CentralServer::CCSUserMgr::ChangeUserNickName:115 user szUserName:zxc, nickName:戒激涔
05-29-17:00:33.1165 20068 CentralServer::CCSBattle::CCSBattle:33 create battle(1)
05-29-17:00:33.1415 20068 CentralServer::CCSBattle::CCSBattle:43 battle(1) add user(1001)
05-29-17:00:44.6152 20068 CentralServer::CCSBattle::OnFinish:236 destory battle(1)
05-29-17:00:44.6192 20068 CentralServer::CCSBattle::OnFinish:242 battle(1) remove user(1001)
05-29-17:00:44.6222 20068 CentralServer::CCSUserBattleInfo::Clear:64 user(zxc) clear by reason(2)
05-29-17:00:44.6292 20068 CentralServer::CCSUserMgr::CheckIfCanRemoveUser:663 删除玩家!
05-29-17:00:53.5497 20068 CentralServer::CCSUserMgr::OnMgrFromGC_AskLogin:102 --new login msg!zxc--
05-29-17:00:58.1650 20068 CentralServer::CCSUser::AskBuyGoods:505 购买花费金币2500，剩余:40
05-29-17:01:05.8944 20068 CCSBattleRoom::AddPlayer:65 玩家zxc创建房间(1)
05-29-17:01:10.8317 20068 CCSBattleRoom::RemoverPlayer:138 玩家zxc离开房间(1)
05-29-17:01:10.8487 20068 CentralServer::CCSBattleMgr::OnBattleRoomAbort:273 房间(1)无房主而中止
05-29-17:01:10.8647 20068 CentralServer::CCSUserBattleInfo::Clear:64 user(zxc) clear by reason(5)
05-29-17:01:29.5478 20068 CentralServer::CCSUserBattleInfo::Clear:64 user(zxc) clear by reason(22)
05-29-17:01:29.5628 20068 CentralServer::CCSUserBattleInfo::Clear:64 user(zxc) clear by reason(33)
05-29-17:01:34.3250 20068 CCSMatchRoom_Nomal::CCSMatchRoom_Nomal:86 房间号1：开始时间Sun May 29 17:01:34 2016

05-29-17:01:34.3660 20068 CCSMatchRoom_Nomal::CCSMatchRoom_Nomal:87 房间号1：至少2人时间Sun May 29 17:01:35 2016

05-29-17:01:34.3870 20068 CCSMatchRoom_Nomal::CCSMatchRoom_Nomal:88 房间号1：至少3人时间Sun May 29 17:01:36 2016

05-29-17:01:34.4120 20068 CCSMatchRoom_Nomal::CCSMatchRoom_Nomal:89 房间号1：至少4人时间Sun May 29 17:01:37 2016

05-29-17:01:34.4300 20068 CCSMatchRoom_Nomal::CCSMatchRoom_Nomal:90 房间号1：至少5人时间Sun May 29 17:01:41 2016

05-29-17:01:34.4460 20068 CCSMatchRoom_Nomal::CCSMatchRoom_Nomal:91 房间号1：结束时间Sun May 29 17:01:44 2016

05-29-17:01:36.0601 20068 CCSMatchRoom_Nomal::Update:165 房间号1：跳转时间Sun May 29 17:01:36 2016

05-29-17:01:37.0602 20068 CCSMatchRoom_Nomal::Update:165 房间号1：跳转时间Sun May 29 17:01:37 2016

05-29-17:01:38.0622 20068 CCSMatchRoom_Nomal::Update:165 房间号1：跳转时间Sun May 29 17:01:38 2016

05-29-17:01:42.0625 20068 CCSMatchRoom_Nomal::Update:165 房间号1：跳转时间Sun May 29 17:01:42 2016

05-29-17:01:45.0646 20068 CCSMatchRoom_Nomal::Update:165 房间号1：跳转时间Sun May 29 17:01:45 2016

05-29-17:01:45.1647 20068 CentralServer::CCSBattle::CCSBattle:33 create battle(2)
05-29-17:01:45.1907 20068 CentralServer::CCSBattle::CCSBattle:43 battle(2) add user(1001)
05-29-17:07:26.0291 20068 CentralServer::CCSBattle::CaculateExp:363 ExpAddition:0.
05-29-17:07:26.0361 20068 CentralServer::CCSBattle::CaculateGold:400 GoldAddition:0.
05-29-17:07:26.0471 20068 CentralServer::CCSBattle::OnFinish:236 destory battle(2)
05-29-17:07:26.0521 20068 CentralServer::CCSBattle::OnFinish:242 battle(2) remove user(1001)
05-29-17:07:26.0562 20068 CentralServer::CCSUserBattleInfo::Clear:64 user(zxc) clear by reason(2)
05-29-17:07:26.0632 20068 CentralServer::CCSUserMgr::CheckIfCanRemoveUser:663 删除玩家!
05-29-21:07:45.4529 20068 CentralServer::CCSUserMgr::OnMgrFromGC_AskLogin:102 --new login msg!zxc--
05-29-21:07:51.9523 20068 CentralServer::CCSUser::AskBuyGoods:505 购买花费金币40，剩余:18
05-29-21:08:00.6138 20068 CentralServer::CCSBattle::CCSBattle:33 create battle(3)
05-29-21:08:00.6568 20068 CentralServer::CCSBattle::CCSBattle:43 battle(3) add user(1001)
05-29-21:55:00.4990 20068 CentralServer::CCSBattle::OnFinish:236 destory battle(3)
05-29-21:55:00.5020 20068 CentralServer::CCSBattle::OnFinish:242 battle(3) remove user(1001)
05-29-21:55:00.5050 20068 CentralServer::CCSUserBattleInfo::Clear:64 user(zxc) clear by reason(2)
05-29-21:55:00.5080 20068 CentralServer::CCSUserMgr::CheckIfCanRemoveUser:663 删除玩家!
