05-15-09:47:29.2145 16444 CentralServer::CCSUserMgr::CDKThreadBeginCallback:101 --errorCode:2006,errorStr:MySQL server has gone away
05-15-09:53:37.8336 13184 CentralServer::CCSUserMgr::DBAsynUpdateUserCallback:52 error:begin;1001, crrorcode:2006, msg:MySQL server has gone away!
05-15-09:53:42.9399 13184 CentralServer::CCSUserMgr::DBAsynUpdateUserCallback:52 error:begin;1001, crrorcode:2006, msg:MySQL server has gone away!
05-15-09:54:13.4677 13184 CentralServer::CCSUserMgr::DBAsynUpdateUserCallback:52 error:begin;1001, crrorcode:2006, msg:MySQL server has gone away!
05-15-09:54:45.2605 13184 CentralServer::CCSUserMgr::DBAsynUpdateUserCallback:52 error:begin;1001, crrorcode:2006, msg:MySQL server has gone away!
05-15-09:57:29.6399 13184 CentralServer::CCSUserMgr::DBAsynUpdateUserCallback:52 error:begin;1001, crrorcode:2006, msg:MySQL server has gone away!
05-15-10:01:23.4802 13184 CentralServer::CCSUserMgr::DBAsynUpdateUserCallback:52 error:begin;1001, crrorcode:2006, msg:MySQL server has gone away!
05-15-10:04:47.3049 13184 CentralServer::CCSUserMgr::DBAsynUpdateUserCallback:52 error:begin;1001, crrorcode:2006, msg:MySQL server has gone away!
05-15-10:06:31.7909 13184 CentralServer::CCSUserMgr::DBAsynUpdateUserCallback:52 error:begin;1001, crrorcode:2006, msg:MySQL server has gone away!
05-15-10:10:34.0627 13184 CentralServer::CCSUserMgr::DBAsynUpdateUserCallback:52 error:begin;1001, crrorcode:2006, msg:MySQL server has gone away!
05-15-10:44:21.8417 13184 CentralServer::CCSUserMgr::DBAsynUpdateUserCallback:52 error:begin;1001, crrorcode:2006, msg:MySQL server has gone away!
05-15-16:30:53.4509 13184 CentralServer::CCSUserMgr::DBAsynUpdateUserCallback:52 error:begin;1001, crrorcode:2006, msg:MySQL server has gone away!
05-15-16:32:27.1263 16768 CentralServer::CCSGuideBattle::CaculateResult:41 there exist taskId:1001, or  has guide end!
05-15-16:33:47.9939 13184 CentralServer::CCSUserMgr::DBAsynUpdateUserCallback:52 error:begin;1001, crrorcode:2006, msg:MySQL server has gone away!
05-15-16:34:04.0328 13184 CentralServer::CCSUserMgr::DBAsynUpdateUserCallback:52 error:begin;1001, crrorcode:2006, msg:MySQL server has gone away!
05-15-16:34:28.6032 13184 CentralServer::CCSUserMgr::DBAsynUpdateUserCallback:52 error:begin;1001, crrorcode:2006, msg:MySQL server has gone away!
05-15-16:34:54.5087 13184 CentralServer::CCSUserMgr::DBAsynUpdateUserCallback:52 error:begin;1001, crrorcode:2006, msg:MySQL server has gone away!
05-15-16:34:54.5117 13184 CentralServer::CCSUserMgr::DBAsynUpdateUserCallback:52 error:begin;1001, crrorcode:2006, msg:MySQL server has gone away!
05-15-16:36:27.9821 13184 CentralServer::CCSUserMgr::DBAsynUpdateUserCallback:52 error:begin;1001, crrorcode:2006, msg:MySQL server has gone away!
05-15-16:36:27.9971 16768 CentralServer::CCSGuideBattle::CaculateResult:41 there exist taskId:1001, or  has guide end!
05-15-16:37:38.3661 13184 CentralServer::CCSUserMgr::DBAsynUpdateUserCallback:52 error:begin;1001, crrorcode:2006, msg:MySQL server has gone away!
05-15-16:37:38.3691 13184 CentralServer::CCSUserMgr::DBAsynUpdateUserCallback:52 error:begin;1001, crrorcode:2006, msg:MySQL server has gone away!
05-15-16:37:39.3231 13184 CentralServer::CCSUserMgr::DBAsynUpdateUserCallback:52 error:begin;1001, crrorcode:2006, msg:MySQL server has gone away!
05-15-16:37:39.3281 13184 CentralServer::CCSUserMgr::DBAsynUpdateUserCallback:52 error:begin;1001, crrorcode:2006, msg:MySQL server has gone away!
05-15-16:37:54.9420 13184 CentralServer::CCSUserMgr::DBAsynUpdateUserCallback:52 error:begin;1001, crrorcode:2006, msg:MySQL server has gone away!
05-15-16:37:54.9450 13184 CentralServer::CCSUserMgr::DBAsynUpdateUserCallback:52 error:begin;1001, crrorcode:2006, msg:MySQL server has gone away!
05-15-16:40:08.7027 13184 CentralServer::CCSUserMgr::DBAsynUpdateUserCallback:52 error:begin;1001, crrorcode:2006, msg:MySQL server has gone away!
05-15-16:45:09.9389 16768 CentralServer::CCSGuideBattle::CaculateResult:41 there exist taskId:1001, or  has guide end!
05-15-21:36:49.4528 13184 CentralServer::CCSUserMgr::DBAsynUpdateUserCallback:52 error:begin;1001, crrorcode:2006, msg:MySQL server has gone away!
05-15-22:14:43.1849 16768 CRedisSession::OnClose:59 与Redis断开连接!
05-15-22:14:43.2259 16768 CLogicRedisSession::OnClose:49 与Redis断开连接!
