06-05-15:56:19.5901 17952 CentralServer::CCSCfgMgr::LoadNewSkillCfg:815 Load 268 Skill cfg.
06-05-15:56:19.7162 17952 CentralServer::CCSCfgMgr::LoadSkillModelAccountCfg:905 Load 322 Skill cfg.
06-05-15:56:19.8772 17952 CentralServer::CCSCfgMgr::LoadSkillModelEmitCfg:1023 Load 96 Skill cfg.
06-05-15:56:20.0152 17952 CentralServer::CCSCfgMgr::LoadSkillModelRangeCfg:1098 Load 123 Skill cfg.
06-05-15:56:20.0422 17952 CentralServer::CCSCfgMgr::LoadSkillModelLeadingCfg:959  Load 17 Skill cfg.
06-05-15:56:20.2232 17952 CentralServer::CCSCfgMgr::LoadSkillModelBufCfg:1183  Load 302 Skill cfg.
06-05-15:56:20.2502 17952 CentralServer::CCSCfgMgr::LoadSkillModelSummonCfg:1288  Load 5 Skill cfg.
06-05-15:56:20.2692 17952 CentralServer::CCSCfgMgr::LoadSkillModelMoveCfg:1355  Load 26 Skill cfg.
06-05-15:56:20.2952 17952 CentralServer::CCSCfgMgr::LoadSkillModelSwitchCfg:1414  Load 26 Skill cfg.
06-05-15:56:20.3002 17952 CentralServer::CCSCfgMgr::LoadSkillModelPurifactionCfg:1477  Load 1 Skill cfg.
06-05-15:56:20.3062 17952 CentralServer::CCSCfgMgr::LoadSkillModelLinkCfg:1542  Load 1 Skill cfg.
06-05-15:56:20.3242 17952 CentralServer::CCSCfgMgr::LoadPassitiveSkillCfg:1635  Load 126 Skill cfg.
06-05-15:56:20.3322 17952 CentralServer::CCSCfgMgr::LoadPassitiveEffectBloodSeekCfg:1682  Load 6 Skill cfg.
06-05-15:56:20.3352 17952 CentralServer::CCSCfgMgr::LoadPassitiveEffectReboundCfg:1729  Load 4 Skill cfg.
06-05-15:56:20.3422 17952 CentralServer::CCSCfgMgr::LoadPassitiveEffectReliveCfg:1777 Load 1 Skill cfg.
06-05-15:56:20.3642 17952 CentralServer::CCSCfgMgr::LoadNPCCfg:224 Load 52 NPC cfg.
06-05-15:56:20.3962 17952 CentralServer::CCSCfgMgr::LoadHeroCfg:353  Load 22 hero cfg.
06-05-15:56:20.4672 17952 CentralServer::CCSCfgMgr::LoadGoodsCfg:628 Load 103 goods cfg.
06-05-15:56:20.5002 17952 CentralServer::CCSCfgMgr::LoadShopCfg:710 Load 3 shop cfg.
06-05-15:56:20.5212 17952 CentralServer::CCSCfgMgr::LoadMapCfg:419  load 4 map.
06-05-15:56:20.5412 17952 CentralServer::CCSCfgMgr::LoadHeroChooseCfg:1998 Load 22 herochoose cfg.
06-05-15:56:20.5642 17952 CentralServer::CCSCfgMgr::LoadRobotAICfg:2058 Load 609 RobotAI cfg.
06-05-15:56:20.5942 17952 CentralServer::CCSCfgMgr::LoadRobotAIPathCfg:2107 Load 197 RobotAI cfg.
06-05-15:56:20.6242 17952 CentralServer::CCSCfgMgr::LoadRunesCfg:101 Load 75 runes cfg.
06-05-15:56:20.6312 17952 CentralServer::CCSCfgMgr::LoadRunesSlotCfg:345 Load 19 runesslot cfg.
06-05-15:56:20.6462 17952 CentralServer::CCSCfgMgr::LoadHeroBuyCfg:466 Load 63 hero buy cfg.
06-05-15:56:20.6502 17952 CentralServer::CCSCfgMgr::LoadDiscountCfg:527 Load 0 discount cfg.
06-05-15:56:20.6542 17952 CentralServer::CCSCfgMgr::LoadHotAndNewGoodsCfg:777 Load NewCfg:1 and HotCfg:1
06-05-15:56:20.7952 17952 INetSessionMgr::LogText:42 [WRN] CUCODEListener::Start Listen 0:10002, ReuseAddr 1
06-05-15:56:20.7982 17952 INetSessionMgr::LogText:42 [WRN] CUCODEListener::Start Listen 0:10001, ReuseAddr 1
06-05-15:56:20.8002 17952 INetSessionMgr::LogText:42 [WRN] CUCODEListener::Start Listen 0:10010, ReuseAddr 1
06-05-15:56:35.4160 17952 CentralServer::CCSUserMgr::OnUserOnline:157 Add user netinfo(4)
06-05-17:00:20.8719 17952 CentralServer::CCSUserMgr::OnUserOnline:157 Add user netinfo(5)
06-05-17:00:20.8749 17952 CentralServer::CCSUserMgr::RemoveUserFromRedisLRU:340 É¾³ýRedis Cache guid:1001
06-05-17:00:25.6061 17952 CentralServer::CCSUser::AddHero:163 Notify herolist:10001 expitred:-1, idfree:0
06-05-17:03:54.7501 17952 CentralServer::CCSBattle::CaculateResult:322 CurExp:50, GotExp:103, GotGold:12.
06-05-17:04:50.9523 17952 CentralServer::CCSUser::LoadHeroFromRedis:1935 Add redis hero:10001
06-05-17:04:50.9563 17952 CentralServer::CCSUserMgr::OnUserOnline:157 Add user netinfo(7)
06-05-17:04:50.9613 17952 CentralServer::CCSUserMgr::RemoveUserFromRedisLRU:340 É¾³ýRedis Cache guid:1001
06-05-17:06:01.2703 17952 CentralServer::CCSBattle::CaculateResult:322 CurExp:40, GotExp:104, GotGold:3.
06-05-17:15:05.4674 17952 CentralServer::CCSUser::LoadHeroFromRedis:1935 Add redis hero:10001
06-05-17:15:05.4724 17952 CentralServer::CCSUserMgr::OnUserOnline:157 Add user netinfo(8)
06-05-17:15:05.4754 17952 CentralServer::CCSUserMgr::RemoveUserFromRedisLRU:340 É¾³ýRedis Cache guid:1001
06-05-17:18:18.5905 17952 CentralServer::CCSBattle::CaculateResult:322 CurExp:13, GotExp:105, GotGold:9.
06-05-17:18:25.5039 17952 CentralServer::CCSUser::LoadHeroFromRedis:1935 Add redis hero:10001
06-05-17:18:25.5119 17952 CentralServer::CCSUserMgr::OnUserOnline:157 Add user netinfo(9)
06-05-17:18:25.5139 17952 CentralServer::CCSUserMgr::RemoveUserFromRedisLRU:340 É¾³ýRedis Cache guid:1001
06-05-17:27:14.9082 17952 CentralServer::CCSBattle::CaculateResult:322 CurExp:118, GotExp:105, GotGold:27.
06-05-20:41:23.9595 17952 CentralServer::CCSUser::LoadHeroFromRedis:1935 Add redis hero:10001
06-05-20:41:23.9725 17952 CentralServer::CCSUserMgr::OnUserOnline:157 Add user netinfo(10)
06-05-20:41:24.0295 17952 CentralServer::CCSUserMgr::RemoveUserFromRedisLRU:340 É¾³ýRedis Cache guid:1001
06-05-20:44:47.0821 17952 CentralServer::CCSBattle::CaculateResult:322 CurExp:72, GotExp:106, GotGold:9.
06-05-20:48:50.4580 17952 CentralServer::CCSUser::LoadHeroFromRedis:1935 Add redis hero:10001
06-05-20:48:50.4630 17952 CentralServer::CCSUserMgr::OnUserOnline:157 Add user netinfo(11)
06-05-20:48:50.4650 17952 CentralServer::CCSUserMgr::RemoveUserFromRedisLRU:340 É¾³ýRedis Cache guid:1001
06-05-20:52:32.4427 17952 CentralServer::CCSBattle::CaculateResult:322 CurExp:3, GotExp:108, GotGold:12.
