09-06-21:38:00.8601 8336 CentralServer::CCSUserMgr::OnMgrFromGC_AskLogin:102 --new login msg!asd--
09-06-21:38:05.2623 8336 CentralServer::CCSUserMgr::ChangeUserNickName:115 user szUserName:asd, nickName:骞芥镐富
09-06-21:38:08.8335 8336 CentralServer::CCSBattle::CCSBattle:33 create battle(1)
09-06-21:38:08.8375 8336 CentralServer::CCSBattle::CCSBattle:43 battle(1) add user(1001)
09-06-21:38:48.4828 8336 CentralServer::CCSBattle::OnFinish:236 destory battle(1)
09-06-21:38:48.4868 8336 CentralServer::CCSBattle::OnFinish:242 battle(1) remove user(1001)
09-06-21:38:48.4938 8336 CentralServer::CCSUserBattleInfo::Clear:64 user(asd) clear by reason(2)
09-06-21:38:48.4968 8336 CentralServer::CCSUserMgr::CheckIfCanRemoveUser:663 删除玩家!
09-06-21:39:01.8506 8336 CentralServer::CCSUserMgr::OnMgrFromGC_AskLogin:102 --new login msg!asd--
09-06-21:39:06.4268 8336 CentralServer::CCSUser::AskBuyGoods:505 购买花费金币2500，剩余:40
09-06-21:39:19.5646 8336 CentralServer::CCSUserBattleInfo::Clear:64 user(asd) clear by reason(22)
09-06-21:39:19.5676 8336 CentralServer::CCSUserBattleInfo::Clear:64 user(asd) clear by reason(33)
09-06-21:39:22.1607 8336 CCSMatchRoom_Nomal::CCSMatchRoom_Nomal:86 房间号1：开始时间Tue Sep 06 21:39:22 2016

09-06-21:39:22.1627 8336 CCSMatchRoom_Nomal::CCSMatchRoom_Nomal:87 房间号1：至少2人时间Tue Sep 06 21:39:23 2016

09-06-21:39:22.1657 8336 CCSMatchRoom_Nomal::CCSMatchRoom_Nomal:88 房间号1：至少3人时间Tue Sep 06 21:39:24 2016

09-06-21:39:22.1677 8336 CCSMatchRoom_Nomal::CCSMatchRoom_Nomal:89 房间号1：至少4人时间Tue Sep 06 21:39:25 2016

09-06-21:39:22.1697 8336 CCSMatchRoom_Nomal::CCSMatchRoom_Nomal:90 房间号1：至少5人时间Tue Sep 06 21:39:29 2016

09-06-21:39:22.1717 8336 CCSMatchRoom_Nomal::CCSMatchRoom_Nomal:91 房间号1：结束时间Tue Sep 06 21:39:32 2016

09-06-21:39:24.0598 8336 CCSMatchRoom_Nomal::Update:165 房间号1：跳转时间Tue Sep 06 21:39:24 2016

09-06-21:39:25.0599 8336 CCSMatchRoom_Nomal::Update:165 房间号1：跳转时间Tue Sep 06 21:39:25 2016

09-06-21:39:26.0600 8336 CCSMatchRoom_Nomal::Update:165 房间号1：跳转时间Tue Sep 06 21:39:26 2016

09-06-21:39:30.0592 8336 CCSMatchRoom_Nomal::Update:165 房间号1：跳转时间Tue Sep 06 21:39:30 2016

09-06-21:39:33.0594 8336 CCSMatchRoom_Nomal::Update:165 房间号1：跳转时间Tue Sep 06 21:39:33 2016

09-06-21:39:33.1594 8336 CentralServer::CCSBattle::CCSBattle:33 create battle(2)
09-06-21:39:33.1614 8336 CentralServer::CCSBattle::CCSBattle:43 battle(2) add user(1001)
09-06-21:41:53.4254 8336 CentralServer::CCSBattle::CaculateExp:363 ExpAddition:0.
09-06-21:41:53.4304 8336 CentralServer::CCSBattle::CaculateGold:400 GoldAddition:0.
09-06-21:41:53.4404 8336 CentralServer::CCSBattle::OnFinish:236 destory battle(2)
09-06-21:41:53.4444 8336 CentralServer::CCSBattle::OnFinish:242 battle(2) remove user(1001)
09-06-21:41:53.4484 8336 CentralServer::CCSUserBattleInfo::Clear:64 user(asd) clear by reason(2)
09-06-21:41:53.4564 8336 CentralServer::CCSUserMgr::CheckIfCanRemoveUser:663 删除玩家!
