04-04-17:35:46.8420 9056 CentralServer::CCSCfgMgr::LoadNewSkillCfg:815 Load 268 Skill cfg.
04-04-17:35:46.9430 9056 CentralServer::CCSCfgMgr::LoadSkillModelAccountCfg:905 Load 322 Skill cfg.
04-04-17:35:46.9860 9056 CentralServer::CCSCfgMgr::LoadSkillModelEmitCfg:1023 Load 96 Skill cfg.
04-04-17:35:47.0280 9056 CentralServer::CCSCfgMgr::LoadSkillModelRangeCfg:1098 Load 123 Skill cfg.
04-04-17:35:47.0330 9056 CentralServer::CCSCfgMgr::LoadSkillModelLeadingCfg:959  Load 17 Skill cfg.
04-04-17:35:47.1480 9056 CentralServer::CCSCfgMgr::LoadSkillModelBufCfg:1183  Load 302 Skill cfg.
04-04-17:35:47.1650 9056 CentralServer::CCSCfgMgr::LoadSkillModelSummonCfg:1288  Load 5 Skill cfg.
04-04-17:35:47.1820 9056 CentralServer::CCSCfgMgr::LoadSkillModelMoveCfg:1355  Load 26 Skill cfg.
04-04-17:35:47.1840 9056 CentralServer::CCSCfgMgr::LoadSkillModelSwitchCfg:1414  Load 26 Skill cfg.
04-04-17:35:47.1860 9056 CentralServer::CCSCfgMgr::LoadSkillModelPurifactionCfg:1477  Load 1 Skill cfg.
04-04-17:35:47.1870 9056 CentralServer::CCSCfgMgr::LoadSkillModelLinkCfg:1542  Load 1 Skill cfg.
04-04-17:35:47.2230 9056 CentralServer::CCSCfgMgr::LoadPassitiveSkillCfg:1635  Load 126 Skill cfg.
04-04-17:35:47.2260 9056 CentralServer::CCSCfgMgr::LoadPassitiveEffectBloodSeekCfg:1682  Load 6 Skill cfg.
04-04-17:35:47.2280 9056 CentralServer::CCSCfgMgr::LoadPassitiveEffectReboundCfg:1729  Load 4 Skill cfg.
04-04-17:35:47.2290 9056 CentralServer::CCSCfgMgr::LoadPassitiveEffectReliveCfg:1777 Load 1 Skill cfg.
04-04-17:35:47.2550 9056 CentralServer::CCSCfgMgr::LoadNPCCfg:224 Load 52 NPC cfg.
04-04-17:35:47.2780 9056 CentralServer::CCSCfgMgr::LoadHeroCfg:353  Load 22 hero cfg.
04-04-17:35:47.3170 9056 CentralServer::CCSCfgMgr::LoadGoodsCfg:628 Load 103 goods cfg.
04-04-17:35:47.3190 9056 CentralServer::CCSCfgMgr::LoadShopCfg:710 Load 3 shop cfg.
04-04-17:35:47.3200 9056 CentralServer::CCSCfgMgr::LoadMapCfg:419  load 4 map.
04-04-17:35:47.3210 9056 CentralServer::CCSCfgMgr::LoadHeroChooseCfg:1998 Load 22 herochoose cfg.
04-04-17:35:47.3760 9056 CentralServer::CCSCfgMgr::LoadRobotAICfg:2058 Load 609 RobotAI cfg.
04-04-17:35:47.4021 9056 CentralServer::CCSCfgMgr::LoadRobotAIPathCfg:2107 Load 197 RobotAI cfg.
04-04-17:35:47.4161 9056 CentralServer::CCSCfgMgr::LoadRunesCfg:101 Load 75 runes cfg.
04-04-17:35:47.4181 9056 CentralServer::CCSCfgMgr::LoadRunesSlotCfg:345 Load 19 runesslot cfg.
04-04-17:35:47.4281 9056 CentralServer::CCSCfgMgr::LoadHeroBuyCfg:466 Load 63 hero buy cfg.
04-04-17:35:47.4311 9056 CentralServer::CCSCfgMgr::LoadDiscountCfg:527 Load 0 discount cfg.
04-04-17:35:47.4331 9056 CentralServer::CCSCfgMgr::LoadHotAndNewGoodsCfg:777 Load NewCfg:1 and HotCfg:1
04-04-17:35:47.5611 9056 INetSessionMgr::LogText:42 [WRN] CUCODEListener::Start Listen 0:10002, ReuseAddr 1
04-04-17:35:47.5631 9056 INetSessionMgr::LogText:42 [WRN] CUCODEListener::Start Listen 0:10001, ReuseAddr 1
04-04-17:35:47.5661 9056 INetSessionMgr::LogText:42 [WRN] CUCODEListener::Start Listen 0:10010, ReuseAddr 1
04-04-17:35:48.5501 9056 INetSessionMgr::LogText:42 [CRT] OnConnectErr:Address:127.0.0.1:1234
04-04-17:35:49.5522 9056 INetSessionMgr::LogText:42 [CRT] OnConnectErr:Address:127.0.0.1:1234
04-04-17:36:39.0690 9056 CentralServer::CCSUserMgr::OnUserOnline:157 Add user netinfo(4)
