09-04-19:27:56.2146 15904 CentralServer::CCSCfgMgr::LoadNewSkillCfg:815 Load 268 Skill cfg.
09-04-19:27:56.3136 15904 CentralServer::CCSCfgMgr::LoadSkillModelAccountCfg:905 Load 322 Skill cfg.
09-04-19:27:56.3586 15904 CentralServer::CCSCfgMgr::LoadSkillModelEmitCfg:1023 Load 96 Skill cfg.
09-04-19:27:56.4026 15904 CentralServer::CCSCfgMgr::LoadSkillModelRangeCfg:1098 Load 123 Skill cfg.
09-04-19:27:56.4106 15904 CentralServer::CCSCfgMgr::LoadSkillModelLeadingCfg:959  Load 17 Skill cfg.
09-04-19:27:56.5496 15904 CentralServer::CCSCfgMgr::LoadSkillModelBufCfg:1183  Load 302 Skill cfg.
09-04-19:27:56.5586 15904 CentralServer::CCSCfgMgr::LoadSkillModelSummonCfg:1288  Load 5 Skill cfg.
09-04-19:27:56.5646 15904 CentralServer::CCSCfgMgr::LoadSkillModelMoveCfg:1355  Load 26 Skill cfg.
09-04-19:27:56.5696 15904 CentralServer::CCSCfgMgr::LoadSkillModelSwitchCfg:1414  Load 26 Skill cfg.
09-04-19:27:56.5706 15904 CentralServer::CCSCfgMgr::LoadSkillModelPurifactionCfg:1477  Load 1 Skill cfg.
09-04-19:27:56.5737 15904 CentralServer::CCSCfgMgr::LoadSkillModelLinkCfg:1542  Load 1 Skill cfg.
09-04-19:27:56.6157 15904 CentralServer::CCSCfgMgr::LoadPassitiveSkillCfg:1635  Load 126 Skill cfg.
09-04-19:27:56.6187 15904 CentralServer::CCSCfgMgr::LoadPassitiveEffectBloodSeekCfg:1682  Load 6 Skill cfg.
09-04-19:27:56.6207 15904 CentralServer::CCSCfgMgr::LoadPassitiveEffectReboundCfg:1729  Load 4 Skill cfg.
09-04-19:27:56.6237 15904 CentralServer::CCSCfgMgr::LoadPassitiveEffectReliveCfg:1777 Load 1 Skill cfg.
09-04-19:27:56.6557 15904 CentralServer::CCSCfgMgr::LoadNPCCfg:224 Load 52 NPC cfg.
09-04-19:27:56.6707 15904 CentralServer::CCSCfgMgr::LoadHeroCfg:353  Load 22 hero cfg.
09-04-19:27:56.7177 15904 CentralServer::CCSCfgMgr::LoadGoodsCfg:628 Load 103 goods cfg.
09-04-19:27:56.7207 15904 CentralServer::CCSCfgMgr::LoadShopCfg:710 Load 3 shop cfg.
09-04-19:27:56.7227 15904 CentralServer::CCSCfgMgr::LoadMapCfg:419  load 4 map.
09-04-19:27:56.7237 15904 CentralServer::CCSCfgMgr::LoadHeroChooseCfg:1998 Load 22 herochoose cfg.
09-04-19:27:56.7727 15904 CentralServer::CCSCfgMgr::LoadRobotAICfg:2058 Load 609 RobotAI cfg.
09-04-19:27:56.7897 15904 CentralServer::CCSCfgMgr::LoadRobotAIPathCfg:2107 Load 197 RobotAI cfg.
09-04-19:27:56.8017 15904 CentralServer::CCSCfgMgr::LoadRunesCfg:101 Load 75 runes cfg.
09-04-19:27:56.8047 15904 CentralServer::CCSCfgMgr::LoadRunesSlotCfg:345 Load 19 runesslot cfg.
09-04-19:27:56.8167 15904 CentralServer::CCSCfgMgr::LoadHeroBuyCfg:466 Load 63 hero buy cfg.
09-04-19:27:56.8187 15904 CentralServer::CCSCfgMgr::LoadDiscountCfg:527 Load 0 discount cfg.
09-04-19:27:56.8207 15904 CentralServer::CCSCfgMgr::LoadHotAndNewGoodsCfg:777 Load NewCfg:1 and HotCfg:1
09-04-19:27:56.8797 15904 INetSessionMgr::LogText:42 [WRN] CUCODEListener::Start Listen 0:10002, ReuseAddr 1
09-04-19:27:56.8827 15904 INetSessionMgr::LogText:42 [WRN] CUCODEListener::Start Listen 0:10001, ReuseAddr 1
09-04-19:27:56.8857 15904 INetSessionMgr::LogText:42 [WRN] CUCODEListener::Start Listen 0:10010, ReuseAddr 1
09-04-19:29:09.3898 15904 CentralServer::CCSUserMgr::OnUserOnline:157 Add user netinfo(5)
09-04-19:31:13.0889 15904 CentralServer::CCSUserMgr::OnUserOnline:157 Add user netinfo(6)
09-04-19:31:13.0909 15904 CentralServer::CCSUserMgr::RemoveUserFromRedisLRU:340 É¾³ýRedis Cache guid:1001
09-04-19:36:08.9858 15904 CentralServer::CCSUser::AddHero:163 Notify herolist:10001 expitred:-1, idfree:0
09-04-19:40:53.7681 15904 CentralServer::CCSUserMgr::OnUserOnline:157 Add user netinfo(7)
09-04-19:42:36.6490 15904 CentralServer::CCSBattle::CaculateResult:322 CurExp:50, GotExp:103, GotGold:15.
09-04-19:44:01.7729 15904 INetSessionMgr::LogText:42 [CRT] OnConnectErr:Address:127.0.0.1:1234
