05-08-08:55:24.2160 8680 CentralServer::CCSUserMgr::CDKThreadBeginCallback:101 --errorCode:2006,errorStr:MySQL server has gone away
05-08-08:56:16.4630 7728 CentralServer::CCSUserMgr::DBAsynUpdateUserCallback:52 error:begin;1001, crrorcode:2006, msg:MySQL server has gone away!
05-08-08:56:21.0912 7728 CentralServer::CCSUserMgr::DBAsynUpdateUserCallback:52 error:begin;1001, crrorcode:2006, msg:MySQL server has gone away!
05-08-09:01:26.4187 7728 CentralServer::CCSUserMgr::DBAsynUpdateUserCallback:52 error:begin;1001, crrorcode:2006, msg:MySQL server has gone away!
05-08-09:01:59.7566 7728 CentralServer::CCSUserMgr::DBAsynUpdateUserCallback:52 error:begin;1001, crrorcode:2006, msg:MySQL server has gone away!
05-08-09:02:39.6349 7728 CentralServer::CCSUserMgr::DBAsynUpdateUserCallback:52 error:begin;1001, crrorcode:2006, msg:MySQL server has gone away!
05-08-09:02:53.5867 7728 CentralServer::CCSUserMgr::DBAsynUpdateUserCallback:52 error:begin;1001, crrorcode:2006, msg:MySQL server has gone away!
05-08-09:11:36.1316 7728 CentralServer::CCSUserMgr::DBAsynUpdateUserCallback:52 error:begin;1001, crrorcode:2006, msg:MySQL server has gone away!
05-08-09:12:02.7581 7728 CentralServer::CCSUserMgr::DBAsynUpdateUserCallback:52 error:begin;1001, crrorcode:2006, msg:MySQL server has gone away!
05-08-09:12:02.7631 7728 CentralServer::CCSUserMgr::DBAsynUpdateUserCallback:52 error:begin;1001, crrorcode:2006, msg:MySQL server has gone away!
05-08-09:14:27.7424 7728 CentralServer::CCSUserMgr::DBAsynUpdateUserCallback:52 error:begin;1001, crrorcode:2006, msg:MySQL server has gone away!
05-08-09:15:45.3988 7940 CentralServer::CCSGuideBattle::CaculateResult:41 there exist taskId:1001, or  has guide end!
05-08-09:26:07.6594 7728 CentralServer::CCSUserMgr::DBAsynUpdateUserCallback:52 error:begin;1001, crrorcode:2006, msg:MySQL server has gone away!
05-08-10:52:42.2385 7728 CentralServer::CCSUserMgr::DBAsynUpdateUserCallback:52 error:begin;1001, crrorcode:2006, msg:MySQL server has gone away!
05-08-11:10:05.6422 7728 CentralServer::CCSUserMgr::DBAsynUpdateUserCallback:52 error:begin;1001, crrorcode:2006, msg:MySQL server has gone away!
05-08-11:35:30.1794 7728 CentralServer::CCSUserMgr::DBAsynUpdateUserCallback:52 error:begin;1001, crrorcode:2006, msg:MySQL server has gone away!
05-08-14:57:01.6730 7728 CentralServer::CCSUserMgr::DBAsynUpdateUserCallback:52 error:begin;1001, crrorcode:2006, msg:MySQL server has gone away!
05-08-15:12:40.6537 7728 CentralServer::CCSUserMgr::DBAsynUpdateUserCallback:52 error:begin;1001, crrorcode:2006, msg:MySQL server has gone away!
05-08-15:17:56.1708 7728 CentralServer::CCSUserMgr::DBAsynUpdateUserCallback:52 error:begin;1001, crrorcode:2006, msg:MySQL server has gone away!
05-08-15:28:20.0944 7728 CentralServer::CCSUserMgr::DBAsynUpdateUserCallback:52 error:begin;1001, crrorcode:2006, msg:MySQL server has gone away!
05-08-15:28:36.8284 7728 CentralServer::CCSUserMgr::DBAsynUpdateUserCallback:52 error:begin;1001, crrorcode:2006, msg:MySQL server has gone away!
05-08-17:10:50.8112 7728 CentralServer::CCSUserMgr::DBAsynUpdateUserCallback:52 error:begin;1001, crrorcode:2006, msg:MySQL server has gone away!
05-08-17:11:25.2862 7728 CentralServer::CCSUserMgr::DBAsynUpdateUserCallback:52 error:begin;1001, crrorcode:2006, msg:MySQL server has gone away!
05-08-17:19:38.7174 7728 CentralServer::CCSUserMgr::DBAsynUpdateUserCallback:52 error:begin;1001, crrorcode:2006, msg:MySQL server has gone away!
05-08-17:19:55.3784 7728 CentralServer::CCSUserMgr::DBAsynUpdateUserCallback:52 error:begin;1001, crrorcode:2006, msg:MySQL server has gone away!
05-08-17:23:23.8473 7728 CentralServer::CCSUserMgr::DBAsynUpdateUserCallback:52 error:begin;1001, crrorcode:2006, msg:MySQL server has gone away!
05-08-17:25:07.4012 7728 CentralServer::CCSUserMgr::DBAsynUpdateUserCallback:52 error:begin;1001, crrorcode:2006, msg:MySQL server has gone away!
05-08-18:15:08.8259 7728 CentralServer::CCSUserMgr::DBAsynUpdateUserCallback:52 error:begin;1001, crrorcode:2006, msg:MySQL server has gone away!
05-08-18:15:56.2876 7728 CentralServer::CCSUserMgr::DBAsynUpdateUserCallback:52 error:begin;1001, crrorcode:2006, msg:MySQL server has gone away!
05-08-18:20:50.9595 7728 CentralServer::CCSUserMgr::DBAsynUpdateUserCallback:52 error:begin;1001, crrorcode:2006, msg:MySQL server has gone away!
05-08-18:21:28.3256 7728 CentralServer::CCSUserMgr::DBAsynUpdateUserCallback:52 error:begin;1001, crrorcode:2006, msg:MySQL server has gone away!
05-08-18:31:32.1922 7728 CentralServer::CCSUserMgr::DBAsynUpdateUserCallback:52 error:begin;1001, crrorcode:2006, msg:MySQL server has gone away!
05-08-18:31:59.4107 7728 CentralServer::CCSUserMgr::DBAsynUpdateUserCallback:52 error:begin;1001, crrorcode:2006, msg:MySQL server has gone away!
05-08-18:32:15.4436 7728 CentralServer::CCSUserMgr::DBAsynUpdateUserCallback:52 error:begin;1001, crrorcode:2006, msg:MySQL server has gone away!
05-08-18:34:05.4429 7728 CentralServer::CCSUserMgr::DBAsynUpdateUserCallback:52 error:begin;1001, crrorcode:2006, msg:MySQL server has gone away!
05-08-18:34:19.1927 7728 CentralServer::CCSUserMgr::DBAsynUpdateUserCallback:52 error:begin;1001, crrorcode:2006, msg:MySQL server has gone away!
05-08-19:47:19.1282 7728 CentralServer::CCSUserMgr::DBAsynUpdateUserCallback:52 error:begin;1001, crrorcode:2006, msg:MySQL server has gone away!
05-08-19:48:33.3725 7728 CentralServer::CCSUserMgr::DBAsynUpdateUserCallback:52 error:begin;1001, crrorcode:2006, msg:MySQL server has gone away!
05-08-19:52:49.9801 7728 CentralServer::CCSUserMgr::DBAsynUpdateUserCallback:52 error:begin;1001, crrorcode:2006, msg:MySQL server has gone away!
05-08-19:53:04.2380 7728 CentralServer::CCSUserMgr::DBAsynUpdateUserCallback:52 error:begin;1001, crrorcode:2006, msg:MySQL server has gone away!
05-08-20:01:14.9320 7728 CentralServer::CCSUserMgr::DBAsynUpdateUserCallback:52 error:begin;1001, crrorcode:2006, msg:MySQL server has gone away!
05-08-20:01:38.6404 7728 CentralServer::CCSUserMgr::DBAsynUpdateUserCallback:52 error:begin;1001, crrorcode:2006, msg:MySQL server has gone away!
05-08-20:44:43.9163 7728 CentralServer::CCSUserMgr::DBAsynUpdateUserCallback:52 error:begin;1001, crrorcode:2006, msg:MySQL server has gone away!
05-08-20:49:06.5583 7728 CentralServer::CCSUserMgr::DBAsynUpdateUserCallback:52 error:begin;1001, crrorcode:2006, msg:MySQL server has gone away!
05-08-21:54:51.6469 7940 CRedisSession::OnClose:59 与Redis断开连接!
05-08-21:54:51.6619 7940 CLogicRedisSession::OnClose:49 与Redis断开连接!
