06-06-16:41:46.9769 48060 GateServer::CGSKernel::Initialize:107 CGSKernel Initialize success
06-06-16:41:47.4670 48060 CM2BSession::SendInitData:33 BS Connected, try to register me.
06-06-16:41:47.4690 48060 CM2BSession::OnRealEstablish:42 BS Connected and register ok.
06-06-16:41:47.9960 48060 CM2CSession::SendInitData:34 CS Connected, try to register me.
06-06-16:41:48.0070 48060 CM2CSession::OnRealEstablish:46 CS Connected and register ok
06-06-16:41:48.0090 48060 CM2SSession::SendInitData:36 SS(20001) Connected, try to register me.
06-06-16:41:48.0110 48060 CM2SSession::Msg_Handle_Init:92 register to SS 20001 success at session 3.
06-06-16:41:48.0130 48060 CM2SSession::OnRealEstablish:52 SS(20001) Connected and register ok.
06-06-16:41:48.0580 48060 GateServer::CGSKernel::OnMsgFromCS_AskPingRet:41 Ping CS returned, tick span 2.
06-06-16:44:28.0732 48060 GateServer::CGSKernel::OnMsgFromCS_AskPingRet:41 Ping CS returned, tick span 2.
06-06-16:47:08.1023 48060 GateServer::CGSKernel::OnMsgFromCS_AskPingRet:41 Ping CS returned, tick span 2.
06-06-16:49:48.2005 48060 GateServer::CGSKernel::OnMsgFromCS_AskPingRet:41 Ping CS returned, tick span 2.
06-06-16:52:28.2746 48060 GateServer::CGSKernel::OnMsgFromCS_AskPingRet:41 Ping CS returned, tick span 5.
06-06-16:55:08.3668 48060 GateServer::CGSKernel::OnMsgFromCS_AskPingRet:41 Ping CS returned, tick span 2.
06-06-16:57:48.4339 48060 GateServer::CGSKernel::OnMsgFromCS_AskPingRet:41 Ping CS returned, tick span 2.
06-06-17:00:28.4921 48060 GateServer::CGSKernel::OnMsgFromCS_AskPingRet:41 Ping CS returned, tick span 17.
06-06-17:03:08.5372 48060 GateServer::CGSKernel::OnMsgFromCS_AskPingRet:41 Ping CS returned, tick span 4.
06-06-17:05:48.5534 48060 GateServer::CGSKernel::OnMsgFromCS_AskPingRet:41 Ping CS returned, tick span 2.
06-06-17:08:28.6405 48060 GateServer::CGSKernel::OnMsgFromCS_AskPingRet:41 Ping CS returned, tick span 5.
06-06-17:11:08.6737 48060 GateServer::CGSKernel::OnMsgFromCS_AskPingRet:41 Ping CS returned, tick span 3.
06-06-17:13:48.7659 48060 GateServer::CGSKernel::OnMsgFromCS_AskPingRet:41 Ping CS returned, tick span 5.
06-06-17:16:28.8590 48060 GateServer::CGSKernel::OnMsgFromCS_AskPingRet:41 Ping CS returned, tick span 17.
06-06-17:19:08.9302 48060 GateServer::CGSKernel::OnMsgFromCS_AskPingRet:41 Ping CS returned, tick span 2.
06-06-17:21:48.9793 48060 GateServer::CGSKernel::OnMsgFromCS_AskPingRet:41 Ping CS returned, tick span 4.
06-06-17:24:29.0025 48060 GateServer::CGSKernel::OnMsgFromCS_AskPingRet:41 Ping CS returned, tick span 7.
06-06-17:27:09.0536 48060 GateServer::CGSKernel::OnMsgFromCS_AskPingRet:41 Ping CS returned, tick span 5.
06-06-17:29:49.1498 48060 GateServer::CGSKernel::OnMsgFromCS_AskPingRet:41 Ping CS returned, tick span 2.
06-06-17:32:29.1539 48060 GateServer::CGSKernel::OnMsgFromCS_AskPingRet:41 Ping CS returned, tick span 2.
06-06-17:35:09.1591 48060 GateServer::CGSKernel::OnMsgFromCS_AskPingRet:41 Ping CS returned, tick span 2.
06-06-17:37:49.1602 48060 GateServer::CGSKernel::OnMsgFromCS_AskPingRet:41 Ping CS returned, tick span 2.
06-06-17:40:29.1644 48060 GateServer::CGSKernel::OnMsgFromCS_AskPingRet:41 Ping CS returned, tick span 2.
06-06-17:43:09.1775 48060 GateServer::CGSKernel::OnMsgFromCS_AskPingRet:41 Ping CS returned, tick span 2.
06-06-17:45:49.1837 48060 GateServer::CGSKernel::OnMsgFromCS_AskPingRet:41 Ping CS returned, tick span 1.
06-06-17:48:29.1919 48060 GateServer::CGSKernel::OnMsgFromCS_AskPingRet:41 Ping CS returned, tick span 2.
06-06-17:51:09.2030 48060 GateServer::CGSKernel::OnMsgFromCS_AskPingRet:41 Ping CS returned, tick span 2.
06-06-17:53:49.2232 48060 GateServer::CGSKernel::OnMsgFromCS_AskPingRet:41 Ping CS returned, tick span 1.
06-06-17:56:29.3003 48060 GateServer::CGSKernel::OnMsgFromCS_AskPingRet:41 Ping CS returned, tick span 2.
06-06-17:59:09.3705 48060 GateServer::CGSKernel::OnMsgFromCS_AskPingRet:41 Ping CS returned, tick span 2.
06-06-18:01:49.4096 48060 GateServer::CGSKernel::OnMsgFromCS_AskPingRet:41 Ping CS returned, tick span 2.
06-06-18:04:29.4278 48060 GateServer::CGSKernel::OnMsgFromCS_AskPingRet:41 Ping CS returned, tick span 2.
06-06-18:07:09.4509 48060 GateServer::CGSKernel::OnMsgFromCS_AskPingRet:41 Ping CS returned, tick span 2.
06-06-18:09:49.5001 48060 GateServer::CGSKernel::OnMsgFromCS_AskPingRet:41 Ping CS returned, tick span 0.
06-06-18:12:29.5822 48060 GateServer::CGSKernel::OnMsgFromCS_AskPingRet:41 Ping CS returned, tick span 2.
06-06-18:15:09.6804 48060 GateServer::CGSKernel::OnMsgFromCS_AskPingRet:41 Ping CS returned, tick span 2.
06-06-18:17:49.6965 48060 GateServer::CGSKernel::OnMsgFromCS_AskPingRet:41 Ping CS returned, tick span 2.
06-06-18:20:29.7047 48060 GateServer::CGSKernel::OnMsgFromCS_AskPingRet:41 Ping CS returned, tick span 2.
06-06-18:23:09.7879 48060 GateServer::CGSKernel::OnMsgFromCS_AskPingRet:41 Ping CS returned, tick span 1.
06-06-18:25:49.8600 48060 GateServer::CGSKernel::OnMsgFromCS_AskPingRet:41 Ping CS returned, tick span 2.
06-06-18:28:29.9512 48060 GateServer::CGSKernel::OnMsgFromCS_AskPingRet:41 Ping CS returned, tick span 1.
06-06-18:31:10.0463 48060 GateServer::CGSKernel::OnMsgFromCS_AskPingRet:41 Ping CS returned, tick span 2.
06-06-18:33:50.0705 48060 GateServer::CGSKernel::OnMsgFromCS_AskPingRet:41 Ping CS returned, tick span 2.
06-06-18:36:30.0816 48060 GateServer::CGSKernel::OnMsgFromCS_AskPingRet:41 Ping CS returned, tick span 2.
06-06-18:39:10.1568 48060 GateServer::CGSKernel::OnMsgFromCS_AskPingRet:41 Ping CS returned, tick span 2.
06-06-18:41:50.2399 48060 GateServer::CGSKernel::OnMsgFromCS_AskPingRet:41 Ping CS returned, tick span 2.
06-06-18:44:30.3291 48060 GateServer::CGSKernel::OnMsgFromCS_AskPingRet:41 Ping CS returned, tick span 2.
06-06-18:47:10.3563 48060 GateServer::CGSKernel::OnMsgFromCS_AskPingRet:41 Ping CS returned, tick span 2.
06-06-18:49:50.3834 48060 GateServer::CGSKernel::OnMsgFromCS_AskPingRet:41 Ping CS returned, tick span 2.
06-06-18:52:30.3986 48060 GateServer::CGSKernel::OnMsgFromCS_AskPingRet:41 Ping CS returned, tick span 2.
06-06-18:55:10.4247 48060 GateServer::CGSKernel::OnMsgFromCS_AskPingRet:41 Ping CS returned, tick span 2.
06-06-18:57:50.4439 48060 GateServer::CGSKernel::OnMsgFromCS_AskPingRet:41 Ping CS returned, tick span 2.
06-06-19:00:30.4660 48060 GateServer::CGSKernel::OnMsgFromCS_AskPingRet:41 Ping CS returned, tick span 2.
06-06-19:03:10.4772 48060 GateServer::CGSKernel::OnMsgFromCS_AskPingRet:41 Ping CS returned, tick span 2.
06-06-19:05:50.5343 48060 GateServer::CGSKernel::OnMsgFromCS_AskPingRet:41 Ping CS returned, tick span 0.
06-06-19:08:30.5455 48060 GateServer::CGSKernel::OnMsgFromCS_AskPingRet:41 Ping CS returned, tick span 2.
06-06-19:11:10.5656 48060 GateServer::CGSKernel::OnMsgFromCS_AskPingRet:41 Ping CS returned, tick span 2.
06-06-19:13:50.6278 48060 GateServer::CGSKernel::OnMsgFromCS_AskPingRet:41 Ping CS returned, tick span 2.
06-06-19:16:30.6369 48060 GateServer::CGSKernel::OnMsgFromCS_AskPingRet:41 Ping CS returned, tick span 2.
06-06-19:19:10.6761 48060 GateServer::CGSKernel::OnMsgFromCS_AskPingRet:41 Ping CS returned, tick span 2.
06-06-19:21:50.6872 48060 GateServer::CGSKernel::OnMsgFromCS_AskPingRet:41 Ping CS returned, tick span 2.
06-06-19:24:30.7084 48060 GateServer::CGSKernel::OnMsgFromCS_AskPingRet:41 Ping CS returned, tick span 2.
06-06-19:27:10.7305 48060 GateServer::CGSKernel::OnMsgFromCS_AskPingRet:41 Ping CS returned, tick span 2.
06-06-19:29:50.7437 48060 GateServer::CGSKernel::OnMsgFromCS_AskPingRet:41 Ping CS returned, tick span 0.
06-06-19:32:30.7769 48060 GateServer::CGSKernel::OnMsgFromCS_AskPingRet:41 Ping CS returned, tick span 2.
06-06-19:35:10.7920 48060 GateServer::CGSKernel::OnMsgFromCS_AskPingRet:41 Ping CS returned, tick span 2.
06-06-19:37:50.8142 48060 GateServer::CGSKernel::OnMsgFromCS_AskPingRet:41 Ping CS returned, tick span 2.
06-06-19:40:30.8413 48060 GateServer::CGSKernel::OnMsgFromCS_AskPingRet:41 Ping CS returned, tick span 2.
06-06-19:43:10.8815 48060 GateServer::CGSKernel::OnMsgFromCS_AskPingRet:41 Ping CS returned, tick span 2.
06-06-19:45:50.9596 48060 GateServer::CGSKernel::OnMsgFromCS_AskPingRet:41 Ping CS returned, tick span 2.
06-06-19:48:30.9778 48060 GateServer::CGSKernel::OnMsgFromCS_AskPingRet:41 Ping CS returned, tick span 2.
06-06-19:51:10.9959 48060 GateServer::CGSKernel::OnMsgFromCS_AskPingRet:41 Ping CS returned, tick span 2.
06-06-19:53:51.0251 48060 GateServer::CGSKernel::OnMsgFromCS_AskPingRet:41 Ping CS returned, tick span 2.
06-06-19:56:31.0382 48060 GateServer::CGSKernel::OnMsgFromCS_AskPingRet:41 Ping CS returned, tick span 2.
06-06-19:59:11.1374 48060 GateServer::CGSKernel::OnMsgFromCS_AskPingRet:41 Ping CS returned, tick span 2.
06-06-20:01:51.1985 48060 GateServer::CGSKernel::OnMsgFromCS_AskPingRet:41 Ping CS returned, tick span 2.
06-06-20:04:31.2877 48060 GateServer::CGSKernel::OnMsgFromCS_AskPingRet:41 Ping CS returned, tick span 1.
06-06-20:07:11.3579 48060 GateServer::CGSKernel::OnMsgFromCS_AskPingRet:41 Ping CS returned, tick span 2.
06-06-20:09:51.3820 48060 GateServer::CGSKernel::OnMsgFromCS_AskPingRet:41 Ping CS returned, tick span 2.
06-06-20:12:31.4262 48060 GateServer::CGSKernel::OnMsgFromCS_AskPingRet:41 Ping CS returned, tick span 2.
06-06-20:15:11.4733 48060 GateServer::CGSKernel::OnMsgFromCS_AskPingRet:41 Ping CS returned, tick span 2.
06-06-20:17:51.5475 48060 GateServer::CGSKernel::OnMsgFromCS_AskPingRet:41 Ping CS returned, tick span 4.
06-06-20:20:31.6176 48060 GateServer::CGSKernel::OnMsgFromCS_AskPingRet:41 Ping CS returned, tick span 4.
06-06-20:23:11.6188 48060 GateServer::CGSKernel::OnMsgFromCS_AskPingRet:41 Ping CS returned, tick span 2.
06-06-20:25:51.6429 48060 GateServer::CGSKernel::OnMsgFromCS_AskPingRet:41 Ping CS returned, tick span 7.
06-06-20:28:31.6751 48060 GateServer::CGSKernel::OnMsgFromCS_AskPingRet:41 Ping CS returned, tick span 1.
06-06-20:31:11.6832 48060 GateServer::CGSKernel::OnMsgFromCS_AskPingRet:41 Ping CS returned, tick span 4.
06-06-20:33:51.7404 48060 GateServer::CGSKernel::OnMsgFromCS_AskPingRet:41 Ping CS returned, tick span 3.
06-06-20:36:31.8295 48060 GateServer::CGSKernel::OnMsgFromCS_AskPingRet:41 Ping CS returned, tick span 18.
06-06-20:39:11.8147 48060 GateServer::CGSKernel::OnMsgFromCS_AskPingRet:41 Ping CS returned, tick span 3.
06-06-20:41:51.8829 48060 GateServer::CGSKernel::OnMsgFromCS_AskPingRet:41 Ping CS returned, tick span 2.
06-06-20:44:31.9200 48060 GateServer::CGSKernel::OnMsgFromCS_AskPingRet:41 Ping CS returned, tick span 2.
06-06-20:47:11.9392 48060 GateServer::CGSKernel::OnMsgFromCS_AskPingRet:41 Ping CS returned, tick span 2.
06-06-20:49:51.9523 48060 GateServer::CGSKernel::OnMsgFromCS_AskPingRet:41 Ping CS returned, tick span 1.
06-06-20:52:31.9715 48060 GateServer::CGSKernel::OnMsgFromCS_AskPingRet:41 Ping CS returned, tick span 5.
06-06-20:55:12.0326 48060 GateServer::CGSKernel::OnMsgFromCS_AskPingRet:41 Ping CS returned, tick span 2.
06-06-20:56:32.6932 48060 CM2BSession::OnClose:47 BS DisConnect.
