04-10-21:30:31.8210 5996 GateServer::CGSKernel::Initialize:107 CGSKernel Initialize success
04-10-21:30:32.3120 5996 CM2BSession::SendInitData:33 BS Connected, try to register me.
04-10-21:30:32.3150 5996 CM2BSession::OnRealEstablish:42 BS Connected and register ok.
04-10-21:30:32.8560 5996 CM2CSession::SendInitData:34 CS Connected, try to register me.
04-10-21:30:32.9050 5996 CM2CSession::OnRealEstablish:46 CS Connected and register ok
04-10-21:30:32.9210 5996 CM2SSession::SendInitData:36 SS(20001) Connected, try to register me.
04-10-21:30:32.9260 5996 CM2SSession::Msg_Handle_Init:92 register to SS 20001 success at session 3.
04-10-21:30:32.9300 5996 CM2SSession::OnRealEstablish:52 SS(20001) Connected and register ok.
04-10-21:30:32.9320 5996 GateServer::CGSKernel::OnMsgFromCS_AskPingRet:41 Ping CS returned, tick span 2.
04-10-21:33:12.9992 5996 GateServer::CGSKernel::OnMsgFromCS_AskPingRet:41 Ping CS returned, tick span 2.
04-10-21:35:53.0964 5996 GateServer::CGSKernel::OnMsgFromCS_AskPingRet:41 Ping CS returned, tick span 2.
04-10-21:38:33.1245 5996 GateServer::CGSKernel::OnMsgFromCS_AskPingRet:41 Ping CS returned, tick span 2.
04-10-21:41:13.1617 5996 GateServer::CGSKernel::OnMsgFromCS_AskPingRet:41 Ping CS returned, tick span 2.
04-10-21:43:53.2518 5996 GateServer::CGSKernel::OnMsgFromCS_AskPingRet:41 Ping CS returned, tick span 2.
04-10-21:46:33.3260 5996 GateServer::CGSKernel::OnMsgFromCS_AskPingRet:41 Ping CS returned, tick span 8.
04-10-21:49:13.3931 5996 GateServer::CGSKernel::OnMsgFromCS_AskPingRet:41 Ping CS returned, tick span 1.
04-10-21:51:53.4883 5996 GateServer::CGSKernel::OnMsgFromCS_AskPingRet:41 Ping CS returned, tick span 0.
04-10-21:54:33.5434 5996 GateServer::CGSKernel::OnMsgFromCS_AskPingRet:41 Ping CS returned, tick span 1.
04-10-21:57:13.5456 5996 GateServer::CGSKernel::OnMsgFromCS_AskPingRet:41 Ping CS returned, tick span 2.
04-10-21:59:53.6297 5996 GateServer::CGSKernel::OnMsgFromCS_AskPingRet:41 Ping CS returned, tick span 6.
04-10-22:02:33.6409 5996 GateServer::CGSKernel::OnMsgFromCS_AskPingRet:41 Ping CS returned, tick span 8.
04-10-22:05:13.6651 5996 GateServer::CGSKernel::OnMsgFromCS_AskPingRet:41 Ping CS returned, tick span 8.
04-10-22:07:53.7562 5996 GateServer::CGSKernel::OnMsgFromCS_AskPingRet:41 Ping CS returned, tick span 7.
04-10-22:10:33.8254 5996 GateServer::CGSKernel::OnMsgFromCS_AskPingRet:41 Ping CS returned, tick span 3.
04-10-22:13:13.9245 5996 GateServer::CGSKernel::OnMsgFromCS_AskPingRet:41 Ping CS returned, tick span 4.
04-10-22:15:53.9427 5996 GateServer::CGSKernel::OnMsgFromCS_AskPingRet:41 Ping CS returned, tick span 9.
04-10-22:18:33.9818 5996 GateServer::CGSKernel::OnMsgFromCS_AskPingRet:41 Ping CS returned, tick span 1.
04-10-22:21:14.0430 5996 GateServer::CGSKernel::OnMsgFromCS_AskPingRet:41 Ping CS returned, tick span 14.
04-10-22:23:54.0701 5996 GateServer::CGSKernel::OnMsgFromCS_AskPingRet:41 Ping CS returned, tick span 1.
04-10-22:26:34.1983 5996 GateServer::CGSKernel::OnMsgFromCS_AskPingRet:41 Ping CS returned, tick span 17.
04-10-22:29:14.1694 5996 GateServer::CGSKernel::OnMsgFromCS_AskPingRet:41 Ping CS returned, tick span 3.
04-10-22:31:54.2606 5996 GateServer::CGSKernel::OnMsgFromCS_AskPingRet:41 Ping CS returned, tick span 2.
04-10-22:34:34.3418 5996 GateServer::CGSKernel::OnMsgFromCS_AskPingRet:41 Ping CS returned, tick span 2.
04-10-22:37:14.4389 5996 GateServer::CGSKernel::OnMsgFromCS_AskPingRet:41 Ping CS returned, tick span 2.
04-10-22:39:54.4661 5996 GateServer::CGSKernel::OnMsgFromCS_AskPingRet:41 Ping CS returned, tick span 17.
04-10-22:42:34.4982 5996 GateServer::CGSKernel::OnMsgFromCS_AskPingRet:41 Ping CS returned, tick span 8.
04-10-22:45:14.5544 5996 GateServer::CGSKernel::OnMsgFromCS_AskPingRet:41 Ping CS returned, tick span 2.
04-10-22:47:54.6265 5996 GateServer::CGSKernel::OnMsgFromCS_AskPingRet:41 Ping CS returned, tick span 5.
04-10-22:50:34.6447 5996 GateServer::CGSKernel::OnMsgFromCS_AskPingRet:41 Ping CS returned, tick span 7.
04-10-22:53:14.7138 5996 GateServer::CGSKernel::OnMsgFromCS_AskPingRet:41 Ping CS returned, tick span 6.
04-10-22:55:54.8130 5996 GateServer::CGSKernel::OnMsgFromCS_AskPingRet:41 Ping CS returned, tick span 8.
04-10-22:57:53.3928 5996 CM2SSession::OnClose:64 SS(20001) DisConnect.
04-10-22:57:54.4808 5996 CM2CSession::OnClose:52 CS DisConnect.
04-10-22:57:56.0949 5996 CM2BSession::OnClose:47 BS DisConnect.
 span 9.
04-10-15:48:11.7291 4760 GateServer::CGSKernel::OnMsgFromCS_AskPingRet:41 Ping CS returned, tick span 3.
04-10-15:50:51.7863 4760 GateServer::CGSKernel::OnMsgFromCS_AskPingRet:41 Ping CS returned, tick span 4.
04-10-15:53:31.8815 4760 GateServer::CGSKernel::OnMsgFromCS_AskPingRet:41 Ping CS returned, tick span 1.
04-10-15:56:11.9136 4760 GateServer::CGSKernel::OnMsgFromCS_AskPingRet:41 Ping CS returned, tick span 2.
04-10-15:58:51.9958 4760 GateServer::CGSKernel::OnMsgFromCS_AskPingRet:41 Ping CS returned, tick span 1.
04-10-16:01:32.0369 4760 GateServer::CGSKernel::OnMsgFromCS_AskPingRet:41 Ping CS returned, tick span 9.
04-10-16:04:12.0961 4760 GateServer::CGSKernel::OnMsgFromCS_AskPingRet:41 Ping CS returned, tick span 2.
04-10-16:06:52.1692 4760 GateServer::CGSKernel::OnMsgFromCS_AskPingRet:41 Ping CS returned, tick span 2.
04-10-16:09:32.1704 4760 GateServer::CGSKernel::OnMsgFromCS_AskPingRet:41 Ping CS returned, tick span 3.
04-10-16:12:12.2105 4760 GateServer::CGSKernel::OnMsgFromCS_AskPingRet:41 Ping CS returned, tick span 2.
04-10-16:14:52.2227 4760 GateServer::CGSKernel::OnMsgFromCS_AskPingRet:41 Ping CS returned, tick span 2.
04-10-16:17:32.2648 4760 GateServer::CGSKernel::OnMsgFromCS_AskPingRet:41 Ping CS returned, tick span 1.
04-10-16:20:12.3300 4760 GateServer::CGSKernel::OnMsgFromCS_AskPingRet:41 Ping CS returned, tick span 2.
04-10-16:22:52.3982 4760 GateServer::CGSKernel::OnMsgFromCS_AskPingRet:41 Ping CS returned, tick span 0.
04-10-16:25:32.4593 4760 GateServer::CGSKernel::OnMsgFromCS_AskPingRet:41 Ping CS returned, tick span 2.
04-10-16:28:12.4625 4760 GateServer::CGSKernel::OnMsgFromCS_AskPingRet:41 Ping CS returned, tick span 2.
04-10-16:30:52.5276 4760 GateServer::CGSKernel::OnMsgFromCS_AskPingRet:41 Ping CS returned, tick span 2.
04-10-16:33:32.5578 4760 GateServer::CGSKernel::OnMsgFromCS_AskPingRet:41 Ping CS returned, tick span 2.
04-10-16:36:12.5809 4760 GateServer::CGSKernel::OnMsgFromCS_AskPingRet:41 Ping CS returned, tick span 2.
04-10-16:38:52.6201 4760 GateServer::CGSKernel::OnMsgFromCS_AskPingRet:41 Ping CS returned, tick span 2.
04-10-16:41:32.6482 4760 GateServer::CGSKernel::OnMsgFromCS_AskPingRet:41 Ping CS returned, tick span 2.
04-10-16:44:12.7144 4760 GateServer::CGSKernel::OnMsgFromCS_AskPingRet:41 Ping CS returned, tick span 13.
04-10-16:46:52.7135 4760 GateServer::CGSKernel::OnMsgFromCS_AskPingRet:41 Ping CS returned, tick span 11.
04-10-16:49:32.7737 4760 GateServer::CGSKernel::OnMsgFromCS_AskPingRet:41 Ping CS returned, tick span 2.
04-10-16:52:12.8488 4760 GateServer::CGSKernel::OnMsgFromCS_AskPingRet:41 Ping CS returned, tick span 3.
04-10-16:54:52.9110 4760 GateServer::CGSKernel::OnMsgFromCS_AskPingRet:41 Ping CS returned, tick span 2.
04-10-16:57:33.0132 4760 GateServer::CGSKernel::OnMsgFromCS_AskPingRet:41 Ping CS returned, tick span 3.
04-10-17:00:13.0513 4760 GateServer::CGSKernel::OnMsgFromCS_AskPingRet:41 Ping CS returned, tick span 10.
04-10-17:02:53.0955 4760 GateServer::CGSKernel::OnMsgFromCS_AskPingRet:41 Ping CS returned, tick span 5.
04-10-17:05:33.1046 4760 GateServer::CGSKernel::OnMsgFromCS_AskPingRet:41 Ping CS returned, tick span 3.
04-10-17:08:13.1648 4760 GateServer::CGSKernel::OnMsgFromCS_AskPingRet:41 Ping CS returned, tick span 4.
04-10-17:10:53.1709 4760 GateServer::CGSKernel::OnMsgFromCS_AskPingRet:41 Ping CS returned, tick span 11.
04-10-17:13:33.2411 4760 GateServer::CGSKernel::OnMsgFromCS_AskPingRet:41 Ping CS returned, tick span 3.
04-10-17:16:13.3472 4760 GateServer::CGSKernel::OnMsgFromCS_AskPingRet:41 Ping CS returned, tick span 6.
04-10-17:18:53.3794 4760 GateServer::CGSKernel::OnMsgFromCS_AskPingRet:41 Ping CS returned, tick span 5.
04-10-17:21:33.4606 4760 GateServer::CGSKernel::OnMsgFromCS_AskPingRet:41 Ping CS returned, tick span 2.
04-10-17:24:13.4667 4760 GateServer::CGSKernel::OnMsgFromCS_AskPingRet:41 Ping CS returned, tick span 2.
04-10-17:26:53.4729 4760 GateServer::CGSKernel::OnMsgFromCS_AskPingRet:41 Ping CS returned, tick span 2.
04-10-17:29:33.4820 4760 GateServer::CGSKernel::OnMsgFromCS_AskPingRet:41 Ping CS returned, tick span 2.
04-10-17:32:13.5182 4760 GateServer::CGSKernel::OnMsgFromCS_AskPingRet:41 Ping CS returned, tick span 1.
04-10-17:34:53.5553 4760 GateServer::CGSKernel::OnMsgFromCS_AskPingRet:41 Ping CS returned, tick span 2.
04-10-17:37:33.5595 4760 GateServer::CGSKernel::OnMsgFromCS_AskPingRet:41 Ping CS returned, tick span 2.
04-10-17:40:13.5646 4760 GateServer::CGSKernel::OnMsgFromCS_AskPingRet:41 Ping CS returned, tick span 2.
04-10-17:42:53.6268 4760 GateServer::CGSKernel::OnMsgFromCS_AskPingRet:41 Ping CS returned, tick span 2.
04-10-17:45:33.7249 4760 GateServer::CGSKernel::OnMsgFromCS_AskPingRet:41 Ping CS returned, tick span 2.
04-10-17:48:13.7551 4760 GateServer::CGSKernel::OnMsgFromCS_AskPingRet:41 Ping CS returned, tick span 2.
04-10-17:50:53.8152 4760 GateServer::CGSKernel::OnMsgFromCS_AskPingRet:41 Ping CS returned, tick span 2.
04-10-17:53:33.8884 4760 GateServer::CGSKernel::OnMsgFromCS_AskPingRet:41 Ping CS returned, tick span 2.
04-10-17:56:13.9725 4760 GateServer::CGSKernel::OnMsgFromCS_AskPingRet:41 Ping CS returned, tick span 1.
04-10-17:58:54.0147 4760 GateServer::CGSKernel::OnMsgFromCS_AskPingRet:41 Ping CS returned, tick span 12.
04-10-18:01:34.0349 4760 GateServer::CGSKernel::OnMsgFromCS_AskPingRet:41 Ping CS returned, tick span 1.
04-10-18:04:14.0680 4760 GateServer::CGSKernel::OnMsgFromCS_AskPingRet:41 Ping CS returned, tick span 2.
04-10-18:06:54.0712 4760 GateServer::CGSKernel::OnMsgFromCS_AskPingRet:41 Ping CS returned, tick span 2.
04-10-18:09:34.1893 4760 GateServer::CGSKernel::OnMsgFromCS_AskPingRet:41 Ping CS returned, tick span 4.
04-10-18:12:14.2485 4760 GateServer::CGSKernel::OnMsgFromCS_AskPingRet:41 Ping CS returned, tick span 4.
04-10-18:14:54.3436 4760 GateServer::CGSKernel::OnMsgFromCS_AskPingRet:41 Ping CS returned, tick span 6.
04-10-18:17:34.3798 4760 GateServer::CGSKernel::OnMsgFromCS_AskPingRet:41 Ping CS returned, tick span 3.
04-10-18:20:14.4319 4760 GateServer::CGSKernel::OnMsgFromCS_AskPingRet:41 Ping CS returned, tick span 15.
04-10-18:22:54.5051 4760 GateServer::CGSKernel::OnMsgFromCS_AskPingRet:41 Ping CS returned, tick span 2.
04-10-18:25:34.5132 4760 GateServer::CGSKernel::OnMsgFromCS_AskPingRet:41 Ping CS returned, tick span 2.
04-10-18:28:14.5134 4760 GateServer::CGSKernel::OnMsgFromCS_AskPingRet:41 Ping CS returned, tick span 2.
04-10-18:30:54.5316 4760 GateServer::CGSKernel::OnMsgFromCS_AskPingRet:41 Ping CS returned, tick span 2.
04-10-18:33:34.5337 4760 GateServer::CGSKernel::OnMsgFromCS_AskPingRet:41 Ping CS returned, tick span 2.
04-10-18:36:14.5359 4760 GateServer::CGSKernel::OnMsgFromCS_AskPingRet:41 Ping CS returned, tick span 2.
04-10-18:38:54.5390 4760 GateServer::CGSKernel::OnMsgFromCS_AskPingRet:41 Ping CS returned, tick span 2.
04-10-18:41:34.5432 4760 GateServer::CGSKernel::OnMsgFromCS_AskPingRet:41 Ping CS returned, tick span 1.
04-10-18:44:14.5533 4760 GateServer::CGSKernel::OnMsgFromCS_AskPingRet:41 Ping CS returned, tick span 2.
04-10-18:46:54.5645 4760 GateServer::CGSKernel::OnMsgFromCS_AskPingRet:41 Ping CS returned, tick span 2.
04-10-18:49:34.5716 4760 GateServer::CGSKernel::OnMsgFromCS_AskPingRet:41 Ping CS returned, tick span 2.
04-10-18:52:14.5878 4760 GateServer::CGSKernel::OnMsgFromCS_AskPingRet:41 Ping CS returned, tick span 2.
04-10-18:54:54.6039 4760 GateServer::CGSKernel::OnMsgFromCS_AskPingRet:41 Ping CS returned, tick span 1.
04-10-18:57:34.6181 4760 GateServer::CGSKernel::OnMsgFromCS_AskPingRet:41 Ping CS returned, tick span 2.
04-10-19:00:14.6502 4760 GateServer::CGSKernel::OnMsgFromCS_AskPingRet:41 Ping CS returned, tick span 0.
04-10-19:02:54.6604 4760 GateServer::CGSKernel::OnMsgFromCS_AskPingRet:41 Ping CS returned, tick span 2.
04-10-19:05:34.6855 4760 GateServer::CGSKernel::OnMsgFromCS_AskPingRet:41 Ping CS returned, tick span 1.
04-10-19:08:14.7137 4760 GateServer::CGSKernel::OnMsgFromCS_AskPingRet:41 Ping CS returned, tick span 2.
04-10-19:10:54.7288 4760 GateServer::CGSKernel::OnMsgFromCS_AskPingRet:41 Ping CS returned, tick span 2.
04-10-19:13:34.7280 4760 GateServer::CGSKernel::OnMsgFromCS_AskPingRet:41 Ping CS returned, tick span 2.
04-10-19:16:14.7371 4760 GateServer::CGSKernel::OnMsgFromCS_AskPingRet:41 Ping CS returned, tick span 2.
04-10-19:18:54.7403 4760 GateServer::CGSKernel::OnMsgFromCS_AskPingRet:41 Ping CS returned, tick span 2.
04-10-19:21:34.7434 4760 GateServer::CGSKernel::OnMsgFromCS_AskPingRet:41 Ping CS returned, tick span 2.
04-10-19:24:14.7476 4760 GateServer::CGSKernel::OnMsgFromCS_AskPingRet:41 Ping CS returned, tick span 2.
04-10-19:26:54.7497 4760 GateServer::CGSKernel::OnMsgFromCS_AskPingRet:41 Ping CS returned, tick span 2.
04-10-19:29:34.7529 4760 GateServer::CGSKernel::OnMsgFromCS_AskPingRet:41 Ping CS returned, tick span 2.
04-10-19:32:14.7520 4760 GateServer::CGSKernel::OnMsgFromCS_AskPingRet:41 Ping CS returned, tick span 2.
04-10-19:34:54.7562 4760 GateServer::CGSKernel::OnMsgFromCS_AskPingRet:41 Ping CS returned, tick span 1.
04-10-19:37:34.7664 4760 GateServer::CGSKernel::OnMsgFromCS_AskPingRet:41 Ping CS returned, tick span 2.
04-10-19:40:14.7855 4760 GateServer::CGSKernel::OnMsgFromCS_AskPingRet:41 Ping CS returned, tick span 2.
04-10-19:42:54.8077 4760 GateServer::CGSKernel::OnMsgFromCS_AskPingRet:41 Ping CS returned, tick span 2.
04-10-19:45:34.8698 4760 GateServer::CGSKernel::OnMsgFromCS_AskPingRet:41 Ping CS returned, tick span 1.
04-10-19:48:14.8890 4760 GateServer::CGSKernel::OnMsgFromCS_AskPingRet:41 Ping CS returned, tick span 2.
04-10-19:50:54.8981 4760 GateServer::CGSKernel::OnMsgFromCS_AskPingRet:41 Ping CS returned, tick span 2.
04-10-19:53:34.9273 4760 GateServer::CGSKernel::OnMsgFromCS_AskPingRet:41 Ping CS returned, tick span 0.
04-10-19:56:14.9514 4760 GateServer::CGSKernel::OnMsgFromCS_AskPingRet:41 Ping CS returned, tick span 2.
04-10-19:58:54.9616 4760 GateServer::CGSKernel::OnMsgFromCS_AskPingRet:41 Ping CS returned, tick span 2.
04-10-20:01:35.0017 4760 GateServer::CGSKernel::OnMsgFromCS_AskPingRet:41 Ping CS returned, tick span 2.
04-10-20:04:15.0059 4760 GateServer::CGSKernel::OnMsgFromCS_AskPingRet:41 Ping CS returned, tick span 1.
04-10-20:06:55.0180 4760 GateServer::CGSKernel::OnMsgFromCS_AskPingRet:41 Ping CS returned, tick span 0.
04-10-20:09:35.0312 4760 GateServer::CGSKernel::OnMsgFromCS_AskPingRet:41 Ping CS returned, tick span 2.
04-10-20:12:15.0693 4760 GateServer::CGSKernel::OnMsgFromCS_AskPingRet:41 Ping CS returned, tick span 1.
04-10-20:14:55.0875 4760 GateServer::CGSKernel::OnMsgFromCS_AskPingRet:41 Ping CS returned, tick span 2.
04-10-20:17:35.1356 4760 GateServer::CGSKernel::OnMsgFromCS_AskPingRet:41 Ping CS returned, tick span 2.
04-10-20:20:15.1638 4760 GateServer::CGSKernel::OnMsgFromCS_AskPingRet:41 Ping CS returned, tick span 2.
04-10-20:22:55.2480 4760 GateServer::CGSKernel::OnMsgFromCS_AskPingRet:41 Ping CS returned, tick span 2.
04-10-20:25:18.7802 4760 CM2BSession::OnClose:47 BS DisConnect.
