05-15-09:47:28.3655 18312 GateServer::CGSKernel::Initialize:107 CGSKernel Initialize success
05-15-09:47:28.9045 18312 CM2BSession::SendInitData:33 BS Connected, try to register me.
05-15-09:47:28.9065 18312 CM2BSession::OnRealEstablish:42 BS Connected and register ok.
05-15-09:47:29.4345 18312 CM2CSession::SendInitData:34 CS Connected, try to register me.
05-15-09:47:29.4415 18312 CM2CSession::OnRealEstablish:46 CS Connected and register ok
05-15-09:47:29.4675 18312 CM2SSession::SendInitData:36 SS(20001) Connected, try to register me.
05-15-09:47:29.4825 18312 CM2SSession::Msg_Handle_Init:92 register to SS 20001 success at session 3.
05-15-09:47:29.4865 18312 CM2SSession::OnRealEstablish:52 SS(20001) Connected and register ok.
05-15-09:47:29.4885 18312 GateServer::CGSKernel::OnMsgFromCS_AskPingRet:41 Ping CS returned, tick span 1.
05-15-09:50:09.5177 18312 GateServer::CGSKernel::OnMsgFromCS_AskPingRet:41 Ping CS returned, tick span 0.
05-15-09:52:49.6069 18312 GateServer::CGSKernel::OnMsgFromCS_AskPingRet:41 Ping CS returned, tick span 2.
05-15-09:55:29.7010 18312 GateServer::CGSKernel::OnMsgFromCS_AskPingRet:41 Ping CS returned, tick span 2.
05-15-09:58:09.7992 18312 GateServer::CGSKernel::OnMsgFromCS_AskPingRet:41 Ping CS returned, tick span 2.
05-15-10:00:49.8013 18312 GateServer::CGSKernel::OnMsgFromCS_AskPingRet:41 Ping CS returned, tick span 2.
05-15-10:03:29.8325 18312 GateServer::CGSKernel::OnMsgFromCS_AskPingRet:41 Ping CS returned, tick span 2.
05-15-10:06:09.8656 18312 GateServer::CGSKernel::OnMsgFromCS_AskPingRet:41 Ping CS returned, tick span 2.
05-15-10:08:49.9328 18312 GateServer::CGSKernel::OnMsgFromCS_AskPingRet:41 Ping CS returned, tick span 2.
05-15-10:11:29.9959 18312 GateServer::CGSKernel::OnMsgFromCS_AskPingRet:41 Ping CS returned, tick span 2.
05-15-10:14:10.0711 18312 GateServer::CGSKernel::OnMsgFromCS_AskPingRet:41 Ping CS returned, tick span 4.
05-15-10:16:50.0992 18312 GateServer::CGSKernel::OnMsgFromCS_AskPingRet:41 Ping CS returned, tick span 17.
05-15-10:19:30.1564 18312 GateServer::CGSKernel::OnMsgFromCS_AskPingRet:41 Ping CS returned, tick span 4.
05-15-10:22:10.1896 18312 GateServer::CGSKernel::OnMsgFromCS_AskPingRet:41 Ping CS returned, tick span 4.
05-15-10:24:50.1977 18312 GateServer::CGSKernel::OnMsgFromCS_AskPingRet:41 Ping CS returned, tick span 11.
05-15-10:27:30.2009 18312 GateServer::CGSKernel::OnMsgFromCS_AskPingRet:41 Ping CS returned, tick span 5.
05-15-10:30:10.2810 18312 GateServer::CGSKernel::OnMsgFromCS_AskPingRet:41 Ping CS returned, tick span 1.
05-15-10:32:50.3622 18312 GateServer::CGSKernel::OnMsgFromCS_AskPingRet:41 Ping CS returned, tick span 7.
05-15-10:35:30.4603 18312 GateServer::CGSKernel::OnMsgFromCS_AskPingRet:41 Ping CS returned, tick span 10.
05-15-10:38:10.5465 18312 GateServer::CGSKernel::OnMsgFromCS_AskPingRet:41 Ping CS returned, tick span 1.
05-15-10:40:50.6186 18312 GateServer::CGSKernel::OnMsgFromCS_AskPingRet:41 Ping CS returned, tick span 33.
05-15-10:43:30.6168 18312 GateServer::CGSKernel::OnMsgFromCS_AskPingRet:41 Ping CS returned, tick span 3.
05-15-10:46:10.6829 18312 GateServer::CGSKernel::OnMsgFromCS_AskPingRet:41 Ping CS returned, tick span 2.
05-15-10:48:50.7801 18312 GateServer::CGSKernel::OnMsgFromCS_AskPingRet:41 Ping CS returned, tick span 2.
05-15-10:51:30.8583 18312 GateServer::CGSKernel::OnMsgFromCS_AskPingRet:41 Ping CS returned, tick span 2.
05-15-10:54:10.9164 18312 GateServer::CGSKernel::OnMsgFromCS_AskPingRet:41 Ping CS returned, tick span 2.
05-15-10:56:50.9556 18312 GateServer::CGSKernel::OnMsgFromCS_AskPingRet:41 Ping CS returned, tick span 11.
05-15-10:59:31.0407 18312 GateServer::CGSKernel::OnMsgFromCS_AskPingRet:41 Ping CS returned, tick span 3.
05-15-11:02:11.0509 18312 GateServer::CGSKernel::OnMsgFromCS_AskPingRet:41 Ping CS returned, tick span 2.
05-15-11:04:51.1120 18312 GateServer::CGSKernel::OnMsgFromCS_AskPingRet:41 Ping CS returned, tick span 2.
05-15-11:07:31.1582 18312 GateServer::CGSKernel::OnMsgFromCS_AskPingRet:41 Ping CS returned, tick span 2.
05-15-11:10:11.1633 18312 GateServer::CGSKernel::OnMsgFromCS_AskPingRet:41 Ping CS returned, tick span 2.
05-15-11:12:51.1675 18312 GateServer::CGSKernel::OnMsgFromCS_AskPingRet:41 Ping CS returned, tick span 2.
05-15-11:15:31.1866 18312 GateServer::CGSKernel::OnMsgFromCS_AskPingRet:41 Ping CS returned, tick span 2.
05-15-11:18:11.2178 18312 GateServer::CGSKernel::OnMsgFromCS_AskPingRet:41 Ping CS returned, tick span 2.
05-15-11:20:51.2249 18312 GateServer::CGSKernel::OnMsgFromCS_AskPingRet:41 Ping CS returned, tick span 2.
05-15-11:23:31.2301 18312 GateServer::CGSKernel::OnMsgFromCS_AskPingRet:41 Ping CS returned, tick span 2.
05-15-11:26:11.2403 18312 GateServer::CGSKernel::OnMsgFromCS_AskPingRet:41 Ping CS returned, tick span 2.
05-15-11:28:51.2654 18312 GateServer::CGSKernel::OnMsgFromCS_AskPingRet:41 Ping CS returned, tick span 2.
05-15-11:31:31.2716 18312 GateServer::CGSKernel::OnMsgFromCS_AskPingRet:41 Ping CS returned, tick span 2.
05-15-11:34:11.2747 18312 GateServer::CGSKernel::OnMsgFromCS_AskPingRet:41 Ping CS returned, tick span 2.
05-15-11:36:51.2999 18312 GateServer::CGSKernel::OnMsgFromCS_AskPingRet:41 Ping CS returned, tick span 2.
05-15-11:39:31.3110 18312 GateServer::CGSKernel::OnMsgFromCS_AskPingRet:41 Ping CS returned, tick span 2.
05-15-11:42:11.3192 18312 GateServer::CGSKernel::OnMsgFromCS_AskPingRet:41 Ping CS returned, tick span 2.
05-15-11:44:51.3583 18312 GateServer::CGSKernel::OnMsgFromCS_AskPingRet:41 Ping CS returned, tick span 2.
05-15-11:47:31.3655 18312 GateServer::CGSKernel::OnMsgFromCS_AskPingRet:41 Ping CS returned, tick span 2.
05-15-11:50:11.3746 18312 GateServer::CGSKernel::OnMsgFromCS_AskPingRet:41 Ping CS returned, tick span 2.
05-15-11:52:51.3798 18312 GateServer::CGSKernel::OnMsgFromCS_AskPingRet:41 Ping CS returned, tick span 2.
05-15-11:55:31.3859 18312 GateServer::CGSKernel::OnMsgFromCS_AskPingRet:41 Ping CS returned, tick span 2.
05-15-11:58:11.4011 18312 GateServer::CGSKernel::OnMsgFromCS_AskPingRet:41 Ping CS returned, tick span 2.
05-15-12:00:51.4282 18312 GateServer::CGSKernel::OnMsgFromCS_AskPingRet:41 Ping CS returned, tick span 2.
05-15-12:03:31.4614 18312 GateServer::CGSKernel::OnMsgFromCS_AskPingRet:41 Ping CS returned, tick span 2.
05-15-12:06:11.4725 18312 GateServer::CGSKernel::OnMsgFromCS_AskPingRet:41 Ping CS returned, tick span 2.
05-15-12:08:51.4987 18312 GateServer::CGSKernel::OnMsgFromCS_AskPingRet:41 Ping CS returned, tick span 2.
05-15-12:11:31.5048 18312 GateServer::CGSKernel::OnMsgFromCS_AskPingRet:41 Ping CS returned, tick span 2.
05-15-12:14:11.5150 18312 GateServer::CGSKernel::OnMsgFromCS_AskPingRet:41 Ping CS returned, tick span 2.
05-15-12:16:51.5341 18312 GateServer::CGSKernel::OnMsgFromCS_AskPingRet:41 Ping CS returned, tick span 2.
05-15-12:19:31.5423 18312 GateServer::CGSKernel::OnMsgFromCS_AskPingRet:41 Ping CS returned, tick span 2.
05-15-12:22:11.5615 18312 GateServer::CGSKernel::OnMsgFromCS_AskPingRet:41 Ping CS returned, tick span 2.
05-15-12:24:51.5826 18312 GateServer::CGSKernel::OnMsgFromCS_AskPingRet:41 Ping CS returned, tick span 2.
05-15-12:27:31.5888 18312 GateServer::CGSKernel::OnMsgFromCS_AskPingRet:41 Ping CS returned, tick span 2.
05-15-12:30:11.6049 18312 GateServer::CGSKernel::OnMsgFromCS_AskPingRet:41 Ping CS returned, tick span 2.
05-15-12:32:51.6141 18312 GateServer::CGSKernel::OnMsgFromCS_AskPingRet:41 Ping CS returned, tick span 2.
05-15-12:35:31.6172 18312 GateServer::CGSKernel::OnMsgFromCS_AskPingRet:41 Ping CS returned, tick span 2.
05-15-12:38:11.6214 18312 GateServer::CGSKernel::OnMsgFromCS_AskPingRet:41 Ping CS returned, tick span 2.
05-15-12:40:51.6355 18312 GateServer::CGSKernel::OnMsgFromCS_AskPingRet:41 Ping CS returned, tick span 2.
05-15-12:43:31.6477 18312 GateServer::CGSKernel::OnMsgFromCS_AskPingRet:41 Ping CS returned, tick span 2.
05-15-12:46:11.6738 18312 GateServer::CGSKernel::OnMsgFromCS_AskPingRet:41 Ping CS returned, tick span 2.
05-15-12:48:51.6900 18312 GateServer::CGSKernel::OnMsgFromCS_AskPingRet:41 Ping CS returned, tick span 2.
05-15-12:51:31.7521 18312 GateServer::CGSKernel::OnMsgFromCS_AskPingRet:41 Ping CS returned, tick span 2.
05-15-12:54:11.7893 18312 GateServer::CGSKernel::OnMsgFromCS_AskPingRet:41 Ping CS returned, tick span 2.
05-15-12:56:51.7954 18312 GateServer::CGSKernel::OnMsgFromCS_AskPingRet:41 Ping CS returned, tick span 2.
05-15-12:59:31.8196 18312 GateServer::CGSKernel::OnMsgFromCS_AskPingRet:41 Ping CS returned, tick span 2.
05-15-13:02:11.8387 18312 GateServer::CGSKernel::OnMsgFromCS_AskPingRet:41 Ping CS returned, tick span 2.
05-15-13:04:51.8849 18312 GateServer::CGSKernel::OnMsgFromCS_AskPingRet:41 Ping CS returned, tick span 2.
05-15-13:07:31.8970 18312 GateServer::CGSKernel::OnMsgFromCS_AskPingRet:41 Ping CS returned, tick span 2.
05-15-13:10:11.9382 18312 GateServer::CGSKernel::OnMsgFromCS_AskPingRet:41 Ping CS returned, tick span 2.
05-15-13:12:51.9514 18312 GateServer::CGSKernel::OnMsgFromCS_AskPingRet:41 Ping CS returned, tick span 2.
05-15-13:15:31.9675 18312 GateServer::CGSKernel::OnMsgFromCS_AskPingRet:41 Ping CS returned, tick span 1.
05-15-13:18:11.9897 18312 GateServer::CGSKernel::OnMsgFromCS_AskPingRet:41 Ping CS returned, tick span 2.
05-15-13:20:51.9898 18312 GateServer::CGSKernel::OnMsgFromCS_AskPingRet:41 Ping CS returned, tick span 2.
05-15-13:23:31.9930 18312 GateServer::CGSKernel::OnMsgFromCS_AskPingRet:41 Ping CS returned, tick span 2.
05-15-13:26:11.9971 18312 GateServer::CGSKernel::OnMsgFromCS_AskPingRet:41 Ping CS returned, tick span 2.
05-15-13:28:52.0033 18312 GateServer::CGSKernel::OnMsgFromCS_AskPingRet:41 Ping CS returned, tick span 2.
05-15-13:31:32.0104 18312 GateServer::CGSKernel::OnMsgFromCS_AskPingRet:41 Ping CS returned, tick span 2.
05-15-13:34:12.0206 18312 GateServer::CGSKernel::OnMsgFromCS_AskPingRet:41 Ping CS returned, tick span 2.
05-15-13:36:52.0337 18312 GateServer::CGSKernel::OnMsgFromCS_AskPingRet:41 Ping CS returned, tick span 2.
05-15-13:39:32.0649 18312 GateServer::CGSKernel::OnMsgFromCS_AskPingRet:41 Ping CS returned, tick span 2.
05-15-13:42:12.0800 18312 GateServer::CGSKernel::OnMsgFromCS_AskPingRet:41 Ping CS returned, tick span 2.
05-15-13:44:52.0862 18312 GateServer::CGSKernel::OnMsgFromCS_AskPingRet:41 Ping CS returned, tick span 2.
05-15-13:47:32.0873 18312 GateServer::CGSKernel::OnMsgFromCS_AskPingRet:41 Ping CS returned, tick span 2.
05-15-13:50:12.0995 18312 GateServer::CGSKernel::OnMsgFromCS_AskPingRet:41 Ping CS returned, tick span 1.
05-15-13:52:52.1376 18312 GateServer::CGSKernel::OnMsgFromCS_AskPingRet:41 Ping CS returned, tick span 2.
05-15-13:55:32.1398 18312 GateServer::CGSKernel::OnMsgFromCS_AskPingRet:41 Ping CS returned, tick span 2.
05-15-13:58:12.1579 18312 GateServer::CGSKernel::OnMsgFromCS_AskPingRet:41 Ping CS returned, tick span 2.
05-15-14:00:52.1661 18312 GateServer::CGSKernel::OnMsgFromCS_AskPingRet:41 Ping CS returned, tick span 2.
05-15-14:03:32.1762 18312 GateServer::CGSKernel::OnMsgFromCS_AskPingRet:41 Ping CS returned, tick span 2.
05-15-14:06:12.1864 18312 GateServer::CGSKernel::OnMsgFromCS_AskPingRet:41 Ping CS returned, tick span 2.
05-15-14:08:52.1915 18312 GateServer::CGSKernel::OnMsgFromCS_AskPingRet:41 Ping CS returned, tick span 2.
05-15-14:11:32.1957 18312 GateServer::CGSKernel::OnMsgFromCS_AskPingRet:41 Ping CS returned, tick span 2.
05-15-14:14:12.1978 18312 GateServer::CGSKernel::OnMsgFromCS_AskPingRet:41 Ping CS returned, tick span 2.
05-15-14:16:52.2000 18312 GateServer::CGSKernel::OnMsgFromCS_AskPingRet:41 Ping CS returned, tick span 2.
05-15-14:19:32.2102 18312 GateServer::CGSKernel::OnMsgFromCS_AskPingRet:41 Ping CS returned, tick span 2.
05-15-14:22:12.2533 18312 GateServer::CGSKernel::OnMsgFromCS_AskPingRet:41 Ping CS returned, tick span 2.
05-15-14:24:52.2565 18312 GateServer::CGSKernel::OnMsgFromCS_AskPingRet:41 Ping CS returned, tick span 2.
05-15-14:27:32.2736 18312 GateServer::CGSKernel::OnMsgFromCS_AskPingRet:41 Ping CS returned, tick span 2.
05-15-14:30:12.2868 18312 GateServer::CGSKernel::OnMsgFromCS_AskPingRet:41 Ping CS returned, tick span 2.
05-15-14:32:52.2909 18312 GateServer::CGSKernel::OnMsgFromCS_AskPingRet:41 Ping CS returned, tick span 2.
05-15-14:35:32.2951 18312 GateServer::CGSKernel::OnMsgFromCS_AskPingRet:41 Ping CS returned, tick span 2.
05-15-14:38:12.3012 18312 GateServer::CGSKernel::OnMsgFromCS_AskPingRet:41 Ping CS returned, tick span 2.
05-15-14:40:52.3204 18312 GateServer::CGSKernel::OnMsgFromCS_AskPingRet:41 Ping CS returned, tick span 2.
05-15-14:43:32.3305 18312 GateServer::CGSKernel::OnMsgFromCS_AskPingRet:41 Ping CS returned, tick span 2.
05-15-14:46:12.3687 18312 GateServer::CGSKernel::OnMsgFromCS_AskPingRet:41 Ping CS returned, tick span 2.
05-15-14:48:52.3788 18312 GateServer::CGSKernel::OnMsgFromCS_AskPingRet:41 Ping CS returned, tick span 2.
05-15-14:51:32.4080 18312 GateServer::CGSKernel::OnMsgFromCS_AskPingRet:41 Ping CS returned, tick span 2.
05-15-14:54:12.4121 18312 GateServer::CGSKernel::OnMsgFromCS_AskPingRet:41 Ping CS returned, tick span 2.
05-15-14:56:52.4213 18312 GateServer::CGSKernel::OnMsgFromCS_AskPingRet:41 Ping CS returned, tick span 2.
05-15-14:59:32.4304 18312 GateServer::CGSKernel::OnMsgFromCS_AskPingRet:41 Ping CS returned, tick span 2.
05-15-15:02:12.4426 18312 GateServer::CGSKernel::OnMsgFromCS_AskPingRet:41 Ping CS returned, tick span 2.
05-15-15:04:52.4817 18312 GateServer::CGSKernel::OnMsgFromCS_AskPingRet:41 Ping CS returned, tick span 2.
05-15-15:07:32.5009 18312 GateServer::CGSKernel::OnMsgFromCS_AskPingRet:41 Ping CS returned, tick span 2.
05-15-15:10:12.5230 18312 GateServer::CGSKernel::OnMsgFromCS_AskPingRet:41 Ping CS returned, tick span 2.
05-15-15:12:52.5352 18312 GateServer::CGSKernel::OnMsgFromCS_AskPingRet:41 Ping CS returned, tick span 2.
05-15-15:15:32.5644 18312 GateServer::CGSKernel::OnMsgFromCS_AskPingRet:41 Ping CS returned, tick span 2.
05-15-15:18:12.5765 18312 GateServer::CGSKernel::OnMsgFromCS_AskPingRet:41 Ping CS returned, tick span 2.
05-15-15:20:52.5847 18312 GateServer::CGSKernel::OnMsgFromCS_AskPingRet:41 Ping CS returned, tick span 2.
05-15-15:23:32.6448 18312 GateServer::CGSKernel::OnMsgFromCS_AskPingRet:41 Ping CS returned, tick span 2.
05-15-15:26:12.6530 18312 GateServer::CGSKernel::OnMsgFromCS_AskPingRet:41 Ping CS returned, tick span 2.
05-15-15:28:52.6741 18312 GateServer::CGSKernel::OnMsgFromCS_AskPingRet:41 Ping CS returned, tick span 1.
05-15-15:31:32.6763 18312 GateServer::CGSKernel::OnMsgFromCS_AskPingRet:41 Ping CS returned, tick span 2.
05-15-15:34:12.6834 18312 GateServer::CGSKernel::OnMsgFromCS_AskPingRet:41 Ping CS returned, tick span 2.
05-15-15:36:52.6836 18312 GateServer::CGSKernel::OnMsgFromCS_AskPingRet:41 Ping CS returned, tick span 2.
05-15-15:39:32.7157 18312 GateServer::CGSKernel::OnMsgFromCS_AskPingRet:41 Ping CS returned, tick span 2.
05-15-15:42:12.7569 18312 GateServer::CGSKernel::OnMsgFromCS_AskPingRet:41 Ping CS returned, tick span 2.
05-15-15:44:52.8060 18312 GateServer::CGSKernel::OnMsgFromCS_AskPingRet:41 Ping CS returned, tick span 2.
05-15-15:47:32.8112 18312 GateServer::CGSKernel::OnMsgFromCS_AskPingRet:41 Ping CS returned, tick span 2.
05-15-15:50:12.9033 18312 GateServer::CGSKernel::OnMsgFromCS_AskPingRet:41 Ping CS returned, tick span 2.
05-15-15:52:52.9205 18312 GateServer::CGSKernel::OnMsgFromCS_AskPingRet:41 Ping CS returned, tick span 2.
05-15-15:55:32.9416 18312 GateServer::CGSKernel::OnMsgFromCS_AskPingRet:41 Ping CS returned, tick span 2.
05-15-15:58:12.9868 18312 GateServer::CGSKernel::OnMsgFromCS_AskPingRet:41 Ping CS returned, tick span 2.
05-15-16:00:52.9890 18312 GateServer::CGSKernel::OnMsgFromCS_AskPingRet:41 Ping CS returned, tick span 2.
05-15-16:03:32.9981 18312 GateServer::CGSKernel::OnMsgFromCS_AskPingRet:41 Ping CS returned, tick span 2.
05-15-16:06:13.0223 18312 GateServer::CGSKernel::OnMsgFromCS_AskPingRet:41 Ping CS returned, tick span 2.
05-15-16:08:53.0334 18312 GateServer::CGSKernel::OnMsgFromCS_AskPingRet:41 Ping CS returned, tick span 2.
05-15-16:11:33.0386 18312 GateServer::CGSKernel::OnMsgFromCS_AskPingRet:41 Ping CS returned, tick span 2.
05-15-16:14:13.0467 18312 GateServer::CGSKernel::OnMsgFromCS_AskPingRet:41 Ping CS returned, tick span 2.
05-15-16:16:53.0499 18312 GateServer::CGSKernel::OnMsgFromCS_AskPingRet:41 Ping CS returned, tick span 2.
05-15-16:19:33.0630 18312 GateServer::CGSKernel::OnMsgFromCS_AskPingRet:41 Ping CS returned, tick span 2.
05-15-16:22:13.0692 18312 GateServer::CGSKernel::OnMsgFromCS_AskPingRet:41 Ping CS returned, tick span 2.
05-15-16:24:53.0713 18312 GateServer::CGSKernel::OnMsgFromCS_AskPingRet:41 Ping CS returned, tick span 2.
05-15-16:27:33.0995 18312 GateServer::CGSKernel::OnMsgFromCS_AskPingRet:41 Ping CS returned, tick span 2.
05-15-16:30:13.1326 18312 GateServer::CGSKernel::OnMsgFromCS_AskPingRet:41 Ping CS returned, tick span 2.
05-15-16:32:53.1778 18312 GateServer::CGSKernel::OnMsgFromCS_AskPingRet:41 Ping CS returned, tick span 2.
05-15-16:35:33.2549 18312 GateServer::CGSKernel::OnMsgFromCS_AskPingRet:41 Ping CS returned, tick span 3.
05-15-16:38:13.3291 18312 GateServer::CGSKernel::OnMsgFromCS_AskPingRet:41 Ping CS returned, tick span 2.
05-15-16:40:53.3522 18312 GateServer::CGSKernel::OnMsgFromCS_AskPingRet:41 Ping CS returned, tick span 2.
05-15-16:43:33.4084 18312 GateServer::CGSKernel::OnMsgFromCS_AskPingRet:41 Ping CS returned, tick span 2.
05-15-16:46:13.4316 18312 GateServer::CGSKernel::OnMsgFromCS_AskPingRet:41 Ping CS returned, tick span 2.
05-15-16:48:53.4977 18312 GateServer::CGSKernel::OnMsgFromCS_AskPingRet:41 Ping CS returned, tick span 2.
05-15-16:51:33.5909 18312 GateServer::CGSKernel::OnMsgFromCS_AskPingRet:41 Ping CS returned, tick span 2.
05-15-16:54:13.6340 18312 GateServer::CGSKernel::OnMsgFromCS_AskPingRet:41 Ping CS returned, tick span 2.
05-15-16:56:53.6562 18312 GateServer::CGSKernel::OnMsgFromCS_AskPingRet:41 Ping CS returned, tick span 0.
05-15-16:59:33.6623 18312 GateServer::CGSKernel::OnMsgFromCS_AskPingRet:41 Ping CS returned, tick span 2.
05-15-17:02:13.6755 18312 GateServer::CGSKernel::OnMsgFromCS_AskPingRet:41 Ping CS returned, tick span 2.
05-15-17:04:53.6756 18312 GateServer::CGSKernel::OnMsgFromCS_AskPingRet:41 Ping CS returned, tick span 2.
05-15-17:07:33.6778 18312 GateServer::CGSKernel::OnMsgFromCS_AskPingRet:41 Ping CS returned, tick span 2.
05-15-17:10:13.6949 18312 GateServer::CGSKernel::OnMsgFromCS_AskPingRet:41 Ping CS returned, tick span 2.
05-15-17:12:53.7411 18312 GateServer::CGSKernel::OnMsgFromCS_AskPingRet:41 Ping CS returned, tick span 2.
05-15-17:15:33.7812 18312 GateServer::CGSKernel::OnMsgFromCS_AskPingRet:41 Ping CS returned, tick span 2.
05-15-17:18:13.7864 18312 GateServer::CGSKernel::OnMsgFromCS_AskPingRet:41 Ping CS returned, tick span 2.
05-15-17:20:53.7965 18312 GateServer::CGSKernel::OnMsgFromCS_AskPingRet:41 Ping CS returned, tick span 2.
05-15-17:23:33.8107 18312 GateServer::CGSKernel::OnMsgFromCS_AskPingRet:41 Ping CS returned, tick span 2.
05-15-17:26:13.8158 18312 GateServer::CGSKernel::OnMsgFromCS_AskPingRet:41 Ping CS returned, tick span 2.
05-15-17:28:53.8270 18312 GateServer::CGSKernel::OnMsgFromCS_AskPingRet:41 Ping CS returned, tick span 2.
05-15-17:31:33.8502 18312 GateServer::CGSKernel::OnMsgFromCS_AskPingRet:41 Ping CS returned, tick span 2.
05-15-17:34:13.8663 18312 GateServer::CGSKernel::OnMsgFromCS_AskPingRet:41 Ping CS returned, tick span 2.
05-15-17:36:53.8835 18312 GateServer::CGSKernel::OnMsgFromCS_AskPingRet:41 Ping CS returned, tick span 2.
05-15-17:39:33.9046 18312 GateServer::CGSKernel::OnMsgFromCS_AskPingRet:41 Ping CS returned, tick span 2.
05-15-17:42:13.9128 18312 GateServer::CGSKernel::OnMsgFromCS_AskPingRet:41 Ping CS returned, tick span 2.
05-15-17:44:53.9199 18312 GateServer::CGSKernel::OnMsgFromCS_AskPingRet:41 Ping CS returned, tick span 3.
05-15-17:47:33.9271 18312 GateServer::CGSKernel::OnMsgFromCS_AskPingRet:41 Ping CS returned, tick span 2.
05-15-17:50:13.9342 18312 GateServer::CGSKernel::OnMsgFromCS_AskPingRet:41 Ping CS returned, tick span 2.
05-15-17:52:53.9444 18312 GateServer::CGSKernel::OnMsgFromCS_AskPingRet:41 Ping CS returned, tick span 2.
05-15-17:55:33.9485 18312 GateServer::CGSKernel::OnMsgFromCS_AskPingRet:41 Ping CS returned, tick span 2.
05-15-17:58:13.9577 18312 GateServer::CGSKernel::OnMsgFromCS_AskPingRet:41 Ping CS returned, tick span 2.
05-15-18:00:53.9668 18312 GateServer::CGSKernel::OnMsgFromCS_AskPingRet:41 Ping CS returned, tick span 2.
05-15-18:03:33.9830 18312 GateServer::CGSKernel::OnMsgFromCS_AskPingRet:41 Ping CS returned, tick span 2.
05-15-18:06:13.9941 18312 GateServer::CGSKernel::OnMsgFromCS_AskPingRet:41 Ping CS returned, tick span 2.
05-15-18:08:54.0063 18312 GateServer::CGSKernel::OnMsgFromCS_AskPingRet:41 Ping CS returned, tick span 2.
05-15-18:11:34.0154 18312 GateServer::CGSKernel::OnMsgFromCS_AskPingRet:41 Ping CS returned, tick span 0.
05-15-18:14:14.0366 18312 GateServer::CGSKernel::OnMsgFromCS_AskPingRet:41 Ping CS returned, tick span 2.
05-15-18:16:54.1047 18312 GateServer::CGSKernel::OnMsgFromCS_AskPingRet:41 Ping CS returned, tick span 2.
05-15-18:19:34.1409 18312 GateServer::CGSKernel::OnMsgFromCS_AskPingRet:41 Ping CS returned, tick span 2.
05-15-18:22:14.1911 18312 GateServer::CGSKernel::OnMsgFromCS_AskPingRet:41 Ping CS returned, tick span 2.
05-15-18:24:54.1992 18312 GateServer::CGSKernel::OnMsgFromCS_AskPingRet:41 Ping CS returned, tick span 2.
05-15-18:27:34.2184 18312 GateServer::CGSKernel::OnMsgFromCS_AskPingRet:41 Ping CS returned, tick span 2.
05-15-18:30:14.2355 18312 GateServer::CGSKernel::OnMsgFromCS_AskPingRet:41 Ping CS returned, tick span 2.
05-15-18:32:54.2457 18312 GateServer::CGSKernel::OnMsgFromCS_AskPingRet:41 Ping CS returned, tick span 2.
05-15-18:35:34.2518 18312 GateServer::CGSKernel::OnMsgFromCS_AskPingRet:41 Ping CS returned, tick span 2.
05-15-18:38:14.2560 18312 GateServer::CGSKernel::OnMsgFromCS_AskPingRet:41 Ping CS returned, tick span 2.
05-15-18:40:54.2681 18312 GateServer::CGSKernel::OnMsgFromCS_AskPingRet:41 Ping CS returned, tick span 2.
05-15-18:43:34.2713 18312 GateServer::CGSKernel::OnMsgFromCS_AskPingRet:41 Ping CS returned, tick span 2.
05-15-18:46:14.2804 18312 GateServer::CGSKernel::OnMsgFromCS_AskPingRet:41 Ping CS returned, tick span 2.
05-15-18:48:54.3026 18312 GateServer::CGSKernel::OnMsgFromCS_AskPingRet:41 Ping CS returned, tick span 2.
05-15-18:51:34.3097 18312 GateServer::CGSKernel::OnMsgFromCS_AskPingRet:41 Ping CS returned, tick span 2.
05-15-18:54:14.3769 18312 GateServer::CGSKernel::OnMsgFromCS_AskPingRet:41 Ping CS returned, tick span 2.
05-15-18:56:54.3990 18312 GateServer::CGSKernel::OnMsgFromCS_AskPingRet:41 Ping CS returned, tick span 2.
05-15-18:59:34.4122 18312 GateServer::CGSKernel::OnMsgFromCS_AskPingRet:41 Ping CS returned, tick span 2.
05-15-19:02:14.4193 18312 GateServer::CGSKernel::OnMsgFromCS_AskPingRet:41 Ping CS returned, tick span 2.
05-15-19:04:54.4205 18312 GateServer::CGSKernel::OnMsgFromCS_AskPingRet:41 Ping CS returned, tick span 2.
05-15-19:07:34.4496 18312 GateServer::CGSKernel::OnMsgFromCS_AskPingRet:41 Ping CS returned, tick span 2.
05-15-19:10:14.4768 18312 GateServer::CGSKernel::OnMsgFromCS_AskPingRet:41 Ping CS returned, tick span 2.
05-15-19:12:54.5239 18312 GateServer::CGSKernel::OnMsgFromCS_AskPingRet:41 Ping CS returned, tick span 2.
05-15-19:15:34.5461 18312 GateServer::CGSKernel::OnMsgFromCS_AskPingRet:41 Ping CS returned, tick span 2.
05-15-19:18:14.5753 18312 GateServer::CGSKernel::OnMsgFromCS_AskPingRet:41 Ping CS returned, tick span 2.
05-15-19:20:54.5854 18312 GateServer::CGSKernel::OnMsgFromCS_AskPingRet:41 Ping CS returned, tick span 2.
05-15-19:23:34.5926 18312 GateServer::CGSKernel::OnMsgFromCS_AskPingRet:41 Ping CS returned, tick span 2.
05-15-19:26:14.6007 18312 GateServer::CGSKernel::OnMsgFromCS_AskPingRet:41 Ping CS returned, tick span 2.
05-15-19:28:54.6029 18312 GateServer::CGSKernel::OnMsgFromCS_AskPingRet:41 Ping CS returned, tick span 2.
05-15-19:31:34.6040 18312 GateServer::CGSKernel::OnMsgFromCS_AskPingRet:41 Ping CS returned, tick span 2.
05-15-19:34:14.6122 18312 GateServer::CGSKernel::OnMsgFromCS_AskPingRet:41 Ping CS returned, tick span 2.
05-15-19:36:54.6373 18312 GateServer::CGSKernel::OnMsgFromCS_AskPingRet:41 Ping CS returned, tick span 2.
05-15-19:39:34.6395 18312 GateServer::CGSKernel::OnMsgFromCS_AskPingRet:41 Ping CS returned, tick span 2.
05-15-19:42:14.6446 18312 GateServer::CGSKernel::OnMsgFromCS_AskPingRet:41 Ping CS returned, tick span 2.
05-15-19:44:54.6508 18312 GateServer::CGSKernel::OnMsgFromCS_AskPingRet:41 Ping CS returned, tick span 2.
05-15-19:47:34.6589 18312 GateServer::CGSKernel::OnMsgFromCS_AskPingRet:41 Ping CS returned, tick span 2.
05-15-19:50:14.6661 18312 GateServer::CGSKernel::OnMsgFromCS_AskPingRet:41 Ping CS returned, tick span 2.
05-15-19:52:54.6712 18312 GateServer::CGSKernel::OnMsgFromCS_AskPingRet:41 Ping CS returned, tick span 2.
05-15-19:55:34.6834 18312 GateServer::CGSKernel::OnMsgFromCS_AskPingRet:41 Ping CS returned, tick span 2.
05-15-19:58:14.7075 18312 GateServer::CGSKernel::OnMsgFromCS_AskPingRet:41 Ping CS returned, tick span 2.
05-15-20:00:54.7207 18312 GateServer::CGSKernel::OnMsgFromCS_AskPingRet:41 Ping CS returned, tick span 2.
05-15-20:03:34.7428 18312 GateServer::CGSKernel::OnMsgFromCS_AskPingRet:41 Ping CS returned, tick span 2.
05-15-20:06:14.7540 18312 GateServer::CGSKernel::OnMsgFromCS_AskPingRet:41 Ping CS returned, tick span 2.
05-15-20:08:54.7771 18312 GateServer::CGSKernel::OnMsgFromCS_AskPingRet:41 Ping CS returned, tick span 2.
05-15-20:11:34.7833 18312 GateServer::CGSKernel::OnMsgFromCS_AskPingRet:41 Ping CS returned, tick span 2.
05-15-20:14:14.7884 18312 GateServer::CGSKernel::OnMsgFromCS_AskPingRet:41 Ping CS returned, tick span 2.
05-15-20:16:54.7976 18312 GateServer::CGSKernel::OnMsgFromCS_AskPingRet:41 Ping CS returned, tick span 2.
05-15-20:19:34.8398 18312 GateServer::CGSKernel::OnMsgFromCS_AskPingRet:41 Ping CS returned, tick span 2.
05-15-20:22:14.9299 18312 GateServer::CGSKernel::OnMsgFromCS_AskPingRet:41 Ping CS returned, tick span 2.
05-15-20:24:54.9861 18312 GateServer::CGSKernel::OnMsgFromCS_AskPingRet:41 Ping CS returned, tick span 2.
05-15-20:27:35.0432 18312 GateServer::CGSKernel::OnMsgFromCS_AskPingRet:41 Ping CS returned, tick span 2.
05-15-20:30:15.1384 18312 GateServer::CGSKernel::OnMsgFromCS_AskPingRet:41 Ping CS returned, tick span 2.
05-15-20:32:55.1545 18312 GateServer::CGSKernel::OnMsgFromCS_AskPingRet:41 Ping CS returned, tick span 2.
05-15-20:35:35.2357 18312 GateServer::CGSKernel::OnMsgFromCS_AskPingRet:41 Ping CS returned, tick span 2.
05-15-20:38:15.3088 18312 GateServer::CGSKernel::OnMsgFromCS_AskPingRet:41 Ping CS returned, tick span 2.
05-15-20:40:55.3410 18312 GateServer::CGSKernel::OnMsgFromCS_AskPingRet:41 Ping CS returned, tick span 2.
05-15-20:43:35.3481 18312 GateServer::CGSKernel::OnMsgFromCS_AskPingRet:41 Ping CS returned, tick span 2.
05-15-20:46:15.4083 18312 GateServer::CGSKernel::OnMsgFromCS_AskPingRet:41 Ping CS returned, tick span 6.
05-15-20:48:55.4045 18312 GateServer::CGSKernel::OnMsgFromCS_AskPingRet:41 Ping CS returned, tick span 2.
05-15-20:51:35.4996 18312 GateServer::CGSKernel::OnMsgFromCS_AskPingRet:41 Ping CS returned, tick span 2.
05-15-20:54:15.5748 18312 GateServer::CGSKernel::OnMsgFromCS_AskPingRet:41 Ping CS returned, tick span 2.
05-15-20:56:55.5779 18312 GateServer::CGSKernel::OnMsgFromCS_AskPingRet:41 Ping CS returned, tick span 2.
05-15-20:59:35.6061 18312 GateServer::CGSKernel::OnMsgFromCS_AskPingRet:41 Ping CS returned, tick span 2.
05-15-21:02:15.6612 18312 GateServer::CGSKernel::OnMsgFromCS_AskPingRet:41 Ping CS returned, tick span 2.
05-15-21:04:55.7274 18312 GateServer::CGSKernel::OnMsgFromCS_AskPingRet:41 Ping CS returned, tick span 2.
05-15-21:07:35.8005 18312 GateServer::CGSKernel::OnMsgFromCS_AskPingRet:41 Ping CS returned, tick span 2.
05-15-21:10:15.8797 18312 GateServer::CGSKernel::OnMsgFromCS_AskPingRet:41 Ping CS returned, tick span 4.
05-15-21:12:55.8918 18312 GateServer::CGSKernel::OnMsgFromCS_AskPingRet:41 Ping CS returned, tick span 1.
05-15-21:15:35.9250 18312 GateServer::CGSKernel::OnMsgFromCS_AskPingRet:41 Ping CS returned, tick span 2.
05-15-21:18:16.0152 18312 GateServer::CGSKernel::OnMsgFromCS_AskPingRet:41 Ping CS returned, tick span 1.
05-15-21:20:56.0603 18312 GateServer::CGSKernel::OnMsgFromCS_AskPingRet:41 Ping CS returned, tick span 2.
05-15-21:23:36.1265 18312 GateServer::CGSKernel::OnMsgFromCS_AskPingRet:41 Ping CS returned, tick span 2.
05-15-21:26:16.1796 18312 GateServer::CGSKernel::OnMsgFromCS_AskPingRet:41 Ping CS returned, tick span 2.
05-15-21:28:56.2178 18312 GateServer::CGSKernel::OnMsgFromCS_AskPingRet:41 Ping CS returned, tick span 2.
05-15-21:31:36.2819 18312 GateServer::CGSKernel::OnMsgFromCS_AskPingRet:41 Ping CS returned, tick span 2.
05-15-21:34:16.3451 18312 GateServer::CGSKernel::OnMsgFromCS_AskPingRet:41 Ping CS returned, tick span 2.
05-15-21:36:56.4132 18312 GateServer::CGSKernel::OnMsgFromCS_AskPingRet:41 Ping CS returned, tick span 1.
05-15-21:39:36.4154 18312 GateServer::CGSKernel::OnMsgFromCS_AskPingRet:41 Ping CS returned, tick span 2.
05-15-21:42:16.4735 18312 GateServer::CGSKernel::OnMsgFromCS_AskPingRet:41 Ping CS returned, tick span 2.
05-15-21:44:56.5677 18312 GateServer::CGSKernel::OnMsgFromCS_AskPingRet:41 Ping CS returned, tick span 2.
05-15-21:47:36.6249 18312 GateServer::CGSKernel::OnMsgFromCS_AskPingRet:41 Ping CS returned, tick span 6.
05-15-21:50:16.7140 18312 GateServer::CGSKernel::OnMsgFromCS_AskPingRet:41 Ping CS returned, tick span 7.
05-15-21:52:56.7822 18312 GateServer::CGSKernel::OnMsgFromCS_AskPingRet:41 Ping CS returned, tick span 1.
05-15-21:55:36.7963 18312 GateServer::CGSKernel::OnMsgFromCS_AskPingRet:41 Ping CS returned, tick span 31.
05-15-21:58:16.8475 18312 GateServer::CGSKernel::OnMsgFromCS_AskPingRet:41 Ping CS returned, tick span 4.
05-15-22:00:56.8996 18312 GateServer::CGSKernel::OnMsgFromCS_AskPingRet:41 Ping CS returned, tick span 5.
05-15-22:03:36.9078 18312 GateServer::CGSKernel::OnMsgFromCS_AskPingRet:41 Ping CS returned, tick span 4.
05-15-22:06:16.9609 18312 GateServer::CGSKernel::OnMsgFromCS_AskPingRet:41 Ping CS returned, tick span 6.
05-15-22:08:56.9881 18312 GateServer::CGSKernel::OnMsgFromCS_AskPingRet:41 Ping CS returned, tick span 2.
05-15-22:11:37.0362 18312 GateServer::CGSKernel::OnMsgFromCS_AskPingRet:41 Ping CS returned, tick span 10.
05-15-22:14:17.1054 18312 GateServer::CGSKernel::OnMsgFromCS_AskPingRet:41 Ping CS returned, tick span 3.
05-15-22:14:42.2228 18312 CM2SSession::OnClose:64 SS(20001) DisConnect.
05-15-22:14:47.4811 18312 CM2BSession::OnClose:47 BS DisConnect.
