04-09-21:30:20.7667 9480 GateServer::CGSKernel::Initialize:107 CGSKernel Initialize success
04-09-21:30:21.2787 9480 CM2CSession::SendInitData:34 CS Connected, try to register me.
04-09-21:30:21.2837 9480 CM2CSession::OnRealEstablish:46 CS Connected and register ok
04-09-21:30:21.3547 9480 GateServer::CGSKernel::OnMsgFromCS_AskPingRet:41 Ping CS returned, tick span 2.
04-09-21:30:21.4747 9480 CM2SSession::SendInitData:36 SS(20001) Connected, try to register me.
04-09-21:30:21.4877 9480 CM2SSession::Msg_Handle_Init:92 register to SS 20001 success at session 3.
04-09-21:30:21.4897 9480 CM2SSession::OnRealEstablish:52 SS(20001) Connected and register ok.
04-09-21:30:22.7598 9480 CM2BSession::SendInitData:33 BS Connected, try to register me.
04-09-21:30:22.7628 9480 CM2BSession::OnRealEstablish:42 BS Connected and register ok.
04-09-21:33:01.3568 9480 GateServer::CGSKernel::OnMsgFromCS_AskPingRet:41 Ping CS returned, tick span 1.
04-09-21:35:41.4380 9480 GateServer::CGSKernel::OnMsgFromCS_AskPingRet:41 Ping CS returned, tick span 2.
04-09-21:38:21.4452 9480 GateServer::CGSKernel::OnMsgFromCS_AskPingRet:41 Ping CS returned, tick span 2.
04-09-21:41:01.5063 9480 GateServer::CGSKernel::OnMsgFromCS_AskPingRet:41 Ping CS returned, tick span 2.
04-09-21:43:41.5195 9480 GateServer::CGSKernel::OnMsgFromCS_AskPingRet:41 Ping CS returned, tick span 2.
04-09-21:46:21.5266 9480 GateServer::CGSKernel::OnMsgFromCS_AskPingRet:41 Ping CS returned, tick span 2.
04-09-21:49:01.5378 9480 GateServer::CGSKernel::OnMsgFromCS_AskPingRet:41 Ping CS returned, tick span 2.
04-09-21:51:41.5539 9480 GateServer::CGSKernel::OnMsgFromCS_AskPingRet:41 Ping CS returned, tick span 3.
04-09-21:54:21.5961 9480 GateServer::CGSKernel::OnMsgFromCS_AskPingRet:41 Ping CS returned, tick span 2.
04-09-21:57:01.6172 9480 GateServer::CGSKernel::OnMsgFromCS_AskPingRet:41 Ping CS returned, tick span 1.
04-09-21:59:41.6744 9480 GateServer::CGSKernel::OnMsgFromCS_AskPingRet:41 Ping CS returned, tick span 2.
04-09-22:02:21.7145 9480 GateServer::CGSKernel::OnMsgFromCS_AskPingRet:41 Ping CS returned, tick span 1.
04-09-22:05:01.7427 9480 GateServer::CGSKernel::OnMsgFromCS_AskPingRet:41 Ping CS returned, tick span 2.
04-09-22:07:41.7428 9480 GateServer::CGSKernel::OnMsgFromCS_AskPingRet:41 Ping CS returned, tick span 2.
04-09-22:10:21.7470 9480 GateServer::CGSKernel::OnMsgFromCS_AskPingRet:41 Ping CS returned, tick span 2.
04-09-22:13:01.7591 9480 GateServer::CGSKernel::OnMsgFromCS_AskPingRet:41 Ping CS returned, tick span 2.
04-09-22:15:41.7663 9480 GateServer::CGSKernel::OnMsgFromCS_AskPingRet:41 Ping CS returned, tick span 2.
04-09-22:18:21.7704 9480 GateServer::CGSKernel::OnMsgFromCS_AskPingRet:41 Ping CS returned, tick span 2.
04-09-22:21:01.7916 9480 GateServer::CGSKernel::OnMsgFromCS_AskPingRet:41 Ping CS returned, tick span 2.
04-09-22:23:41.8147 9480 GateServer::CGSKernel::OnMsgFromCS_AskPingRet:41 Ping CS returned, tick span 2.
04-09-22:25:07.5016 9480 CM2BSession::OnClose:47 BS DisConnect.
