10-15-21:11:52.3590 17172 GateServer::CGSKernel::Initialize:107 CGSKernel Initialize success
10-15-21:11:52.9151 17172 CM2BSession::SendInitData:33 BS Connected, try to register me.
10-15-21:11:52.9181 17172 CM2BSession::OnRealEstablish:42 BS Connected and register ok.
10-15-21:11:53.4251 17172 CM2CSession::SendInitData:34 CS Connected, try to register me.
10-15-21:11:53.4281 17172 CM2CSession::OnRealEstablish:46 CS Connected and register ok
10-15-21:11:53.4541 17172 CM2SSession::SendInitData:36 SS(20001) Connected, try to register me.
10-15-21:11:53.4661 17172 CM2SSession::Msg_Handle_Init:92 register to SS 20001 success at session 3.
10-15-21:11:53.4711 17172 CM2SSession::OnRealEstablish:52 SS(20001) Connected and register ok.
10-15-21:11:53.4781 17172 GateServer::CGSKernel::OnMsgFromCS_AskPingRet:41 Ping CS returned, tick span 3.
10-15-21:14:33.5602 17172 GateServer::CGSKernel::OnMsgFromCS_AskPingRet:41 Ping CS returned, tick span 1.
10-15-21:17:13.6534 17172 GateServer::CGSKernel::OnMsgFromCS_AskPingRet:41 Ping CS returned, tick span 2.
10-15-21:19:53.7516 17172 GateServer::CGSKernel::OnMsgFromCS_AskPingRet:41 Ping CS returned, tick span 2.
10-15-21:22:33.8267 17172 GateServer::CGSKernel::OnMsgFromCS_AskPingRet:41 Ping CS returned, tick span 3.
10-15-21:25:13.8459 17172 GateServer::CGSKernel::OnMsgFromCS_AskPingRet:41 Ping CS returned, tick span 2.
10-15-21:27:53.8510 17172 GateServer::CGSKernel::OnMsgFromCS_AskPingRet:41 Ping CS returned, tick span 2.
10-15-21:30:33.9402 17172 GateServer::CGSKernel::OnMsgFromCS_AskPingRet:41 Ping CS returned, tick span 2.
10-15-21:33:14.0153 17172 GateServer::CGSKernel::OnMsgFromCS_AskPingRet:41 Ping CS returned, tick span 2.
10-15-21:35:54.1065 17172 GateServer::CGSKernel::OnMsgFromCS_AskPingRet:41 Ping CS returned, tick span 2.
10-15-21:38:34.1726 17172 GateServer::CGSKernel::OnMsgFromCS_AskPingRet:41 Ping CS returned, tick span 2.
10-15-21:41:14.2408 17172 GateServer::CGSKernel::OnMsgFromCS_AskPingRet:41 Ping CS returned, tick span 2.
10-15-21:43:54.2619 17172 GateServer::CGSKernel::OnMsgFromCS_AskPingRet:41 Ping CS returned, tick span 3.
10-15-21:46:34.3121 17172 GateServer::CGSKernel::OnMsgFromCS_AskPingRet:41 Ping CS returned, tick span 2.
10-15-21:49:14.4053 17172 GateServer::CGSKernel::OnMsgFromCS_AskPingRet:41 Ping CS returned, tick span 2.
10-15-21:51:54.4524 17172 GateServer::CGSKernel::OnMsgFromCS_AskPingRet:41 Ping CS returned, tick span 2.
10-15-21:54:34.4946 17172 GateServer::CGSKernel::OnMsgFromCS_AskPingRet:41 Ping CS returned, tick span 2.
10-15-21:57:14.5597 17172 GateServer::CGSKernel::OnMsgFromCS_AskPingRet:41 Ping CS returned, tick span 2.
10-15-21:59:54.5669 17172 GateServer::CGSKernel::OnMsgFromCS_AskPingRet:41 Ping CS returned, tick span 1.
10-15-22:02:34.6630 17172 GateServer::CGSKernel::OnMsgFromCS_AskPingRet:41 Ping CS returned, tick span 3.
10-15-22:05:14.6842 17172 GateServer::CGSKernel::OnMsgFromCS_AskPingRet:41 Ping CS returned, tick span 6.
10-15-22:06:58.4541 17172 CM2BSession::OnClose:47 BS DisConnect.
ngRet:41 Ping CS returned, tick span 1.
10-15-15:25:59.6700 18132 GateServer::CGSKernel::OnMsgFromCS_AskPingRet:41 Ping CS returned, tick span 2.
10-15-15:28:39.6802 18132 GateServer::CGSKernel::OnMsgFromCS_AskPingRet:41 Ping CS returned, tick span 2.
10-15-15:31:19.6873 18132 GateServer::CGSKernel::OnMsgFromCS_AskPingRet:41 Ping CS returned, tick span 2.
10-15-15:33:59.6895 18132 GateServer::CGSKernel::OnMsgFromCS_AskPingRet:41 Ping CS returned, tick span 2.
10-15-15:36:39.6976 18132 GateServer::CGSKernel::OnMsgFromCS_AskPingRet:41 Ping CS returned, tick span 2.
10-15-15:39:19.6978 18132 GateServer::CGSKernel::OnMsgFromCS_AskPingRet:41 Ping CS returned, tick span 2.
10-15-15:41:59.7009 18132 GateServer::CGSKernel::OnMsgFromCS_AskPingRet:41 Ping CS returned, tick span 2.
10-15-15:44:39.7031 18132 GateServer::CGSKernel::OnMsgFromCS_AskPingRet:41 Ping CS returned, tick span 2.
10-15-15:47:19.7142 18132 GateServer::CGSKernel::OnMsgFromCS_AskPingRet:41 Ping CS returned, tick span 2.
10-15-15:49:59.7214 18132 GateServer::CGSKernel::OnMsgFromCS_AskPingRet:41 Ping CS returned, tick span 2.
10-15-15:52:39.7296 18132 GateServer::CGSKernel::OnMsgFromCS_AskPingRet:41 Ping CS returned, tick span 2.
10-15-15:55:19.7387 18132 GateServer::CGSKernel::OnMsgFromCS_AskPingRet:41 Ping CS returned, tick span 2.
10-15-15:57:59.7499 18132 GateServer::CGSKernel::OnMsgFromCS_AskPingRet:41 Ping CS returned, tick span 2.
10-15-16:00:39.7550 18132 GateServer::CGSKernel::OnMsgFromCS_AskPingRet:41 Ping CS returned, tick span 2.
10-15-16:03:19.7642 18132 GateServer::CGSKernel::OnMsgFromCS_AskPingRet:41 Ping CS returned, tick span 0.
10-15-16:05:59.7823 18132 GateServer::CGSKernel::OnMsgFromCS_AskPingRet:41 Ping CS returned, tick span 2.
10-15-16:08:39.7915 18132 GateServer::CGSKernel::OnMsgFromCS_AskPingRet:41 Ping CS returned, tick span 2.
10-15-16:11:19.8056 18132 GateServer::CGSKernel::OnMsgFromCS_AskPingRet:41 Ping CS returned, tick span 2.
10-15-16:13:59.8218 18132 GateServer::CGSKernel::OnMsgFromCS_AskPingRet:41 Ping CS returned, tick span 2.
10-15-16:16:39.8279 18132 GateServer::CGSKernel::OnMsgFromCS_AskPingRet:41 Ping CS returned, tick span 2.
10-15-16:19:19.8351 18132 GateServer::CGSKernel::OnMsgFromCS_AskPingRet:41 Ping CS returned, tick span 2.
10-15-16:21:59.8422 18132 GateServer::CGSKernel::OnMsgFromCS_AskPingRet:41 Ping CS returned, tick span 1.
10-15-16:24:39.8424 18132 GateServer::CGSKernel::OnMsgFromCS_AskPingRet:41 Ping CS returned, tick span 0.
10-15-16:27:19.8525 18132 GateServer::CGSKernel::OnMsgFromCS_AskPingRet:41 Ping CS returned, tick span 2.
10-15-16:29:59.8527 18132 GateServer::CGSKernel::OnMsgFromCS_AskPingRet:41 Ping CS returned, tick span 2.
10-15-16:32:39.8648 18132 GateServer::CGSKernel::OnMsgFromCS_AskPingRet:41 Ping CS returned, tick span 2.
10-15-16:35:19.8690 18132 GateServer::CGSKernel::OnMsgFromCS_AskPingRet:41 Ping CS returned, tick span 2.
10-15-16:37:59.8841 18132 GateServer::CGSKernel::OnMsgFromCS_AskPingRet:41 Ping CS returned, tick span 2.
10-15-16:40:39.8853 18132 GateServer::CGSKernel::OnMsgFromCS_AskPingRet:41 Ping CS returned, tick span 2.
10-15-16:43:19.8884 18132 GateServer::CGSKernel::OnMsgFromCS_AskPingRet:41 Ping CS returned, tick span 1.
10-15-16:45:59.9366 18132 GateServer::CGSKernel::OnMsgFromCS_AskPingRet:41 Ping CS returned, tick span 2.
10-15-16:48:39.9417 18132 GateServer::CGSKernel::OnMsgFromCS_AskPingRet:41 Ping CS returned, tick span 2.
10-15-16:51:19.9509 18132 GateServer::CGSKernel::OnMsgFromCS_AskPingRet:41 Ping CS returned, tick span 1.
10-15-16:53:59.9560 18132 GateServer::CGSKernel::OnMsgFromCS_AskPingRet:41 Ping CS returned, tick span 2.
10-15-16:56:39.9582 18132 GateServer::CGSKernel::OnMsgFromCS_AskPingRet:41 Ping CS returned, tick span 0.
10-15-16:59:19.9624 18132 GateServer::CGSKernel::OnMsgFromCS_AskPingRet:41 Ping CS returned, tick span 2.
10-15-17:01:59.9645 18132 GateServer::CGSKernel::OnMsgFromCS_AskPingRet:41 Ping CS returned, tick span 2.
10-15-17:04:39.9757 18132 GateServer::CGSKernel::OnMsgFromCS_AskPingRet:41 Ping CS returned, tick span 2.
10-15-17:07:19.9818 18132 GateServer::CGSKernel::OnMsgFromCS_AskPingRet:41 Ping CS returned, tick span 0.
10-15-17:09:59.9840 18132 GateServer::CGSKernel::OnMsgFromCS_AskPingRet:41 Ping CS returned, tick span 2.
10-15-17:12:39.9851 18132 GateServer::CGSKernel::OnMsgFromCS_AskPingRet:41 Ping CS returned, tick span 2.
10-15-17:15:19.9873 18132 GateServer::CGSKernel::OnMsgFromCS_AskPingRet:41 Ping CS returned, tick span 2.
10-15-17:17:59.9914 18132 GateServer::CGSKernel::OnMsgFromCS_AskPingRet:41 Ping CS returned, tick span 0.
10-15-17:20:39.9976 18132 GateServer::CGSKernel::OnMsgFromCS_AskPingRet:41 Ping CS returned, tick span 2.
10-15-17:23:20.0327 18132 GateServer::CGSKernel::OnMsgFromCS_AskPingRet:41 Ping CS returned, tick span 2.
10-15-17:26:00.0659 18132 GateServer::CGSKernel::OnMsgFromCS_AskPingRet:41 Ping CS returned, tick span 2.
10-15-17:28:40.1400 18132 GateServer::CGSKernel::OnMsgFromCS_AskPingRet:41 Ping CS returned, tick span 2.
10-15-17:31:20.1682 18132 GateServer::CGSKernel::OnMsgFromCS_AskPingRet:41 Ping CS returned, tick span 2.
10-15-17:34:00.1713 18132 GateServer::CGSKernel::OnMsgFromCS_AskPingRet:41 Ping CS returned, tick span 2.
10-15-17:36:40.1745 18132 GateServer::CGSKernel::OnMsgFromCS_AskPingRet:41 Ping CS returned, tick span 2.
10-15-17:39:20.1866 18132 GateServer::CGSKernel::OnMsgFromCS_AskPingRet:41 Ping CS returned, tick span 1.
10-15-17:42:00.2028 18132 GateServer::CGSKernel::OnMsgFromCS_AskPingRet:41 Ping CS returned, tick span 2.
10-15-17:44:40.2279 18132 GateServer::CGSKernel::OnMsgFromCS_AskPingRet:41 Ping CS returned, tick span 2.
10-15-17:47:20.2621 18132 GateServer::CGSKernel::OnMsgFromCS_AskPingRet:41 Ping CS returned, tick span 2.
10-15-17:50:00.2622 18132 GateServer::CGSKernel::OnMsgFromCS_AskPingRet:41 Ping CS returned, tick span 0.
10-15-17:52:40.2674 18132 GateServer::CGSKernel::OnMsgFromCS_AskPingRet:41 Ping CS returned, tick span 2.
10-15-17:55:20.2676 18132 GateServer::CGSKernel::OnMsgFromCS_AskPingRet:41 Ping CS returned, tick span 1.
10-15-17:58:00.2737 18132 GateServer::CGSKernel::OnMsgFromCS_AskPingRet:41 Ping CS returned, tick span 2.
10-15-18:00:40.2969 18132 GateServer::CGSKernel::OnMsgFromCS_AskPingRet:41 Ping CS returned, tick span 2.
10-15-18:03:20.2940 18132 GateServer::CGSKernel::OnMsgFromCS_AskPingRet:41 Ping CS returned, tick span 0.
10-15-18:06:00.2982 18132 GateServer::CGSKernel::OnMsgFromCS_AskPingRet:41 Ping CS returned, tick span 2.
10-15-18:08:40.3163 18132 GateServer::CGSKernel::OnMsgFromCS_AskPingRet:41 Ping CS returned, tick span 2.
10-15-18:11:20.3305 18132 GateServer::CGSKernel::OnMsgFromCS_AskPingRet:41 Ping CS returned, tick span 2.
10-15-18:14:00.3366 18132 GateServer::CGSKernel::OnMsgFromCS_AskPingRet:41 Ping CS returned, tick span 2.
10-15-18:16:40.3498 18132 GateServer::CGSKernel::OnMsgFromCS_AskPingRet:41 Ping CS returned, tick span 2.
10-15-18:19:20.3559 18132 GateServer::CGSKernel::OnMsgFromCS_AskPingRet:41 Ping CS returned, tick span 0.
10-15-18:22:00.3631 18132 GateServer::CGSKernel::OnMsgFromCS_AskPingRet:41 Ping CS returned, tick span 2.
10-15-18:24:40.3702 18132 GateServer::CGSKernel::OnMsgFromCS_AskPingRet:41 Ping CS returned, tick span 2.
10-15-18:27:20.3704 18132 GateServer::CGSKernel::OnMsgFromCS_AskPingRet:41 Ping CS returned, tick span 1.
10-15-18:30:00.3715 18132 GateServer::CGSKernel::OnMsgFromCS_AskPingRet:41 Ping CS returned, tick span 2.
10-15-18:32:40.3777 18132 GateServer::CGSKernel::OnMsgFromCS_AskPingRet:41 Ping CS returned, tick span 0.
10-15-18:35:20.3898 18132 GateServer::CGSKernel::OnMsgFromCS_AskPingRet:41 Ping CS returned, tick span 0.
10-15-18:38:00.3980 18132 GateServer::CGSKernel::OnMsgFromCS_AskPingRet:41 Ping CS returned, tick span 2.
10-15-18:40:40.4071 18132 GateServer::CGSKernel::OnMsgFromCS_AskPingRet:41 Ping CS returned, tick span 2.
10-15-18:43:20.4223 18132 GateServer::CGSKernel::OnMsgFromCS_AskPingRet:41 Ping CS returned, tick span 2.
10-15-18:46:00.4294 18132 GateServer::CGSKernel::OnMsgFromCS_AskPingRet:41 Ping CS returned, tick span 2.
10-15-18:48:40.4306 18132 GateServer::CGSKernel::OnMsgFromCS_AskPingRet:41 Ping CS returned, tick span 2.
10-15-18:51:20.4357 18132 GateServer::CGSKernel::OnMsgFromCS_AskPingRet:41 Ping CS returned, tick span 2.
10-15-18:54:00.4379 18132 GateServer::CGSKernel::OnMsgFromCS_AskPingRet:41 Ping CS returned, tick span 2.
10-15-18:56:40.4410 18132 GateServer::CGSKernel::OnMsgFromCS_AskPingRet:41 Ping CS returned, tick span 2.
10-15-18:59:20.4512 18132 GateServer::CGSKernel::OnMsgFromCS_AskPingRet:41 Ping CS returned, tick span 0.
10-15-19:02:00.4563 18132 GateServer::CGSKernel::OnMsgFromCS_AskPingRet:41 Ping CS returned, tick span 2.
10-15-19:04:40.4695 18132 GateServer::CGSKernel::OnMsgFromCS_AskPingRet:41 Ping CS returned, tick span 2.
10-15-19:07:20.4797 18132 GateServer::CGSKernel::OnMsgFromCS_AskPingRet:41 Ping CS returned, tick span 2.
10-15-19:10:00.4818 18132 GateServer::CGSKernel::OnMsgFromCS_AskPingRet:41 Ping CS returned, tick span 2.
10-15-19:12:40.4830 18132 GateServer::CGSKernel::OnMsgFromCS_AskPingRet:41 Ping CS returned, tick span 2.
10-15-19:15:20.4891 18132 GateServer::CGSKernel::OnMsgFromCS_AskPingRet:41 Ping CS returned, tick span 0.
10-15-19:18:00.5003 18132 GateServer::CGSKernel::OnMsgFromCS_AskPingRet:41 Ping CS returned, tick span 2.
10-15-19:20:40.5104 18132 GateServer::CGSKernel::OnMsgFromCS_AskPingRet:41 Ping CS returned, tick span 2.
10-15-19:23:20.5276 18132 GateServer::CGSKernel::OnMsgFromCS_AskPingRet:41 Ping CS returned, tick span 0.
10-15-19:26:00.5597 18132 GateServer::CGSKernel::OnMsgFromCS_AskPingRet:41 Ping CS returned, tick span 2.
10-15-19:28:40.5609 18132 GateServer::CGSKernel::OnMsgFromCS_AskPingRet:41 Ping CS returned, tick span 2.
10-15-19:31:20.5780 18132 GateServer::CGSKernel::OnMsgFromCS_AskPingRet:41 Ping CS returned, tick span 2.
10-15-19:34:00.5842 18132 GateServer::CGSKernel::OnMsgFromCS_AskPingRet:41 Ping CS returned, tick span 2.
10-15-19:36:40.5883 18132 GateServer::CGSKernel::OnMsgFromCS_AskPingRet:41 Ping CS returned, tick span 2.
10-15-19:39:20.6105 18132 GateServer::CGSKernel::OnMsgFromCS_AskPingRet:41 Ping CS returned, tick span 2.
10-15-19:42:00.6316 18132 GateServer::CGSKernel::OnMsgFromCS_AskPingRet:41 Ping CS returned, tick span 0.
10-15-19:44:40.7158 18132 GateServer::CGSKernel::OnMsgFromCS_AskPingRet:41 Ping CS returned, tick span 2.
10-15-19:47:20.7549 18132 GateServer::CGSKernel::OnMsgFromCS_AskPingRet:41 Ping CS returned, tick span 2.
10-15-19:50:00.7731 18132 GateServer::CGSKernel::OnMsgFromCS_AskPingRet:41 Ping CS returned, tick span 2.
10-15-19:52:40.8092 18132 GateServer::CGSKernel::OnMsgFromCS_AskPingRet:41 Ping CS returned, tick span 4.
10-15-19:55:20.8514 18132 GateServer::CGSKernel::OnMsgFromCS_AskPingRet:41 Ping CS returned, tick span 2.
10-15-19:58:00.8526 18132 GateServer::CGSKernel::OnMsgFromCS_AskPingRet:41 Ping CS returned, tick span 2.
10-15-20:00:40.8527 18132 GateServer::CGSKernel::OnMsgFromCS_AskPingRet:41 Ping CS returned, tick span 2.
10-15-20:03:20.8549 18132 GateServer::CGSKernel::OnMsgFromCS_AskPingRet:41 Ping CS returned, tick span 1.
10-15-20:06:00.8590 18132 GateServer::CGSKernel::OnMsgFromCS_AskPingRet:41 Ping CS returned, tick span 2.
10-15-20:08:40.8602 18132 GateServer::CGSKernel::OnMsgFromCS_AskPingRet:41 Ping CS returned, tick span 2.
10-15-20:11:20.8703 18132 GateServer::CGSKernel::OnMsgFromCS_AskPingRet:41 Ping CS returned, tick span 2.
10-15-20:14:00.8715 18132 GateServer::CGSKernel::OnMsgFromCS_AskPingRet:41 Ping CS returned, tick span 2.
10-15-20:16:40.8926 18132 GateServer::CGSKernel::OnMsgFromCS_AskPingRet:41 Ping CS returned, tick span 2.
10-15-20:19:20.9178 18132 GateServer::CGSKernel::OnMsgFromCS_AskPingRet:41 Ping CS returned, tick span 8.
10-15-20:22:00.9189 18132 GateServer::CGSKernel::OnMsgFromCS_AskPingRet:41 Ping CS returned, tick span 2.
10-15-20:24:40.9711 18132 GateServer::CGSKernel::OnMsgFromCS_AskPingRet:41 Ping CS returned, tick span 2.
10-15-20:27:21.0462 18132 GateServer::CGSKernel::OnMsgFromCS_AskPingRet:41 Ping CS returned, tick span 2.
10-15-20:30:01.0504 18132 GateServer::CGSKernel::OnMsgFromCS_AskPingRet:41 Ping CS returned, tick span 2.
10-15-20:32:41.0885 18132 GateServer::CGSKernel::OnMsgFromCS_AskPingRet:41 Ping CS returned, tick span 2.
10-15-20:35:21.1847 18132 GateServer::CGSKernel::OnMsgFromCS_AskPingRet:41 Ping CS returned, tick span 2.
10-15-20:38:01.2458 18132 GateServer::CGSKernel::OnMsgFromCS_AskPingRet:41 Ping CS returned, tick span 2.
10-15-20:40:41.2810 18132 GateServer::CGSKernel::OnMsgFromCS_AskPingRet:41 Ping CS returned, tick span 2.
10-15-20:43:21.3782 18132 GateServer::CGSKernel::OnMsgFromCS_AskPingRet:41 Ping CS returned, tick span 1.
10-15-20:46:01.4733 18132 GateServer::CGSKernel::OnMsgFromCS_AskPingRet:41 Ping CS returned, tick span 2.
10-15-20:48:41.5545 18132 GateServer::CGSKernel::OnMsgFromCS_AskPingRet:41 Ping CS returned, tick span 4.
10-15-20:51:21.6066 18132 GateServer::CGSKernel::OnMsgFromCS_AskPingRet:41 Ping CS returned, tick span 2.
10-15-20:54:01.6648 18132 GateServer::CGSKernel::OnMsgFromCS_AskPingRet:41 Ping CS returned, tick span 2.
10-15-20:56:41.7339 18132 GateServer::CGSKernel::OnMsgFromCS_AskPingRet:41 Ping CS returned, tick span 2.
10-15-20:59:21.7331 18132 GateServer::CGSKernel::OnMsgFromCS_AskPingRet:41 Ping CS returned, tick span 2.
10-15-21:02:01.7632 18132 GateServer::CGSKernel::OnMsgFromCS_AskPingRet:41 Ping CS returned, tick span 3.
10-15-21:04:41.7894 18132 GateServer::CGSKernel::OnMsgFromCS_AskPingRet:41 Ping CS returned, tick span 2.
10-15-21:07:21.8115 18132 GateServer::CGSKernel::OnMsgFromCS_AskPingRet:41 Ping CS returned, tick span 2.
10-15-21:10:01.8637 18132 GateServer::CGSKernel::OnMsgFromCS_AskPingRet:41 Ping CS returned, tick span 2.
10-15-21:11:39.8833 18132 CM2CSession::OnClose:52 CS DisConnect.
10-15-21:11:40.7494 18132 CM2SSession::OnClose:64 SS(20001) DisConnect.
