04-03-16:21:33.6263 7820 INetSessionMgr::LogText:42 [WRN] CUCODEListener::Start Listen 0:49997, ReuseAddr 1
04-03-16:21:33.6523 7820 INetSessionMgr::LogText:42 [WRN] CUCODEListener::Start Listen 0:49996, ReuseAddr 1
04-03-16:27:23.9713 7820 SDKAsynHandler::CheckLogin:690 GC Try To Login with uin:test(2), sessionid:123, platform:0
04-03-16:27:24.1003 7820 SdkConnector::Update:610 Add uid:test, sessionid:0test
04-03-16:27:24.1033 7820 SdkConnector::PostMsgToGC_NotifyServerList:713 Post Server List To User.
04-03-16:28:22.1436 7820 SDKAsynHandler::CheckLogin:690 GC Try To Login with uin:test(3), sessionid:123, platform:0
04-03-16:28:22.1546 7820 SdkConnector::Update:610 Add uid:test, sessionid:0test
04-03-16:28:22.2076 7820 SdkConnector::PostMsgToGC_NotifyServerList:713 Post Server List To User.
04-03-16:28:26.8449 7820 CBalanceSession::Msg_Handle_OneClientLoginCheck:104 Erase uid:test
04-03-16:28:52.2674 7820 SDKAsynHandler::CheckLogin:690 GC Try To Login with uin:test(4), sessionid:123, platform:0
04-03-16:28:52.3224 7820 SdkConnector::Update:610 Add uid:test, sessionid:0test
04-03-16:28:52.3334 7820 SdkConnector::PostMsgToGC_NotifyServerList:713 Post Server List To User.
04-03-16:28:57.3717 7820 CBalanceSession::Msg_Handle_OneClientLoginCheck:104 Erase uid:test
04-03-17:28:01.5304 7820 SDKAsynHandler::CheckLogin:690 GC Try To Login with uin:test(5), sessionid:123, platform:0
04-03-17:28:01.5354 7820 SdkConnector::Update:610 Add uid:test, sessionid:0test
04-03-17:28:01.5374 7820 SdkConnector::PostMsgToGC_NotifyServerList:713 Post Server List To User.
04-03-17:28:15.8072 7820 SDKAsynHandler::CheckLogin:690 GC Try To Login with uin:test(6), sessionid:123, platform:0
04-03-17:28:15.8112 7820 SdkConnector::Update:610 Add uid:test, sessionid:0test
04-03-17:28:15.8132 7820 SdkConnector::PostMsgToGC_NotifyServerList:713 Post Server List To User.
04-03-17:28:22.2005 7820 CBalanceSession::Msg_Handle_OneClientLoginCheck:104 Erase uid:test
04-03-20:38:24.4467 7820 SDKAsynHandler::CheckLogin:690 GC Try To Login with uin:test(7), sessionid:123, platform:0
04-03-20:38:24.4507 7820 SdkConnector::Update:610 Add uid:test, sessionid:0test
04-03-20:38:24.4527 7820 SdkConnector::PostMsgToGC_NotifyServerList:713 Post Server List To User.
04-03-20:38:26.2178 7820 CBalanceSession::Msg_Handle_OneClientLoginCheck:104 Erase uid:test
