05-08-08:55:24.3880 10664 INetSessionMgr::LogText:42 [WRN] CUCODEListener::Start Listen 0:49997, ReuseAddr 1
05-08-08:55:24.3890 10664 INetSessionMgr::LogText:42 [WRN] CUCODEListener::Start Listen 0:49996, ReuseAddr 1
05-08-08:56:14.8509 10664 SDKAsynHandler::CheckLogin:690 GC Try To Login with uin:zxc(2), sessionid:123, platform:0
05-08-08:56:14.9589 10664 SdkConnector::Update:610 Add uid:zxc, sessionid:0zxc
05-08-08:56:14.9599 10664 SdkConnector::PostMsgToGC_NotifyServerList:713 Post Server List To User.
05-08-08:56:16.3470 10664 CBalanceSession::Msg_Handle_OneClientLoginCheck:104 Erase uid:zxc
05-08-09:01:34.4862 10664 SDKAsynHandler::CheckLogin:690 GC Try To Login with uin:zxc(3), sessionid:123, platform:0
05-08-09:01:34.5342 10664 SdkConnector::Update:610 Add uid:zxc, sessionid:0zxc
05-08-09:01:34.5412 10664 SdkConnector::PostMsgToGC_NotifyServerList:713 Post Server List To User.
05-08-09:01:51.3221 10664 SDKAsynHandler::CheckLogin:690 GC Try To Login with uin:zxc(4), sessionid:123, platform:0
05-08-09:01:51.3491 10664 SdkConnector::Update:610 Add uid:zxc, sessionid:0zxc
05-08-09:01:51.3501 10664 SdkConnector::PostMsgToGC_NotifyServerList:713 Post Server List To User.
05-08-09:01:52.6152 10664 CBalanceSession::Msg_Handle_OneClientLoginCheck:104 Erase uid:zxc
05-08-09:11:26.5250 10664 SDKAsynHandler::CheckLogin:690 GC Try To Login with uin:zxc(5), sessionid:123, platform:0
05-08-09:11:26.5520 10664 SdkConnector::Update:610 Add uid:zxc, sessionid:0zxc
05-08-09:11:26.5540 10664 SdkConnector::PostMsgToGC_NotifyServerList:713 Post Server List To User.
05-08-09:11:27.6821 10664 CBalanceSession::Msg_Handle_OneClientLoginCheck:104 Erase uid:zxc
05-08-09:23:05.1400 10664 SDKAsynHandler::CheckLogin:690 GC Try To Login with uin:zxc(6), sessionid:123, platform:0
05-08-09:23:05.1480 10664 SdkConnector::Update:610 Add uid:zxc, sessionid:0zxc
05-08-09:23:05.1490 10664 SdkConnector::PostMsgToGC_NotifyServerList:713 Post Server List To User.
05-08-09:23:07.5331 10664 CBalanceSession::Msg_Handle_OneClientLoginCheck:104 Erase uid:zxc
05-08-10:49:40.5511 10664 SDKAsynHandler::CheckLogin:690 GC Try To Login with uin:zxc(7), sessionid:123, platform:0
05-08-10:49:40.5641 10664 SdkConnector::Update:610 Add uid:zxc, sessionid:0zxc
05-08-10:49:40.5661 10664 SdkConnector::PostMsgToGC_NotifyServerList:713 Post Server List To User.
05-08-10:49:42.1552 10664 CBalanceSession::Msg_Handle_OneClientLoginCheck:104 Erase uid:zxc
05-08-11:32:28.9800 10664 SDKAsynHandler::CheckLogin:690 GC Try To Login with uin:zxc(8), sessionid:123, platform:0
05-08-11:32:28.9950 10664 SdkConnector::Update:610 Add uid:zxc, sessionid:0zxc
05-08-11:32:29.0100 10664 SdkConnector::PostMsgToGC_NotifyServerList:713 Post Server List To User.
05-08-11:32:30.0771 10664 CBalanceSession::Msg_Handle_OneClientLoginCheck:104 Erase uid:zxc
05-08-14:53:59.5466 10664 SDKAsynHandler::CheckLogin:690 GC Try To Login with uin:zxc(9), sessionid:123, platform:0
05-08-14:53:59.5506 10664 SdkConnector::Update:610 Add uid:zxc, sessionid:0zxc
05-08-14:53:59.5526 10664 SdkConnector::PostMsgToGC_NotifyServerList:713 Post Server List To User.
05-08-14:54:01.6097 10664 CBalanceSession::Msg_Handle_OneClientLoginCheck:104 Erase uid:zxc
05-08-15:14:51.5582 10664 SDKAsynHandler::CheckLogin:690 GC Try To Login with uin:zxc(10), sessionid:123, platform:0
05-08-15:14:51.6292 10664 SdkConnector::Update:610 Add uid:zxc, sessionid:0zxc
05-08-15:14:51.6332 10664 SdkConnector::PostMsgToGC_NotifyServerList:713 Post Server List To User.
05-08-15:14:56.0434 10664 CBalanceSession::Msg_Handle_OneClientLoginCheck:104 Erase uid:zxc
05-08-15:26:09.7680 10664 SDKAsynHandler::CheckLogin:690 GC Try To Login with uin:zxc(11), sessionid:123, platform:0
05-08-15:26:09.8470 10664 SdkConnector::Update:610 Add uid:zxc, sessionid:0zxc
05-08-15:26:09.8900 10664 SdkConnector::PostMsgToGC_NotifyServerList:713 Post Server List To User.
05-08-15:26:10.8020 10664 CBalanceSession::Msg_Handle_OneClientLoginCheck:104 Erase uid:zxc
05-08-17:07:49.6049 10664 SDKAsynHandler::CheckLogin:690 GC Try To Login with uin:zxc(12), sessionid:123, platform:0
05-08-17:07:49.6099 10664 SdkConnector::Update:610 Add uid:zxc, sessionid:0zxc
05-08-17:07:49.6129 10664 SdkConnector::PostMsgToGC_NotifyServerList:713 Post Server List To User.
05-08-17:07:50.7479 10664 CBalanceSession::Msg_Handle_OneClientLoginCheck:104 Erase uid:zxc
05-08-17:18:18.4678 10664 SDKAsynHandler::CheckLogin:690 GC Try To Login with uin:zxc(13), sessionid:123, platform:0
05-08-17:18:18.4738 10664 SdkConnector::Update:610 Add uid:zxc, sessionid:0zxc
05-08-17:18:18.4758 10664 SdkConnector::PostMsgToGC_NotifyServerList:713 Post Server List To User.
05-08-17:18:19.6699 10664 CBalanceSession::Msg_Handle_OneClientLoginCheck:104 Erase uid:zxc
05-08-17:20:22.7150 10664 SDKAsynHandler::CheckLogin:690 GC Try To Login with uin:zxc(14), sessionid:123, platform:0
05-08-17:20:22.7220 10664 SdkConnector::Update:610 Add uid:zxc, sessionid:0zxc
05-08-17:20:22.7250 10664 SdkConnector::PostMsgToGC_NotifyServerList:713 Post Server List To User.
05-08-17:20:23.7430 10664 CBalanceSession::Msg_Handle_OneClientLoginCheck:104 Erase uid:zxc
05-08-18:12:07.5875 10664 SDKAsynHandler::CheckLogin:690 GC Try To Login with uin:zxc(15), sessionid:123, platform:0
05-08-18:12:07.5935 10664 SdkConnector::Update:610 Add uid:zxc, sessionid:0zxc
05-08-18:12:07.5955 10664 SdkConnector::PostMsgToGC_NotifyServerList:713 Post Server List To User.
05-08-18:12:08.6866 10664 CBalanceSession::Msg_Handle_OneClientLoginCheck:104 Erase uid:zxc
05-08-18:17:48.3930 10664 SDKAsynHandler::CheckLogin:690 GC Try To Login with uin:zxc(16), sessionid:123, platform:0
05-08-18:17:48.3990 10664 SdkConnector::Update:610 Add uid:zxc, sessionid:0zxc
05-08-18:17:48.4010 10664 SdkConnector::PostMsgToGC_NotifyServerList:713 Post Server List To User.
05-08-18:17:50.8442 10664 CBalanceSession::Msg_Handle_OneClientLoginCheck:104 Erase uid:zxc
05-08-18:29:16.3834 10664 SDKAsynHandler::CheckLogin:690 GC Try To Login with uin:zxc(17), sessionid:123, platform:0
05-08-18:29:16.3884 10664 SdkConnector::Update:610 Add uid:zxc, sessionid:0zxc
05-08-18:29:16.3904 10664 SdkConnector::PostMsgToGC_NotifyServerList:713 Post Server List To User.
05-08-18:29:18.5645 10664 CBalanceSession::Msg_Handle_OneClientLoginCheck:104 Erase uid:zxc
05-08-18:31:41.6297 10664 SDKAsynHandler::CheckLogin:690 GC Try To Login with uin:zxc(18), sessionid:123, platform:0
05-08-18:31:41.6337 10664 SdkConnector::Update:610 Add uid:zxc, sessionid:0zxc
05-08-18:31:41.6377 10664 SdkConnector::PostMsgToGC_NotifyServerList:713 Post Server List To User.
05-08-18:31:42.7188 10664 CBalanceSession::Msg_Handle_OneClientLoginCheck:104 Erase uid:zxc
05-08-18:33:01.6563 10664 SDKAsynHandler::CheckLogin:690 GC Try To Login with uin:zxc(19), sessionid:123, platform:0
05-08-18:33:01.6603 10664 SdkConnector::Update:610 Add uid:zxc, sessionid:0zxc
05-08-18:33:01.6633 10664 SdkConnector::PostMsgToGC_NotifyServerList:713 Post Server List To User.
05-08-18:33:02.6843 10664 CBalanceSession::Msg_Handle_OneClientLoginCheck:104 Erase uid:zxc
05-08-19:44:16.8038 10664 SDKAsynHandler::CheckLogin:690 GC Try To Login with uin:zxc(20), sessionid:123, platform:0
05-08-19:44:16.8088 10664 SdkConnector::Update:610 Add uid:zxc, sessionid:0zxc
05-08-19:44:16.8118 10664 SdkConnector::PostMsgToGC_NotifyServerList:713 Post Server List To User.
05-08-19:44:18.9929 10664 CBalanceSession::Msg_Handle_OneClientLoginCheck:104 Erase uid:zxc
05-08-19:52:02.0344 10664 SDKAsynHandler::CheckLogin:690 GC Try To Login with uin:zxc(21), sessionid:123, platform:0
05-08-19:52:02.0494 10664 SdkConnector::Update:610 Add uid:zxc, sessionid:0zxc
05-08-19:52:02.0514 10664 SdkConnector::PostMsgToGC_NotifyServerList:713 Post Server List To User.
05-08-19:52:04.1385 10664 CBalanceSession::Msg_Handle_OneClientLoginCheck:104 Erase uid:zxc
05-08-19:58:12.5646 10664 SDKAsynHandler::CheckLogin:690 GC Try To Login with uin:zxc(22), sessionid:123, platform:0
05-08-19:58:12.5916 10664 SdkConnector::Update:610 Add uid:zxc, sessionid:0zxc
05-08-19:58:12.6026 10664 SdkConnector::PostMsgToGC_NotifyServerList:713 Post Server List To User.
05-08-19:58:14.8067 10664 CBalanceSession::Msg_Handle_OneClientLoginCheck:104 Erase uid:zxc
05-08-20:41:38.5616 10664 SDKAsynHandler::CheckLogin:690 GC Try To Login with uin:zxc(23), sessionid:123, platform:0
05-08-20:41:39.3097 10664 SdkConnector::Update:610 Add uid:zxc, sessionid:0zxc
05-08-20:41:39.7377 10664 SdkConnector::PostMsgToGC_NotifyServerList:713 Post Server List To User.
05-08-20:41:43.4519 10664 CBalanceSession::Msg_Handle_OneClientLoginCheck:104 Erase uid:zxc
