09-10-20:34:23.1416 20412 SceneServer::CSSCfgMgr::LoadMapStaticData:970 Add 1000 MapStaticData
09-10-20:34:23.1686 20412 SceneServer::CSSCfgMgr::LoadMapStaticData:970 Add 1001 MapStaticData
09-10-20:34:23.1906 20412 SceneServer::CSSCfgMgr::LoadMapStaticData:970 Add 1002 MapStaticData
09-10-20:34:23.2706 20412 SceneServer::CSSCfgMgr::LoadMapStaticData:970 Add 1003 MapStaticData
09-10-20:34:24.4686 20412 CCentralSession::SendInitData:30 CS Connected, try to register me.
09-10-20:34:24.5146 20412 CCentralSession::Msg_Handle_Init:90 GSKernel Start success, Got 10 GSInfo and 7 GS defined, Milsec error 483.
09-10-20:34:24.5206 20412 CCentralSession::OnRealEstablish:41 CS Connected and register ok, try to ask global config.
09-10-20:34:24.5236 20412 SceneServer::CSSCfgMgr::OnMsgFromCS_NotifyGameSwitchCfg:1359 --set this ss gamelog switch .....ok!--
09-10-20:34:24.5266 20412 SceneServer::CSSCfgMgr::OnMsgFromCS_NotifyNPCCfgList:1035 Load 52 Cfgs.
09-10-20:34:24.5276 20412 SceneServer::CSSCfgMgr::OnMsgFromCS_NotifyHeroCfgList:1049 Load 22 Cfgs.
09-10-20:34:24.5326 20412 SceneServer::CSSCfgMgr::OnMsgFromCS_NotifyShopCfgList:1077 Load 3 Cfgs.
09-10-20:34:24.5356 20412 SceneServer::CSSCfgMgr::OnMsgFromCS_NotifyGoodsCfgList:1063 Load 103 Cfgs.
09-10-20:34:24.5386 20412 SceneServer::CSSCfgMgr::OnMsgFromCS_NotifyRobotAICfgList:1091 Load 609 Cfgs.
09-10-20:34:24.5406 20412 SceneServer::CSSCfgMgr::OnMsgFromCS_NotifyRobotAIPathCfgList:1105 Load 197 Cfgs.
09-10-20:34:24.5436 20412 SceneServer::CSSCfgMgr::OnMsgFromCS_NotifyNewSkillCfgList:1119 Load 268 Cfgs.
09-10-20:34:24.5456 20412 SceneServer::CSSCfgMgr::OnMsgFromCS_NotifySkillModelAccountCfgCfgList:1133 Load 322 Cfgs.
09-10-20:34:24.5486 20412 SceneServer::CSSCfgMgr::OnMsgFromCS_NotifySkillModelEmitCfgList:1147 Load 96 Cfgs.
09-10-20:34:24.5506 20412 SceneServer::CSSCfgMgr::OnMsgFromCS_NotifySkillModelRangeCfgList:1161 Load 123 Cfgs.
09-10-20:34:24.5536 20412 SceneServer::CSSCfgMgr::OnMsgFromCS_NotifySkillModelLeadingCfgList:1175 Load 17 Cfgs.
09-10-20:34:24.5566 20412 SceneServer::CSSCfgMgr::OnMsgFromCS_NotifySkillModelBufCfgList:1189 Load 302 Cfgs.
09-10-20:34:24.5626 20412 SceneServer::CSSCfgMgr::OnMsgFromCS_NotifySkillModelSummonCfgList:1203 Load 5 Cfgs.
09-10-20:34:24.5656 20412 SceneServer::CSSCfgMgr::OnMsgFromCS_NotifySkillModelMoveCfgList:1217 Load 26 Cfgs.
09-10-20:34:24.5676 20412 SceneServer::CSSCfgMgr::OnMsgFromCS_NotifySkillModelSwitchCfgList:1232 Load 1 Cfgs.
09-10-20:34:24.5706 20412 SceneServer::CSSCfgMgr::OnMsgFromCS_NotifySkillModelPurificationCfgList:1247 Load 1 Cfgs.
09-10-20:34:24.5736 20412 SceneServer::CSSCfgMgr::OnMsgFromCS_NotifySkillModelLinkCfgList:1262 Load 1 Cfgs.
09-10-20:34:24.5756 20412 SceneServer::CSSWorkThreadMgr::OnMsgFromGS_GSAskRegiste:224 GS 30001 registed at net session 3.
09-10-20:34:24.5786 20412 CGateSession::OnRealEstablish:39 GS(30001) Connected.
09-10-20:34:24.5806 20412 SceneServer::CSSCfgMgr::OnMsgFromCS_NotifyPassitiveSkillCfgList:1276 Load 126 Cfgs.
09-10-20:34:24.5826 20412 SceneServer::CSSCfgMgr::OnMsgFromCS_NotifyPassitiveEffectBloodSeekCfgList:1290 Load 6 Cfgs.
09-10-20:34:24.5896 20412 SceneServer::CSSCfgMgr::OnMsgFromCS_NotifyPassitiveEffectReboundCfgList:1304 Load 4 Cfgs.
09-10-20:34:24.5926 20412 SceneServer::CSSCfgMgr::OnMsgFromCS_NotifyPassitiveEffectReliveCfgList:1319 Load 1 Cfgs.
09-10-20:34:24.5956 20412 CSSLogSession::SendInitData:28  LogServer Connected, try to register me.
