05-28-15:08:25.4795 11792 SceneServer::CSSCfgMgr::LoadMapStaticData:970 Add 1000 MapStaticData
05-28-15:08:25.4905 11792 SceneServer::CSSCfgMgr::LoadMapStaticData:970 Add 1001 MapStaticData
05-28-15:08:25.4995 11792 SceneServer::CSSCfgMgr::LoadMapStaticData:970 Add 1002 MapStaticData
05-28-15:08:25.5385 11792 SceneServer::CSSCfgMgr::LoadMapStaticData:970 Add 1003 MapStaticData
05-28-15:08:26.1126 11792 CSSLogSession::SendInitData:28  LogServer Connected, try to register me.
05-28-15:08:26.6326 11792 CCentralSession::SendInitData:30 CS Connected, try to register me.
05-28-15:08:26.6566 11792 CCentralSession::Msg_Handle_Init:90 GSKernel Start success, Got 10 GSInfo and 7 GS defined, Milsec error 381.
05-28-15:08:26.6806 11792 CCentralSession::OnRealEstablish:41 CS Connected and register ok, try to ask global config.
05-28-15:08:26.6886 11792 SceneServer::CSSCfgMgr::OnMsgFromCS_NotifyGameSwitchCfg:1359 --set this ss gamelog switch .....ok!--
05-28-15:08:26.6926 11792 SceneServer::CSSCfgMgr::OnMsgFromCS_NotifyNPCCfgList:1035 Load 52 Cfgs.
05-28-15:08:26.6956 11792 SceneServer::CSSCfgMgr::OnMsgFromCS_NotifyHeroCfgList:1049 Load 22 Cfgs.
05-28-15:08:26.6976 11792 SceneServer::CSSCfgMgr::OnMsgFromCS_NotifyShopCfgList:1077 Load 3 Cfgs.
05-28-15:08:26.6996 11792 SceneServer::CSSCfgMgr::OnMsgFromCS_NotifyGoodsCfgList:1063 Load 103 Cfgs.
05-28-15:08:26.7016 11792 SceneServer::CSSCfgMgr::OnMsgFromCS_NotifyRobotAICfgList:1091 Load 609 Cfgs.
05-28-15:08:26.7036 11792 SceneServer::CSSCfgMgr::OnMsgFromCS_NotifyRobotAIPathCfgList:1105 Load 197 Cfgs.
05-28-15:08:26.7056 11792 SceneServer::CSSCfgMgr::OnMsgFromCS_NotifyNewSkillCfgList:1119 Load 268 Cfgs.
05-28-15:08:26.7076 11792 SceneServer::CSSWorkThreadMgr::OnMsgFromGS_GSAskRegiste:224 GS 30001 registed at net session 3.
05-28-15:08:26.7146 11792 CGateSession::OnRealEstablish:39 GS(30001) Connected.
05-28-15:08:26.7176 11792 SceneServer::CSSCfgMgr::OnMsgFromCS_NotifySkillModelAccountCfgCfgList:1133 Load 322 Cfgs.
05-28-15:08:26.7196 11792 SceneServer::CSSCfgMgr::OnMsgFromCS_NotifySkillModelEmitCfgList:1147 Load 96 Cfgs.
05-28-15:08:26.7226 11792 SceneServer::CSSCfgMgr::OnMsgFromCS_NotifySkillModelRangeCfgList:1161 Load 123 Cfgs.
05-28-15:08:26.7246 11792 SceneServer::CSSCfgMgr::OnMsgFromCS_NotifySkillModelLeadingCfgList:1175 Load 17 Cfgs.
05-28-15:08:26.7286 11792 SceneServer::CSSCfgMgr::OnMsgFromCS_NotifySkillModelBufCfgList:1189 Load 302 Cfgs.
05-28-15:08:26.7316 11792 SceneServer::CSSCfgMgr::OnMsgFromCS_NotifySkillModelSummonCfgList:1203 Load 5 Cfgs.
05-28-15:08:26.7336 11792 SceneServer::CSSCfgMgr::OnMsgFromCS_NotifySkillModelMoveCfgList:1217 Load 26 Cfgs.
05-28-15:08:26.7366 11792 SceneServer::CSSCfgMgr::OnMsgFromCS_NotifySkillModelSwitchCfgList:1232 Load 1 Cfgs.
05-28-15:08:26.7386 11792 SceneServer::CSSCfgMgr::OnMsgFromCS_NotifySkillModelPurificationCfgList:1247 Load 1 Cfgs.
05-28-15:08:26.7406 11792 SceneServer::CSSCfgMgr::OnMsgFromCS_NotifySkillModelLinkCfgList:1262 Load 1 Cfgs.
05-28-15:08:26.7426 11792 SceneServer::CSSCfgMgr::OnMsgFromCS_NotifyPassitiveSkillCfgList:1276 Load 126 Cfgs.
05-28-15:08:26.7456 11792 SceneServer::CSSCfgMgr::OnMsgFromCS_NotifyPassitiveEffectBloodSeekCfgList:1290 Load 6 Cfgs.
05-28-15:08:26.7526 11792 SceneServer::CSSCfgMgr::OnMsgFromCS_NotifyPassitiveEffectReboundCfgList:1304 Load 4 Cfgs.
05-28-15:08:26.7556 11792 SceneServer::CSSCfgMgr::OnMsgFromCS_NotifyPassitiveEffectReliveCfgList:1319 Load 1 Cfgs.
