07-23-21:28:12.9182 872 SceneServer::CSSCfgMgr::LoadMapStaticData:970 Add 1000 MapStaticData
07-23-21:28:12.9282 872 SceneServer::CSSCfgMgr::LoadMapStaticData:970 Add 1001 MapStaticData
07-23-21:28:12.9382 872 SceneServer::CSSCfgMgr::LoadMapStaticData:970 Add 1002 MapStaticData
07-23-21:28:12.9702 872 SceneServer::CSSCfgMgr::LoadMapStaticData:970 Add 1003 MapStaticData
07-23-21:28:13.0532 872 CSSLogSession::SendInitData:28  LogServer Connected, try to register me.
07-23-21:28:14.0823 872 CCentralSession::SendInitData:30 CS Connected, try to register me.
07-23-21:28:14.0963 872 CCentralSession::Msg_Handle_Init:90 GSKernel Start success, Got 10 GSInfo and 8 GS defined, Milsec error 841.
07-23-21:28:14.1073 872 CCentralSession::OnRealEstablish:41 CS Connected and register ok, try to ask global config.
07-23-21:28:14.1103 872 SceneServer::CSSCfgMgr::OnMsgFromCS_NotifyGameSwitchCfg:1359 --set this ss gamelog switch .....ok!--
07-23-21:28:14.1123 872 SceneServer::CSSCfgMgr::OnMsgFromCS_NotifyNPCCfgList:1035 Load 52 Cfgs.
07-23-21:28:14.1223 872 SceneServer::CSSCfgMgr::OnMsgFromCS_NotifyHeroCfgList:1049 Load 22 Cfgs.
07-23-21:28:14.1243 872 SceneServer::CSSCfgMgr::OnMsgFromCS_NotifyShopCfgList:1077 Load 3 Cfgs.
07-23-21:28:14.1263 872 SceneServer::CSSCfgMgr::OnMsgFromCS_NotifyGoodsCfgList:1063 Load 103 Cfgs.
07-23-21:28:14.1293 872 SceneServer::CSSCfgMgr::OnMsgFromCS_NotifyRobotAICfgList:1091 Load 609 Cfgs.
07-23-21:28:14.1333 872 SceneServer::CSSCfgMgr::OnMsgFromCS_NotifyRobotAIPathCfgList:1105 Load 197 Cfgs.
07-23-21:28:14.1353 872 SceneServer::CSSCfgMgr::OnMsgFromCS_NotifyNewSkillCfgList:1119 Load 268 Cfgs.
07-23-21:28:14.1373 872 SceneServer::CSSCfgMgr::OnMsgFromCS_NotifySkillModelAccountCfgCfgList:1133 Load 322 Cfgs.
07-23-21:28:14.1513 872 SceneServer::CSSCfgMgr::OnMsgFromCS_NotifySkillModelEmitCfgList:1147 Load 96 Cfgs.
07-23-21:28:14.1563 872 SceneServer::CSSCfgMgr::OnMsgFromCS_NotifySkillModelRangeCfgList:1161 Load 123 Cfgs.
07-23-21:28:14.1603 872 SceneServer::CSSCfgMgr::OnMsgFromCS_NotifySkillModelLeadingCfgList:1175 Load 17 Cfgs.
07-23-21:28:14.1643 872 SceneServer::CSSCfgMgr::OnMsgFromCS_NotifySkillModelBufCfgList:1189 Load 302 Cfgs.
07-23-21:28:14.1663 872 SceneServer::CSSCfgMgr::OnMsgFromCS_NotifySkillModelSummonCfgList:1203 Load 5 Cfgs.
07-23-21:28:14.1703 872 SceneServer::CSSCfgMgr::OnMsgFromCS_NotifySkillModelMoveCfgList:1217 Load 26 Cfgs.
07-23-21:28:14.1733 872 SceneServer::CSSCfgMgr::OnMsgFromCS_NotifySkillModelSwitchCfgList:1232 Load 1 Cfgs.
07-23-21:28:14.1783 872 SceneServer::CSSCfgMgr::OnMsgFromCS_NotifySkillModelPurificationCfgList:1247 Load 1 Cfgs.
07-23-21:28:14.1823 872 SceneServer::CSSCfgMgr::OnMsgFromCS_NotifySkillModelLinkCfgList:1262 Load 1 Cfgs.
07-23-21:28:14.1843 872 SceneServer::CSSCfgMgr::OnMsgFromCS_NotifyPassitiveSkillCfgList:1276 Load 126 Cfgs.
07-23-21:28:14.1863 872 SceneServer::CSSCfgMgr::OnMsgFromCS_NotifyPassitiveEffectBloodSeekCfgList:1290 Load 6 Cfgs.
07-23-21:28:14.1883 872 SceneServer::CSSCfgMgr::OnMsgFromCS_NotifyPassitiveEffectReboundCfgList:1304 Load 4 Cfgs.
07-23-21:28:14.1903 872 SceneServer::CSSCfgMgr::OnMsgFromCS_NotifyPassitiveEffectReliveCfgList:1319 Load 1 Cfgs.
07-23-21:28:14.1923 872 SceneServer::CSSWorkThreadMgr::OnMsgFromGS_GSAskRegiste:224 GS 30001 registed at net session 3.
07-23-21:28:14.1943 872 CGateSession::OnRealEstablish:39 GS(30001) Connected.
07-23-21:48:28.0757 872 CSSLogSession::OnClose:36 DisConnect.
07-23-21:48:31.2129 872 CGateSession::OnClose:48 GS(30001) DisConnect.
