09-06-21:35:57.3220 2996 SceneServer::CSSCfgMgr::LoadMapStaticData:970 Add 1000 MapStaticData
09-06-21:35:57.3240 2996 SceneServer::CSSCfgMgr::LoadMapStaticData:970 Add 1001 MapStaticData
09-06-21:35:57.3260 2996 SceneServer::CSSCfgMgr::LoadMapStaticData:970 Add 1002 MapStaticData
09-06-21:35:57.3490 2996 SceneServer::CSSCfgMgr::LoadMapStaticData:970 Add 1003 MapStaticData
09-06-21:35:57.8741 2996 CCentralSession::SendInitData:30 CS Connected, try to register me.
09-06-21:35:57.8791 2996 CCentralSession::Msg_Handle_Init:90 GSKernel Start success, Got 10 GSInfo and 7 GS defined, Milsec error 303.
09-06-21:35:57.8831 2996 CCentralSession::OnRealEstablish:41 CS Connected and register ok, try to ask global config.
09-06-21:35:57.9031 2996 SceneServer::CSSCfgMgr::OnMsgFromCS_NotifyGameSwitchCfg:1359 --set this ss gamelog switch .....ok!--
09-06-21:35:57.9131 2996 SceneServer::CSSCfgMgr::OnMsgFromCS_NotifyNPCCfgList:1035 Load 52 Cfgs.
09-06-21:35:57.9201 2996 SceneServer::CSSCfgMgr::OnMsgFromCS_NotifyHeroCfgList:1049 Load 22 Cfgs.
09-06-21:35:57.9361 2996 SceneServer::CSSCfgMgr::OnMsgFromCS_NotifyShopCfgList:1077 Load 3 Cfgs.
09-06-21:35:57.9391 2996 SceneServer::CSSCfgMgr::OnMsgFromCS_NotifyGoodsCfgList:1063 Load 103 Cfgs.
09-06-21:35:57.9411 2996 SceneServer::CSSCfgMgr::OnMsgFromCS_NotifyRobotAICfgList:1091 Load 609 Cfgs.
09-06-21:35:57.9451 2996 SceneServer::CSSCfgMgr::OnMsgFromCS_NotifyRobotAIPathCfgList:1105 Load 197 Cfgs.
09-06-21:35:57.9471 2996 SceneServer::CSSCfgMgr::OnMsgFromCS_NotifyNewSkillCfgList:1119 Load 268 Cfgs.
09-06-21:35:57.9501 2996 SceneServer::CSSCfgMgr::OnMsgFromCS_NotifySkillModelAccountCfgCfgList:1133 Load 322 Cfgs.
09-06-21:35:57.9521 2996 SceneServer::CSSCfgMgr::OnMsgFromCS_NotifySkillModelEmitCfgList:1147 Load 96 Cfgs.
09-06-21:35:57.9551 2996 SceneServer::CSSCfgMgr::OnMsgFromCS_NotifySkillModelRangeCfgList:1161 Load 123 Cfgs.
09-06-21:35:57.9601 2996 SceneServer::CSSCfgMgr::OnMsgFromCS_NotifySkillModelLeadingCfgList:1175 Load 17 Cfgs.
09-06-21:35:57.9631 2996 SceneServer::CSSCfgMgr::OnMsgFromCS_NotifySkillModelBufCfgList:1189 Load 302 Cfgs.
09-06-21:35:57.9661 2996 SceneServer::CSSCfgMgr::OnMsgFromCS_NotifySkillModelSummonCfgList:1203 Load 5 Cfgs.
09-06-21:35:57.9681 2996 SceneServer::CSSCfgMgr::OnMsgFromCS_NotifySkillModelMoveCfgList:1217 Load 26 Cfgs.
09-06-21:35:57.9701 2996 SceneServer::CSSCfgMgr::OnMsgFromCS_NotifySkillModelSwitchCfgList:1232 Load 1 Cfgs.
09-06-21:35:57.9721 2996 SceneServer::CSSCfgMgr::OnMsgFromCS_NotifySkillModelPurificationCfgList:1247 Load 1 Cfgs.
09-06-21:35:57.9741 2996 SceneServer::CSSCfgMgr::OnMsgFromCS_NotifySkillModelLinkCfgList:1262 Load 1 Cfgs.
09-06-21:35:57.9771 2996 SceneServer::CSSCfgMgr::OnMsgFromCS_NotifyPassitiveSkillCfgList:1276 Load 126 Cfgs.
09-06-21:35:57.9791 2996 SceneServer::CSSCfgMgr::OnMsgFromCS_NotifyPassitiveEffectBloodSeekCfgList:1290 Load 6 Cfgs.
09-06-21:35:57.9811 2996 SceneServer::CSSCfgMgr::OnMsgFromCS_NotifyPassitiveEffectReboundCfgList:1304 Load 4 Cfgs.
09-06-21:35:57.9871 2996 SceneServer::CSSCfgMgr::OnMsgFromCS_NotifyPassitiveEffectReliveCfgList:1319 Load 1 Cfgs.
09-06-21:35:58.1001 2996 SceneServer::CSSWorkThreadMgr::OnMsgFromGS_GSAskRegiste:224 GS 30001 registed at net session 3.
09-06-21:35:58.1021 2996 CGateSession::OnRealEstablish:39 GS(30001) Connected.
09-06-21:35:58.3781 2996 CSSLogSession::SendInitData:28  LogServer Connected, try to register me.
09-06-21:43:18.5113 2996 CSSLogSession::OnClose:36 DisConnect.
09-06-21:43:21.0304 2996 CGateSession::OnClose:48 GS(30001) DisConnect.
