04-10-21:30:31.6190 11684 SceneServer::CSSCfgMgr::LoadMapStaticData:970 Add 1000 MapStaticData
04-10-21:30:31.6280 11684 SceneServer::CSSCfgMgr::LoadMapStaticData:970 Add 1001 MapStaticData
04-10-21:30:31.6390 11684 SceneServer::CSSCfgMgr::LoadMapStaticData:970 Add 1002 MapStaticData
04-10-21:30:31.6740 11684 SceneServer::CSSCfgMgr::LoadMapStaticData:970 Add 1003 MapStaticData
04-10-21:30:32.8110 11684 CCentralSession::SendInitData:30 CS Connected, try to register me.
04-10-21:30:32.8590 11684 CCentralSession::Msg_Handle_Init:90 GSKernel Start success, Got 10 GSInfo and 7 GS defined, Milsec error 375.
04-10-21:30:32.8770 11684 CCentralSession::OnRealEstablish:41 CS Connected and register ok, try to ask global config.
04-10-21:30:32.8950 11684 SceneServer::CSSCfgMgr::OnMsgFromCS_NotifyGameSwitchCfg:1359 --set this ss gamelog switch .....ok!--
04-10-21:30:32.8970 11684 SceneServer::CSSCfgMgr::OnMsgFromCS_NotifyNPCCfgList:1035 Load 52 Cfgs.
04-10-21:30:32.9020 11684 SceneServer::CSSCfgMgr::OnMsgFromCS_NotifyHeroCfgList:1049 Load 22 Cfgs.
04-10-21:30:32.9110 11684 SceneServer::CSSCfgMgr::OnMsgFromCS_NotifyShopCfgList:1077 Load 3 Cfgs.
04-10-21:30:32.9210 11684 SceneServer::CSSCfgMgr::OnMsgFromCS_NotifyGoodsCfgList:1063 Load 103 Cfgs.
04-10-21:30:32.9250 11684 SceneServer::CSSCfgMgr::OnMsgFromCS_NotifyRobotAICfgList:1091 Load 609 Cfgs.
04-10-21:30:32.9300 11684 SceneServer::CSSCfgMgr::OnMsgFromCS_NotifyRobotAIPathCfgList:1105 Load 197 Cfgs.
04-10-21:30:32.9340 11684 SceneServer::CSSCfgMgr::OnMsgFromCS_NotifyNewSkillCfgList:1119 Load 268 Cfgs.
04-10-21:30:32.9360 11684 SceneServer::CSSCfgMgr::OnMsgFromCS_NotifySkillModelAccountCfgCfgList:1133 Load 322 Cfgs.
04-10-21:30:32.9380 11684 SceneServer::CSSCfgMgr::OnMsgFromCS_NotifySkillModelEmitCfgList:1147 Load 96 Cfgs.
04-10-21:30:32.9410 11684 SceneServer::CSSCfgMgr::OnMsgFromCS_NotifySkillModelRangeCfgList:1161 Load 123 Cfgs.
04-10-21:30:32.9520 11684 SceneServer::CSSCfgMgr::OnMsgFromCS_NotifySkillModelLeadingCfgList:1175 Load 17 Cfgs.
04-10-21:30:32.9600 11684 SceneServer::CSSCfgMgr::OnMsgFromCS_NotifySkillModelBufCfgList:1189 Load 302 Cfgs.
04-10-21:30:32.9650 11684 SceneServer::CSSCfgMgr::OnMsgFromCS_NotifySkillModelSummonCfgList:1203 Load 5 Cfgs.
04-10-21:30:32.9670 11684 SceneServer::CSSCfgMgr::OnMsgFromCS_NotifySkillModelMoveCfgList:1217 Load 26 Cfgs.
04-10-21:30:32.9710 11684 SceneServer::CSSCfgMgr::OnMsgFromCS_NotifySkillModelSwitchCfgList:1232 Load 1 Cfgs.
04-10-21:30:32.9730 11684 SceneServer::CSSCfgMgr::OnMsgFromCS_NotifySkillModelPurificationCfgList:1247 Load 1 Cfgs.
04-10-21:30:32.9760 11684 SceneServer::CSSCfgMgr::OnMsgFromCS_NotifySkillModelLinkCfgList:1262 Load 1 Cfgs.
04-10-21:30:32.9780 11684 SceneServer::CSSWorkThreadMgr::OnMsgFromGS_GSAskRegiste:224 GS 30001 registed at net session 3.
04-10-21:30:32.9800 11684 CGateSession::OnRealEstablish:39 GS(30001) Connected.
04-10-21:30:32.9850 11684 SceneServer::CSSCfgMgr::OnMsgFromCS_NotifyPassitiveSkillCfgList:1276 Load 126 Cfgs.
04-10-21:30:32.9870 11684 SceneServer::CSSCfgMgr::OnMsgFromCS_NotifyPassitiveEffectBloodSeekCfgList:1290 Load 6 Cfgs.
04-10-21:30:32.9890 11684 SceneServer::CSSCfgMgr::OnMsgFromCS_NotifyPassitiveEffectReboundCfgList:1304 Load 4 Cfgs.
04-10-21:30:32.9900 11684 SceneServer::CSSCfgMgr::OnMsgFromCS_NotifyPassitiveEffectReliveCfgList:1319 Load 1 Cfgs.
04-10-21:30:33.4061 11684 CSSLogSession::SendInitData:28  LogServer Connected, try to register me.
ession::OnClose:36 DisConnect.
04-10-20:25:19.9082 7520 CGateSession::OnClose:48 GS(30001) DisConnect.
