09-07-20:57:58.9741 3220 SceneServer::CSSCfgMgr::LoadMapStaticData:970 Add 1000 MapStaticData
09-07-20:57:58.9761 3220 SceneServer::CSSCfgMgr::LoadMapStaticData:970 Add 1001 MapStaticData
09-07-20:57:58.9891 3220 SceneServer::CSSCfgMgr::LoadMapStaticData:970 Add 1002 MapStaticData
09-07-20:57:59.0121 3220 SceneServer::CSSCfgMgr::LoadMapStaticData:970 Add 1003 MapStaticData
09-07-20:57:59.5411 3220 CSSLogSession::SendInitData:28  LogServer Connected, try to register me.
09-07-20:58:00.0541 3220 CCentralSession::SendInitData:30 CS Connected, try to register me.
09-07-20:58:00.0561 3220 CCentralSession::Msg_Handle_Init:90 GSKernel Start success, Got 10 GSInfo and 10 GS defined, Milsec error 122.
09-07-20:58:00.0611 3220 CCentralSession::OnRealEstablish:41 CS Connected and register ok, try to ask global config.
09-07-20:58:00.0681 3220 SceneServer::CSSCfgMgr::OnMsgFromCS_NotifyGameSwitchCfg:1359 --set this ss gamelog switch .....ok!--
09-07-20:58:00.0781 3220 SceneServer::CSSCfgMgr::OnMsgFromCS_NotifyNPCCfgList:1035 Load 52 Cfgs.
09-07-20:58:00.0791 3220 SceneServer::CSSCfgMgr::OnMsgFromCS_NotifyHeroCfgList:1049 Load 22 Cfgs.
09-07-20:58:00.0811 3220 SceneServer::CSSCfgMgr::OnMsgFromCS_NotifyShopCfgList:1077 Load 3 Cfgs.
09-07-20:58:00.0831 3220 SceneServer::CSSCfgMgr::OnMsgFromCS_NotifyGoodsCfgList:1063 Load 103 Cfgs.
09-07-20:58:00.0851 3220 SceneServer::CSSCfgMgr::OnMsgFromCS_NotifyRobotAICfgList:1091 Load 609 Cfgs.
09-07-20:58:00.0861 3220 SceneServer::CSSCfgMgr::OnMsgFromCS_NotifyRobotAIPathCfgList:1105 Load 197 Cfgs.
09-07-20:58:00.0881 3220 SceneServer::CSSCfgMgr::OnMsgFromCS_NotifyNewSkillCfgList:1119 Load 268 Cfgs.
09-07-20:58:00.0901 3220 SceneServer::CSSCfgMgr::OnMsgFromCS_NotifySkillModelAccountCfgCfgList:1133 Load 322 Cfgs.
09-07-20:58:00.1071 3220 SceneServer::CSSCfgMgr::OnMsgFromCS_NotifySkillModelEmitCfgList:1147 Load 96 Cfgs.
09-07-20:58:00.1121 3220 SceneServer::CSSCfgMgr::OnMsgFromCS_NotifySkillModelRangeCfgList:1161 Load 123 Cfgs.
09-07-20:58:00.1151 3220 SceneServer::CSSCfgMgr::OnMsgFromCS_NotifySkillModelLeadingCfgList:1175 Load 17 Cfgs.
09-07-20:58:00.1181 3220 SceneServer::CSSCfgMgr::OnMsgFromCS_NotifySkillModelBufCfgList:1189 Load 302 Cfgs.
09-07-20:58:00.1201 3220 SceneServer::CSSCfgMgr::OnMsgFromCS_NotifySkillModelSummonCfgList:1203 Load 5 Cfgs.
09-07-20:58:00.1231 3220 SceneServer::CSSCfgMgr::OnMsgFromCS_NotifySkillModelMoveCfgList:1217 Load 26 Cfgs.
09-07-20:58:00.1251 3220 SceneServer::CSSCfgMgr::OnMsgFromCS_NotifySkillModelSwitchCfgList:1232 Load 1 Cfgs.
09-07-20:58:00.1271 3220 SceneServer::CSSCfgMgr::OnMsgFromCS_NotifySkillModelPurificationCfgList:1247 Load 1 Cfgs.
09-07-20:58:00.1301 3220 SceneServer::CSSCfgMgr::OnMsgFromCS_NotifySkillModelLinkCfgList:1262 Load 1 Cfgs.
09-07-20:58:00.1331 3220 SceneServer::CSSCfgMgr::OnMsgFromCS_NotifyPassitiveSkillCfgList:1276 Load 126 Cfgs.
09-07-20:58:00.1351 3220 SceneServer::CSSCfgMgr::OnMsgFromCS_NotifyPassitiveEffectBloodSeekCfgList:1290 Load 6 Cfgs.
09-07-20:58:00.1371 3220 SceneServer::CSSCfgMgr::OnMsgFromCS_NotifyPassitiveEffectReboundCfgList:1304 Load 4 Cfgs.
09-07-20:58:00.1381 3220 SceneServer::CSSCfgMgr::OnMsgFromCS_NotifyPassitiveEffectReliveCfgList:1319 Load 1 Cfgs.
09-07-20:58:00.1401 3220 SceneServer::CSSWorkThreadMgr::OnMsgFromGS_GSAskRegiste:224 GS 30001 registed at net session 3.
09-07-20:58:00.1421 3220 CGateSession::OnRealEstablish:39 GS(30001) Connected.
09-07-21:19:02.2393 3220 CCentralSession::OnClose:47 CS DisConnect.
