05-14-20:47:58.2712 14072 SceneServer::CSSWorkThreadMgr::SendCSMsgToLogicThread:54 创建战场(1)
05-14-20:47:58.2742 14072 SceneServer::CSSWorkThreadMgr::SendCSMsgToLogicThread:74 玩家(useguid:1001)进入战场(1)
05-14-20:47:58.2772 3564 SceneServer::CSSBattleMgr::OnMsgFromCS_CreateBattle:221 邀请玩家(婕╁)加入战场(1)
05-14-20:47:58.2942 3564 SceneServer::CSSBattle::PostMsgToGC_EnterBattleState:233 玩家(婕╁)确认加入战场(1),当前战场状态(2)
05-14-20:48:06.1446 3564 SceneServer::CSSBattleMgr::OnMsgFromGC_LoadBattleComplete:100 玩家(婕╁)AskLoadBattleComplete
05-14-20:48:11.4399 14072 SceneServer::CSSWorkThreadMgr::SendCSMsgToLogicThread:113 玩家(1001)下线离开战场(1)
05-14-20:48:11.4439 3564 SceneServer::CSSBattle::OnUserOffline:569 玩家下线，清理玩家(婕╁)的网络信息
05-14-20:48:11.5189 3564 SceneServer::CSSWorkThreadMgr::NotifyDelBattle:274 结束战场(1)
05-14-20:48:11.5209 14072 SceneServer::CSSWorkThreadMgr::CheckDelBattleCallbackQueue:328 战场结束(1)玩家(1001)移除
05-14-20:52:10.8626 14072 SceneServer::CSSWorkThreadMgr::SendCSMsgToLogicThread:54 创建战场(2)
05-14-20:52:10.8656 14072 SceneServer::CSSWorkThreadMgr::SendCSMsgToLogicThread:74 玩家(useguid:1001)进入战场(2)
05-14-20:52:10.8686 12652 SceneServer::CSSBattleMgr::OnMsgFromCS_CreateBattle:221 邀请玩家(婕╁)加入战场(2)
05-14-20:52:10.8976 12652 SceneServer::CSSBattle::PostMsgToGC_EnterBattleState:233 玩家(婕╁)确认加入战场(2),当前战场状态(2)
05-14-20:52:16.4239 12652 SceneServer::CSSBattleMgr::OnMsgFromGC_LoadBattleComplete:100 玩家(婕╁)AskLoadBattleComplete
05-14-20:52:26.5055 14072 SceneServer::CSSWorkThreadMgr::SendCSMsgToLogicThread:113 玩家(1001)下线离开战场(2)
05-14-20:52:26.5095 12652 SceneServer::CSSBattle::OnUserOffline:569 玩家下线，清理玩家(婕╁)的网络信息
05-14-20:52:26.5395 12652 SceneServer::CSSWorkThreadMgr::NotifyDelBattle:274 结束战场(2)
05-14-20:52:26.5415 14072 SceneServer::CSSWorkThreadMgr::CheckDelBattleCallbackQueue:328 战场结束(2)玩家(1001)移除
05-14-22:06:51.4619 14072 SceneServer::CSSWorkThreadMgr::SendCSMsgToLogicThread:54 创建战场(3)
05-14-22:06:51.4649 14072 SceneServer::CSSWorkThreadMgr::SendCSMsgToLogicThread:74 玩家(useguid:1001)进入战场(3)
05-14-22:06:51.4679 10744 SceneServer::CSSBattleMgr::OnMsgFromCS_CreateBattle:221 邀请玩家(婕╁)加入战场(3)
05-14-22:06:51.5449 10744 SceneServer::CSSBattle::PostMsgToGC_EnterBattleState:233 玩家(婕╁)确认加入战场(3),当前战场状态(0)
05-14-22:06:58.5593 10744 SceneServer::CSSBattleMgr::OnMsgFromGC_AskTrySelectHero:62 玩家(婕╁)AskTrySelectHero
05-14-22:06:59.5413 10744 SceneServer::CSSBattleMgr::OnMsgFromGC_AskTrySelectHero:62 玩家(婕╁)AskTrySelectHero
05-14-22:07:00.4264 10744 SceneServer::CSSBattleMgr::OnMsgFromGC_AskTrySelectHero:62 玩家(婕╁)AskTrySelectHero
05-14-22:07:01.2754 10744 SceneServer::CSSBattleMgr::OnMsgFromGC_AskTrySelectHero:62 玩家(婕╁)AskTrySelectHero
05-14-22:07:02.3455 10744 SceneServer::CSSBattleMgr::OnMsgFromGC_AskTrySelectHero:62 玩家(婕╁)AskTrySelectHero
05-14-22:07:02.9095 10744 SceneServer::CSSBattleMgr::OnMsgFromGC_AskTrySelectHero:62 玩家(婕╁)AskTrySelectHero
05-14-22:07:03.4916 10744 SceneServer::CSSBattleMgr::OnMsgFromGC_AskTrySelectHero:62 玩家(婕╁)AskTrySelectHero
05-14-22:07:04.2246 10744 SceneServer::CSSBattleMgr::OnMsgFromGC_AskTrySelectHero:62 玩家(婕╁)AskTrySelectHero
05-14-22:07:04.6196 10744 SceneServer::CSSBattleMgr::OnMsgFromGC_AskTrySelectHero:62 玩家(婕╁)AskTrySelectHero
05-14-22:07:04.9497 10744 SceneServer::CSSBattleMgr::OnMsgFromGC_AskTrySelectHero:62 玩家(婕╁)AskTrySelectHero
05-14-22:07:05.2587 10744 SceneServer::CSSBattleMgr::OnMsgFromGC_AskTrySelectHero:62 玩家(婕╁)AskTrySelectHero
05-14-22:07:05.7397 10744 SceneServer::CSSBattleMgr::OnMsgFromGC_AskTrySelectHero:62 玩家(婕╁)AskTrySelectHero
05-14-22:07:16.6913 14072 SceneServer::CSSWorkThreadMgr::SendCSMsgToLogicThread:113 玩家(1001)下线离开战场(3)
05-14-22:07:16.6953 10744 SceneServer::CSSBattle::OnUserOffline:569 玩家下线，清理玩家(婕╁)的网络信息
05-14-22:07:31.5092 10744 SceneServer::CSSWorkThreadMgr::NotifyDelBattle:274 结束战场(3)
05-14-22:07:31.5132 14072 SceneServer::CSSWorkThreadMgr::CheckDelBattleCallbackQueue:328 战场结束(3)玩家(1001)移除
