04-04-17:35:46.9040 9364 SceneServer::CSSCfgMgr::LoadMapStaticData:970 Add 1000 MapStaticData
04-04-17:35:46.9140 9364 SceneServer::CSSCfgMgr::LoadMapStaticData:970 Add 1001 MapStaticData
04-04-17:35:46.9230 9364 SceneServer::CSSCfgMgr::LoadMapStaticData:970 Add 1002 MapStaticData
04-04-17:35:46.9490 9364 SceneServer::CSSCfgMgr::LoadMapStaticData:970 Add 1003 MapStaticData
04-04-17:35:48.0081 9364 CCentralSession::SendInitData:30 CS Connected, try to register me.
04-04-17:35:48.0261 9364 CCentralSession::Msg_Handle_Init:90 GSKernel Start success, Got 10 GSInfo and 7 GS defined, Milsec error 333.
04-04-17:35:48.0291 9364 CCentralSession::OnRealEstablish:41 CS Connected and register ok, try to ask global config.
04-04-17:35:48.0311 9364 SceneServer::CSSCfgMgr::OnMsgFromCS_NotifyGameSwitchCfg:1359 --set this ss gamelog switch .....ok!--
04-04-17:35:48.0331 9364 SceneServer::CSSCfgMgr::OnMsgFromCS_NotifyNPCCfgList:1035 Load 52 Cfgs.
04-04-17:35:48.0361 9364 SceneServer::CSSCfgMgr::OnMsgFromCS_NotifyHeroCfgList:1049 Load 22 Cfgs.
04-04-17:35:48.0391 9364 SceneServer::CSSCfgMgr::OnMsgFromCS_NotifyShopCfgList:1077 Load 3 Cfgs.
04-04-17:35:48.0411 9364 SceneServer::CSSCfgMgr::OnMsgFromCS_NotifyGoodsCfgList:1063 Load 103 Cfgs.
04-04-17:35:48.0421 9364 SceneServer::CSSCfgMgr::OnMsgFromCS_NotifyRobotAICfgList:1091 Load 609 Cfgs.
04-04-17:35:48.0441 9364 SceneServer::CSSCfgMgr::OnMsgFromCS_NotifyRobotAIPathCfgList:1105 Load 197 Cfgs.
04-04-17:35:48.0471 9364 SceneServer::CSSCfgMgr::OnMsgFromCS_NotifyNewSkillCfgList:1119 Load 268 Cfgs.
04-04-17:35:48.0491 9364 SceneServer::CSSWorkThreadMgr::OnMsgFromGS_GSAskRegiste:224 GS 30001 registed at net session 3.
04-04-17:35:48.0521 9364 CGateSession::OnRealEstablish:39 GS(30001) Connected.
04-04-17:35:48.0531 9364 SceneServer::CSSCfgMgr::OnMsgFromCS_NotifySkillModelAccountCfgCfgList:1133 Load 322 Cfgs.
04-04-17:35:48.0551 9364 SceneServer::CSSCfgMgr::OnMsgFromCS_NotifySkillModelEmitCfgList:1147 Load 96 Cfgs.
04-04-17:35:48.0571 9364 SceneServer::CSSCfgMgr::OnMsgFromCS_NotifySkillModelRangeCfgList:1161 Load 123 Cfgs.
04-04-17:35:48.0591 9364 SceneServer::CSSCfgMgr::OnMsgFromCS_NotifySkillModelLeadingCfgList:1175 Load 17 Cfgs.
04-04-17:35:48.0611 9364 SceneServer::CSSCfgMgr::OnMsgFromCS_NotifySkillModelBufCfgList:1189 Load 302 Cfgs.
04-04-17:35:48.0631 9364 SceneServer::CSSCfgMgr::OnMsgFromCS_NotifySkillModelSummonCfgList:1203 Load 5 Cfgs.
04-04-17:35:48.0651 9364 SceneServer::CSSCfgMgr::OnMsgFromCS_NotifySkillModelMoveCfgList:1217 Load 26 Cfgs.
04-04-17:35:48.0671 9364 SceneServer::CSSCfgMgr::OnMsgFromCS_NotifySkillModelSwitchCfgList:1232 Load 1 Cfgs.
04-04-17:35:48.0691 9364 SceneServer::CSSCfgMgr::OnMsgFromCS_NotifySkillModelPurificationCfgList:1247 Load 1 Cfgs.
04-04-17:35:48.0711 9364 SceneServer::CSSCfgMgr::OnMsgFromCS_NotifySkillModelLinkCfgList:1262 Load 1 Cfgs.
04-04-17:35:48.0721 9364 SceneServer::CSSCfgMgr::OnMsgFromCS_NotifyPassitiveSkillCfgList:1276 Load 126 Cfgs.
04-04-17:35:48.0741 9364 SceneServer::CSSCfgMgr::OnMsgFromCS_NotifyPassitiveEffectBloodSeekCfgList:1290 Load 6 Cfgs.
04-04-17:35:48.0761 9364 SceneServer::CSSCfgMgr::OnMsgFromCS_NotifyPassitiveEffectReboundCfgList:1304 Load 4 Cfgs.
04-04-17:35:48.0781 9364 SceneServer::CSSCfgMgr::OnMsgFromCS_NotifyPassitiveEffectReliveCfgList:1319 Load 1 Cfgs.
04-04-17:35:58.0147 9364 CSSLogSession::SendInitData:28  LogServer Connected, try to register me.
04-04-20:16:52.5849 9364 CCentralSession::OnClose:47 CS DisConnect.
