10-15-21:11:52.4150 25216 SceneServer::CSSCfgMgr::LoadMapStaticData:970 Add 1000 MapStaticData
10-15-21:11:52.4720 25216 SceneServer::CSSCfgMgr::LoadMapStaticData:970 Add 1001 MapStaticData
10-15-21:11:52.4910 25216 SceneServer::CSSCfgMgr::LoadMapStaticData:970 Add 1002 MapStaticData
10-15-21:11:52.4950 25216 SceneServer::CSSCfgMgr::LoadMapStaticData:970 Add 1003 MapStaticData
10-15-21:11:53.4501 25216 CCentralSession::SendInitData:30 CS Connected, try to register me.
10-15-21:11:53.4531 25216 CSSLogSession::SendInitData:28  LogServer Connected, try to register me.
10-15-21:11:53.4631 25216 CCentralSession::Msg_Handle_Init:90 GSKernel Start success, Got 10 GSInfo and 6 GS defined, Milsec error 159.
10-15-21:11:53.4701 25216 CCentralSession::OnRealEstablish:41 CS Connected and register ok, try to ask global config.
10-15-21:11:53.4731 25216 SceneServer::CSSCfgMgr::OnMsgFromCS_NotifyGameSwitchCfg:1359 --set this ss gamelog switch .....ok!--
10-15-21:11:53.4791 25216 SceneServer::CSSCfgMgr::OnMsgFromCS_NotifyNPCCfgList:1035 Load 52 Cfgs.
10-15-21:11:53.4811 25216 SceneServer::CSSCfgMgr::OnMsgFromCS_NotifyHeroCfgList:1049 Load 22 Cfgs.
10-15-21:11:53.4841 25216 SceneServer::CSSCfgMgr::OnMsgFromCS_NotifyShopCfgList:1077 Load 3 Cfgs.
10-15-21:11:53.4861 25216 SceneServer::CSSCfgMgr::OnMsgFromCS_NotifyGoodsCfgList:1063 Load 103 Cfgs.
10-15-21:11:53.4881 25216 SceneServer::CSSCfgMgr::OnMsgFromCS_NotifyRobotAICfgList:1091 Load 609 Cfgs.
10-15-21:11:53.4901 25216 SceneServer::CSSCfgMgr::OnMsgFromCS_NotifyRobotAIPathCfgList:1105 Load 197 Cfgs.
10-15-21:11:53.4921 25216 SceneServer::CSSCfgMgr::OnMsgFromCS_NotifyNewSkillCfgList:1119 Load 268 Cfgs.
10-15-21:11:53.4941 25216 SceneServer::CSSCfgMgr::OnMsgFromCS_NotifySkillModelAccountCfgCfgList:1133 Load 322 Cfgs.
10-15-21:11:53.4971 25216 SceneServer::CSSWorkThreadMgr::OnMsgFromGS_GSAskRegiste:224 GS 30001 registed at net session 3.
10-15-21:11:53.4991 25216 CGateSession::OnRealEstablish:39 GS(30001) Connected.
10-15-21:11:53.5011 25216 SceneServer::CSSCfgMgr::OnMsgFromCS_NotifySkillModelEmitCfgList:1147 Load 96 Cfgs.
10-15-21:11:53.5031 25216 SceneServer::CSSCfgMgr::OnMsgFromCS_NotifySkillModelRangeCfgList:1161 Load 123 Cfgs.
10-15-21:11:53.5101 25216 SceneServer::CSSCfgMgr::OnMsgFromCS_NotifySkillModelLeadingCfgList:1175 Load 17 Cfgs.
10-15-21:11:53.5121 25216 SceneServer::CSSCfgMgr::OnMsgFromCS_NotifySkillModelBufCfgList:1189 Load 302 Cfgs.
10-15-21:11:53.5151 25216 SceneServer::CSSCfgMgr::OnMsgFromCS_NotifySkillModelSummonCfgList:1203 Load 5 Cfgs.
10-15-21:11:53.5171 25216 SceneServer::CSSCfgMgr::OnMsgFromCS_NotifySkillModelMoveCfgList:1217 Load 26 Cfgs.
10-15-21:11:53.5201 25216 SceneServer::CSSCfgMgr::OnMsgFromCS_NotifySkillModelSwitchCfgList:1232 Load 1 Cfgs.
10-15-21:11:53.5221 25216 SceneServer::CSSCfgMgr::OnMsgFromCS_NotifySkillModelPurificationCfgList:1247 Load 1 Cfgs.
10-15-21:11:53.5241 25216 SceneServer::CSSCfgMgr::OnMsgFromCS_NotifySkillModelLinkCfgList:1262 Load 1 Cfgs.
10-15-21:11:53.5271 25216 SceneServer::CSSCfgMgr::OnMsgFromCS_NotifyPassitiveSkillCfgList:1276 Load 126 Cfgs.
10-15-21:11:53.5311 25216 SceneServer::CSSCfgMgr::OnMsgFromCS_NotifyPassitiveEffectBloodSeekCfgList:1290 Load 6 Cfgs.
10-15-21:11:53.5331 25216 SceneServer::CSSCfgMgr::OnMsgFromCS_NotifyPassitiveEffectReboundCfgList:1304 Load 4 Cfgs.
10-15-21:11:53.5531 25216 SceneServer::CSSCfgMgr::OnMsgFromCS_NotifyPassitiveEffectReliveCfgList:1319 Load 1 Cfgs.
10-15-22:06:56.6610 25216 CSSLogSession::OnClose:36 DisConnect.
10-15-22:06:59.4042 25216 CGateSession::OnClose:48 GS(30001) DisConnect.
10-15-22:07:00.3002 25216 CCentralSession::OnClose:47 CS DisConnect.
