08-13-21:26:50.1453 25308 SceneServer::CSSCfgMgr::LoadMapStaticData:970 Add 1000 MapStaticData
08-13-21:26:50.1973 25308 SceneServer::CSSCfgMgr::LoadMapStaticData:970 Add 1001 MapStaticData
08-13-21:26:50.1993 25308 SceneServer::CSSCfgMgr::LoadMapStaticData:970 Add 1002 MapStaticData
08-13-21:26:50.2263 25308 SceneServer::CSSCfgMgr::LoadMapStaticData:970 Add 1003 MapStaticData
08-13-21:26:51.9344 25308 CCentralSession::SendInitData:30 CS Connected, try to register me.
08-13-21:26:51.9354 25308 CSSLogSession::SendInitData:28  LogServer Connected, try to register me.
08-13-21:26:51.9374 25308 CCentralSession::Msg_Handle_Init:90 GSKernel Start success, Got 10 GSInfo and 7 GS defined, Milsec error 429.
08-13-21:26:51.9944 25308 CCentralSession::OnRealEstablish:41 CS Connected and register ok, try to ask global config.
08-13-21:26:51.9984 25308 SceneServer::CSSCfgMgr::OnMsgFromCS_NotifyGameSwitchCfg:1359 --set this ss gamelog switch .....ok!--
08-13-21:26:52.0004 25308 SceneServer::CSSCfgMgr::OnMsgFromCS_NotifyNPCCfgList:1035 Load 52 Cfgs.
08-13-21:26:52.0114 25308 SceneServer::CSSCfgMgr::OnMsgFromCS_NotifyHeroCfgList:1049 Load 22 Cfgs.
08-13-21:26:52.0134 25308 SceneServer::CSSCfgMgr::OnMsgFromCS_NotifyShopCfgList:1077 Load 3 Cfgs.
08-13-21:26:52.0214 25308 SceneServer::CSSCfgMgr::OnMsgFromCS_NotifyGoodsCfgList:1063 Load 103 Cfgs.
08-13-21:26:52.0244 25308 SceneServer::CSSCfgMgr::OnMsgFromCS_NotifyRobotAICfgList:1091 Load 609 Cfgs.
08-13-21:26:52.0274 25308 SceneServer::CSSCfgMgr::OnMsgFromCS_NotifyRobotAIPathCfgList:1105 Load 197 Cfgs.
08-13-21:26:52.0294 25308 SceneServer::CSSCfgMgr::OnMsgFromCS_NotifyNewSkillCfgList:1119 Load 268 Cfgs.
08-13-21:26:52.0324 25308 SceneServer::CSSCfgMgr::OnMsgFromCS_NotifySkillModelAccountCfgCfgList:1133 Load 322 Cfgs.
08-13-21:26:52.0344 25308 SceneServer::CSSCfgMgr::OnMsgFromCS_NotifySkillModelEmitCfgList:1147 Load 96 Cfgs.
08-13-21:26:52.0374 25308 SceneServer::CSSCfgMgr::OnMsgFromCS_NotifySkillModelRangeCfgList:1161 Load 123 Cfgs.
08-13-21:26:52.0394 25308 SceneServer::CSSCfgMgr::OnMsgFromCS_NotifySkillModelLeadingCfgList:1175 Load 17 Cfgs.
08-13-21:26:52.0424 25308 SceneServer::CSSCfgMgr::OnMsgFromCS_NotifySkillModelBufCfgList:1189 Load 302 Cfgs.
08-13-21:26:52.0444 25308 SceneServer::CSSCfgMgr::OnMsgFromCS_NotifySkillModelSummonCfgList:1203 Load 5 Cfgs.
08-13-21:26:52.0464 25308 SceneServer::CSSCfgMgr::OnMsgFromCS_NotifySkillModelMoveCfgList:1217 Load 26 Cfgs.
08-13-21:26:52.0484 25308 SceneServer::CSSCfgMgr::OnMsgFromCS_NotifySkillModelSwitchCfgList:1232 Load 1 Cfgs.
08-13-21:26:52.0504 25308 SceneServer::CSSCfgMgr::OnMsgFromCS_NotifySkillModelPurificationCfgList:1247 Load 1 Cfgs.
08-13-21:26:52.0584 25308 SceneServer::CSSCfgMgr::OnMsgFromCS_NotifySkillModelLinkCfgList:1262 Load 1 Cfgs.
08-13-21:26:52.0614 25308 SceneServer::CSSCfgMgr::OnMsgFromCS_NotifyPassitiveSkillCfgList:1276 Load 126 Cfgs.
08-13-21:26:52.0644 25308 SceneServer::CSSCfgMgr::OnMsgFromCS_NotifyPassitiveEffectBloodSeekCfgList:1290 Load 6 Cfgs.
08-13-21:26:52.0664 25308 SceneServer::CSSCfgMgr::OnMsgFromCS_NotifyPassitiveEffectReboundCfgList:1304 Load 4 Cfgs.
08-13-21:26:52.0684 25308 SceneServer::CSSCfgMgr::OnMsgFromCS_NotifyPassitiveEffectReliveCfgList:1319 Load 1 Cfgs.
08-13-21:26:52.1934 25308 SceneServer::CSSWorkThreadMgr::OnMsgFromGS_GSAskRegiste:224 GS 30001 registed at net session 3.
08-13-21:26:52.2064 25308 CGateSession::OnRealEstablish:39 GS(30001) Connected.
