05-22-16:46:03.3970 8856 SceneServer::CSSCfgMgr::LoadMapStaticData:970 Add 1000 MapStaticData
05-22-16:46:03.4070 8856 SceneServer::CSSCfgMgr::LoadMapStaticData:970 Add 1001 MapStaticData
05-22-16:46:03.4170 8856 SceneServer::CSSCfgMgr::LoadMapStaticData:970 Add 1002 MapStaticData
05-22-16:46:03.4460 8856 SceneServer::CSSCfgMgr::LoadMapStaticData:970 Add 1003 MapStaticData
05-22-16:46:04.5030 8856 CCentralSession::SendInitData:30 CS Connected, try to register me.
05-22-16:46:04.5100 8856 CCentralSession::Msg_Handle_Init:90 GSKernel Start success, Got 10 GSInfo and 7 GS defined, Milsec error 268.
05-22-16:46:04.5120 8856 CCentralSession::OnRealEstablish:41 CS Connected and register ok, try to ask global config.
05-22-16:46:04.5240 8856 SceneServer::CSSCfgMgr::OnMsgFromCS_NotifyGameSwitchCfg:1359 --set this ss gamelog switch .....ok!--
05-22-16:46:04.5390 8856 SceneServer::CSSCfgMgr::OnMsgFromCS_NotifyNPCCfgList:1035 Load 52 Cfgs.
05-22-16:46:04.5420 8856 SceneServer::CSSCfgMgr::OnMsgFromCS_NotifyHeroCfgList:1049 Load 22 Cfgs.
05-22-16:46:04.5460 8856 SceneServer::CSSCfgMgr::OnMsgFromCS_NotifyShopCfgList:1077 Load 3 Cfgs.
05-22-16:46:04.5520 8856 SceneServer::CSSCfgMgr::OnMsgFromCS_NotifyGoodsCfgList:1063 Load 103 Cfgs.
05-22-16:46:04.5620 8856 SceneServer::CSSCfgMgr::OnMsgFromCS_NotifyRobotAICfgList:1091 Load 609 Cfgs.
05-22-16:46:04.5660 8856 SceneServer::CSSCfgMgr::OnMsgFromCS_NotifyRobotAIPathCfgList:1105 Load 197 Cfgs.
05-22-16:46:04.5690 8856 SceneServer::CSSCfgMgr::OnMsgFromCS_NotifyNewSkillCfgList:1119 Load 268 Cfgs.
05-22-16:46:04.5710 8856 SceneServer::CSSCfgMgr::OnMsgFromCS_NotifySkillModelAccountCfgCfgList:1133 Load 322 Cfgs.
05-22-16:46:04.5730 8856 SceneServer::CSSCfgMgr::OnMsgFromCS_NotifySkillModelEmitCfgList:1147 Load 96 Cfgs.
05-22-16:46:04.5750 8856 SceneServer::CSSCfgMgr::OnMsgFromCS_NotifySkillModelRangeCfgList:1161 Load 123 Cfgs.
05-22-16:46:04.5780 8856 SceneServer::CSSCfgMgr::OnMsgFromCS_NotifySkillModelLeadingCfgList:1175 Load 17 Cfgs.
05-22-16:46:04.5800 8856 SceneServer::CSSCfgMgr::OnMsgFromCS_NotifySkillModelBufCfgList:1189 Load 302 Cfgs.
05-22-16:46:04.5820 8856 SceneServer::CSSCfgMgr::OnMsgFromCS_NotifySkillModelSummonCfgList:1203 Load 5 Cfgs.
05-22-16:46:04.5840 8856 SceneServer::CSSCfgMgr::OnMsgFromCS_NotifySkillModelMoveCfgList:1217 Load 26 Cfgs.
05-22-16:46:04.5860 8856 SceneServer::CSSCfgMgr::OnMsgFromCS_NotifySkillModelSwitchCfgList:1232 Load 1 Cfgs.
05-22-16:46:04.5880 8856 SceneServer::CSSCfgMgr::OnMsgFromCS_NotifySkillModelPurificationCfgList:1247 Load 1 Cfgs.
05-22-16:46:04.5900 8856 SceneServer::CSSCfgMgr::OnMsgFromCS_NotifySkillModelLinkCfgList:1262 Load 1 Cfgs.
05-22-16:46:04.5920 8856 SceneServer::CSSCfgMgr::OnMsgFromCS_NotifyPassitiveSkillCfgList:1276 Load 126 Cfgs.
05-22-16:46:04.5950 8856 SceneServer::CSSCfgMgr::OnMsgFromCS_NotifyPassitiveEffectBloodSeekCfgList:1290 Load 6 Cfgs.
05-22-16:46:04.5970 8856 SceneServer::CSSCfgMgr::OnMsgFromCS_NotifyPassitiveEffectReboundCfgList:1304 Load 4 Cfgs.
05-22-16:46:04.5990 8856 SceneServer::CSSCfgMgr::OnMsgFromCS_NotifyPassitiveEffectReliveCfgList:1319 Load 1 Cfgs.
05-22-16:46:04.6050 8856 SceneServer::CSSWorkThreadMgr::OnMsgFromGS_GSAskRegiste:224 GS 30001 registed at net session 3.
05-22-16:46:04.6080 8856 CGateSession::OnRealEstablish:39 GS(30001) Connected.
05-22-16:46:05.0141 8856 CSSLogSession::SendInitData:28  LogServer Connected, try to register me.
05-22-22:02:01.0173 8856 CSSLogSession::OnClose:36 DisConnect.
05-22-22:02:03.2054 8856 CGateSession::OnClose:48 GS(30001) DisConnect.
