05-28-15:08:55.1492 11792 SceneServer::CSSWorkThreadMgr::SendCSMsgToLogicThread:54 创建战场(1)
05-28-15:08:55.1532 11792 SceneServer::CSSWorkThreadMgr::SendCSMsgToLogicThread:74 玩家(useguid:1001)进入战场(1)
05-28-15:08:55.1562 8688 SceneServer::CSSBattleMgr::OnMsgFromCS_CreateBattle:221 邀请玩家(榛ㄦ堕)加入战场(1)
05-28-15:08:55.1682 8688 SceneServer::CSSBattle::PostMsgToGC_EnterBattleState:233 玩家(榛ㄦ堕)确认加入战场(1),当前战场状态(2)
05-28-15:09:02.9347 8688 SceneServer::CSSBattleMgr::OnMsgFromGC_LoadBattleComplete:100 玩家(榛ㄦ堕)AskLoadBattleComplete
05-28-15:51:07.2251 11792 SceneServer::CSSWorkThreadMgr::SendCSMsgToLogicThread:113 玩家(1001)下线离开战场(1)
05-28-15:51:07.2361 8688 SceneServer::CSSBattle::OnUserOffline:569 玩家下线，清理玩家(榛ㄦ堕)的网络信息
05-28-15:51:07.2621 8688 SceneServer::CSSWorkThreadMgr::NotifyDelBattle:274 结束战场(1)
05-28-15:51:07.2641 11792 SceneServer::CSSWorkThreadMgr::CheckDelBattleCallbackQueue:328 战场结束(1)玩家(1001)移除
05-28-17:04:17.0982 11792 SceneServer::CSSWorkThreadMgr::SendCSMsgToLogicThread:54 创建战场(2)
05-28-17:04:17.1052 11792 SceneServer::CSSWorkThreadMgr::SendCSMsgToLogicThread:74 玩家(useguid:1001)进入战场(2)
05-28-17:04:17.1112 11864 SceneServer::CSSBattleMgr::OnMsgFromCS_CreateBattle:221 邀请玩家(榛ㄦ堕)加入战场(2)
05-28-17:04:17.1302 11864 SceneServer::CSSBattle::PostMsgToGC_EnterBattleState:233 玩家(榛ㄦ堕)确认加入战场(2),当前战场状态(2)
05-28-17:04:24.1516 11864 SceneServer::CSSBattleMgr::OnMsgFromGC_LoadBattleComplete:100 玩家(榛ㄦ堕)AskLoadBattleComplete
05-28-17:36:10.5926 11792 SceneServer::CSSWorkThreadMgr::SendCSMsgToLogicThread:113 玩家(1001)下线离开战场(2)
05-28-17:36:10.6596 11864 SceneServer::CSSBattle::OnUserOffline:569 玩家下线，清理玩家(榛ㄦ堕)的网络信息
05-28-17:36:10.9936 11864 SceneServer::CSSWorkThreadMgr::NotifyDelBattle:274 结束战场(2)
05-28-17:36:11.0106 11792 SceneServer::CSSWorkThreadMgr::CheckDelBattleCallbackQueue:328 战场结束(2)玩家(1001)移除
05-28-20:13:49.5266 11792 SceneServer::CSSWorkThreadMgr::SendCSMsgToLogicThread:54 创建战场(3)
05-28-20:13:49.5316 11792 SceneServer::CSSWorkThreadMgr::SendCSMsgToLogicThread:74 玩家(useguid:1001)进入战场(3)
05-28-20:13:49.5386 12240 SceneServer::CSSBattleMgr::OnMsgFromCS_CreateBattle:221 邀请玩家(榛ㄦ堕)加入战场(3)
05-28-20:13:49.5466 12240 SceneServer::CSSBattle::PostMsgToGC_EnterBattleState:233 玩家(榛ㄦ堕)确认加入战场(3),当前战场状态(2)
05-28-20:13:55.4330 12240 SceneServer::CSSBattleMgr::OnMsgFromGC_LoadBattleComplete:100 玩家(榛ㄦ堕)AskLoadBattleComplete
05-28-20:24:52.2175 12240 SceneServer::CSSBattle::OnUserOffline:569 玩家下线，清理玩家(榛ㄦ堕)的网络信息
05-28-20:24:52.2205 11792 SceneServer::CSSWorkThreadMgr::SendCSMsgToLogicThread:113 玩家(1001)下线离开战场(3)
05-28-20:24:52.2785 12240 SceneServer::CSSWorkThreadMgr::NotifyDelBattle:274 结束战场(3)
05-28-20:24:52.2805 11792 SceneServer::CSSWorkThreadMgr::CheckDelBattleCallbackQueue:328 战场结束(3)玩家(1001)移除
05-28-20:57:55.5600 11792 SceneServer::CSSWorkThreadMgr::SendCSMsgToLogicThread:54 创建战场(4)
05-28-20:57:55.5630 11792 SceneServer::CSSWorkThreadMgr::SendCSMsgToLogicThread:74 玩家(useguid:1001)进入战场(4)
05-28-20:57:55.5800 7104 SceneServer::CSSBattleMgr::OnMsgFromCS_CreateBattle:221 邀请玩家(榛ㄦ堕)加入战场(4)
05-28-20:57:55.7940 7104 SceneServer::CSSBattle::PostMsgToGC_EnterBattleState:233 玩家(榛ㄦ堕)确认加入战场(4),当前战场状态(2)
05-28-20:58:02.4514 7104 SceneServer::CSSBattleMgr::OnMsgFromGC_LoadBattleComplete:100 玩家(榛ㄦ堕)AskLoadBattleComplete
05-28-21:07:12.0678 11792 SceneServer::CSSWorkThreadMgr::SendCSMsgToLogicThread:113 玩家(1001)下线离开战场(4)
05-28-21:07:12.0728 7104 SceneServer::CSSBattle::OnUserOffline:569 玩家下线，清理玩家(榛ㄦ堕)的网络信息
05-28-21:07:12.1278 7104 SceneServer::CSSWorkThreadMgr::NotifyDelBattle:274 结束战场(4)
05-28-21:07:12.1298 11792 SceneServer::CSSWorkThreadMgr::CheckDelBattleCallbackQueue:328 战场结束(4)玩家(1001)移除
05-28-21:09:17.8770 11792 SceneServer::CSSWorkThreadMgr::SendCSMsgToLogicThread:54 创建战场(5)
05-28-21:09:17.8800 11792 SceneServer::CSSWorkThreadMgr::SendCSMsgToLogicThread:74 玩家(useguid:1001)进入战场(5)
05-28-21:09:17.8830 8688 SceneServer::CSSBattleMgr::OnMsgFromCS_CreateBattle:221 邀请玩家(榛ㄦ堕)加入战场(5)
05-28-21:09:17.9680 8688 SceneServer::CSSBattle::PostMsgToGC_EnterBattleState:233 玩家(榛ㄦ堕)确认加入战场(5),当前战场状态(2)
05-28-21:09:24.7764 8688 SceneServer::CSSBattleMgr::OnMsgFromGC_LoadBattleComplete:100 玩家(榛ㄦ堕)AskLoadBattleComplete
05-28-21:26:01.2714 11792 SceneServer::CSSWorkThreadMgr::SendCSMsgToLogicThread:113 玩家(1001)下线离开战场(5)
05-28-21:26:01.2754 8688 SceneServer::CSSBattle::OnUserOffline:569 玩家下线，清理玩家(榛ㄦ堕)的网络信息
05-28-21:26:01.3174 8688 SceneServer::CSSWorkThreadMgr::NotifyDelBattle:274 结束战场(5)
05-28-21:26:01.3284 11792 SceneServer::CSSWorkThreadMgr::CheckDelBattleCallbackQueue:328 战场结束(5)玩家(1001)移除
05-28-21:26:35.8114 11792 SceneServer::CSSWorkThreadMgr::SendCSMsgToLogicThread:54 创建战场(6)
05-28-21:26:35.8144 11792 SceneServer::CSSWorkThreadMgr::SendCSMsgToLogicThread:74 玩家(useguid:1001)进入战场(6)
05-28-21:26:35.8164 11864 SceneServer::CSSBattleMgr::OnMsgFromCS_CreateBattle:221 邀请玩家(榛ㄦ堕)加入战场(6)
05-28-21:26:36.0404 11864 SceneServer::CSSBattle::PostMsgToGC_EnterBattleState:233 玩家(榛ㄦ堕)确认加入战场(6),当前战场状态(2)
05-28-21:26:43.0838 11864 SceneServer::CSSBattleMgr::OnMsgFromGC_LoadBattleComplete:100 玩家(榛ㄦ堕)AskLoadBattleComplete
05-28-21:32:01.1930 11792 SceneServer::CSSWorkThreadMgr::SendCSMsgToLogicThread:113 玩家(1001)下线离开战场(6)
05-28-21:32:01.2260 11864 SceneServer::CSSBattle::OnUserOffline:569 玩家下线，清理玩家(榛ㄦ堕)的网络信息
05-28-21:32:01.6120 11864 SceneServer::CSSWorkThreadMgr::NotifyDelBattle:274 结束战场(6)
05-28-21:32:01.6480 11792 SceneServer::CSSWorkThreadMgr::CheckDelBattleCallbackQueue:328 战场结束(6)玩家(1001)移除
