09-10-20:34:23.0105 20412 SceneServer::CSSCfgMgr::LoadMapObjCfg:901  Load 38 map obj cfg.
09-10-20:34:23.1286 20412 SceneServer::CSSCfgMgr::LoadMapCfg:787  load 4 map.
09-10-20:34:23.4086 20412 INetSessionMgr::LogText:42 [WRN] CUCODEListener::Start Listen 0:20001, ReuseAddr 1
09-10-20:42:06.2490 20412 SceneServer::CSSWorkThreadMgr::SendCSMsgToLogicThread:49 Send To 0 actor and now it hv 0 battle
09-10-20:42:18.6387 20032 SceneServer::CSSUser::ClearNetInfo:71 clear nsid:4
09-10-20:42:18.6417 20032 SceneServer::CSSBattle::PostMsgToCS_BattleEnd:127 herokills:0.
09-10-20:42:18.7288 20032 SceneServer::CSSBattle::~CSSBattle:72 Destroy a battle : 1
09-10-20:57:16.2091 20412 SceneServer::CSSWorkThreadMgr::SendCSMsgToLogicThread:49 Send To 1 actor and now it hv 0 battle
09-10-20:57:17.6992 19568 SceneServer::CSSUser::ClearNetInfo:71 clear nsid:5
09-10-20:57:36.3302 19568 SceneServer::CSSBattle::~CSSBattle:72 Destroy a battle : 2
09-10-21:10:05.1721 20412 SceneServer::CSSWorkThreadMgr::SendCSMsgToLogicThread:49 Send To 2 actor and now it hv 0 battle
09-10-21:11:28.2048 19840 SceneServer::CSSHero::SynGoodsUseStateToGC:1357 un8GridID:0, num:1, eOT:30032 n32RemainCoolTime:0
09-10-21:11:28.2108 19840 SceneServer::CSSHero::SynGoodsUseStateToGC:1357 un8GridID:1, num:1, eOT:30001 n32RemainCoolTime:0
09-10-21:11:28.3038 19840 SceneServer::CSSHero::SynGoodsUseStateToGC:1357 un8GridID:2, num:1, eOT:30003 n32RemainCoolTime:0
09-10-21:11:28.5058 19840 SceneServer::CSSHero::SynGoodsUseStateToGC:1357 un8GridID:0, num:1, eOT:30032 n32RemainCoolTime:0
09-10-21:11:28.5098 19840 SceneServer::CSSHero::SynGoodsUseStateToGC:1357 un8GridID:1, num:1, eOT:30001 n32RemainCoolTime:0
09-10-21:11:28.6058 19840 SceneServer::CSSHero::SynGoodsUseStateToGC:1357 un8GridID:2, num:1, eOT:30003 n32RemainCoolTime:0
09-10-21:11:30.1189 19840 SceneServer::CSSHero::SynGoodsUseStateToGC:1357 un8GridID:0, num:1, eOT:30019 n32RemainCoolTime:0
09-10-21:11:30.1259 19840 SceneServer::CSSHero::SynGoodsUseStateToGC:1357 un8GridID:1, num:1, eOT:30001 n32RemainCoolTime:0
09-10-21:11:30.2189 19840 SceneServer::CSSHero::SynGoodsUseStateToGC:1357 un8GridID:2, num:1, eOT:30003 n32RemainCoolTime:0
09-10-21:11:31.2260 19840 SceneServer::CSSHero::SynGoodsUseStateToGC:1357 un8GridID:0, num:1, eOT:30014 n32RemainCoolTime:0
09-10-21:11:31.2300 19840 SceneServer::CSSHero::SynGoodsUseStateToGC:1357 un8GridID:1, num:1, eOT:30001 n32RemainCoolTime:0
09-10-21:11:37.0473 19840 SceneServer::CSSHero::SynGoodsUseStateToGC:1357 un8GridID:0, num:1, eOT:30014 n32RemainCoolTime:0
09-10-21:11:37.0513 19840 SceneServer::CSSHero::SynGoodsUseStateToGC:1357 un8GridID:1, num:1, eOT:30001 n32RemainCoolTime:0
09-10-21:11:40.5585 19840 SceneServer::CSSHero::SynGoodsUseStateToGC:1357 un8GridID:2, num:1, eOT:30003 n32RemainCoolTime:0
09-10-21:11:40.5615 19840 SceneServer::CSSHero::SynGoodsUseStateToGC:1357 un8GridID:2, num:1, eOT:30003 n32RemainCoolTime:0
09-10-21:11:49.0880 19840 SceneServer::CSSHero::SynGoodsUseStateToGC:1357 un8GridID:1, num:0, eOT:30001 n32RemainCoolTime:0
09-10-21:11:49.6910 19840 SceneServer::CSSHero::SynGoodsUseStateToGC:1357 un8GridID:2, num:0, eOT:30003 n32RemainCoolTime:0
09-10-21:11:49.9911 19840 SceneServer::CSSHero::SynGoodsUseStateToGC:1357 un8GridID:1, num:0, eOT:30001 n32RemainCoolTime:0
09-10-21:11:50.0911 19840 SceneServer::CSSHero::SynGoodsUseStateToGC:1357 un8GridID:2, num:0, eOT:30003 n32RemainCoolTime:0
09-10-21:11:50.1941 19840 SceneServer::CSSHero::SynGoodsUseStateToGC:1357 un8GridID:1, num:0, eOT:30001 n32RemainCoolTime:0
09-10-21:11:50.2941 19840 SceneServer::CSSHero::SynGoodsUseStateToGC:1357 un8GridID:2, num:0, eOT:30003 n32RemainCoolTime:0
09-10-21:11:52.1082 19840 SceneServer::CSSUser::ClearNetInfo:71 clear nsid:7
09-10-21:11:54.7673 19840 SceneServer::CSSHero::GetCurTitel:1193 1.
09-10-21:11:55.1014 19840 SceneServer::CSSHero::GetCurTitel:1193 0.
09-10-21:12:04.1689 19840 SceneServer::CSSNPC::ChangeCurHP:305 LastHit:1.
09-10-21:12:05.7550 19840 SceneServer::CSSBattle::PostMsgToCS_BattleEnd:127 herokills:0.
09-10-21:12:05.7570 19840 SceneServer::CSSBattle::~CSSBattle:72 Destroy a battle : 3
09-10-21:13:50.1519 20412 SceneServer::CSSWorkThreadMgr::SendCSMsgToLogicThread:49 Send To 3 actor and now it hv 0 battle
09-10-21:15:07.7544 19752 SceneServer::CSSUser::ClearNetInfo:71 clear nsid:8
09-10-21:15:12.4436 19752 SceneServer::CSSHero::SynGoodsUseStateToGC:1357 un8GridID:0, num:1, eOT:30017 n32RemainCoolTime:0
09-10-21:15:13.3447 19752 SceneServer::CSSHero::SynGoodsUseStateToGC:1357 un8GridID:0, num:1, eOT:30019 n32RemainCoolTime:0
09-10-21:15:13.3497 19752 SceneServer::CSSHero::SynGoodsUseStateToGC:1357 un8GridID:1, num:1, eOT:30001 n32RemainCoolTime:0
09-10-21:15:13.4447 19752 SceneServer::CSSHero::SynGoodsUseStateToGC:1357 un8GridID:2, num:1, eOT:30003 n32RemainCoolTime:0
09-10-21:15:13.8447 19752 SceneServer::CSSHero::SynGoodsUseStateToGC:1357 un8GridID:0, num:1, eOT:30032 n32RemainCoolTime:0
09-10-21:15:13.8487 19752 SceneServer::CSSHero::SynGoodsUseStateToGC:1357 un8GridID:1, num:1, eOT:30001 n32RemainCoolTime:0
09-10-21:15:13.9447 19752 SceneServer::CSSHero::SynGoodsUseStateToGC:1357 un8GridID:2, num:1, eOT:30003 n32RemainCoolTime:0
09-10-21:15:20.6891 19752 SceneServer::CSSBattle::PostMsgToCS_BattleEnd:127 herokills:0.
09-10-21:15:20.6931 19752 SceneServer::CSSBattle::~CSSBattle:72 Destroy a battle : 4
09-10-21:21:25.1930 20412 SceneServer::CSSWorkThreadMgr::SendCSMsgToLogicThread:49 Send To 0 actor and now it hv 1 battle
09-10-21:21:51.5105 20032 SceneServer::CSSUser::ClearNetInfo:71 clear nsid:9
09-10-21:22:30.0507 20032 SceneServer::CSSUser::ClearNetInfo:71 clear nsid:10
09-10-21:22:45.7876 20032 SceneServer::CSSBattle::PostMsgToCS_BattleEnd:127 herokills:0.
09-10-21:22:45.7906 20032 SceneServer::CSSBattle::~CSSBattle:72 Destroy a battle : 5
09-10-21:23:23.1897 20412 SceneServer::CSSWorkThreadMgr::SendCSMsgToLogicThread:49 Send To 1 actor and now it hv 1 battle
09-10-21:24:23.6732 19568 SceneServer::CSSHero::SynGoodsUseStateToGC:1357 un8GridID:0, num:1, eOT:30014 n32RemainCoolTime:0
09-10-21:24:23.6762 19568 SceneServer::CSSHero::SynGoodsUseStateToGC:1357 un8GridID:1, num:1, eOT:30001 n32RemainCoolTime:0
09-10-21:24:24.6822 19568 SceneServer::CSSHero::SynGoodsUseStateToGC:1357 un8GridID:0, num:1, eOT:30011 n32RemainCoolTime:0
09-10-21:24:24.6882 19568 SceneServer::CSSHero::SynGoodsUseStateToGC:1357 un8GridID:1, num:1, eOT:30001 n32RemainCoolTime:0
09-10-21:24:25.9863 19568 SceneServer::CSSHero::SynGoodsUseStateToGC:1357 un8GridID:2, num:1, eOT:30003 n32RemainCoolTime:0
09-10-21:24:27.1934 19568 SceneServer::CSSHero::SynGoodsUseStateToGC:1357 un8GridID:0, num:1, eOT:30032 n32RemainCoolTime:0
09-10-21:24:27.3024 19568 SceneServer::CSSHero::SynGoodsUseStateToGC:1357 un8GridID:1, num:1, eOT:30001 n32RemainCoolTime:0
09-10-21:24:27.5274 19568 SceneServer::CSSHero::SynGoodsUseStateToGC:1357 un8GridID:2, num:1, eOT:30003 n32RemainCoolTime:0
09-10-21:24:27.8074 19568 SceneServer::CSSHero::SynGoodsUseStateToGC:1357 un8GridID:0, num:1, eOT:30014 n32RemainCoolTime:0
09-10-21:24:27.8284 19568 SceneServer::CSSHero::SynGoodsUseStateToGC:1357 un8GridID:1, num:1, eOT:30001 n32RemainCoolTime:0
09-10-21:24:34.9478 19568 SceneServer::CSSHero::SynGoodsUseStateToGC:1357 un8GridID:0, num:1, eOT:30011 n32RemainCoolTime:0
09-10-21:24:35.0218 19568 SceneServer::CSSHero::SynGoodsUseStateToGC:1357 un8GridID:1, num:1, eOT:30001 n32RemainCoolTime:0
09-10-21:24:35.1718 19568 SceneServer::CSSHero::SynGoodsUseStateToGC:1357 un8GridID:2, num:1, eOT:30003 n32RemainCoolTime:0
09-10-21:24:36.0519 19568 SceneServer::CSSHero::SynGoodsUseStateToGC:1357 un8GridID:2, num:1, eOT:30003 n32RemainCoolTime:0
09-10-21:24:36.0549 19568 SceneServer::CSSHero::SynGoodsUseStateToGC:1357 un8GridID:2, num:1, eOT:30003 n32RemainCoolTime:0
09-10-21:24:40.7792 19568 SceneServer::CSSHero::SynGoodsUseStateToGC:1357 un8GridID:1, num:0, eOT:30001 n32RemainCoolTime:0
09-10-21:24:40.8782 19568 SceneServer::CSSHero::SynGoodsUseStateToGC:1357 un8GridID:1, num:0, eOT:30001 n32RemainCoolTime:0
09-10-21:24:40.9082 19568 SceneServer::CSSHero::SynGoodsUseStateToGC:1357 un8GridID:2, num:0, eOT:30003 n32RemainCoolTime:0
09-10-21:24:40.9762 19568 SceneServer::CSSHero::SynGoodsUseStateToGC:1357 un8GridID:2, num:0, eOT:30003 n32RemainCoolTime:0
09-10-21:24:41.8772 19568 SceneServer::CSSHero::SynGoodsUseStateToGC:1357 un8GridID:1, num:0, eOT:30001 n32RemainCoolTime:0
09-10-21:24:41.9772 19568 SceneServer::CSSHero::SynGoodsUseStateToGC:1357 un8GridID:2, num:0, eOT:30003 n32RemainCoolTime:0
09-10-21:24:43.6773 19568 SceneServer::CSSHero::SynGoodsUseStateToGC:1357 un8GridID:1, num:0, eOT:30001 n32RemainCoolTime:0
09-10-21:24:43.7833 19568 SceneServer::CSSHero::SynGoodsUseStateToGC:1357 un8GridID:2, num:0, eOT:30003 n32RemainCoolTime:0
09-10-21:24:45.6064 19568 SceneServer::CSSHero::GetCurTitel:1193 1.
09-10-21:24:45.6104 19568 SceneServer::CSSHero::GetCurTitel:1193 0.
09-10-21:24:52.3358 19568 SceneServer::CSSHero::GetLastValidHeroHurt:1254 CurTIme:3028995, HurtTime:3028995.
09-10-21:24:52.3378 19568 SceneServer::CSSHero::GetLastValidHeroHurt:1254 CurTIme:3028995, HurtTime:3023265.
09-10-21:24:52.3398 19568 SceneServer::CSSHero::GetLastValidHeroHurt:1254 CurTIme:3028995, HurtTime:3028695.
09-10-21:24:52.3428 19568 SceneServer::CSSHero::GetCurTitel:1193 1.
09-10-21:24:52.3458 19568 SceneServer::CSSHero::GetCurTitel:1193 0.
09-10-21:24:54.2439 19568 SceneServer::CSSHero::SynGoodsUseStateToGC:1357 un8GridID:1, num:0, eOT:30001 n32RemainCoolTime:0
09-10-21:24:54.3439 19568 SceneServer::CSSHero::SynGoodsUseStateToGC:1357 un8GridID:2, num:0, eOT:30003 n32RemainCoolTime:0
09-10-21:24:57.1671 19568 SceneServer::CSSNPC::ChangeCurHP:305 LastHit:1.
09-10-21:24:59.1752 19568 SceneServer::CSSNPC::ChangeCurHP:305 LastHit:1.
09-10-21:25:02.7864 19568 SceneServer::CSSNPC::ChangeCurHP:305 LastHit:2.
09-10-21:25:07.1007 19568 SceneServer::CSSNPC::ChangeCurHP:305 LastHit:2.
09-10-21:25:11.9419 19568 SceneServer::CSSNPC::ChangeCurHP:305 LastHit:1.
09-10-21:25:16.1062 19568 SceneServer::CSSNPC::ChangeCurHP:305 LastHit:1.
09-10-21:25:19.5834 19568 SceneServer::CSSHero::GetCurTitel:1193 2.
09-10-21:25:19.5924 19568 SceneServer::CSSHero::GetCurTitel:1193 0.
09-10-21:25:19.6544 19568 SceneServer::CSSHero::SynGoodsUseStateToGC:1357 un8GridID:0, num:0, eOT:30014 n32RemainCoolTime:0
09-10-21:25:19.6584 19568 SceneServer::CSSHero::SynGoodsUseStateToGC:1357 un8GridID:0, num:1, eOT:30086 n32RemainCoolTime:0
09-10-21:25:20.9494 19568 SceneServer::CSSHero::GetCurTitel:1193 1.
09-10-21:25:20.9524 19568 SceneServer::CSSHero::GetCurTitel:1193 1.
09-10-21:25:27.9608 19568 SceneServer::CSSUser::ClearNetInfo:71 clear nsid:11
09-10-21:25:28.3139 19568 SceneServer::CSSNPC::ChangeCurHP:305 LastHit:1.
09-10-21:25:29.8140 19568 SceneServer::CSSNPC::ChangeCurHP:305 LastHit:2.
09-10-21:25:31.4230 19568 SceneServer::CSSNPC::ChangeCurHP:305 LastHit:3.
09-10-21:25:32.8271 19568 SceneServer::CSSNPC::ChangeCurHP:305 LastHit:3.
09-10-21:25:36.2343 19568 SceneServer::CSSNPC::ChangeCurHP:305 LastHit:1.
09-10-21:25:36.5343 19568 SceneServer::CSSNPC::ChangeCurHP:305 LastHit:2.
09-10-21:25:43.9458 19568 SceneServer::CSSBattle::PostMsgToCS_BattleEnd:127 herokills:0.
09-10-21:25:43.9478 19568 SceneServer::CSSBattle::~CSSBattle:72 Destroy a battle : 6
