05-29-16:58:50.3697 20912 SceneServer::CSSCfgMgr::LoadMapStaticData:970 Add 1000 MapStaticData
05-29-16:58:50.3847 20912 SceneServer::CSSCfgMgr::LoadMapStaticData:970 Add 1001 MapStaticData
05-29-16:58:50.3957 20912 SceneServer::CSSCfgMgr::LoadMapStaticData:970 Add 1002 MapStaticData
05-29-16:58:50.4257 20912 SceneServer::CSSCfgMgr::LoadMapStaticData:970 Add 1003 MapStaticData
05-29-16:58:50.9897 20912 CSSLogSession::SendInitData:28  LogServer Connected, try to register me.
05-29-16:58:52.0077 20912 CCentralSession::SendInitData:30 CS Connected, try to register me.
05-29-16:58:52.0287 20912 CCentralSession::Msg_Handle_Init:90 GSKernel Start success, Got 10 GSInfo and 7 GS defined, Milsec error -275.
05-29-16:58:52.0408 20912 CCentralSession::OnRealEstablish:41 CS Connected and register ok, try to ask global config.
05-29-16:58:52.0438 20912 SceneServer::CSSCfgMgr::OnMsgFromCS_NotifyGameSwitchCfg:1359 --set this ss gamelog switch .....ok!--
05-29-16:58:52.0468 20912 SceneServer::CSSCfgMgr::OnMsgFromCS_NotifyNPCCfgList:1035 Load 52 Cfgs.
05-29-16:58:52.0478 20912 SceneServer::CSSCfgMgr::OnMsgFromCS_NotifyHeroCfgList:1049 Load 22 Cfgs.
05-29-16:58:52.0498 20912 SceneServer::CSSCfgMgr::OnMsgFromCS_NotifyShopCfgList:1077 Load 3 Cfgs.
05-29-16:58:52.0518 20912 SceneServer::CSSCfgMgr::OnMsgFromCS_NotifyGoodsCfgList:1063 Load 103 Cfgs.
05-29-16:58:52.0538 20912 SceneServer::CSSCfgMgr::OnMsgFromCS_NotifyRobotAICfgList:1091 Load 609 Cfgs.
05-29-16:58:52.0558 20912 SceneServer::CSSCfgMgr::OnMsgFromCS_NotifyRobotAIPathCfgList:1105 Load 197 Cfgs.
05-29-16:58:52.0588 20912 SceneServer::CSSWorkThreadMgr::OnMsgFromGS_GSAskRegiste:224 GS 30001 registed at net session 3.
05-29-16:58:52.0608 20912 CGateSession::OnRealEstablish:39 GS(30001) Connected.
05-29-16:58:52.0628 20912 SceneServer::CSSCfgMgr::OnMsgFromCS_NotifyNewSkillCfgList:1119 Load 268 Cfgs.
05-29-16:58:52.0648 20912 SceneServer::CSSCfgMgr::OnMsgFromCS_NotifySkillModelAccountCfgCfgList:1133 Load 322 Cfgs.
05-29-16:58:52.0668 20912 SceneServer::CSSCfgMgr::OnMsgFromCS_NotifySkillModelEmitCfgList:1147 Load 96 Cfgs.
05-29-16:58:52.0688 20912 SceneServer::CSSCfgMgr::OnMsgFromCS_NotifySkillModelRangeCfgList:1161 Load 123 Cfgs.
05-29-16:58:52.0708 20912 SceneServer::CSSCfgMgr::OnMsgFromCS_NotifySkillModelLeadingCfgList:1175 Load 17 Cfgs.
05-29-16:58:52.0728 20912 SceneServer::CSSCfgMgr::OnMsgFromCS_NotifySkillModelBufCfgList:1189 Load 302 Cfgs.
05-29-16:58:52.0748 20912 SceneServer::CSSCfgMgr::OnMsgFromCS_NotifySkillModelSummonCfgList:1203 Load 5 Cfgs.
05-29-16:58:52.0778 20912 SceneServer::CSSCfgMgr::OnMsgFromCS_NotifySkillModelMoveCfgList:1217 Load 26 Cfgs.
05-29-16:58:52.0798 20912 SceneServer::CSSCfgMgr::OnMsgFromCS_NotifySkillModelSwitchCfgList:1232 Load 1 Cfgs.
05-29-16:58:52.0818 20912 SceneServer::CSSCfgMgr::OnMsgFromCS_NotifySkillModelPurificationCfgList:1247 Load 1 Cfgs.
05-29-16:58:52.0838 20912 SceneServer::CSSCfgMgr::OnMsgFromCS_NotifySkillModelLinkCfgList:1262 Load 1 Cfgs.
05-29-16:58:52.0858 20912 SceneServer::CSSCfgMgr::OnMsgFromCS_NotifyPassitiveSkillCfgList:1276 Load 126 Cfgs.
05-29-16:58:52.0878 20912 SceneServer::CSSCfgMgr::OnMsgFromCS_NotifyPassitiveEffectBloodSeekCfgList:1290 Load 6 Cfgs.
05-29-16:58:52.0908 20912 SceneServer::CSSCfgMgr::OnMsgFromCS_NotifyPassitiveEffectReboundCfgList:1304 Load 4 Cfgs.
05-29-16:58:52.0928 20912 SceneServer::CSSCfgMgr::OnMsgFromCS_NotifyPassitiveEffectReliveCfgList:1319 Load 1 Cfgs.
05-29-22:25:58.2493 20912 CSSLogSession::OnClose:36 DisConnect.
ion::OnClose:48 GS(30001) DisConnect.
