05-22-16:46:26.0093 8856 SceneServer::CSSWorkThreadMgr::SendCSMsgToLogicThread:54 创建战场(1)
05-22-16:46:26.0123 8856 SceneServer::CSSWorkThreadMgr::SendCSMsgToLogicThread:74 玩家(useguid:1001)进入战场(1)
05-22-16:46:26.0153 9224 SceneServer::CSSBattleMgr::OnMsgFromCS_CreateBattle:221 邀请玩家(ヤ瀵)加入战场(1)
05-22-16:46:26.0243 9224 SceneServer::CSSBattle::PostMsgToGC_EnterBattleState:233 玩家(ヤ瀵)确认加入战场(1),当前战场状态(2)
05-22-16:46:28.1114 9224 SceneServer::CSSBattleMgr::OnMsgFromGC_LoadBattleComplete:100 玩家(ヤ瀵)AskLoadBattleComplete
05-22-16:46:30.7815 8856 SceneServer::CSSWorkThreadMgr::SendCSMsgToLogicThread:113 玩家(1001)下线离开战场(1)
05-22-16:46:30.7875 9224 SceneServer::CSSBattle::OnUserOffline:569 玩家下线，清理玩家(ヤ瀵)的网络信息
05-22-16:46:30.8665 9224 SceneServer::CSSWorkThreadMgr::NotifyDelBattle:274 结束战场(1)
05-22-16:46:30.8685 8856 SceneServer::CSSWorkThreadMgr::CheckDelBattleCallbackQueue:328 战场结束(1)玩家(1001)移除
05-22-16:46:56.6830 8856 SceneServer::CSSWorkThreadMgr::SendCSMsgToLogicThread:54 创建战场(2)
05-22-16:46:56.6860 8856 SceneServer::CSSWorkThreadMgr::SendCSMsgToLogicThread:74 玩家(useguid:1001)进入战场(2)
05-22-16:46:56.6880 3484 SceneServer::CSSBattleMgr::OnMsgFromCS_CreateBattle:221 邀请玩家(ヤ瀵)加入战场(2)
05-22-16:46:56.6990 3484 SceneServer::CSSBattle::PostMsgToGC_EnterBattleState:233 玩家(ヤ瀵)确认加入战场(2),当前战场状态(2)
05-22-16:47:02.5033 3484 SceneServer::CSSBattleMgr::OnMsgFromGC_LoadBattleComplete:100 玩家(ヤ瀵)AskLoadBattleComplete
05-22-16:55:00.0577 8856 SceneServer::CSSWorkThreadMgr::SendCSMsgToLogicThread:113 玩家(1001)下线离开战场(2)
05-22-16:55:00.1787 3484 SceneServer::CSSBattle::OnUserOffline:569 玩家下线，清理玩家(ヤ瀵)的网络信息
05-22-16:55:00.6767 3484 SceneServer::CSSWorkThreadMgr::NotifyDelBattle:274 结束战场(2)
05-22-16:55:00.6907 8856 SceneServer::CSSWorkThreadMgr::CheckDelBattleCallbackQueue:328 战场结束(2)玩家(1001)移除
05-22-17:45:54.0633 8856 SceneServer::CSSWorkThreadMgr::SendCSMsgToLogicThread:54 创建战场(3)
05-22-17:45:54.0663 8856 SceneServer::CSSWorkThreadMgr::SendCSMsgToLogicThread:74 玩家(useguid:1001)进入战场(3)
05-22-17:45:54.0683 3880 SceneServer::CSSBattleMgr::OnMsgFromCS_CreateBattle:221 邀请玩家(ヤ瀵)加入战场(3)
05-22-17:45:54.2884 3880 SceneServer::CSSBattle::PostMsgToGC_EnterBattleState:233 玩家(ヤ瀵)确认加入战场(3),当前战场状态(2)
05-22-17:46:05.9950 3880 SceneServer::CSSBattleMgr::OnMsgFromGC_LoadBattleComplete:100 玩家(ヤ瀵)AskLoadBattleComplete
05-22-17:46:05.9980 3880 SceneServer::CSSBattleMgr::OnMsgFromGC_LoadBattleComplete:105 服务器已进入战场，玩家(ヤ瀵)走重练流程
05-22-17:50:13.7122 8856 SceneServer::CSSWorkThreadMgr::SendCSMsgToLogicThread:113 玩家(1001)下线离开战场(3)
05-22-17:50:13.7182 3880 SceneServer::CSSBattle::OnUserOffline:569 玩家下线，清理玩家(ヤ瀵)的网络信息
05-22-17:50:13.7732 3880 SceneServer::CSSWorkThreadMgr::NotifyDelBattle:274 结束战场(3)
05-22-17:50:13.7752 8856 SceneServer::CSSWorkThreadMgr::CheckDelBattleCallbackQueue:328 战场结束(3)玩家(1001)移除
05-22-19:40:44.9155 8856 SceneServer::CSSWorkThreadMgr::SendCSMsgToLogicThread:54 创建战场(4)
05-22-19:40:44.9195 8856 SceneServer::CSSWorkThreadMgr::SendCSMsgToLogicThread:74 玩家(useguid:1001)进入战场(4)
05-22-19:40:44.9225 8020 SceneServer::CSSBattleMgr::OnMsgFromCS_CreateBattle:221 邀请玩家(ヤ瀵)加入战场(4)
05-22-19:40:44.9305 8020 SceneServer::CSSBattle::PostMsgToGC_EnterBattleState:233 玩家(ヤ瀵)确认加入战场(4),当前战场状态(2)
05-22-19:40:50.4888 8020 SceneServer::CSSBattleMgr::OnMsgFromGC_LoadBattleComplete:100 玩家(ヤ瀵)AskLoadBattleComplete
05-22-19:44:45.1772 8856 SceneServer::CSSWorkThreadMgr::SendCSMsgToLogicThread:113 玩家(1001)下线离开战场(4)
05-22-19:44:45.1812 8020 SceneServer::CSSBattle::OnUserOffline:569 玩家下线，清理玩家(ヤ瀵)的网络信息
05-22-19:44:45.2112 8020 SceneServer::CSSWorkThreadMgr::NotifyDelBattle:274 结束战场(4)
05-22-19:44:45.2132 8856 SceneServer::CSSWorkThreadMgr::CheckDelBattleCallbackQueue:328 战场结束(4)玩家(1001)移除
05-22-21:11:51.5431 8856 SceneServer::CSSWorkThreadMgr::SendCSMsgToLogicThread:54 创建战场(5)
05-22-21:11:51.5461 8856 SceneServer::CSSWorkThreadMgr::SendCSMsgToLogicThread:74 玩家(useguid:1001)进入战场(5)
05-22-21:11:51.5561 9224 SceneServer::CSSBattleMgr::OnMsgFromCS_CreateBattle:221 邀请玩家(ヤ瀵)加入战场(5)
05-22-21:11:51.5681 9224 SceneServer::CSSBattle::PostMsgToGC_EnterBattleState:233 玩家(ヤ瀵)确认加入战场(5),当前战场状态(2)
05-22-21:11:57.8725 9224 SceneServer::CSSBattleMgr::OnMsgFromGC_LoadBattleComplete:100 玩家(ヤ瀵)AskLoadBattleComplete
05-22-21:12:56.6659 8856 SceneServer::CSSWorkThreadMgr::SendCSMsgToLogicThread:113 玩家(1001)下线离开战场(5)
05-22-21:12:56.6689 9224 SceneServer::CSSBattle::OnUserOffline:569 玩家下线，清理玩家(ヤ瀵)的网络信息
05-22-21:12:56.7519 9224 SceneServer::CSSWorkThreadMgr::NotifyDelBattle:274 结束战场(5)
05-22-21:12:56.7539 8856 SceneServer::CSSWorkThreadMgr::CheckDelBattleCallbackQueue:328 战场结束(5)玩家(1001)移除
05-22-21:13:11.1717 8856 SceneServer::CSSWorkThreadMgr::SendCSMsgToLogicThread:54 创建战场(6)
05-22-21:13:11.1737 8856 SceneServer::CSSWorkThreadMgr::SendCSMsgToLogicThread:74 玩家(useguid:1001)进入战场(6)
05-22-21:13:11.1767 3484 SceneServer::CSSBattleMgr::OnMsgFromCS_CreateBattle:221 邀请玩家(ヤ瀵)加入战场(6)
05-22-21:13:11.2037 3484 SceneServer::CSSBattle::PostMsgToGC_EnterBattleState:233 玩家(ヤ瀵)确认加入战场(6),当前战场状态(2)
05-22-21:13:17.4841 3484 SceneServer::CSSBattleMgr::OnMsgFromGC_LoadBattleComplete:100 玩家(ヤ瀵)AskLoadBattleComplete
05-22-21:29:10.7536 8856 SceneServer::CSSWorkThreadMgr::SendCSMsgToLogicThread:113 玩家(1001)下线离开战场(6)
05-22-21:29:10.7576 3484 SceneServer::CSSBattle::OnUserOffline:569 玩家下线，清理玩家(ヤ瀵)的网络信息
05-22-21:29:10.8716 3484 SceneServer::CSSWorkThreadMgr::NotifyDelBattle:274 结束战场(6)
05-22-21:29:10.8776 8856 SceneServer::CSSWorkThreadMgr::CheckDelBattleCallbackQueue:328 战场结束(6)玩家(1001)移除
le::OnUserOffline:569 玩家下线，清理玩家(╂ㄧ缁)的网络信息
05-22-11:29:34.6299 8588 SceneServer::CSSWorkThreadMgr::NotifyDelBattle:274 结束战场(6)
05-22-11:29:34.6319 8020 SceneServer::CSSWorkThreadMgr::CheckDelBattleCallbackQueue:328 战场结束(6)玩家(1001)移除
05-22-11:31:30.2595 8020 SceneServer::CSSWorkThreadMgr::SendCSMsgToLogicThread:54 创建战场(7)
05-22-11:31:30.2635 8020 SceneServer::CSSWorkThreadMgr::SendCSMsgToLogicThread:74 玩家(useguid:1001)进入战场(7)
05-22-11:31:30.2685 9224 SceneServer::CSSBattleMgr::OnMsgFromCS_CreateBattle:221 邀请玩家(╂ㄧ缁)加入战场(7)
05-22-11:31:30.4765 9224 SceneServer::CSSBattle::PostMsgToGC_EnterBattleState:233 玩家(╂ㄧ缁)确认加入战场(7),当前战场状态(2)
05-22-11:31:56.9210 9224 SceneServer::CSSBattleMgr::OnMsgFromGC_LoadBattleComplete:100 玩家(╂ㄧ缁)AskLoadBattleComplete
05-22-11:31:56.9230 9224 SceneServer::CSSBattleMgr::OnMsgFromGC_LoadBattleComplete:105 服务器已进入战场，玩家(╂ㄧ缁)走重练流程
05-22-11:35:13.8743 8020 SceneServer::CSSWorkThreadMgr::SendCSMsgToLogicThread:113 玩家(1001)下线离开战场(7)
05-22-11:35:13.8873 9224 SceneServer::CSSBattle::OnUserOffline:569 玩家下线，清理玩家(╂ㄧ缁)的网络信息
05-22-11:35:13.9403 9224 SceneServer::CSSWorkThreadMgr::NotifyDelBattle:274 结束战场(7)
05-22-11:35:13.9423 8020 SceneServer::CSSWorkThreadMgr::CheckDelBattleCallbackQueue:328 战场结束(7)玩家(1001)移除
05-22-14:37:59.1655 8020 SceneServer::CSSWorkThreadMgr::SendCSMsgToLogicThread:54 创建战场(8)
05-22-14:37:59.1685 8020 SceneServer::CSSWorkThreadMgr::SendCSMsgToLogicThread:74 玩家(useguid:1001)进入战场(8)
05-22-14:37:59.1705 3484 SceneServer::CSSBattleMgr::OnMsgFromCS_CreateBattle:221 邀请玩家(╂ㄧ缁)加入战场(8)
05-22-14:37:59.3805 3484 SceneServer::CSSBattle::PostMsgToGC_EnterBattleState:233 玩家(╂ㄧ缁)确认加入战场(8),当前战场状态(2)
05-22-14:38:15.9674 3484 SceneServer::CSSBattleMgr::OnMsgFromGC_LoadBattleComplete:100 玩家(╂ㄧ缁)AskLoadBattleComplete
05-22-14:38:15.9704 3484 SceneServer::CSSBattleMgr::OnMsgFromGC_LoadBattleComplete:105 服务器已进入战场，玩家(╂ㄧ缁)走重练流程
05-22-14:45:10.4181 8020 SceneServer::CSSWorkThreadMgr::SendCSMsgToLogicThread:113 玩家(1001)下线离开战场(8)
05-22-14:45:10.4211 3484 SceneServer::CSSBattle::OnUserOffline:569 玩家下线，清理玩家(╂ㄧ缁)的网络信息
05-22-14:45:10.5011 3484 SceneServer::CSSWorkThreadMgr::NotifyDelBattle:274 结束战场(8)
05-22-14:45:10.5031 8020 SceneServer::CSSWorkThreadMgr::CheckDelBattleCallbackQueue:328 战场结束(8)玩家(1001)移除
05-22-14:45:29.3292 8020 SceneServer::CSSWorkThreadMgr::SendCSMsgToLogicThread:54 创建战场(9)
05-22-14:45:29.3312 8020 SceneServer::CSSWorkThreadMgr::SendCSMsgToLogicThread:74 玩家(useguid:1001)进入战场(9)
05-22-14:45:29.3332 9704 SceneServer::CSSBattleMgr::OnMsgFromCS_CreateBattle:221 邀请玩家(╂ㄧ缁)加入战场(9)
05-22-14:45:29.3462 9704 SceneServer::CSSBattle::PostMsgToGC_EnterBattleState:233 玩家(╂ㄧ缁)确认加入战场(9),当前战场状态(2)
05-22-14:45:31.4683 9704 SceneServer::CSSBattleMgr::OnMsgFromGC_LoadBattleComplete:100 玩家(╂ㄧ缁)AskLoadBattleComplete
05-22-14:45:34.0985 9704 SceneServer::CSSBattle::OnUserOffline:569 玩家下线，清理玩家(╂ㄧ缁)的网络信息
05-22-14:45:34.1015 8020 SceneServer::CSSWorkThreadMgr::SendCSMsgToLogicThread:113 玩家(1001)下线离开战场(9)
05-22-14:45:34.1165 9704 SceneServer::CSSWorkThreadMgr::NotifyDelBattle:274 结束战场(9)
05-22-14:45:34.1185 8020 SceneServer::CSSWorkThreadMgr::CheckDelBattleCallbackQueue:328 战场结束(9)玩家(1001)移除
05-22-14:47:26.7889 8020 SceneServer::CSSWorkThreadMgr::SendCSMsgToLogicThread:54 创建战场(10)
05-22-14:47:26.7929 8020 SceneServer::CSSWorkThreadMgr::SendCSMsgToLogicThread:74 玩家(useguid:1001)进入战场(10)
05-22-14:47:26.7949 8588 SceneServer::CSSBattleMgr::OnMsgFromCS_CreateBattle:221 邀请玩家(╂ㄧ缁)加入战场(10)
05-22-14:47:26.8719 8588 SceneServer::CSSBattle::PostMsgToGC_EnterBattleState:233 玩家(╂ㄧ缁)确认加入战场(10),当前战场状态(2)
05-22-14:47:39.4446 8588 SceneServer::CSSBattleMgr::OnMsgFromGC_LoadBattleComplete:100 玩家(╂ㄧ缁)AskLoadBattleComplete
05-22-14:47:39.4466 8588 SceneServer::CSSBattleMgr::OnMsgFromGC_LoadBattleComplete:105 服务器已进入战场，玩家(╂ㄧ缁)走重练流程
05-22-14:49:19.8924 8020 SceneServer::CSSWorkThreadMgr::SendCSMsgToLogicThread:113 玩家(1001)下线离开战场(10)
05-22-14:49:19.9154 8588 SceneServer::CSSBattle::OnUserOffline:569 玩家下线，清理玩家(╂ㄧ缁)的网络信息
05-22-14:49:19.9954 8588 SceneServer::CSSWorkThreadMgr::NotifyDelBattle:274 结束战场(10)
05-22-14:49:19.9974 8020 SceneServer::CSSWorkThreadMgr::CheckDelBattleCallbackQueue:328 战场结束(10)玩家(1001)移除
