06-05-15:56:19.6211 14460 SceneServer::CSSCfgMgr::LoadMapStaticData:970 Add 1000 MapStaticData
06-05-15:56:19.6421 14460 SceneServer::CSSCfgMgr::LoadMapStaticData:970 Add 1001 MapStaticData
06-05-15:56:19.6441 14460 SceneServer::CSSCfgMgr::LoadMapStaticData:970 Add 1002 MapStaticData
06-05-15:56:19.6821 14460 SceneServer::CSSCfgMgr::LoadMapStaticData:970 Add 1003 MapStaticData
06-05-15:56:21.1912 14460 CCentralSession::SendInitData:30 CS Connected, try to register me.
06-05-15:56:21.2192 14460 CSSLogSession::SendInitData:28  LogServer Connected, try to register me.
06-05-15:56:21.2482 14460 CCentralSession::Msg_Handle_Init:90 GSKernel Start success, Got 10 GSInfo and 7 GS defined, Milsec error 729.
06-05-15:56:21.2662 14460 CCentralSession::OnRealEstablish:41 CS Connected and register ok, try to ask global config.
06-05-15:56:21.2802 14460 SceneServer::CSSCfgMgr::OnMsgFromCS_NotifyGameSwitchCfg:1359 --set this ss gamelog switch .....ok!--
06-05-15:56:21.2832 14460 SceneServer::CSSCfgMgr::OnMsgFromCS_NotifyNPCCfgList:1035 Load 52 Cfgs.
06-05-15:56:21.2872 14460 SceneServer::CSSCfgMgr::OnMsgFromCS_NotifyHeroCfgList:1049 Load 22 Cfgs.
06-05-15:56:21.2902 14460 SceneServer::CSSCfgMgr::OnMsgFromCS_NotifyShopCfgList:1077 Load 3 Cfgs.
06-05-15:56:21.2942 14460 SceneServer::CSSCfgMgr::OnMsgFromCS_NotifyGoodsCfgList:1063 Load 103 Cfgs.
06-05-15:56:21.2972 14460 SceneServer::CSSCfgMgr::OnMsgFromCS_NotifyRobotAICfgList:1091 Load 609 Cfgs.
06-05-15:56:21.3012 14460 SceneServer::CSSCfgMgr::OnMsgFromCS_NotifyRobotAIPathCfgList:1105 Load 197 Cfgs.
06-05-15:56:21.3032 14460 SceneServer::CSSCfgMgr::OnMsgFromCS_NotifyNewSkillCfgList:1119 Load 268 Cfgs.
06-05-15:56:21.3062 14460 SceneServer::CSSCfgMgr::OnMsgFromCS_NotifySkillModelAccountCfgCfgList:1133 Load 322 Cfgs.
06-05-15:56:21.3092 14460 SceneServer::CSSCfgMgr::OnMsgFromCS_NotifySkillModelEmitCfgList:1147 Load 96 Cfgs.
06-05-15:56:21.3112 14460 SceneServer::CSSCfgMgr::OnMsgFromCS_NotifySkillModelRangeCfgList:1161 Load 123 Cfgs.
06-05-15:56:21.3142 14460 SceneServer::CSSCfgMgr::OnMsgFromCS_NotifySkillModelLeadingCfgList:1175 Load 17 Cfgs.
06-05-15:56:21.3172 14460 SceneServer::CSSCfgMgr::OnMsgFromCS_NotifySkillModelBufCfgList:1189 Load 302 Cfgs.
06-05-15:56:21.3192 14460 SceneServer::CSSCfgMgr::OnMsgFromCS_NotifySkillModelSummonCfgList:1203 Load 5 Cfgs.
06-05-15:56:21.3222 14460 SceneServer::CSSCfgMgr::OnMsgFromCS_NotifySkillModelMoveCfgList:1217 Load 26 Cfgs.
06-05-15:56:21.3242 14460 SceneServer::CSSCfgMgr::OnMsgFromCS_NotifySkillModelSwitchCfgList:1232 Load 1 Cfgs.
06-05-15:56:21.3272 14460 SceneServer::CSSCfgMgr::OnMsgFromCS_NotifySkillModelPurificationCfgList:1247 Load 1 Cfgs.
06-05-15:56:21.3302 14460 SceneServer::CSSCfgMgr::OnMsgFromCS_NotifySkillModelLinkCfgList:1262 Load 1 Cfgs.
06-05-15:56:21.3322 14460 SceneServer::CSSCfgMgr::OnMsgFromCS_NotifyPassitiveSkillCfgList:1276 Load 126 Cfgs.
06-05-15:56:21.3352 14460 SceneServer::CSSCfgMgr::OnMsgFromCS_NotifyPassitiveEffectBloodSeekCfgList:1290 Load 6 Cfgs.
06-05-15:56:21.3382 14460 SceneServer::CSSCfgMgr::OnMsgFromCS_NotifyPassitiveEffectReboundCfgList:1304 Load 4 Cfgs.
06-05-15:56:21.3422 14460 SceneServer::CSSCfgMgr::OnMsgFromCS_NotifyPassitiveEffectReliveCfgList:1319 Load 1 Cfgs.
06-05-15:56:21.3442 14460 SceneServer::CSSWorkThreadMgr::OnMsgFromGS_GSAskRegiste:224 GS 30001 registed at net session 3.
06-05-15:56:21.3482 14460 CGateSession::OnRealEstablish:39 GS(30001) Connected.
06-05-22:05:00.0224 14460 CCentralSession::OnClose:47 CS DisConnect.
06-05-22:05:02.3885 14460 CGateSession::OnClose:48 GS(30001) DisConnect.
