04-17-10:46:04.1908 5888 SceneServer::CSSCfgMgr::LoadMapStaticData:970 Add 1000 MapStaticData
04-17-10:46:04.1998 5888 SceneServer::CSSCfgMgr::LoadMapStaticData:970 Add 1001 MapStaticData
04-17-10:46:04.2098 5888 SceneServer::CSSCfgMgr::LoadMapStaticData:970 Add 1002 MapStaticData
04-17-10:46:04.2388 5888 SceneServer::CSSCfgMgr::LoadMapStaticData:970 Add 1003 MapStaticData
04-17-10:46:04.7968 5888 CCentralSession::SendInitData:30 CS Connected, try to register me.
04-17-10:46:04.8018 5888 CCentralSession::Msg_Handle_Init:90 GSKernel Start success, Got 10 GSInfo and 7 GS defined, Milsec error 231.
04-17-10:46:04.8178 5888 CCentralSession::OnRealEstablish:41 CS Connected and register ok, try to ask global config.
04-17-10:46:04.8198 5888 SceneServer::CSSCfgMgr::OnMsgFromCS_NotifyGameSwitchCfg:1359 --set this ss gamelog switch .....ok!--
04-17-10:46:04.8268 5888 SceneServer::CSSCfgMgr::OnMsgFromCS_NotifyNPCCfgList:1035 Load 52 Cfgs.
04-17-10:46:04.8298 5888 SceneServer::CSSCfgMgr::OnMsgFromCS_NotifyHeroCfgList:1049 Load 22 Cfgs.
04-17-10:46:04.8318 5888 SceneServer::CSSCfgMgr::OnMsgFromCS_NotifyShopCfgList:1077 Load 3 Cfgs.
04-17-10:46:04.8328 5888 SceneServer::CSSCfgMgr::OnMsgFromCS_NotifyGoodsCfgList:1063 Load 103 Cfgs.
04-17-10:46:04.8348 5888 SceneServer::CSSCfgMgr::OnMsgFromCS_NotifyRobotAICfgList:1091 Load 609 Cfgs.
04-17-10:46:04.8378 5888 SceneServer::CSSCfgMgr::OnMsgFromCS_NotifyRobotAIPathCfgList:1105 Load 197 Cfgs.
04-17-10:46:04.8398 5888 SceneServer::CSSCfgMgr::OnMsgFromCS_NotifyNewSkillCfgList:1119 Load 268 Cfgs.
04-17-10:46:04.8418 5888 SceneServer::CSSCfgMgr::OnMsgFromCS_NotifySkillModelAccountCfgCfgList:1133 Load 322 Cfgs.
04-17-10:46:04.8438 5888 SceneServer::CSSCfgMgr::OnMsgFromCS_NotifySkillModelEmitCfgList:1147 Load 96 Cfgs.
04-17-10:46:04.8458 5888 SceneServer::CSSCfgMgr::OnMsgFromCS_NotifySkillModelRangeCfgList:1161 Load 123 Cfgs.
04-17-10:46:04.8468 5888 SceneServer::CSSCfgMgr::OnMsgFromCS_NotifySkillModelLeadingCfgList:1175 Load 17 Cfgs.
04-17-10:46:04.8498 5888 SceneServer::CSSCfgMgr::OnMsgFromCS_NotifySkillModelBufCfgList:1189 Load 302 Cfgs.
04-17-10:46:04.8548 5888 SceneServer::CSSCfgMgr::OnMsgFromCS_NotifySkillModelSummonCfgList:1203 Load 5 Cfgs.
04-17-10:46:04.8558 5888 SceneServer::CSSCfgMgr::OnMsgFromCS_NotifySkillModelMoveCfgList:1217 Load 26 Cfgs.
04-17-10:46:04.8578 5888 SceneServer::CSSCfgMgr::OnMsgFromCS_NotifySkillModelSwitchCfgList:1232 Load 1 Cfgs.
04-17-10:46:04.8598 5888 SceneServer::CSSCfgMgr::OnMsgFromCS_NotifySkillModelPurificationCfgList:1247 Load 1 Cfgs.
04-17-10:46:04.8618 5888 SceneServer::CSSCfgMgr::OnMsgFromCS_NotifySkillModelLinkCfgList:1262 Load 1 Cfgs.
04-17-10:46:04.8628 5888 SceneServer::CSSCfgMgr::OnMsgFromCS_NotifyPassitiveSkillCfgList:1276 Load 126 Cfgs.
04-17-10:46:04.8648 5888 SceneServer::CSSCfgMgr::OnMsgFromCS_NotifyPassitiveEffectBloodSeekCfgList:1290 Load 6 Cfgs.
04-17-10:46:04.8668 5888 SceneServer::CSSCfgMgr::OnMsgFromCS_NotifyPassitiveEffectReboundCfgList:1304 Load 4 Cfgs.
04-17-10:46:04.8688 5888 SceneServer::CSSCfgMgr::OnMsgFromCS_NotifyPassitiveEffectReliveCfgList:1319 Load 1 Cfgs.
04-17-10:46:05.1049 5888 SceneServer::CSSWorkThreadMgr::OnMsgFromGS_GSAskRegiste:224 GS 30001 registed at net session 3.
04-17-10:46:05.1069 5888 CGateSession::OnRealEstablish:39 GS(30001) Connected.
04-17-10:46:15.2854 5888 CSSLogSession::SendInitData:28  LogServer Connected, try to register me.
04-17-22:17:21.3022 5888 CSSLogSession::OnClose:36 DisConnect.
04-17-22:17:24.3703 5888 CGateSession::OnClose:48 GS(30001) DisConnect.
