05-15-09:53:56.3977 15028 SceneServer::CSSWorkThreadMgr::SendCSMsgToLogicThread:54 ´´½¨Õ½³¡(1)
05-15-09:53:56.4017 15028 SceneServer::CSSWorkThreadMgr::SendCSMsgToLogicThread:74 Íæ¼Ò(useguid:1001)½øÈëÕ½³¡(1)
05-15-09:53:56.4067 4304 SceneServer::CSSBattleMgr::OnMsgFromCS_CreateBattle:221 ÑûÇëÍæ¼Ò(å½©æ™“å¾æœè€…)¼ÓÈëÕ½³¡(1)
05-15-09:54:07.6473 4304 SceneServer::CSSBattle::PostMsgToGC_EnterBattleState:233 Íæ¼Ò(å½©æ™“å¾æœè€…)È·ÈÏ¼ÓÈëÕ½³¡(1),µ±Ç°Õ½³¡×´Ì¬(3)
05-15-09:54:13.4527 15028 SceneServer::CSSWorkThreadMgr::SendCSMsgToLogicThread:113 Íæ¼Ò(1001)ÏÂÏßÀë¿ªÕ½³¡(1)
05-15-09:54:13.4607 4304 SceneServer::CSSBattle::OnUserOffline:569 Íæ¼ÒÏÂÏß£¬ÇåÀíÍæ¼Ò(å½©æ™“å¾æœè€…)µÄÍøÂçĞÅÏ¢
05-15-09:54:13.5607 4304 SceneServer::CSSWorkThreadMgr::NotifyDelBattle:274 ½áÊøÕ½³¡(1)
05-15-09:54:13.5637 15028 SceneServer::CSSWorkThreadMgr::CheckDelBattleCallbackQueue:328 Õ½³¡½áÊø(1)Íæ¼Ò(1001)ÒÆ³ı
05-15-10:49:02.5858 15028 SceneServer::CSSWorkThreadMgr::SendCSMsgToLogicThread:54 ´´½¨Õ½³¡(2)
05-15-10:49:02.5908 15028 SceneServer::CSSWorkThreadMgr::SendCSMsgToLogicThread:74 Íæ¼Ò(useguid:1001)½øÈëÕ½³¡(2)
05-15-10:49:02.5958 16640 SceneServer::CSSBattleMgr::OnMsgFromCS_CreateBattle:221 ÑûÇëÍæ¼Ò(å½©æ™“å¾æœè€…)¼ÓÈëÕ½³¡(2)
05-15-10:49:02.7108 16640 SceneServer::CSSBattle::PostMsgToGC_EnterBattleState:233 Íæ¼Ò(å½©æ™“å¾æœè€…)È·ÈÏ¼ÓÈëÕ½³¡(2),µ±Ç°Õ½³¡×´Ì¬(0)
05-15-10:49:19.1777 15028 SceneServer::CSSWorkThreadMgr::SendCSMsgToLogicThread:113 Íæ¼Ò(1001)ÏÂÏßÀë¿ªÕ½³¡(2)
05-15-10:49:19.2117 16640 SceneServer::CSSBattle::OnUserOffline:569 Íæ¼ÒÏÂÏß£¬ÇåÀíÍæ¼Ò(å½©æ™“å¾æœè€…)µÄÍøÂçĞÅÏ¢
05-15-10:49:32.8665 16640 SceneServer::CSSWorkThreadMgr::NotifyDelBattle:274 ½áÊøÕ½³¡(2)
05-15-10:49:32.8745 15028 SceneServer::CSSWorkThreadMgr::CheckDelBattleCallbackQueue:328 Õ½³¡½áÊø(2)Íæ¼Ò(1001)ÒÆ³ı
05-15-16:28:32.4479 15028 SceneServer::CSSWorkThreadMgr::SendCSMsgToLogicThread:54 ´´½¨Õ½³¡(3)
05-15-16:28:32.4619 15028 SceneServer::CSSWorkThreadMgr::SendCSMsgToLogicThread:74 Íæ¼Ò(useguid:1001)½øÈëÕ½³¡(3)
05-15-16:28:32.4709 10356 SceneServer::CSSBattleMgr::OnMsgFromCS_CreateBattle:221 ÑûÇëÍæ¼Ò(å½©æ™“å¾æœè€…)¼ÓÈëÕ½³¡(3)
05-15-16:28:32.4979 10356 SceneServer::CSSBattle::PostMsgToGC_EnterBattleState:233 Íæ¼Ò(å½©æ™“å¾æœè€…)È·ÈÏ¼ÓÈëÕ½³¡(3),µ±Ç°Õ½³¡×´Ì¬(2)
05-15-16:28:41.2104 10356 SceneServer::CSSBattleMgr::OnMsgFromGC_LoadBattleComplete:100 Íæ¼Ò(å½©æ™“å¾æœè€…)AskLoadBattleComplete
05-15-16:32:27.1243 15028 SceneServer::CSSWorkThreadMgr::SendCSMsgToLogicThread:113 Íæ¼Ò(1001)ÏÂÏßÀë¿ªÕ½³¡(3)
05-15-16:32:27.1283 10356 SceneServer::CSSBattle::OnUserOffline:569 Íæ¼ÒÏÂÏß£¬ÇåÀíÍæ¼Ò(å½©æ™“å¾æœè€…)µÄÍøÂçĞÅÏ¢
05-15-16:32:27.1663 10356 SceneServer::CSSWorkThreadMgr::NotifyDelBattle:274 ½áÊøÕ½³¡(3)
05-15-16:32:27.1683 15028 SceneServer::CSSWorkThreadMgr::CheckDelBattleCallbackQueue:328 Õ½³¡½áÊø(3)Íæ¼Ò(1001)ÒÆ³ı
05-15-16:33:03.7244 15028 SceneServer::CSSWorkThreadMgr::SendCSMsgToLogicThread:54 ´´½¨Õ½³¡(4)
05-15-16:33:03.7304 15028 SceneServer::CSSWorkThreadMgr::SendCSMsgToLogicThread:74 Íæ¼Ò(useguid:1001)½øÈëÕ½³¡(4)
05-15-16:33:03.7344 16516 SceneServer::CSSBattleMgr::OnMsgFromCS_CreateBattle:221 ÑûÇëÍæ¼Ò(å½©æ™“å¾æœè€…)¼ÓÈëÕ½³¡(4)
05-15-16:33:03.7454 16516 SceneServer::CSSBattle::PostMsgToGC_EnterBattleState:233 Íæ¼Ò(å½©æ™“å¾æœè€…)È·ÈÏ¼ÓÈëÕ½³¡(4),µ±Ç°Õ½³¡×´Ì¬(0)
05-15-16:33:09.4557 16516 SceneServer::CSSBattleMgr::OnMsgFromGC_AskTrySelectHero:62 Íæ¼Ò(å½©æ™“å¾æœè€…)AskTrySelectHero
05-15-16:33:17.7342 16516 SceneServer::CSSBattleMgr::OnMsgFromGC_AskSeleteHero:69 Íæ¼Ò(å½©æ™“å¾æœè€…)AskSeleteHero
05-15-16:33:17.7872 16516 SceneServer::CSSBattleMgr::OnMsgFromGC_AskSeleteRunePage:85 Íæ¼Ò(å½©æ™“å¾æœè€…)AskSeleteRunePage
05-15-16:33:30.1669 16516 SceneServer::CSSBattleMgr::OnMsgFromGC_LoadBattleComplete:100 Íæ¼Ò(å½©æ™“å¾æœè€…)AskLoadBattleComplete
05-15-16:33:47.9939 15028 SceneServer::CSSWorkThreadMgr::SendCSMsgToLogicThread:113 Íæ¼Ò(1001)ÏÂÏßÀë¿ªÕ½³¡(4)
05-15-16:33:48.0009 16516 SceneServer::CSSBattle::OnUserOffline:569 Íæ¼ÒÏÂÏß£¬ÇåÀíÍæ¼Ò(å½©æ™“å¾æœè€…)µÄÍøÂçĞÅÏ¢
05-15-16:34:03.9958 16516 SceneServer::CSSWorkThreadMgr::NotifyDelBattle:274 ½áÊøÕ½³¡(4)
05-15-16:34:03.9988 15028 SceneServer::CSSWorkThreadMgr::CheckDelBattleCallbackQueue:328 Õ½³¡½áÊø(4)Íæ¼Ò(1001)ÒÆ³ı
05-15-16:35:28.8727 15028 SceneServer::CSSWorkThreadMgr::SendCSMsgToLogicThread:54 ´´½¨Õ½³¡(5)
05-15-16:35:28.8777 15028 SceneServer::CSSWorkThreadMgr::SendCSMsgToLogicThread:74 Íæ¼Ò(useguid:1001)½øÈëÕ½³¡(5)
05-15-16:35:28.8817 4304 SceneServer::CSSBattleMgr::OnMsgFromCS_CreateBattle:221 ÑûÇëÍæ¼Ò(å½©æ™“å¾æœè€…)¼ÓÈëÕ½³¡(5)
05-15-16:35:28.8847 4304 SceneServer::CSSBattle::PostMsgToGC_EnterBattleState:233 Íæ¼Ò(å½©æ™“å¾æœè€…)È·ÈÏ¼ÓÈëÕ½³¡(5),µ±Ç°Õ½³¡×´Ì¬(2)
05-15-16:35:35.3361 4304 SceneServer::CSSBattleMgr::OnMsgFromGC_LoadBattleComplete:100 Íæ¼Ò(å½©æ™“å¾æœè€…)AskLoadBattleComplete
05-15-16:36:27.9821 15028 SceneServer::CSSWorkThreadMgr::SendCSMsgToLogicThread:113 Íæ¼Ò(1001)ÏÂÏßÀë¿ªÕ½³¡(5)
05-15-16:36:27.9891 4304 SceneServer::CSSBattle::OnUserOffline:569 Íæ¼ÒÏÂÏß£¬ÇåÀíÍæ¼Ò(å½©æ™“å¾æœè€…)µÄÍøÂçĞÅÏ¢
05-15-16:36:28.0521 4304 SceneServer::CSSWorkThreadMgr::NotifyDelBattle:274 ½áÊøÕ½³¡(5)
05-15-16:36:28.0551 15028 SceneServer::CSSWorkThreadMgr::CheckDelBattleCallbackQueue:328 Õ½³¡½áÊø(5)Íæ¼Ò(1001)ÒÆ³ı
05-15-16:39:04.3230 15028 SceneServer::CSSWorkThreadMgr::SendCSMsgToLogicThread:54 ´´½¨Õ½³¡(6)
05-15-16:39:04.3270 15028 SceneServer::CSSWorkThreadMgr::SendCSMsgToLogicThread:74 Íæ¼Ò(useguid:1001)½øÈëÕ½³¡(6)
05-15-16:39:04.3310 16640 SceneServer::CSSBattleMgr::OnMsgFromCS_CreateBattle:221 ÑûÇëÍæ¼Ò(å½©æ™“å¾æœè€…)¼ÓÈëÕ½³¡(6)
05-15-16:39:04.3450 16640 SceneServer::CSSBattle::PostMsgToGC_EnterBattleState:233 Íæ¼Ò(å½©æ™“å¾æœè€…)È·ÈÏ¼ÓÈëÕ½³¡(6),µ±Ç°Õ½³¡×´Ì¬(2)
05-15-16:39:10.2343 16640 SceneServer::CSSBattleMgr::OnMsgFromGC_LoadBattleComplete:100 Íæ¼Ò(å½©æ™“å¾æœè€…)AskLoadBattleComplete
05-15-16:45:09.9369 15028 SceneServer::CSSWorkThreadMgr::SendCSMsgToLogicThread:113 Íæ¼Ò(1001)ÏÂÏßÀë¿ªÕ½³¡(6)
05-15-16:45:09.9439 16640 SceneServer::CSSBattle::OnUserOffline:569 Íæ¼ÒÏÂÏß£¬ÇåÀíÍæ¼Ò(å½©æ™“å¾æœè€…)µÄÍøÂçĞÅÏ¢
05-15-16:45:10.0079 16640 SceneServer::CSSWorkThreadMgr::NotifyDelBattle:274 ½áÊøÕ½³¡(6)
05-15-16:45:10.0119 15028 SceneServer::CSSWorkThreadMgr::CheckDelBattleCallbackQueue:328 Õ½³¡½áÊø(6)Íæ¼Ò(1001)ÒÆ³ı
