04-09-21:30:20.3536 9392 SceneServer::CSSCfgMgr::LoadMapStaticData:970 Add 1000 MapStaticData
04-09-21:30:20.3626 9392 SceneServer::CSSCfgMgr::LoadMapStaticData:970 Add 1001 MapStaticData
04-09-21:30:20.3726 9392 SceneServer::CSSCfgMgr::LoadMapStaticData:970 Add 1002 MapStaticData
04-09-21:30:20.3986 9392 SceneServer::CSSCfgMgr::LoadMapStaticData:970 Add 1003 MapStaticData
04-09-21:30:21.4697 9392 CCentralSession::SendInitData:30 CS Connected, try to register me.
04-09-21:30:21.4847 9392 CCentralSession::Msg_Handle_Init:90 GSKernel Start success, Got 10 GSInfo and 7 GS defined, Milsec error 364.
04-09-21:30:21.4877 9392 CCentralSession::OnRealEstablish:41 CS Connected and register ok, try to ask global config.
04-09-21:30:21.4897 9392 SceneServer::CSSCfgMgr::OnMsgFromCS_NotifyGameSwitchCfg:1359 --set this ss gamelog switch .....ok!--
04-09-21:30:21.4917 9392 SceneServer::CSSCfgMgr::OnMsgFromCS_NotifyNPCCfgList:1035 Load 52 Cfgs.
04-09-21:30:21.4927 9392 SceneServer::CSSCfgMgr::OnMsgFromCS_NotifyHeroCfgList:1049 Load 22 Cfgs.
04-09-21:30:21.4947 9392 SceneServer::CSSCfgMgr::OnMsgFromCS_NotifyShopCfgList:1077 Load 3 Cfgs.
04-09-21:30:21.4967 9392 SceneServer::CSSCfgMgr::OnMsgFromCS_NotifyGoodsCfgList:1063 Load 103 Cfgs.
04-09-21:30:21.5037 9392 SceneServer::CSSCfgMgr::OnMsgFromCS_NotifyRobotAICfgList:1091 Load 609 Cfgs.
04-09-21:30:21.5057 9392 SceneServer::CSSCfgMgr::OnMsgFromCS_NotifyRobotAIPathCfgList:1105 Load 197 Cfgs.
04-09-21:30:21.5077 9392 SceneServer::CSSWorkThreadMgr::OnMsgFromGS_GSAskRegiste:224 GS 30001 registed at net session 3.
04-09-21:30:21.5097 9392 CGateSession::OnRealEstablish:39 GS(30001) Connected.
04-09-21:30:21.5107 9392 SceneServer::CSSCfgMgr::OnMsgFromCS_NotifyNewSkillCfgList:1119 Load 268 Cfgs.
04-09-21:30:21.5127 9392 SceneServer::CSSCfgMgr::OnMsgFromCS_NotifySkillModelAccountCfgCfgList:1133 Load 322 Cfgs.
04-09-21:30:21.5147 9392 SceneServer::CSSCfgMgr::OnMsgFromCS_NotifySkillModelEmitCfgList:1147 Load 96 Cfgs.
04-09-21:30:21.5157 9392 SceneServer::CSSCfgMgr::OnMsgFromCS_NotifySkillModelRangeCfgList:1161 Load 123 Cfgs.
04-09-21:30:21.5177 9392 SceneServer::CSSCfgMgr::OnMsgFromCS_NotifySkillModelLeadingCfgList:1175 Load 17 Cfgs.
04-09-21:30:21.5197 9392 SceneServer::CSSCfgMgr::OnMsgFromCS_NotifySkillModelBufCfgList:1189 Load 302 Cfgs.
04-09-21:30:21.5217 9392 SceneServer::CSSCfgMgr::OnMsgFromCS_NotifySkillModelSummonCfgList:1203 Load 5 Cfgs.
04-09-21:30:21.5237 9392 SceneServer::CSSCfgMgr::OnMsgFromCS_NotifySkillModelMoveCfgList:1217 Load 26 Cfgs.
04-09-21:30:21.5247 9392 SceneServer::CSSCfgMgr::OnMsgFromCS_NotifySkillModelSwitchCfgList:1232 Load 1 Cfgs.
04-09-21:30:21.5267 9392 SceneServer::CSSCfgMgr::OnMsgFromCS_NotifySkillModelPurificationCfgList:1247 Load 1 Cfgs.
04-09-21:30:21.5287 9392 SceneServer::CSSCfgMgr::OnMsgFromCS_NotifySkillModelLinkCfgList:1262 Load 1 Cfgs.
04-09-21:30:21.5307 9392 SceneServer::CSSCfgMgr::OnMsgFromCS_NotifyPassitiveSkillCfgList:1276 Load 126 Cfgs.
04-09-21:30:21.5317 9392 SceneServer::CSSCfgMgr::OnMsgFromCS_NotifyPassitiveEffectBloodSeekCfgList:1290 Load 6 Cfgs.
04-09-21:30:21.5337 9392 SceneServer::CSSCfgMgr::OnMsgFromCS_NotifyPassitiveEffectReboundCfgList:1304 Load 4 Cfgs.
04-09-21:30:21.5357 9392 SceneServer::CSSCfgMgr::OnMsgFromCS_NotifyPassitiveEffectReliveCfgList:1319 Load 1 Cfgs.
04-09-21:30:31.4823 9392 CSSLogSession::SendInitData:28  LogServer Connected, try to register me.
04-09-22:25:05.2695 9392 CSSLogSession::OnClose:36 DisConnect.
04-09-22:25:08.4717 9392 CGateSession::OnClose:48 GS(30001) DisConnect.
