09-04-19:27:56.1106 9700 SceneServer::CSSCfgMgr::LoadMapStaticData:970 Add 1000 MapStaticData
09-04-19:27:56.1126 9700 SceneServer::CSSCfgMgr::LoadMapStaticData:970 Add 1001 MapStaticData
09-04-19:27:56.1136 9700 SceneServer::CSSCfgMgr::LoadMapStaticData:970 Add 1002 MapStaticData
09-04-19:27:56.1226 9700 SceneServer::CSSCfgMgr::LoadMapStaticData:970 Add 1003 MapStaticData
09-04-19:27:57.1937 9700 CCentralSession::SendInitData:30 CS Connected, try to register me.
09-04-19:27:57.2267 9700 CCentralSession::Msg_Handle_Init:90 GSKernel Start success, Got 10 GSInfo and 8 GS defined, Milsec error 93.
09-04-19:27:57.2297 9700 CCentralSession::OnRealEstablish:41 CS Connected and register ok, try to ask global config.
09-04-19:27:57.2467 9700 SceneServer::CSSCfgMgr::OnMsgFromCS_NotifyGameSwitchCfg:1359 --set this ss gamelog switch .....ok!--
09-04-19:27:57.2487 9700 SceneServer::CSSCfgMgr::OnMsgFromCS_NotifyNPCCfgList:1035 Load 52 Cfgs.
09-04-19:27:57.2537 9700 SceneServer::CSSCfgMgr::OnMsgFromCS_NotifyHeroCfgList:1049 Load 22 Cfgs.
09-04-19:27:57.2597 9700 SceneServer::CSSCfgMgr::OnMsgFromCS_NotifyShopCfgList:1077 Load 3 Cfgs.
09-04-19:27:57.2707 9700 SceneServer::CSSCfgMgr::OnMsgFromCS_NotifyGoodsCfgList:1063 Load 103 Cfgs.
09-04-19:27:57.2737 9700 SceneServer::CSSCfgMgr::OnMsgFromCS_NotifyRobotAICfgList:1091 Load 609 Cfgs.
09-04-19:27:57.2767 9700 SceneServer::CSSCfgMgr::OnMsgFromCS_NotifyRobotAIPathCfgList:1105 Load 197 Cfgs.
09-04-19:27:57.2787 9700 SceneServer::CSSCfgMgr::OnMsgFromCS_NotifyNewSkillCfgList:1119 Load 268 Cfgs.
09-04-19:27:57.2817 9700 SceneServer::CSSWorkThreadMgr::OnMsgFromGS_GSAskRegiste:224 GS 30001 registed at net session 3.
09-04-19:27:57.2837 9700 CGateSession::OnRealEstablish:39 GS(30001) Connected.
09-04-19:27:57.2857 9700 SceneServer::CSSCfgMgr::OnMsgFromCS_NotifySkillModelAccountCfgCfgList:1133 Load 322 Cfgs.
09-04-19:27:57.2877 9700 SceneServer::CSSCfgMgr::OnMsgFromCS_NotifySkillModelEmitCfgList:1147 Load 96 Cfgs.
09-04-19:27:57.2907 9700 SceneServer::CSSCfgMgr::OnMsgFromCS_NotifySkillModelRangeCfgList:1161 Load 123 Cfgs.
09-04-19:27:57.2927 9700 SceneServer::CSSCfgMgr::OnMsgFromCS_NotifySkillModelLeadingCfgList:1175 Load 17 Cfgs.
09-04-19:27:57.2947 9700 SceneServer::CSSCfgMgr::OnMsgFromCS_NotifySkillModelBufCfgList:1189 Load 302 Cfgs.
09-04-19:27:57.2977 9700 SceneServer::CSSCfgMgr::OnMsgFromCS_NotifySkillModelSummonCfgList:1203 Load 5 Cfgs.
09-04-19:27:57.2997 9700 SceneServer::CSSCfgMgr::OnMsgFromCS_NotifySkillModelMoveCfgList:1217 Load 26 Cfgs.
09-04-19:27:57.3027 9700 SceneServer::CSSCfgMgr::OnMsgFromCS_NotifySkillModelSwitchCfgList:1232 Load 1 Cfgs.
09-04-19:27:57.3047 9700 SceneServer::CSSCfgMgr::OnMsgFromCS_NotifySkillModelPurificationCfgList:1247 Load 1 Cfgs.
09-04-19:27:57.3067 9700 SceneServer::CSSCfgMgr::OnMsgFromCS_NotifySkillModelLinkCfgList:1262 Load 1 Cfgs.
09-04-19:27:57.3107 9700 SceneServer::CSSCfgMgr::OnMsgFromCS_NotifyPassitiveSkillCfgList:1276 Load 126 Cfgs.
09-04-19:27:57.3177 9700 SceneServer::CSSCfgMgr::OnMsgFromCS_NotifyPassitiveEffectBloodSeekCfgList:1290 Load 6 Cfgs.
09-04-19:27:57.3197 9700 SceneServer::CSSCfgMgr::OnMsgFromCS_NotifyPassitiveEffectReboundCfgList:1304 Load 4 Cfgs.
09-04-19:27:57.3227 9700 SceneServer::CSSCfgMgr::OnMsgFromCS_NotifyPassitiveEffectReliveCfgList:1319 Load 1 Cfgs.
09-04-19:27:58.1757 9700 CSSLogSession::SendInitData:28  LogServer Connected, try to register me.
09-04-19:44:00.7728 9700 CSSLogSession::OnClose:36 DisConnect.
09-04-19:44:03.3779 9700 CGateSession::OnClose:48 GS(30001) DisConnect.
