04-24-10:31:24.9846 8056 SceneServer::CSSCfgMgr::LoadMapStaticData:970 Add 1000 MapStaticData
04-24-10:31:25.0056 8056 SceneServer::CSSCfgMgr::LoadMapStaticData:970 Add 1001 MapStaticData
04-24-10:31:25.0466 8056 SceneServer::CSSCfgMgr::LoadMapStaticData:970 Add 1002 MapStaticData
04-24-10:31:25.0656 8056 SceneServer::CSSCfgMgr::LoadMapStaticData:970 Add 1003 MapStaticData
04-24-10:31:26.6017 8056 CCentralSession::SendInitData:30 CS Connected, try to register me.
04-24-10:31:26.6047 8056 CSSLogSession::SendInitData:28  LogServer Connected, try to register me.
04-24-10:31:26.6237 8056 CCentralSession::Msg_Handle_Init:90 GSKernel Start success, Got 10 GSInfo and 6 GS defined, Milsec error 384.
04-24-10:31:26.6317 8056 CCentralSession::OnRealEstablish:41 CS Connected and register ok, try to ask global config.
04-24-10:31:26.6357 8056 SceneServer::CSSCfgMgr::OnMsgFromCS_NotifyGameSwitchCfg:1359 --set this ss gamelog switch .....ok!--
04-24-10:31:26.6387 8056 SceneServer::CSSCfgMgr::OnMsgFromCS_NotifyNPCCfgList:1035 Load 52 Cfgs.
04-24-10:31:26.6427 8056 SceneServer::CSSCfgMgr::OnMsgFromCS_NotifyHeroCfgList:1049 Load 22 Cfgs.
04-24-10:31:26.6477 8056 SceneServer::CSSCfgMgr::OnMsgFromCS_NotifyShopCfgList:1077 Load 3 Cfgs.
04-24-10:31:26.6497 8056 SceneServer::CSSCfgMgr::OnMsgFromCS_NotifyGoodsCfgList:1063 Load 103 Cfgs.
04-24-10:31:26.6517 8056 SceneServer::CSSCfgMgr::OnMsgFromCS_NotifyRobotAICfgList:1091 Load 609 Cfgs.
04-24-10:31:26.6537 8056 SceneServer::CSSCfgMgr::OnMsgFromCS_NotifyRobotAIPathCfgList:1105 Load 197 Cfgs.
04-24-10:31:26.6557 8056 SceneServer::CSSWorkThreadMgr::OnMsgFromGS_GSAskRegiste:224 GS 30001 registed at net session 3.
04-24-10:31:26.6577 8056 CGateSession::OnRealEstablish:39 GS(30001) Connected.
04-24-10:31:26.6587 8056 SceneServer::CSSCfgMgr::OnMsgFromCS_NotifyNewSkillCfgList:1119 Load 268 Cfgs.
04-24-10:31:26.6607 8056 SceneServer::CSSCfgMgr::OnMsgFromCS_NotifySkillModelAccountCfgCfgList:1133 Load 322 Cfgs.
04-24-10:31:26.6627 8056 SceneServer::CSSCfgMgr::OnMsgFromCS_NotifySkillModelEmitCfgList:1147 Load 96 Cfgs.
04-24-10:31:26.6637 8056 SceneServer::CSSCfgMgr::OnMsgFromCS_NotifySkillModelRangeCfgList:1161 Load 123 Cfgs.
04-24-10:31:26.6657 8056 SceneServer::CSSCfgMgr::OnMsgFromCS_NotifySkillModelLeadingCfgList:1175 Load 17 Cfgs.
04-24-10:31:26.6677 8056 SceneServer::CSSCfgMgr::OnMsgFromCS_NotifySkillModelBufCfgList:1189 Load 302 Cfgs.
04-24-10:31:26.6697 8056 SceneServer::CSSCfgMgr::OnMsgFromCS_NotifySkillModelSummonCfgList:1203 Load 5 Cfgs.
04-24-10:31:26.6727 8056 SceneServer::CSSCfgMgr::OnMsgFromCS_NotifySkillModelMoveCfgList:1217 Load 26 Cfgs.
04-24-10:31:26.6777 8056 SceneServer::CSSCfgMgr::OnMsgFromCS_NotifySkillModelSwitchCfgList:1232 Load 1 Cfgs.
04-24-10:31:26.6787 8056 SceneServer::CSSCfgMgr::OnMsgFromCS_NotifySkillModelPurificationCfgList:1247 Load 1 Cfgs.
04-24-10:31:26.6807 8056 SceneServer::CSSCfgMgr::OnMsgFromCS_NotifySkillModelLinkCfgList:1262 Load 1 Cfgs.
04-24-10:31:26.6827 8056 SceneServer::CSSCfgMgr::OnMsgFromCS_NotifyPassitiveSkillCfgList:1276 Load 126 Cfgs.
04-24-10:31:26.6847 8056 SceneServer::CSSCfgMgr::OnMsgFromCS_NotifyPassitiveEffectBloodSeekCfgList:1290 Load 6 Cfgs.
04-24-10:31:26.6867 8056 SceneServer::CSSCfgMgr::OnMsgFromCS_NotifyPassitiveEffectReboundCfgList:1304 Load 4 Cfgs.
04-24-10:31:26.6887 8056 SceneServer::CSSCfgMgr::OnMsgFromCS_NotifyPassitiveEffectReliveCfgList:1319 Load 1 Cfgs.
04-24-22:35:13.7946 8056 CCentralSession::OnClose:47 CS DisConnect.
