06-06-16:41:46.2469 47956 SceneServer::CSSCfgMgr::LoadMapStaticData:970 Add 1000 MapStaticData
06-06-16:41:46.2569 47956 SceneServer::CSSCfgMgr::LoadMapStaticData:970 Add 1001 MapStaticData
06-06-16:41:46.2669 47956 SceneServer::CSSCfgMgr::LoadMapStaticData:970 Add 1002 MapStaticData
06-06-16:41:46.2929 47956 SceneServer::CSSCfgMgr::LoadMapStaticData:970 Add 1003 MapStaticData
06-06-16:41:47.3510 47956 CSSLogSession::SendInitData:28  LogServer Connected, try to register me.
06-06-16:41:47.8510 47956 CCentralSession::SendInitData:30 CS Connected, try to register me.
06-06-16:41:47.8540 47956 CCentralSession::Msg_Handle_Init:90 GSKernel Start success, Got 10 GSInfo and 6 GS defined, Milsec error 209.
06-06-16:41:47.8680 47956 CCentralSession::OnRealEstablish:41 CS Connected and register ok, try to ask global config.
06-06-16:41:47.8730 47956 SceneServer::CSSCfgMgr::OnMsgFromCS_NotifyGameSwitchCfg:1359 --set this ss gamelog switch .....ok!--
06-06-16:41:47.8800 47956 SceneServer::CSSCfgMgr::OnMsgFromCS_NotifyNPCCfgList:1035 Load 52 Cfgs.
06-06-16:41:47.8830 47956 SceneServer::CSSCfgMgr::OnMsgFromCS_NotifyHeroCfgList:1049 Load 22 Cfgs.
06-06-16:41:47.8850 47956 SceneServer::CSSCfgMgr::OnMsgFromCS_NotifyShopCfgList:1077 Load 3 Cfgs.
06-06-16:41:47.8870 47956 SceneServer::CSSCfgMgr::OnMsgFromCS_NotifyGoodsCfgList:1063 Load 103 Cfgs.
06-06-16:41:47.8900 47956 SceneServer::CSSCfgMgr::OnMsgFromCS_NotifyRobotAICfgList:1091 Load 609 Cfgs.
06-06-16:41:47.8920 47956 SceneServer::CSSCfgMgr::OnMsgFromCS_NotifyRobotAIPathCfgList:1105 Load 197 Cfgs.
06-06-16:41:47.8950 47956 SceneServer::CSSCfgMgr::OnMsgFromCS_NotifyNewSkillCfgList:1119 Load 268 Cfgs.
06-06-16:41:47.8970 47956 SceneServer::CSSCfgMgr::OnMsgFromCS_NotifySkillModelAccountCfgCfgList:1133 Load 322 Cfgs.
06-06-16:41:47.9000 47956 SceneServer::CSSCfgMgr::OnMsgFromCS_NotifySkillModelEmitCfgList:1147 Load 96 Cfgs.
06-06-16:41:47.9020 47956 SceneServer::CSSCfgMgr::OnMsgFromCS_NotifySkillModelRangeCfgList:1161 Load 123 Cfgs.
06-06-16:41:47.9050 47956 SceneServer::CSSCfgMgr::OnMsgFromCS_NotifySkillModelLeadingCfgList:1175 Load 17 Cfgs.
06-06-16:41:47.9070 47956 SceneServer::CSSCfgMgr::OnMsgFromCS_NotifySkillModelBufCfgList:1189 Load 302 Cfgs.
06-06-16:41:47.9100 47956 SceneServer::CSSCfgMgr::OnMsgFromCS_NotifySkillModelSummonCfgList:1203 Load 5 Cfgs.
06-06-16:41:47.9120 47956 SceneServer::CSSCfgMgr::OnMsgFromCS_NotifySkillModelMoveCfgList:1217 Load 26 Cfgs.
06-06-16:41:47.9150 47956 SceneServer::CSSCfgMgr::OnMsgFromCS_NotifySkillModelSwitchCfgList:1232 Load 1 Cfgs.
06-06-16:41:47.9170 47956 SceneServer::CSSCfgMgr::OnMsgFromCS_NotifySkillModelPurificationCfgList:1247 Load 1 Cfgs.
06-06-16:41:47.9200 47956 SceneServer::CSSCfgMgr::OnMsgFromCS_NotifySkillModelLinkCfgList:1262 Load 1 Cfgs.
06-06-16:41:47.9230 47956 SceneServer::CSSCfgMgr::OnMsgFromCS_NotifyPassitiveSkillCfgList:1276 Load 126 Cfgs.
06-06-16:41:47.9270 47956 SceneServer::CSSCfgMgr::OnMsgFromCS_NotifyPassitiveEffectBloodSeekCfgList:1290 Load 6 Cfgs.
06-06-16:41:47.9290 47956 SceneServer::CSSCfgMgr::OnMsgFromCS_NotifyPassitiveEffectReboundCfgList:1304 Load 4 Cfgs.
06-06-16:41:47.9320 47956 SceneServer::CSSCfgMgr::OnMsgFromCS_NotifyPassitiveEffectReliveCfgList:1319 Load 1 Cfgs.
06-06-16:41:48.0060 47956 SceneServer::CSSWorkThreadMgr::OnMsgFromGS_GSAskRegiste:224 GS 30001 registed at net session 3.
06-06-16:41:48.0100 47956 CGateSession::OnRealEstablish:39 GS(30001) Connected.
06-06-20:56:23.8157 47956 CSSLogSession::OnClose:36 DisConnect.
06-06-20:56:33.6213 47956 CGateSession::OnClose:48 GS(30001) DisConnect.
