04-16-19:40:42.0796 8780 SceneServer::CSSCfgMgr::LoadMapStaticData:970 Add 1000 MapStaticData
04-16-19:40:42.0886 8780 SceneServer::CSSCfgMgr::LoadMapStaticData:970 Add 1001 MapStaticData
04-16-19:40:42.1036 8780 SceneServer::CSSCfgMgr::LoadMapStaticData:970 Add 1002 MapStaticData
04-16-19:40:42.1336 8780 SceneServer::CSSCfgMgr::LoadMapStaticData:970 Add 1003 MapStaticData
04-16-19:40:42.1786 8780 CCentralSession::SendInitData:30 CS Connected, try to register me.
04-16-19:40:42.1806 8780 CCentralSession::Msg_Handle_Init:90 GSKernel Start success, Got 10 GSInfo and 7 GS defined, Milsec error 744.
04-16-19:40:42.1826 8780 CCentralSession::OnRealEstablish:41 CS Connected and register ok, try to ask global config.
04-16-19:40:42.1846 8780 SceneServer::CSSCfgMgr::OnMsgFromCS_NotifyGameSwitchCfg:1359 --set this ss gamelog switch .....ok!--
04-16-19:40:42.1876 8780 SceneServer::CSSCfgMgr::OnMsgFromCS_NotifyNPCCfgList:1035 Load 52 Cfgs.
04-16-19:40:42.1896 8780 SceneServer::CSSCfgMgr::OnMsgFromCS_NotifyHeroCfgList:1049 Load 22 Cfgs.
04-16-19:40:42.1926 8780 SceneServer::CSSCfgMgr::OnMsgFromCS_NotifyShopCfgList:1077 Load 3 Cfgs.
04-16-19:40:42.1996 8780 SceneServer::CSSCfgMgr::OnMsgFromCS_NotifyGoodsCfgList:1063 Load 103 Cfgs.
04-16-19:40:42.2016 8780 SceneServer::CSSCfgMgr::OnMsgFromCS_NotifyRobotAICfgList:1091 Load 609 Cfgs.
04-16-19:40:42.2036 8780 SceneServer::CSSCfgMgr::OnMsgFromCS_NotifyRobotAIPathCfgList:1105 Load 197 Cfgs.
04-16-19:40:42.2046 8780 SceneServer::CSSCfgMgr::OnMsgFromCS_NotifyNewSkillCfgList:1119 Load 268 Cfgs.
04-16-19:40:42.2066 8780 SceneServer::CSSCfgMgr::OnMsgFromCS_NotifySkillModelAccountCfgCfgList:1133 Load 322 Cfgs.
04-16-19:40:42.2086 8780 SceneServer::CSSCfgMgr::OnMsgFromCS_NotifySkillModelEmitCfgList:1147 Load 96 Cfgs.
04-16-19:40:42.2106 8780 SceneServer::CSSCfgMgr::OnMsgFromCS_NotifySkillModelRangeCfgList:1161 Load 123 Cfgs.
04-16-19:40:42.2126 8780 SceneServer::CSSCfgMgr::OnMsgFromCS_NotifySkillModelLeadingCfgList:1175 Load 17 Cfgs.
04-16-19:40:42.2146 8780 SceneServer::CSSCfgMgr::OnMsgFromCS_NotifySkillModelBufCfgList:1189 Load 302 Cfgs.
04-16-19:40:42.2156 8780 SceneServer::CSSCfgMgr::OnMsgFromCS_NotifySkillModelSummonCfgList:1203 Load 5 Cfgs.
04-16-19:40:42.2176 8780 SceneServer::CSSCfgMgr::OnMsgFromCS_NotifySkillModelMoveCfgList:1217 Load 26 Cfgs.
04-16-19:40:42.2196 8780 SceneServer::CSSCfgMgr::OnMsgFromCS_NotifySkillModelSwitchCfgList:1232 Load 1 Cfgs.
04-16-19:40:42.2216 8780 SceneServer::CSSCfgMgr::OnMsgFromCS_NotifySkillModelPurificationCfgList:1247 Load 1 Cfgs.
04-16-19:40:42.2236 8780 SceneServer::CSSCfgMgr::OnMsgFromCS_NotifySkillModelLinkCfgList:1262 Load 1 Cfgs.
04-16-19:40:42.2246 8780 SceneServer::CSSCfgMgr::OnMsgFromCS_NotifyPassitiveSkillCfgList:1276 Load 126 Cfgs.
04-16-19:40:42.2266 8780 SceneServer::CSSCfgMgr::OnMsgFromCS_NotifyPassitiveEffectBloodSeekCfgList:1290 Load 6 Cfgs.
04-16-19:40:42.2306 8780 SceneServer::CSSCfgMgr::OnMsgFromCS_NotifyPassitiveEffectReboundCfgList:1304 Load 4 Cfgs.
04-16-19:40:42.2346 8780 SceneServer::CSSCfgMgr::OnMsgFromCS_NotifyPassitiveEffectReliveCfgList:1319 Load 1 Cfgs.
04-16-19:40:42.9357 8780 SceneServer::CSSWorkThreadMgr::OnMsgFromGS_GSAskRegiste:224 GS 30001 registed at net session 3.
04-16-19:40:42.9417 8780 CGateSession::OnRealEstablish:39 GS(30001) Connected.
04-16-19:40:44.1887 8780 CSSLogSession::SendInitData:28  LogServer Connected, try to register me.
04-16-22:14:39.2880 8780 CCentralSession::OnClose:47 CS DisConnect.
-17:35:30.2290 9912 CGateSession::OnClose:48 GS(30001) DisConnect.

