01-09-21:09:24.7661 4056 SceneServer::CSSCfgMgr::LoadMapStaticData:970 Add 1000 MapStaticData
01-09-21:09:24.7821 4056 SceneServer::CSSCfgMgr::LoadMapStaticData:970 Add 1001 MapStaticData
01-09-21:09:24.7871 4056 SceneServer::CSSCfgMgr::LoadMapStaticData:970 Add 1002 MapStaticData
01-09-21:09:24.8141 4056 SceneServer::CSSCfgMgr::LoadMapStaticData:970 Add 1003 MapStaticData
01-09-21:09:36.0037 4056 CCentralSession::SendInitData:30 CS Connected, try to register me.
01-09-21:09:36.0077 4056 CSSLogSession::SendInitData:28  LogServer Connected, try to register me.
01-09-21:09:36.0147 4056 CCentralSession::Msg_Handle_Init:90 GSKernel Start success, Got 10 GSInfo and 7 GS defined, Milsec error 541.
01-09-21:09:36.0287 4056 CCentralSession::OnRealEstablish:41 CS Connected and register ok, try to ask global config.
01-09-21:09:36.0447 4056 SceneServer::CSSCfgMgr::OnMsgFromCS_NotifyGameSwitchCfg:1359 --set this ss gamelog switch .....ok!--
01-09-21:09:36.0587 4056 SceneServer::CSSCfgMgr::OnMsgFromCS_NotifyNPCCfgList:1035 Load 52 Cfgs.
01-09-21:09:36.0677 4056 SceneServer::CSSCfgMgr::OnMsgFromCS_NotifyHeroCfgList:1049 Load 22 Cfgs.
01-09-21:09:36.0917 4056 SceneServer::CSSCfgMgr::OnMsgFromCS_NotifyShopCfgList:1077 Load 3 Cfgs.
01-09-21:09:36.0957 4056 SceneServer::CSSCfgMgr::OnMsgFromCS_NotifyGoodsCfgList:1063 Load 103 Cfgs.
01-09-21:09:36.0987 4056 SceneServer::CSSCfgMgr::OnMsgFromCS_NotifyRobotAICfgList:1091 Load 609 Cfgs.
01-09-21:09:36.1037 4056 SceneServer::CSSCfgMgr::OnMsgFromCS_NotifyRobotAIPathCfgList:1105 Load 197 Cfgs.
01-09-21:09:36.1077 4056 SceneServer::CSSCfgMgr::OnMsgFromCS_NotifyNewSkillCfgList:1119 Load 268 Cfgs.
01-09-21:09:36.1117 4056 SceneServer::CSSCfgMgr::OnMsgFromCS_NotifySkillModelAccountCfgCfgList:1133 Load 322 Cfgs.
01-09-21:09:36.1147 4056 SceneServer::CSSCfgMgr::OnMsgFromCS_NotifySkillModelEmitCfgList:1147 Load 96 Cfgs.
01-09-21:09:36.1217 4056 SceneServer::CSSCfgMgr::OnMsgFromCS_NotifySkillModelRangeCfgList:1161 Load 123 Cfgs.
01-09-21:09:36.1257 4056 SceneServer::CSSCfgMgr::OnMsgFromCS_NotifySkillModelLeadingCfgList:1175 Load 17 Cfgs.
01-09-21:09:36.1307 4056 SceneServer::CSSCfgMgr::OnMsgFromCS_NotifySkillModelBufCfgList:1189 Load 302 Cfgs.
01-09-21:09:36.1377 4056 SceneServer::CSSCfgMgr::OnMsgFromCS_NotifySkillModelSummonCfgList:1203 Load 5 Cfgs.
01-09-21:09:36.1427 4056 SceneServer::CSSCfgMgr::OnMsgFromCS_NotifySkillModelMoveCfgList:1217 Load 26 Cfgs.
01-09-21:09:36.1457 4056 SceneServer::CSSCfgMgr::OnMsgFromCS_NotifySkillModelSwitchCfgList:1232 Load 1 Cfgs.
01-09-21:09:36.1497 4056 SceneServer::CSSCfgMgr::OnMsgFromCS_NotifySkillModelPurificationCfgList:1247 Load 1 Cfgs.
01-09-21:09:36.1557 4056 SceneServer::CSSCfgMgr::OnMsgFromCS_NotifySkillModelLinkCfgList:1262 Load 1 Cfgs.
01-09-21:09:36.1607 4056 SceneServer::CSSCfgMgr::OnMsgFromCS_NotifyPassitiveSkillCfgList:1276 Load 126 Cfgs.
01-09-21:09:36.1637 4056 SceneServer::CSSCfgMgr::OnMsgFromCS_NotifyPassitiveEffectBloodSeekCfgList:1290 Load 6 Cfgs.
01-09-21:09:36.1707 4056 SceneServer::CSSCfgMgr::OnMsgFromCS_NotifyPassitiveEffectReboundCfgList:1304 Load 4 Cfgs.
01-09-21:09:36.1747 4056 SceneServer::CSSCfgMgr::OnMsgFromCS_NotifyPassitiveEffectReliveCfgList:1319 Load 1 Cfgs.
01-09-21:09:36.5428 4056 SceneServer::CSSWorkThreadMgr::OnMsgFromGS_GSAskRegiste:224 GS 30001 registed at net session 3.
01-09-21:09:36.5468 4056 CGateSession::OnRealEstablish:39 GS(30001) Connected.
01-09-21:11:38.1207 4056 CSSLogSession::OnClose:36 DisConnect.
gSession::OnClose:36 DisConnect.
01-09-19:49:50.9520 13404 CGateSession::OnClose:48 GS(30001) DisConnect.
