09-24-20:26:12.1929 12280 SceneServer::CSSCfgMgr::LoadMapStaticData:970 Add 1000 MapStaticData
09-24-20:26:12.2159 12280 SceneServer::CSSCfgMgr::LoadMapStaticData:970 Add 1001 MapStaticData
09-24-20:26:12.2179 12280 SceneServer::CSSCfgMgr::LoadMapStaticData:970 Add 1002 MapStaticData
09-24-20:26:12.2399 12280 SceneServer::CSSCfgMgr::LoadMapStaticData:970 Add 1003 MapStaticData
09-24-20:26:13.3129 12280 CCentralSession::SendInitData:30 CS Connected, try to register me.
09-24-20:26:13.3289 12280 CCentralSession::Msg_Handle_Init:90 GSKernel Start success, Got 10 GSInfo and 9 GS defined, Milsec error 248.
09-24-20:26:13.3329 12280 CCentralSession::OnRealEstablish:41 CS Connected and register ok, try to ask global config.
09-24-20:26:13.3359 12280 SceneServer::CSSCfgMgr::OnMsgFromCS_NotifyGameSwitchCfg:1359 --set this ss gamelog switch .....ok!--
09-24-20:26:13.3379 12280 SceneServer::CSSCfgMgr::OnMsgFromCS_NotifyNPCCfgList:1035 Load 52 Cfgs.
09-24-20:26:13.3459 12280 SceneServer::CSSCfgMgr::OnMsgFromCS_NotifyHeroCfgList:1049 Load 22 Cfgs.
09-24-20:26:13.3529 12280 SceneServer::CSSCfgMgr::OnMsgFromCS_NotifyShopCfgList:1077 Load 3 Cfgs.
09-24-20:26:13.3569 12280 SceneServer::CSSCfgMgr::OnMsgFromCS_NotifyGoodsCfgList:1063 Load 103 Cfgs.
09-24-20:26:13.3599 12280 SceneServer::CSSCfgMgr::OnMsgFromCS_NotifyRobotAICfgList:1091 Load 609 Cfgs.
09-24-20:26:13.3639 12280 SceneServer::CSSCfgMgr::OnMsgFromCS_NotifyRobotAIPathCfgList:1105 Load 197 Cfgs.
09-24-20:26:13.3659 12280 SceneServer::CSSCfgMgr::OnMsgFromCS_NotifyNewSkillCfgList:1119 Load 268 Cfgs.
09-24-20:26:13.3689 12280 SceneServer::CSSCfgMgr::OnMsgFromCS_NotifySkillModelAccountCfgCfgList:1133 Load 322 Cfgs.
09-24-20:26:13.3719 12280 SceneServer::CSSCfgMgr::OnMsgFromCS_NotifySkillModelEmitCfgList:1147 Load 96 Cfgs.
09-24-20:26:13.3749 12280 SceneServer::CSSCfgMgr::OnMsgFromCS_NotifySkillModelRangeCfgList:1161 Load 123 Cfgs.
09-24-20:26:13.3779 12280 SceneServer::CSSCfgMgr::OnMsgFromCS_NotifySkillModelLeadingCfgList:1175 Load 17 Cfgs.
09-24-20:26:13.3809 12280 SceneServer::CSSCfgMgr::OnMsgFromCS_NotifySkillModelBufCfgList:1189 Load 302 Cfgs.
09-24-20:26:13.3829 12280 SceneServer::CSSCfgMgr::OnMsgFromCS_NotifySkillModelSummonCfgList:1203 Load 5 Cfgs.
09-24-20:26:13.3849 12280 SceneServer::CSSCfgMgr::OnMsgFromCS_NotifySkillModelMoveCfgList:1217 Load 26 Cfgs.
09-24-20:26:13.3869 12280 SceneServer::CSSCfgMgr::OnMsgFromCS_NotifySkillModelSwitchCfgList:1232 Load 1 Cfgs.
09-24-20:26:13.3889 12280 SceneServer::CSSCfgMgr::OnMsgFromCS_NotifySkillModelPurificationCfgList:1247 Load 1 Cfgs.
09-24-20:26:13.3909 12280 SceneServer::CSSCfgMgr::OnMsgFromCS_NotifySkillModelLinkCfgList:1262 Load 1 Cfgs.
09-24-20:26:13.3929 12280 SceneServer::CSSCfgMgr::OnMsgFromCS_NotifyPassitiveSkillCfgList:1276 Load 126 Cfgs.
09-24-20:26:13.3949 12280 SceneServer::CSSCfgMgr::OnMsgFromCS_NotifyPassitiveEffectBloodSeekCfgList:1290 Load 6 Cfgs.
09-24-20:26:13.3979 12280 SceneServer::CSSCfgMgr::OnMsgFromCS_NotifyPassitiveEffectReboundCfgList:1304 Load 4 Cfgs.
09-24-20:26:13.3999 12280 SceneServer::CSSCfgMgr::OnMsgFromCS_NotifyPassitiveEffectReliveCfgList:1319 Load 1 Cfgs.
09-24-20:26:13.4019 12280 SceneServer::CSSWorkThreadMgr::OnMsgFromGS_GSAskRegiste:224 GS 30001 registed at net session 3.
09-24-20:26:13.4039 12280 CGateSession::OnRealEstablish:39 GS(30001) Connected.
09-24-20:26:13.8150 12280 CSSLogSession::SendInitData:28  LogServer Connected, try to register me.
09-24-22:02:33.2985 12280 CCentralSession::OnClose:47 CS DisConnect.
