09-05-07:40:38.2225 4360 SceneServer::CSSCfgMgr::LoadMapStaticData:970 Add 1000 MapStaticData
09-05-07:40:38.2245 4360 SceneServer::CSSCfgMgr::LoadMapStaticData:970 Add 1001 MapStaticData
09-05-07:40:38.2375 4360 SceneServer::CSSCfgMgr::LoadMapStaticData:970 Add 1002 MapStaticData
09-05-07:40:38.2605 4360 SceneServer::CSSCfgMgr::LoadMapStaticData:970 Add 1003 MapStaticData
09-05-07:40:38.7885 4360 CSSLogSession::SendInitData:28  LogServer Connected, try to register me.
09-05-07:40:39.2875 4360 CCentralSession::SendInitData:30 CS Connected, try to register me.
09-05-07:40:39.2915 4360 CCentralSession::Msg_Handle_Init:90 GSKernel Start success, Got 10 GSInfo and 7 GS defined, Milsec error 165.
09-05-07:40:39.3025 4360 CCentralSession::OnRealEstablish:41 CS Connected and register ok, try to ask global config.
09-05-07:40:39.3085 4360 SceneServer::CSSCfgMgr::OnMsgFromCS_NotifyGameSwitchCfg:1359 --set this ss gamelog switch .....ok!--
09-05-07:40:39.3115 4360 SceneServer::CSSCfgMgr::OnMsgFromCS_NotifyNPCCfgList:1035 Load 52 Cfgs.
09-05-07:40:39.3145 4360 SceneServer::CSSCfgMgr::OnMsgFromCS_NotifyHeroCfgList:1049 Load 22 Cfgs.
09-05-07:40:39.3165 4360 SceneServer::CSSCfgMgr::OnMsgFromCS_NotifyShopCfgList:1077 Load 3 Cfgs.
09-05-07:40:39.3195 4360 SceneServer::CSSCfgMgr::OnMsgFromCS_NotifyGoodsCfgList:1063 Load 103 Cfgs.
09-05-07:40:39.3225 4360 SceneServer::CSSCfgMgr::OnMsgFromCS_NotifyRobotAICfgList:1091 Load 609 Cfgs.
09-05-07:40:39.3235 4360 SceneServer::CSSCfgMgr::OnMsgFromCS_NotifyRobotAIPathCfgList:1105 Load 197 Cfgs.
09-05-07:40:39.3255 4360 SceneServer::CSSCfgMgr::OnMsgFromCS_NotifyNewSkillCfgList:1119 Load 268 Cfgs.
09-05-07:40:39.3275 4360 SceneServer::CSSCfgMgr::OnMsgFromCS_NotifySkillModelAccountCfgCfgList:1133 Load 322 Cfgs.
09-05-07:40:39.3295 4360 SceneServer::CSSCfgMgr::OnMsgFromCS_NotifySkillModelEmitCfgList:1147 Load 96 Cfgs.
09-05-07:40:39.3315 4360 SceneServer::CSSCfgMgr::OnMsgFromCS_NotifySkillModelRangeCfgList:1161 Load 123 Cfgs.
09-05-07:40:39.3335 4360 SceneServer::CSSCfgMgr::OnMsgFromCS_NotifySkillModelLeadingCfgList:1175 Load 17 Cfgs.
09-05-07:40:39.3355 4360 SceneServer::CSSCfgMgr::OnMsgFromCS_NotifySkillModelBufCfgList:1189 Load 302 Cfgs.
09-05-07:40:39.3375 4360 SceneServer::CSSCfgMgr::OnMsgFromCS_NotifySkillModelSummonCfgList:1203 Load 5 Cfgs.
09-05-07:40:39.3395 4360 SceneServer::CSSCfgMgr::OnMsgFromCS_NotifySkillModelMoveCfgList:1217 Load 26 Cfgs.
09-05-07:40:39.3415 4360 SceneServer::CSSCfgMgr::OnMsgFromCS_NotifySkillModelSwitchCfgList:1232 Load 1 Cfgs.
09-05-07:40:39.3435 4360 SceneServer::CSSCfgMgr::OnMsgFromCS_NotifySkillModelPurificationCfgList:1247 Load 1 Cfgs.
09-05-07:40:39.3455 4360 SceneServer::CSSCfgMgr::OnMsgFromCS_NotifySkillModelLinkCfgList:1262 Load 1 Cfgs.
09-05-07:40:39.3475 4360 SceneServer::CSSCfgMgr::OnMsgFromCS_NotifyPassitiveSkillCfgList:1276 Load 126 Cfgs.
09-05-07:40:39.3495 4360 SceneServer::CSSCfgMgr::OnMsgFromCS_NotifyPassitiveEffectBloodSeekCfgList:1290 Load 6 Cfgs.
09-05-07:40:39.3515 4360 SceneServer::CSSCfgMgr::OnMsgFromCS_NotifyPassitiveEffectReboundCfgList:1304 Load 4 Cfgs.
09-05-07:40:39.3535 4360 SceneServer::CSSCfgMgr::OnMsgFromCS_NotifyPassitiveEffectReliveCfgList:1319 Load 1 Cfgs.
09-05-07:40:39.3965 4360 SceneServer::CSSWorkThreadMgr::OnMsgFromGS_GSAskRegiste:224 GS 30001 registed at net session 3.
09-05-07:40:39.3985 4360 CGateSession::OnRealEstablish:39 GS(30001) Connected.
09-05-08:05:57.7384 4360 CSSLogSession::OnClose:36 DisConnect.
09-05-08:06:02.1886 4360 CGateSession::OnClose:48 GS(30001) DisConnect.
