05-08-08:55:23.3589 8464 SceneServer::CSSCfgMgr::LoadMapStaticData:970 Add 1000 MapStaticData
05-08-08:55:23.3729 8464 SceneServer::CSSCfgMgr::LoadMapStaticData:970 Add 1001 MapStaticData
05-08-08:55:23.3829 8464 SceneServer::CSSCfgMgr::LoadMapStaticData:970 Add 1002 MapStaticData
05-08-08:55:23.4269 8464 SceneServer::CSSCfgMgr::LoadMapStaticData:970 Add 1003 MapStaticData
05-08-08:55:24.5890 8464 CCentralSession::SendInitData:30 CS Connected, try to register me.
05-08-08:55:24.5960 8464 CSSLogSession::SendInitData:28  LogServer Connected, try to register me.
05-08-08:55:24.6280 8464 CCentralSession::Msg_Handle_Init:90 GSKernel Start success, Got 10 GSInfo and 8 GS defined, Milsec error 679.
05-08-08:55:24.6340 8464 CCentralSession::OnRealEstablish:41 CS Connected and register ok, try to ask global config.
05-08-08:55:24.6370 8464 SceneServer::CSSCfgMgr::OnMsgFromCS_NotifyGameSwitchCfg:1359 --set this ss gamelog switch .....ok!--
05-08-08:55:24.6390 8464 SceneServer::CSSCfgMgr::OnMsgFromCS_NotifyNPCCfgList:1035 Load 52 Cfgs.
05-08-08:55:24.6410 8464 SceneServer::CSSCfgMgr::OnMsgFromCS_NotifyHeroCfgList:1049 Load 22 Cfgs.
05-08-08:55:24.6450 8464 SceneServer::CSSCfgMgr::OnMsgFromCS_NotifyShopCfgList:1077 Load 3 Cfgs.
05-08-08:55:24.6500 8464 SceneServer::CSSCfgMgr::OnMsgFromCS_NotifyGoodsCfgList:1063 Load 103 Cfgs.
05-08-08:55:24.6520 8464 SceneServer::CSSCfgMgr::OnMsgFromCS_NotifyRobotAICfgList:1091 Load 609 Cfgs.
05-08-08:55:24.6540 8464 SceneServer::CSSCfgMgr::OnMsgFromCS_NotifyRobotAIPathCfgList:1105 Load 197 Cfgs.
05-08-08:55:24.6880 8464 SceneServer::CSSCfgMgr::OnMsgFromCS_NotifyNewSkillCfgList:1119 Load 268 Cfgs.
05-08-08:55:24.6930 8464 SceneServer::CSSCfgMgr::OnMsgFromCS_NotifySkillModelAccountCfgCfgList:1133 Load 322 Cfgs.
05-08-08:55:24.7060 8464 SceneServer::CSSCfgMgr::OnMsgFromCS_NotifySkillModelEmitCfgList:1147 Load 96 Cfgs.
05-08-08:55:24.7090 8464 SceneServer::CSSCfgMgr::OnMsgFromCS_NotifySkillModelRangeCfgList:1161 Load 123 Cfgs.
05-08-08:55:24.7110 8464 SceneServer::CSSCfgMgr::OnMsgFromCS_NotifySkillModelLeadingCfgList:1175 Load 17 Cfgs.
05-08-08:55:24.7140 8464 SceneServer::CSSCfgMgr::OnMsgFromCS_NotifySkillModelBufCfgList:1189 Load 302 Cfgs.
05-08-08:55:24.7170 8464 SceneServer::CSSCfgMgr::OnMsgFromCS_NotifySkillModelSummonCfgList:1203 Load 5 Cfgs.
05-08-08:55:24.7190 8464 SceneServer::CSSCfgMgr::OnMsgFromCS_NotifySkillModelMoveCfgList:1217 Load 26 Cfgs.
05-08-08:55:24.7220 8464 SceneServer::CSSCfgMgr::OnMsgFromCS_NotifySkillModelSwitchCfgList:1232 Load 1 Cfgs.
05-08-08:55:24.7240 8464 SceneServer::CSSCfgMgr::OnMsgFromCS_NotifySkillModelPurificationCfgList:1247 Load 1 Cfgs.
05-08-08:55:24.7280 8464 SceneServer::CSSCfgMgr::OnMsgFromCS_NotifySkillModelLinkCfgList:1262 Load 1 Cfgs.
05-08-08:55:24.7380 8464 SceneServer::CSSCfgMgr::OnMsgFromCS_NotifyPassitiveSkillCfgList:1276 Load 126 Cfgs.
05-08-08:55:24.7400 8464 SceneServer::CSSCfgMgr::OnMsgFromCS_NotifyPassitiveEffectBloodSeekCfgList:1290 Load 6 Cfgs.
05-08-08:55:24.7420 8464 SceneServer::CSSCfgMgr::OnMsgFromCS_NotifyPassitiveEffectReboundCfgList:1304 Load 4 Cfgs.
05-08-08:55:24.7460 8464 SceneServer::CSSCfgMgr::OnMsgFromCS_NotifyPassitiveEffectReliveCfgList:1319 Load 1 Cfgs.
05-08-08:55:24.7490 8464 SceneServer::CSSWorkThreadMgr::OnMsgFromGS_GSAskRegiste:224 GS 30001 registed at net session 3.
05-08-08:55:24.7510 8464 CGateSession::OnRealEstablish:39 GS(30001) Connected.
