05-02-09:10:31.9767 11476 SceneServer::CSSCfgMgr::LoadMapStaticData:970 Add 1000 MapStaticData
05-02-09:10:32.0287 11476 SceneServer::CSSCfgMgr::LoadMapStaticData:970 Add 1001 MapStaticData
05-02-09:10:32.0447 11476 SceneServer::CSSCfgMgr::LoadMapStaticData:970 Add 1002 MapStaticData
05-02-09:10:32.0637 11476 SceneServer::CSSCfgMgr::LoadMapStaticData:970 Add 1003 MapStaticData
05-02-09:10:32.5908 11476 CCentralSession::SendInitData:30 CS Connected, try to register me.
05-02-09:10:32.6098 11476 CCentralSession::Msg_Handle_Init:90 GSKernel Start success, Got 10 GSInfo and 7 GS defined, Milsec error 2094.
05-02-09:10:32.6398 11476 CCentralSession::OnRealEstablish:41 CS Connected and register ok, try to ask global config.
05-02-09:10:32.6488 11476 SceneServer::CSSCfgMgr::OnMsgFromCS_NotifyGameSwitchCfg:1359 --set this ss gamelog switch .....ok!--
05-02-09:10:32.6618 11476 SceneServer::CSSCfgMgr::OnMsgFromCS_NotifyNPCCfgList:1035 Load 52 Cfgs.
05-02-09:10:32.6628 11476 SceneServer::CSSCfgMgr::OnMsgFromCS_NotifyHeroCfgList:1049 Load 22 Cfgs.
05-02-09:10:32.6648 11476 SceneServer::CSSCfgMgr::OnMsgFromCS_NotifyShopCfgList:1077 Load 3 Cfgs.
05-02-09:10:32.6668 11476 SceneServer::CSSCfgMgr::OnMsgFromCS_NotifyGoodsCfgList:1063 Load 103 Cfgs.
05-02-09:10:32.6708 11476 SceneServer::CSSCfgMgr::OnMsgFromCS_NotifyRobotAICfgList:1091 Load 609 Cfgs.
05-02-09:10:32.6748 11476 SceneServer::CSSCfgMgr::OnMsgFromCS_NotifyRobotAIPathCfgList:1105 Load 197 Cfgs.
05-02-09:10:32.6768 11476 SceneServer::CSSCfgMgr::OnMsgFromCS_NotifyNewSkillCfgList:1119 Load 268 Cfgs.
05-02-09:10:32.6788 11476 SceneServer::CSSCfgMgr::OnMsgFromCS_NotifySkillModelAccountCfgCfgList:1133 Load 322 Cfgs.
05-02-09:10:32.6808 11476 SceneServer::CSSCfgMgr::OnMsgFromCS_NotifySkillModelEmitCfgList:1147 Load 96 Cfgs.
05-02-09:10:32.6828 11476 SceneServer::CSSCfgMgr::OnMsgFromCS_NotifySkillModelRangeCfgList:1161 Load 123 Cfgs.
05-02-09:10:32.6858 11476 SceneServer::CSSCfgMgr::OnMsgFromCS_NotifySkillModelLeadingCfgList:1175 Load 17 Cfgs.
05-02-09:10:32.6888 11476 SceneServer::CSSCfgMgr::OnMsgFromCS_NotifySkillModelBufCfgList:1189 Load 302 Cfgs.
05-02-09:10:32.6908 11476 SceneServer::CSSCfgMgr::OnMsgFromCS_NotifySkillModelSummonCfgList:1203 Load 5 Cfgs.
05-02-09:10:32.6928 11476 SceneServer::CSSCfgMgr::OnMsgFromCS_NotifySkillModelMoveCfgList:1217 Load 26 Cfgs.
05-02-09:10:32.6948 11476 SceneServer::CSSCfgMgr::OnMsgFromCS_NotifySkillModelSwitchCfgList:1232 Load 1 Cfgs.
05-02-09:10:32.6968 11476 SceneServer::CSSCfgMgr::OnMsgFromCS_NotifySkillModelPurificationCfgList:1247 Load 1 Cfgs.
05-02-09:10:32.6988 11476 SceneServer::CSSCfgMgr::OnMsgFromCS_NotifySkillModelLinkCfgList:1262 Load 1 Cfgs.
05-02-09:10:32.7018 11476 SceneServer::CSSCfgMgr::OnMsgFromCS_NotifyPassitiveSkillCfgList:1276 Load 126 Cfgs.
05-02-09:10:32.7038 11476 SceneServer::CSSCfgMgr::OnMsgFromCS_NotifyPassitiveEffectBloodSeekCfgList:1290 Load 6 Cfgs.
05-02-09:10:32.7108 11476 SceneServer::CSSCfgMgr::OnMsgFromCS_NotifyPassitiveEffectReboundCfgList:1304 Load 4 Cfgs.
05-02-09:10:32.7128 11476 SceneServer::CSSCfgMgr::OnMsgFromCS_NotifyPassitiveEffectReliveCfgList:1319 Load 1 Cfgs.
05-02-09:10:34.2139 11476 SceneServer::CSSWorkThreadMgr::OnMsgFromGS_GSAskRegiste:224 GS 30001 registed at net session 3.
05-02-09:10:34.2239 11476 CGateSession::OnRealEstablish:39 GS(30001) Connected.
05-02-09:10:43.0944 11476 CSSLogSession::SendInitData:28  LogServer Connected, try to register me.
05-02-17:21:33.4258 11476 CCentralSession::OnClose:47 CS DisConnect.
