12-15-09:37:40.1840 32656 SceneServer::CSSCfgMgr::LoadMapStaticData:970 Add 1000 MapStaticData
12-15-09:37:40.1920 32656 SceneServer::CSSCfgMgr::LoadMapStaticData:970 Add 1001 MapStaticData
12-15-09:37:40.2004 32656 SceneServer::CSSCfgMgr::LoadMapStaticData:970 Add 1002 MapStaticData
12-15-09:37:40.2277 32656 SceneServer::CSSCfgMgr::LoadMapStaticData:970 Add 1003 MapStaticData
12-15-09:37:40.4435 32656 CSSLogSession::SendInitData:28  LogServer Connected, try to register me.
12-15-09:37:41.4370 32656 CCentralSession::SendInitData:30 CS Connected, try to register me.
12-15-09:37:41.4667 32656 CCentralSession::Msg_Handle_Init:90 GSKernel Start success, Got 10 GSInfo and 7 GS defined, Milsec error 593.
12-15-09:37:41.4736 32656 CCentralSession::OnRealEstablish:41 CS Connected and register ok, try to ask global config.
12-15-09:37:41.4811 32656 SceneServer::CSSCfgMgr::OnMsgFromCS_NotifyGameSwitchCfg:1359 --set this ss gamelog switch .....ok!--
12-15-09:37:41.4861 32656 SceneServer::CSSCfgMgr::OnMsgFromCS_NotifyNPCCfgList:1035 Load 52 Cfgs.
12-15-09:37:41.4895 32656 SceneServer::CSSCfgMgr::OnMsgFromCS_NotifyHeroCfgList:1049 Load 22 Cfgs.
12-15-09:37:41.4935 32656 SceneServer::CSSCfgMgr::OnMsgFromCS_NotifyShopCfgList:1077 Load 3 Cfgs.
12-15-09:37:41.4965 32656 SceneServer::CSSCfgMgr::OnMsgFromCS_NotifyGoodsCfgList:1063 Load 103 Cfgs.
12-15-09:37:41.4999 32656 SceneServer::CSSCfgMgr::OnMsgFromCS_NotifyRobotAICfgList:1091 Load 609 Cfgs.
12-15-09:37:41.5044 32656 SceneServer::CSSCfgMgr::OnMsgFromCS_NotifyRobotAIPathCfgList:1105 Load 197 Cfgs.
12-15-09:37:41.5074 32656 SceneServer::CSSCfgMgr::OnMsgFromCS_NotifyNewSkillCfgList:1119 Load 268 Cfgs.
12-15-09:37:41.5108 32656 SceneServer::CSSCfgMgr::OnMsgFromCS_NotifySkillModelAccountCfgCfgList:1133 Load 322 Cfgs.
12-15-09:37:41.5138 32656 SceneServer::CSSCfgMgr::OnMsgFromCS_NotifySkillModelEmitCfgList:1147 Load 96 Cfgs.
12-15-09:37:41.5173 32656 SceneServer::CSSCfgMgr::OnMsgFromCS_NotifySkillModelRangeCfgList:1161 Load 123 Cfgs.
12-15-09:37:41.5203 32656 SceneServer::CSSCfgMgr::OnMsgFromCS_NotifySkillModelLeadingCfgList:1175 Load 17 Cfgs.
12-15-09:37:41.5242 32656 SceneServer::CSSCfgMgr::OnMsgFromCS_NotifySkillModelBufCfgList:1189 Load 302 Cfgs.
12-15-09:37:41.5277 32656 SceneServer::CSSCfgMgr::OnMsgFromCS_NotifySkillModelSummonCfgList:1203 Load 5 Cfgs.
12-15-09:37:41.5312 32656 SceneServer::CSSCfgMgr::OnMsgFromCS_NotifySkillModelMoveCfgList:1217 Load 26 Cfgs.
12-15-09:37:41.5342 32656 SceneServer::CSSCfgMgr::OnMsgFromCS_NotifySkillModelSwitchCfgList:1232 Load 1 Cfgs.
12-15-09:37:41.5381 32656 SceneServer::CSSCfgMgr::OnMsgFromCS_NotifySkillModelPurificationCfgList:1247 Load 1 Cfgs.
12-15-09:37:41.5421 32656 SceneServer::CSSCfgMgr::OnMsgFromCS_NotifySkillModelLinkCfgList:1262 Load 1 Cfgs.
12-15-09:37:41.5461 32656 SceneServer::CSSCfgMgr::OnMsgFromCS_NotifyPassitiveSkillCfgList:1276 Load 126 Cfgs.
12-15-09:37:41.5500 32656 SceneServer::CSSCfgMgr::OnMsgFromCS_NotifyPassitiveEffectBloodSeekCfgList:1290 Load 6 Cfgs.
12-15-09:37:41.5540 32656 SceneServer::CSSCfgMgr::OnMsgFromCS_NotifyPassitiveEffectReboundCfgList:1304 Load 4 Cfgs.
12-15-09:37:41.5585 32656 SceneServer::CSSCfgMgr::OnMsgFromCS_NotifyPassitiveEffectReliveCfgList:1319 Load 1 Cfgs.
12-15-09:37:41.7182 32656 SceneServer::CSSWorkThreadMgr::OnMsgFromGS_GSAskRegiste:224 GS 30001 registed at net session 3.
12-15-09:37:41.7251 32656 CGateSession::OnRealEstablish:39 GS(30001) Connected.
12-16-19:32:26.4141 32656 CCentralSession::OnClose:47 CS DisConnect.
12-16-19:32:30.8061 32656 CSSLogSession::OnClose:36 DisConnect.
12-16-19:32:32.0312 32656 CGateSession::OnClose:48 GS(30001) DisConnect.
